[0.169s] Invoking command in '/home/arthike/workspaces/pimouse_start/src/build/raspimouse_msgs': CMAKE_PREFIX_PATH=${CMAKE_PREFIX_PATH}:/opt/ros/humble /usr/bin/cmake --build /home/arthike/workspaces/pimouse_start/src/build/raspimouse_msgs -- -j7 -l7
[0.682s] [  2%] Built target raspimouse_msgs__cpp
[0.692s] [ 12%] Built target raspimouse_msgs__rosidl_generator_c
[0.711s] [ 12%] Built target ament_cmake_python_symlink_raspimouse_msgs
[1.031s] [ 23%] Built target raspimouse_msgs__rosidl_typesupport_fastrtps_c
[1.100s] [ 34%] Built target raspimouse_msgs__rosidl_typesupport_introspection_cpp
[1.118s] [ 44%] Built target raspimouse_msgs__rosidl_typesupport_cpp
[1.135s] [ 55%] Built target raspimouse_msgs__rosidl_typesupport_introspection_c
[1.163s] [ 65%] Built target raspimouse_msgs__rosidl_typesupport_fastrtps_cpp
[1.178s] [ 76%] Built target raspimouse_msgs__rosidl_typesupport_c
[1.394s] [ 76%] Built target raspimouse_msgs
[1.616s] [ 78%] Built target raspimouse_msgs__py
[1.862s] [ 87%] Built target raspimouse_msgs__rosidl_generator_py
[2.105s] [ 91%] Built target raspimouse_msgs__rosidl_typesupport_fastrtps_c__pyext
[2.146s] running egg_info
[2.148s] writing raspimouse_msgs.egg-info/PKG-INFO
[2.150s] writing dependency_links to raspimouse_msgs.egg-info/dependency_links.txt
[2.150s] writing top-level names to raspimouse_msgs.egg-info/top_level.txt
[2.156s] reading manifest file 'raspimouse_msgs.egg-info/SOURCES.txt'
[2.159s] writing manifest file 'raspimouse_msgs.egg-info/SOURCES.txt'
[2.189s] [ 95%] Built target raspimouse_msgs__rosidl_typesupport_introspection_c__pyext
[2.197s] [100%] Built target raspimouse_msgs__rosidl_typesupport_c__pyext
[2.283s] [100%] Built target ament_cmake_python_build_raspimouse_msgs_egg
[2.355s] Invoked command in '/home/arthike/workspaces/pimouse_start/src/build/raspimouse_msgs' returned '0': CMAKE_PREFIX_PATH=${CMAKE_PREFIX_PATH}:/opt/ros/humble /usr/bin/cmake --build /home/arthike/workspaces/pimouse_start/src/build/raspimouse_msgs -- -j7 -l7
[4.069s] Invoking command in '/home/arthike/workspaces/pimouse_start/src/build/raspimouse_msgs': CMAKE_PREFIX_PATH=${CMAKE_PREFIX_PATH}:/opt/ros/humble /usr/bin/cmake --install /home/arthike/workspaces/pimouse_start/src/build/raspimouse_msgs
[4.120s] -- Install configuration: "RelWithDebInfo"
[4.121s] -- Execute custom install script
[4.123s] -- Up-to-date symlink: /home/arthike/workspaces/pimouse_start/src/install/raspimouse_msgs/share/ament_index/resource_index/rosidl_interfaces/raspimouse_msgs
[4.126s] -- Up-to-date symlink: /home/arthike/workspaces/pimouse_start/src/install/raspimouse_msgs/include/raspimouse_msgs/raspimouse_msgs/msg/detail/leds__functions.h
[4.127s] -- Up-to-date symlink: /home/arthike/workspaces/pimouse_start/src/install/raspimouse_msgs/include/raspimouse_msgs/raspimouse_msgs/msg/detail/leds__struct.h
[4.128s] -- Up-to-date symlink: /home/arthike/workspaces/pimouse_start/src/install/raspimouse_msgs/include/raspimouse_msgs/raspimouse_msgs/msg/detail/leds__type_support.h
[4.130s] -- Up-to-date symlink: /home/arthike/workspaces/pimouse_start/src/install/raspimouse_msgs/include/raspimouse_msgs/raspimouse_msgs/msg/detail/light_sensors__functions.h
[4.133s] -- Up-to-date symlink: /home/arthike/workspaces/pimouse_start/src/install/raspimouse_msgs/include/raspimouse_msgs/raspimouse_msgs/msg/detail/light_sensors__struct.h
[4.135s] -- Up-to-date symlink: /home/arthike/workspaces/pimouse_start/src/install/raspimouse_msgs/include/raspimouse_msgs/raspimouse_msgs/msg/detail/light_sensors__type_support.h
[4.136s] -- Up-to-date symlink: /home/arthike/workspaces/pimouse_start/src/install/raspimouse_msgs/include/raspimouse_msgs/raspimouse_msgs/msg/detail/switches__functions.h
[4.137s] -- Up-to-date symlink: /home/arthike/workspaces/pimouse_start/src/install/raspimouse_msgs/include/raspimouse_msgs/raspimouse_msgs/msg/detail/switches__struct.h
[4.138s] -- Up-to-date symlink: /home/arthike/workspaces/pimouse_start/src/install/raspimouse_msgs/include/raspimouse_msgs/raspimouse_msgs/msg/detail/switches__type_support.h
[4.140s] -- Up-to-date symlink: /home/arthike/workspaces/pimouse_start/src/install/raspimouse_msgs/include/raspimouse_msgs/raspimouse_msgs/msg/leds.h
[4.141s] -- Up-to-date symlink: /home/arthike/workspaces/pimouse_start/src/install/raspimouse_msgs/include/raspimouse_msgs/raspimouse_msgs/msg/light_sensors.h
[4.142s] -- Up-to-date symlink: /home/arthike/workspaces/pimouse_start/src/install/raspimouse_msgs/include/raspimouse_msgs/raspimouse_msgs/msg/rosidl_generator_c__visibility_control.h
[4.143s] -- Up-to-date symlink: /home/arthike/workspaces/pimouse_start/src/install/raspimouse_msgs/include/raspimouse_msgs/raspimouse_msgs/msg/switches.h
[4.144s] -- Up-to-date symlink: /home/arthike/workspaces/pimouse_start/src/install/raspimouse_msgs/share/raspimouse_msgs/environment/library_path.sh
[4.149s] -- Up-to-date symlink: /home/arthike/workspaces/pimouse_start/src/install/raspimouse_msgs/share/raspimouse_msgs/environment/library_path.dsv
[4.161s] -- Up-to-date symlink: /home/arthike/workspaces/pimouse_start/src/install/raspimouse_msgs/include/raspimouse_msgs/raspimouse_msgs/msg/detail/leds__rosidl_typesupport_fastrtps_c.h
[4.169s] -- Up-to-date symlink: /home/arthike/workspaces/pimouse_start/src/install/raspimouse_msgs/include/raspimouse_msgs/raspimouse_msgs/msg/detail/light_sensors__rosidl_typesupport_fastrtps_c.h
[4.170s] -- Up-to-date symlink: /home/arthike/workspaces/pimouse_start/src/install/raspimouse_msgs/include/raspimouse_msgs/raspimouse_msgs/msg/detail/switches__rosidl_typesupport_fastrtps_c.h
[4.171s] -- Up-to-date symlink: /home/arthike/workspaces/pimouse_start/src/install/raspimouse_msgs/include/raspimouse_msgs/raspimouse_msgs/msg/rosidl_typesupport_fastrtps_c__visibility_control.h
[4.178s] -- Up-to-date symlink: /home/arthike/workspaces/pimouse_start/src/install/raspimouse_msgs/include/raspimouse_msgs/raspimouse_msgs/msg/detail/leds__rosidl_typesupport_introspection_c.h
[4.182s] -- Up-to-date symlink: /home/arthike/workspaces/pimouse_start/src/install/raspimouse_msgs/include/raspimouse_msgs/raspimouse_msgs/msg/detail/light_sensors__rosidl_typesupport_introspection_c.h
[4.187s] -- Up-to-date symlink: /home/arthike/workspaces/pimouse_start/src/install/raspimouse_msgs/include/raspimouse_msgs/raspimouse_msgs/msg/detail/switches__rosidl_typesupport_introspection_c.h
[4.190s] -- Up-to-date symlink: /home/arthike/workspaces/pimouse_start/src/install/raspimouse_msgs/include/raspimouse_msgs/raspimouse_msgs/msg/rosidl_typesupport_introspection_c__visibility_control.h
[4.193s] -- Up-to-date symlink: /home/arthike/workspaces/pimouse_start/src/install/raspimouse_msgs/include/raspimouse_msgs/raspimouse_msgs/msg/detail/leds__builder.hpp
[4.194s] -- Up-to-date symlink: /home/arthike/workspaces/pimouse_start/src/install/raspimouse_msgs/include/raspimouse_msgs/raspimouse_msgs/msg/detail/leds__struct.hpp
[4.196s] -- Up-to-date symlink: /home/arthike/workspaces/pimouse_start/src/install/raspimouse_msgs/include/raspimouse_msgs/raspimouse_msgs/msg/detail/leds__traits.hpp
[4.205s] -- Up-to-date symlink: /home/arthike/workspaces/pimouse_start/src/install/raspimouse_msgs/include/raspimouse_msgs/raspimouse_msgs/msg/detail/light_sensors__builder.hpp
[4.210s] -- Up-to-date symlink: /home/arthike/workspaces/pimouse_start/src/install/raspimouse_msgs/include/raspimouse_msgs/raspimouse_msgs/msg/detail/light_sensors__struct.hpp
[4.211s] -- Up-to-date symlink: /home/arthike/workspaces/pimouse_start/src/install/raspimouse_msgs/include/raspimouse_msgs/raspimouse_msgs/msg/detail/light_sensors__traits.hpp
[4.214s] -- Up-to-date symlink: /home/arthike/workspaces/pimouse_start/src/install/raspimouse_msgs/include/raspimouse_msgs/raspimouse_msgs/msg/detail/switches__builder.hpp
[4.215s] -- Up-to-date symlink: /home/arthike/workspaces/pimouse_start/src/install/raspimouse_msgs/include/raspimouse_msgs/raspimouse_msgs/msg/detail/switches__struct.hpp
[4.215s] -- Up-to-date symlink: /home/arthike/workspaces/pimouse_start/src/install/raspimouse_msgs/include/raspimouse_msgs/raspimouse_msgs/msg/detail/switches__traits.hpp
[4.218s] -- Up-to-date symlink: /home/arthike/workspaces/pimouse_start/src/install/raspimouse_msgs/include/raspimouse_msgs/raspimouse_msgs/msg/leds.hpp
[4.219s] -- Up-to-date symlink: /home/arthike/workspaces/pimouse_start/src/install/raspimouse_msgs/include/raspimouse_msgs/raspimouse_msgs/msg/light_sensors.hpp
[4.222s] -- Up-to-date symlink: /home/arthike/workspaces/pimouse_start/src/install/raspimouse_msgs/include/raspimouse_msgs/raspimouse_msgs/msg/switches.hpp
[4.230s] -- Up-to-date symlink: /home/arthike/workspaces/pimouse_start/src/install/raspimouse_msgs/include/raspimouse_msgs/raspimouse_msgs/msg/detail/leds__rosidl_typesupport_fastrtps_cpp.hpp
[4.233s] -- Up-to-date symlink: /home/arthike/workspaces/pimouse_start/src/install/raspimouse_msgs/include/raspimouse_msgs/raspimouse_msgs/msg/detail/light_sensors__rosidl_typesupport_fastrtps_cpp.hpp
[4.235s] -- Up-to-date symlink: /home/arthike/workspaces/pimouse_start/src/install/raspimouse_msgs/include/raspimouse_msgs/raspimouse_msgs/msg/detail/switches__rosidl_typesupport_fastrtps_cpp.hpp
[4.237s] -- Up-to-date symlink: /home/arthike/workspaces/pimouse_start/src/install/raspimouse_msgs/include/raspimouse_msgs/raspimouse_msgs/msg/rosidl_typesupport_fastrtps_cpp__visibility_control.h
[4.242s] -- Up-to-date symlink: /home/arthike/workspaces/pimouse_start/src/install/raspimouse_msgs/include/raspimouse_msgs/raspimouse_msgs/msg/detail/leds__rosidl_typesupport_introspection_cpp.hpp
[4.245s] -- Up-to-date symlink: /home/arthike/workspaces/pimouse_start/src/install/raspimouse_msgs/include/raspimouse_msgs/raspimouse_msgs/msg/detail/light_sensors__rosidl_typesupport_introspection_cpp.hpp
[4.246s] -- Up-to-date symlink: /home/arthike/workspaces/pimouse_start/src/install/raspimouse_msgs/include/raspimouse_msgs/raspimouse_msgs/msg/detail/switches__rosidl_typesupport_introspection_cpp.hpp
[4.247s] -- Up-to-date symlink: /home/arthike/workspaces/pimouse_start/src/install/raspimouse_msgs/share/raspimouse_msgs/environment/pythonpath.sh
[4.249s] -- Up-to-date symlink: /home/arthike/workspaces/pimouse_start/src/install/raspimouse_msgs/share/raspimouse_msgs/environment/pythonpath.dsv
[4.249s] -- Up-to-date symlink: /home/arthike/workspaces/pimouse_start/src/install/raspimouse_msgs/local/lib/python3.10/dist-packages/raspimouse_msgs-1.1.1-py3.10.egg-info/PKG-INFO
[4.252s] -- Up-to-date symlink: /home/arthike/workspaces/pimouse_start/src/install/raspimouse_msgs/local/lib/python3.10/dist-packages/raspimouse_msgs-1.1.1-py3.10.egg-info/SOURCES.txt
[4.257s] -- Up-to-date symlink: /home/arthike/workspaces/pimouse_start/src/install/raspimouse_msgs/local/lib/python3.10/dist-packages/raspimouse_msgs-1.1.1-py3.10.egg-info/dependency_links.txt
[4.258s] -- Up-to-date symlink: /home/arthike/workspaces/pimouse_start/src/install/raspimouse_msgs/local/lib/python3.10/dist-packages/raspimouse_msgs-1.1.1-py3.10.egg-info/top_level.txt
[4.261s] -- Up-to-date symlink: /home/arthike/workspaces/pimouse_start/src/install/raspimouse_msgs/local/lib/python3.10/dist-packages/raspimouse_msgs/__init__.py
[4.264s] -- Up-to-date symlink: /home/arthike/workspaces/pimouse_start/src/install/raspimouse_msgs/local/lib/python3.10/dist-packages/raspimouse_msgs/_raspimouse_msgs_s.ep.rosidl_typesupport_c.c
[4.265s] -- Up-to-date symlink: /home/arthike/workspaces/pimouse_start/src/install/raspimouse_msgs/local/lib/python3.10/dist-packages/raspimouse_msgs/_raspimouse_msgs_s.ep.rosidl_typesupport_fastrtps_c.c
[4.265s] -- Up-to-date symlink: /home/arthike/workspaces/pimouse_start/src/install/raspimouse_msgs/local/lib/python3.10/dist-packages/raspimouse_msgs/_raspimouse_msgs_s.ep.rosidl_typesupport_introspection_c.c
[4.268s] -- Up-to-date symlink: /home/arthike/workspaces/pimouse_start/src/install/raspimouse_msgs/local/lib/python3.10/dist-packages/raspimouse_msgs/libraspimouse_msgs__rosidl_generator_py.so
[4.268s] -- Up-to-date symlink: /home/arthike/workspaces/pimouse_start/src/install/raspimouse_msgs/local/lib/python3.10/dist-packages/raspimouse_msgs/msg/__init__.py
[4.268s] -- Up-to-date symlink: /home/arthike/workspaces/pimouse_start/src/install/raspimouse_msgs/local/lib/python3.10/dist-packages/raspimouse_msgs/msg/_leds.py
[4.271s] -- Up-to-date symlink: /home/arthike/workspaces/pimouse_start/src/install/raspimouse_msgs/local/lib/python3.10/dist-packages/raspimouse_msgs/msg/_leds_s.c
[4.272s] -- Up-to-date symlink: /home/arthike/workspaces/pimouse_start/src/install/raspimouse_msgs/local/lib/python3.10/dist-packages/raspimouse_msgs/msg/_light_sensors.py
[4.274s] -- Up-to-date symlink: /home/arthike/workspaces/pimouse_start/src/install/raspimouse_msgs/local/lib/python3.10/dist-packages/raspimouse_msgs/msg/_light_sensors_s.c
[4.274s] -- Up-to-date symlink: /home/arthike/workspaces/pimouse_start/src/install/raspimouse_msgs/local/lib/python3.10/dist-packages/raspimouse_msgs/msg/_switches.py
[4.275s] -- Up-to-date symlink: /home/arthike/workspaces/pimouse_start/src/install/raspimouse_msgs/local/lib/python3.10/dist-packages/raspimouse_msgs/msg/_switches_s.c
[4.275s] -- Up-to-date symlink: /home/arthike/workspaces/pimouse_start/src/install/raspimouse_msgs/local/lib/python3.10/dist-packages/raspimouse_msgs/raspimouse_msgs_s__rosidl_typesupport_c.cpython-310-x86_64-linux-gnu.so
[4.275s] -- Up-to-date symlink: /home/arthike/workspaces/pimouse_start/src/install/raspimouse_msgs/local/lib/python3.10/dist-packages/raspimouse_msgs/raspimouse_msgs_s__rosidl_typesupport_fastrtps_c.cpython-310-x86_64-linux-gnu.so
[4.278s] -- Up-to-date symlink: /home/arthike/workspaces/pimouse_start/src/install/raspimouse_msgs/local/lib/python3.10/dist-packages/raspimouse_msgs/raspimouse_msgs_s__rosidl_typesupport_introspection_c.cpython-310-x86_64-linux-gnu.so
[4.279s] -- Up-to-date symlink: /home/arthike/workspaces/pimouse_start/src/install/raspimouse_msgs/local/lib/python3.10/dist-packages/raspimouse_msgs/raspimouse_msgs_s__rosidl_typesupport_fastrtps_c.cpython-310-x86_64-linux-gnu.so
[4.282s] -- Up-to-date symlink: /home/arthike/workspaces/pimouse_start/src/install/raspimouse_msgs/local/lib/python3.10/dist-packages/raspimouse_msgs/raspimouse_msgs_s__rosidl_typesupport_introspection_c.cpython-310-x86_64-linux-gnu.so
[4.287s] -- Up-to-date symlink: /home/arthike/workspaces/pimouse_start/src/install/raspimouse_msgs/local/lib/python3.10/dist-packages/raspimouse_msgs/raspimouse_msgs_s__rosidl_typesupport_c.cpython-310-x86_64-linux-gnu.so
[4.290s] -- Up-to-date symlink: /home/arthike/workspaces/pimouse_start/src/install/raspimouse_msgs/share/raspimouse_msgs/msg/Leds.idl
[4.292s] -- Up-to-date symlink: /home/arthike/workspaces/pimouse_start/src/install/raspimouse_msgs/share/raspimouse_msgs/msg/Switches.idl
[4.295s] -- Up-to-date symlink: /home/arthike/workspaces/pimouse_start/src/install/raspimouse_msgs/share/raspimouse_msgs/msg/LightSensors.idl
[4.298s] -- Up-to-date symlink: /home/arthike/workspaces/pimouse_start/src/install/raspimouse_msgs/share/raspimouse_msgs/msg/Leds.msg
[4.301s] -- Up-to-date symlink: /home/arthike/workspaces/pimouse_start/src/install/raspimouse_msgs/share/raspimouse_msgs/msg/Switches.msg
[4.303s] -- Up-to-date symlink: /home/arthike/workspaces/pimouse_start/src/install/raspimouse_msgs/share/raspimouse_msgs/msg/LightSensors.msg
[4.304s] -- Up-to-date symlink: /home/arthike/workspaces/pimouse_start/src/install/raspimouse_msgs/share/ament_index/resource_index/package_run_dependencies/raspimouse_msgs
[4.307s] -- Up-to-date symlink: /home/arthike/workspaces/pimouse_start/src/install/raspimouse_msgs/share/ament_index/resource_index/parent_prefix_path/raspimouse_msgs
[4.309s] -- Up-to-date symlink: /home/arthike/workspaces/pimouse_start/src/install/raspimouse_msgs/share/raspimouse_msgs/environment/ament_prefix_path.sh
[4.310s] -- Up-to-date symlink: /home/arthike/workspaces/pimouse_start/src/install/raspimouse_msgs/share/raspimouse_msgs/environment/ament_prefix_path.dsv
[4.312s] -- Up-to-date symlink: /home/arthike/workspaces/pimouse_start/src/install/raspimouse_msgs/share/raspimouse_msgs/environment/path.sh
[4.313s] -- Up-to-date symlink: /home/arthike/workspaces/pimouse_start/src/install/raspimouse_msgs/share/raspimouse_msgs/environment/path.dsv
[4.315s] -- Up-to-date symlink: /home/arthike/workspaces/pimouse_start/src/install/raspimouse_msgs/share/raspimouse_msgs/local_setup.bash
[4.317s] -- Up-to-date symlink: /home/arthike/workspaces/pimouse_start/src/install/raspimouse_msgs/share/raspimouse_msgs/local_setup.sh
[4.318s] -- Up-to-date symlink: /home/arthike/workspaces/pimouse_start/src/install/raspimouse_msgs/share/raspimouse_msgs/local_setup.zsh
[4.319s] -- Up-to-date symlink: /home/arthike/workspaces/pimouse_start/src/install/raspimouse_msgs/share/raspimouse_msgs/local_setup.dsv
[4.320s] -- Symlinking: /home/arthike/workspaces/pimouse_start/src/install/raspimouse_msgs/share/raspimouse_msgs/package.dsv
[4.412s] -- Up-to-date symlink: /home/arthike/workspaces/pimouse_start/src/install/raspimouse_msgs/share/ament_index/resource_index/packages/raspimouse_msgs
[4.418s] -- Up-to-date symlink: /home/arthike/workspaces/pimouse_start/src/install/raspimouse_msgs/share/raspimouse_msgs/cmake/rosidl_cmake-extras.cmake
[4.423s] -- Up-to-date symlink: /home/arthike/workspaces/pimouse_start/src/install/raspimouse_msgs/share/raspimouse_msgs/cmake/ament_cmake_export_include_directories-extras.cmake
[4.427s] -- Up-to-date symlink: /home/arthike/workspaces/pimouse_start/src/install/raspimouse_msgs/share/raspimouse_msgs/cmake/ament_cmake_export_libraries-extras.cmake
[4.432s] -- Up-to-date symlink: /home/arthike/workspaces/pimouse_start/src/install/raspimouse_msgs/share/raspimouse_msgs/cmake/ament_cmake_export_targets-extras.cmake
[4.435s] -- Up-to-date symlink: /home/arthike/workspaces/pimouse_start/src/install/raspimouse_msgs/share/raspimouse_msgs/cmake/rosidl_cmake_export_typesupport_targets-extras.cmake
[4.439s] -- Up-to-date symlink: /home/arthike/workspaces/pimouse_start/src/install/raspimouse_msgs/share/raspimouse_msgs/cmake/ament_cmake_export_dependencies-extras.cmake
[4.442s] -- Up-to-date symlink: /home/arthike/workspaces/pimouse_start/src/install/raspimouse_msgs/share/raspimouse_msgs/cmake/rosidl_cmake_export_typesupport_libraries-extras.cmake
[4.445s] -- Up-to-date symlink: /home/arthike/workspaces/pimouse_start/src/install/raspimouse_msgs/share/raspimouse_msgs/cmake/raspimouse_msgsConfig.cmake
[4.446s] -- Up-to-date symlink: /home/arthike/workspaces/pimouse_start/src/install/raspimouse_msgs/share/raspimouse_msgs/cmake/raspimouse_msgsConfig-version.cmake
[4.447s] -- Up-to-date symlink: /home/arthike/workspaces/pimouse_start/src/install/raspimouse_msgs/share/raspimouse_msgs/package.xml
[4.454s] -- Up-to-date: /home/arthike/workspaces/pimouse_start/src/install/raspimouse_msgs/lib/libraspimouse_msgs__rosidl_generator_c.so
[4.473s] -- Up-to-date: /home/arthike/workspaces/pimouse_start/src/install/raspimouse_msgs/lib/libraspimouse_msgs__rosidl_typesupport_fastrtps_c.so
[4.482s] -- Up-to-date: /home/arthike/workspaces/pimouse_start/src/install/raspimouse_msgs/lib/libraspimouse_msgs__rosidl_typesupport_introspection_c.so
[4.493s] -- Up-to-date: /home/arthike/workspaces/pimouse_start/src/install/raspimouse_msgs/lib/libraspimouse_msgs__rosidl_typesupport_c.so
[4.501s] -- Up-to-date: /home/arthike/workspaces/pimouse_start/src/install/raspimouse_msgs/lib/libraspimouse_msgs__rosidl_typesupport_fastrtps_cpp.so
[4.508s] -- Up-to-date: /home/arthike/workspaces/pimouse_start/src/install/raspimouse_msgs/lib/libraspimouse_msgs__rosidl_typesupport_introspection_cpp.so
[4.513s] -- Up-to-date: /home/arthike/workspaces/pimouse_start/src/install/raspimouse_msgs/lib/libraspimouse_msgs__rosidl_typesupport_cpp.so
[4.698s] Listing '/home/arthike/workspaces/pimouse_start/src/install/raspimouse_msgs/local/lib/python3.10/dist-packages/raspimouse_msgs'...
[4.699s] Listing '/home/arthike/workspaces/pimouse_start/src/install/raspimouse_msgs/local/lib/python3.10/dist-packages/raspimouse_msgs/msg'...
[4.710s] -- Up-to-date: /home/arthike/workspaces/pimouse_start/src/install/raspimouse_msgs/lib/libraspimouse_msgs__rosidl_generator_py.so
[4.715s] -- Up-to-date: /home/arthike/workspaces/pimouse_start/src/install/raspimouse_msgs/share/raspimouse_msgs/cmake/export_raspimouse_msgs__rosidl_generator_cExport.cmake
[4.716s] -- Up-to-date: /home/arthike/workspaces/pimouse_start/src/install/raspimouse_msgs/share/raspimouse_msgs/cmake/export_raspimouse_msgs__rosidl_generator_cExport-relwithdebinfo.cmake
[4.718s] -- Up-to-date: /home/arthike/workspaces/pimouse_start/src/install/raspimouse_msgs/share/raspimouse_msgs/cmake/export_raspimouse_msgs__rosidl_typesupport_fastrtps_cExport.cmake
[4.720s] -- Up-to-date: /home/arthike/workspaces/pimouse_start/src/install/raspimouse_msgs/share/raspimouse_msgs/cmake/export_raspimouse_msgs__rosidl_typesupport_fastrtps_cExport-relwithdebinfo.cmake
[4.726s] -- Up-to-date: /home/arthike/workspaces/pimouse_start/src/install/raspimouse_msgs/share/raspimouse_msgs/cmake/raspimouse_msgs__rosidl_typesupport_introspection_cExport.cmake
[4.727s] -- Up-to-date: /home/arthike/workspaces/pimouse_start/src/install/raspimouse_msgs/share/raspimouse_msgs/cmake/raspimouse_msgs__rosidl_typesupport_introspection_cExport-relwithdebinfo.cmake
[4.733s] -- Up-to-date: /home/arthike/workspaces/pimouse_start/src/install/raspimouse_msgs/share/raspimouse_msgs/cmake/raspimouse_msgs__rosidl_typesupport_cExport.cmake
[4.734s] -- Up-to-date: /home/arthike/workspaces/pimouse_start/src/install/raspimouse_msgs/share/raspimouse_msgs/cmake/raspimouse_msgs__rosidl_typesupport_cExport-relwithdebinfo.cmake
[4.738s] -- Up-to-date: /home/arthike/workspaces/pimouse_start/src/install/raspimouse_msgs/share/raspimouse_msgs/cmake/export_raspimouse_msgs__rosidl_generator_cppExport.cmake
[4.740s] -- Up-to-date: /home/arthike/workspaces/pimouse_start/src/install/raspimouse_msgs/share/raspimouse_msgs/cmake/export_raspimouse_msgs__rosidl_typesupport_fastrtps_cppExport.cmake
[4.744s] -- Up-to-date: /home/arthike/workspaces/pimouse_start/src/install/raspimouse_msgs/share/raspimouse_msgs/cmake/export_raspimouse_msgs__rosidl_typesupport_fastrtps_cppExport-relwithdebinfo.cmake
[4.745s] -- Up-to-date: /home/arthike/workspaces/pimouse_start/src/install/raspimouse_msgs/share/raspimouse_msgs/cmake/raspimouse_msgs__rosidl_typesupport_introspection_cppExport.cmake
[4.748s] -- Up-to-date: /home/arthike/workspaces/pimouse_start/src/install/raspimouse_msgs/share/raspimouse_msgs/cmake/raspimouse_msgs__rosidl_typesupport_introspection_cppExport-relwithdebinfo.cmake
[4.749s] -- Up-to-date: /home/arthike/workspaces/pimouse_start/src/install/raspimouse_msgs/share/raspimouse_msgs/cmake/raspimouse_msgs__rosidl_typesupport_cppExport.cmake
[4.749s] -- Up-to-date: /home/arthike/workspaces/pimouse_start/src/install/raspimouse_msgs/share/raspimouse_msgs/cmake/raspimouse_msgs__rosidl_typesupport_cppExport-relwithdebinfo.cmake
[4.750s] -- Up-to-date: /home/arthike/workspaces/pimouse_start/src/install/raspimouse_msgs/share/raspimouse_msgs/cmake/export_raspimouse_msgs__rosidl_generator_pyExport.cmake
[4.750s] -- Up-to-date: /home/arthike/workspaces/pimouse_start/src/install/raspimouse_msgs/share/raspimouse_msgs/cmake/export_raspimouse_msgs__rosidl_generator_pyExport-relwithdebinfo.cmake
[4.770s] Invoked command in '/home/arthike/workspaces/pimouse_start/src/build/raspimouse_msgs' returned '0': CMAKE_PREFIX_PATH=${CMAKE_PREFIX_PATH}:/opt/ros/humble /usr/bin/cmake --install /home/arthike/workspaces/pimouse_start/src/build/raspimouse_msgs
