[0.121s] Invoking command in '/home/arthike/workspaces/pimouse_start/src/build/raspimouse_msgs': CMAKE_PREFIX_PATH=${CMAKE_PREFIX_PATH}:/opt/ros/humble /usr/bin/cmake --build /home/arthike/workspaces/pimouse_start/src/build/raspimouse_msgs -- -j7 -l7
[0.658s] [  2%] Built target raspimouse_msgs__cpp
[0.683s] [ 12%] Built target raspimouse_msgs__rosidl_generator_c
[0.740s] [ 12%] Built target ament_cmake_python_symlink_raspimouse_msgs
[0.921s] [ 23%] Built target raspimouse_msgs__rosidl_typesupport_introspection_cpp
[0.950s] [ 34%] Built target raspimouse_msgs__rosidl_typesupport_cpp
[0.993s] [ 44%] Built target raspimouse_msgs__rosidl_typesupport_c
[1.012s] [ 55%] Built target raspimouse_msgs__rosidl_typesupport_fastrtps_c
[1.048s] [ 65%] Built target raspimouse_msgs__rosidl_typesupport_fastrtps_cpp
[1.084s] [ 76%] Built target raspimouse_msgs__rosidl_typesupport_introspection_c
[1.258s] [ 76%] Built target raspimouse_msgs
[1.525s] [ 78%] Built target raspimouse_msgs__py
[1.681s] [ 87%] Built target raspimouse_msgs__rosidl_generator_py
[1.851s] [ 91%] Built target raspimouse_msgs__rosidl_typesupport_c__pyext
[1.887s] [ 95%] Built target raspimouse_msgs__rosidl_typesupport_introspection_c__pyext
[1.944s] [100%] Built target raspimouse_msgs__rosidl_typesupport_fastrtps_c__pyext
[2.016s] running egg_info
[2.016s] writing raspimouse_msgs.egg-info/PKG-INFO
[2.019s] writing dependency_links to raspimouse_msgs.egg-info/dependency_links.txt
[2.020s] writing top-level names to raspimouse_msgs.egg-info/top_level.txt
[2.030s] reading manifest file 'raspimouse_msgs.egg-info/SOURCES.txt'
[2.034s] writing manifest file 'raspimouse_msgs.egg-info/SOURCES.txt'
[2.144s] [100%] Built target ament_cmake_python_build_raspimouse_msgs_egg
[2.242s] Invoked command in '/home/arthike/workspaces/pimouse_start/src/build/raspimouse_msgs' returned '0': CMAKE_PREFIX_PATH=${CMAKE_PREFIX_PATH}:/opt/ros/humble /usr/bin/cmake --build /home/arthike/workspaces/pimouse_start/src/build/raspimouse_msgs -- -j7 -l7
[3.853s] Invoking command in '/home/arthike/workspaces/pimouse_start/src/build/raspimouse_msgs': CMAKE_PREFIX_PATH=${CMAKE_PREFIX_PATH}:/opt/ros/humble /usr/bin/cmake --install /home/arthike/workspaces/pimouse_start/src/build/raspimouse_msgs
[3.902s] -- Install configuration: "RelWithDebInfo"
[3.906s] -- Execute custom install script
[3.909s] -- Up-to-date symlink: /home/arthike/workspaces/pimouse_start/src/install/raspimouse_msgs/share/ament_index/resource_index/rosidl_interfaces/raspimouse_msgs
[3.916s] -- Up-to-date symlink: /home/arthike/workspaces/pimouse_start/src/install/raspimouse_msgs/include/raspimouse_msgs/raspimouse_msgs/msg/detail/leds__functions.h
[3.919s] -- Up-to-date symlink: /home/arthike/workspaces/pimouse_start/src/install/raspimouse_msgs/include/raspimouse_msgs/raspimouse_msgs/msg/detail/leds__struct.h
[3.922s] -- Up-to-date symlink: /home/arthike/workspaces/pimouse_start/src/install/raspimouse_msgs/include/raspimouse_msgs/raspimouse_msgs/msg/detail/leds__type_support.h
[3.923s] -- Up-to-date symlink: /home/arthike/workspaces/pimouse_start/src/install/raspimouse_msgs/include/raspimouse_msgs/raspimouse_msgs/msg/detail/light_sensors__functions.h
[3.923s] -- Up-to-date symlink: /home/arthike/workspaces/pimouse_start/src/install/raspimouse_msgs/include/raspimouse_msgs/raspimouse_msgs/msg/detail/light_sensors__struct.h
[3.926s] -- Up-to-date symlink: /home/arthike/workspaces/pimouse_start/src/install/raspimouse_msgs/include/raspimouse_msgs/raspimouse_msgs/msg/detail/light_sensors__type_support.h
[3.930s] -- Up-to-date symlink: /home/arthike/workspaces/pimouse_start/src/install/raspimouse_msgs/include/raspimouse_msgs/raspimouse_msgs/msg/detail/switches__functions.h
[3.934s] -- Up-to-date symlink: /home/arthike/workspaces/pimouse_start/src/install/raspimouse_msgs/include/raspimouse_msgs/raspimouse_msgs/msg/detail/switches__struct.h
[3.937s] -- Up-to-date symlink: /home/arthike/workspaces/pimouse_start/src/install/raspimouse_msgs/include/raspimouse_msgs/raspimouse_msgs/msg/detail/switches__type_support.h
[3.945s] -- Up-to-date symlink: /home/arthike/workspaces/pimouse_start/src/install/raspimouse_msgs/include/raspimouse_msgs/raspimouse_msgs/msg/leds.h
[3.951s] -- Up-to-date symlink: /home/arthike/workspaces/pimouse_start/src/install/raspimouse_msgs/include/raspimouse_msgs/raspimouse_msgs/msg/light_sensors.h
[3.955s] -- Up-to-date symlink: /home/arthike/workspaces/pimouse_start/src/install/raspimouse_msgs/include/raspimouse_msgs/raspimouse_msgs/msg/rosidl_generator_c__visibility_control.h
[3.959s] -- Up-to-date symlink: /home/arthike/workspaces/pimouse_start/src/install/raspimouse_msgs/include/raspimouse_msgs/raspimouse_msgs/msg/switches.h
[3.963s] -- Up-to-date symlink: /home/arthike/workspaces/pimouse_start/src/install/raspimouse_msgs/share/raspimouse_msgs/environment/library_path.sh
[3.967s] -- Up-to-date symlink: /home/arthike/workspaces/pimouse_start/src/install/raspimouse_msgs/share/raspimouse_msgs/environment/library_path.dsv
[3.972s] -- Up-to-date symlink: /home/arthike/workspaces/pimouse_start/src/install/raspimouse_msgs/include/raspimouse_msgs/raspimouse_msgs/msg/detail/leds__rosidl_typesupport_fastrtps_c.h
[3.976s] -- Up-to-date symlink: /home/arthike/workspaces/pimouse_start/src/install/raspimouse_msgs/include/raspimouse_msgs/raspimouse_msgs/msg/detail/light_sensors__rosidl_typesupport_fastrtps_c.h
[3.977s] -- Up-to-date symlink: /home/arthike/workspaces/pimouse_start/src/install/raspimouse_msgs/include/raspimouse_msgs/raspimouse_msgs/msg/detail/switches__rosidl_typesupport_fastrtps_c.h
[3.982s] -- Up-to-date symlink: /home/arthike/workspaces/pimouse_start/src/install/raspimouse_msgs/include/raspimouse_msgs/raspimouse_msgs/msg/rosidl_typesupport_fastrtps_c__visibility_control.h
[3.983s] -- Up-to-date symlink: /home/arthike/workspaces/pimouse_start/src/install/raspimouse_msgs/include/raspimouse_msgs/raspimouse_msgs/msg/detail/leds__rosidl_typesupport_introspection_c.h
[3.984s] -- Up-to-date symlink: /home/arthike/workspaces/pimouse_start/src/install/raspimouse_msgs/include/raspimouse_msgs/raspimouse_msgs/msg/detail/light_sensors__rosidl_typesupport_introspection_c.h
[3.984s] -- Up-to-date symlink: /home/arthike/workspaces/pimouse_start/src/install/raspimouse_msgs/include/raspimouse_msgs/raspimouse_msgs/msg/detail/switches__rosidl_typesupport_introspection_c.h
[3.985s] -- Up-to-date symlink: /home/arthike/workspaces/pimouse_start/src/install/raspimouse_msgs/include/raspimouse_msgs/raspimouse_msgs/msg/rosidl_typesupport_introspection_c__visibility_control.h
[3.986s] -- Up-to-date symlink: /home/arthike/workspaces/pimouse_start/src/install/raspimouse_msgs/include/raspimouse_msgs/raspimouse_msgs/msg/detail/leds__builder.hpp
[3.987s] -- Up-to-date symlink: /home/arthike/workspaces/pimouse_start/src/install/raspimouse_msgs/include/raspimouse_msgs/raspimouse_msgs/msg/detail/leds__struct.hpp
[3.987s] -- Up-to-date symlink: /home/arthike/workspaces/pimouse_start/src/install/raspimouse_msgs/include/raspimouse_msgs/raspimouse_msgs/msg/detail/leds__traits.hpp
[3.988s] -- Up-to-date symlink: /home/arthike/workspaces/pimouse_start/src/install/raspimouse_msgs/include/raspimouse_msgs/raspimouse_msgs/msg/detail/light_sensors__builder.hpp
[3.988s] -- Up-to-date symlink: /home/arthike/workspaces/pimouse_start/src/install/raspimouse_msgs/include/raspimouse_msgs/raspimouse_msgs/msg/detail/light_sensors__struct.hpp
[3.990s] -- Up-to-date symlink: /home/arthike/workspaces/pimouse_start/src/install/raspimouse_msgs/include/raspimouse_msgs/raspimouse_msgs/msg/detail/light_sensors__traits.hpp
[3.990s] -- Up-to-date symlink: /home/arthike/workspaces/pimouse_start/src/install/raspimouse_msgs/include/raspimouse_msgs/raspimouse_msgs/msg/detail/switches__builder.hpp
[3.991s] -- Up-to-date symlink: /home/arthike/workspaces/pimouse_start/src/install/raspimouse_msgs/include/raspimouse_msgs/raspimouse_msgs/msg/detail/switches__struct.hpp
[3.992s] -- Up-to-date symlink: /home/arthike/workspaces/pimouse_start/src/install/raspimouse_msgs/include/raspimouse_msgs/raspimouse_msgs/msg/detail/switches__traits.hpp
[3.992s] -- Up-to-date symlink: /home/arthike/workspaces/pimouse_start/src/install/raspimouse_msgs/include/raspimouse_msgs/raspimouse_msgs/msg/leds.hpp
[3.993s] -- Up-to-date symlink: /home/arthike/workspaces/pimouse_start/src/install/raspimouse_msgs/include/raspimouse_msgs/raspimouse_msgs/msg/light_sensors.hpp
[3.996s] -- Up-to-date symlink: /home/arthike/workspaces/pimouse_start/src/install/raspimouse_msgs/include/raspimouse_msgs/raspimouse_msgs/msg/switches.hpp
[3.999s] -- Up-to-date symlink: /home/arthike/workspaces/pimouse_start/src/install/raspimouse_msgs/include/raspimouse_msgs/raspimouse_msgs/msg/detail/leds__rosidl_typesupport_fastrtps_cpp.hpp
[4.000s] -- Up-to-date symlink: /home/arthike/workspaces/pimouse_start/src/install/raspimouse_msgs/include/raspimouse_msgs/raspimouse_msgs/msg/detail/light_sensors__rosidl_typesupport_fastrtps_cpp.hpp
[4.001s] -- Up-to-date symlink: /home/arthike/workspaces/pimouse_start/src/install/raspimouse_msgs/include/raspimouse_msgs/raspimouse_msgs/msg/detail/switches__rosidl_typesupport_fastrtps_cpp.hpp
[4.002s] -- Up-to-date symlink: /home/arthike/workspaces/pimouse_start/src/install/raspimouse_msgs/include/raspimouse_msgs/raspimouse_msgs/msg/rosidl_typesupport_fastrtps_cpp__visibility_control.h
[4.003s] -- Up-to-date symlink: /home/arthike/workspaces/pimouse_start/src/install/raspimouse_msgs/include/raspimouse_msgs/raspimouse_msgs/msg/detail/leds__rosidl_typesupport_introspection_cpp.hpp
[4.003s] -- Up-to-date symlink: /home/arthike/workspaces/pimouse_start/src/install/raspimouse_msgs/include/raspimouse_msgs/raspimouse_msgs/msg/detail/light_sensors__rosidl_typesupport_introspection_cpp.hpp
[4.004s] -- Up-to-date symlink: /home/arthike/workspaces/pimouse_start/src/install/raspimouse_msgs/include/raspimouse_msgs/raspimouse_msgs/msg/detail/switches__rosidl_typesupport_introspection_cpp.hpp
[4.005s] -- Up-to-date symlink: /home/arthike/workspaces/pimouse_start/src/install/raspimouse_msgs/share/raspimouse_msgs/environment/pythonpath.sh
[4.006s] -- Up-to-date symlink: /home/arthike/workspaces/pimouse_start/src/install/raspimouse_msgs/share/raspimouse_msgs/environment/pythonpath.dsv
[4.007s] -- Up-to-date symlink: /home/arthike/workspaces/pimouse_start/src/install/raspimouse_msgs/local/lib/python3.10/dist-packages/raspimouse_msgs-1.1.1-py3.10.egg-info/PKG-INFO
[4.009s] -- Up-to-date symlink: /home/arthike/workspaces/pimouse_start/src/install/raspimouse_msgs/local/lib/python3.10/dist-packages/raspimouse_msgs-1.1.1-py3.10.egg-info/SOURCES.txt
[4.011s] -- Up-to-date symlink: /home/arthike/workspaces/pimouse_start/src/install/raspimouse_msgs/local/lib/python3.10/dist-packages/raspimouse_msgs-1.1.1-py3.10.egg-info/dependency_links.txt
[4.012s] -- Up-to-date symlink: /home/arthike/workspaces/pimouse_start/src/install/raspimouse_msgs/local/lib/python3.10/dist-packages/raspimouse_msgs-1.1.1-py3.10.egg-info/top_level.txt
[4.013s] -- Up-to-date symlink: /home/arthike/workspaces/pimouse_start/src/install/raspimouse_msgs/local/lib/python3.10/dist-packages/raspimouse_msgs/__init__.py
[4.014s] -- Up-to-date symlink: /home/arthike/workspaces/pimouse_start/src/install/raspimouse_msgs/local/lib/python3.10/dist-packages/raspimouse_msgs/_raspimouse_msgs_s.ep.rosidl_typesupport_c.c
[4.017s] -- Up-to-date symlink: /home/arthike/workspaces/pimouse_start/src/install/raspimouse_msgs/local/lib/python3.10/dist-packages/raspimouse_msgs/_raspimouse_msgs_s.ep.rosidl_typesupport_fastrtps_c.c
[4.017s] -- Up-to-date symlink: /home/arthike/workspaces/pimouse_start/src/install/raspimouse_msgs/local/lib/python3.10/dist-packages/raspimouse_msgs/_raspimouse_msgs_s.ep.rosidl_typesupport_introspection_c.c
[4.018s] -- Up-to-date symlink: /home/arthike/workspaces/pimouse_start/src/install/raspimouse_msgs/local/lib/python3.10/dist-packages/raspimouse_msgs/libraspimouse_msgs__rosidl_generator_py.so
[4.019s] -- Up-to-date symlink: /home/arthike/workspaces/pimouse_start/src/install/raspimouse_msgs/local/lib/python3.10/dist-packages/raspimouse_msgs/msg/__init__.py
[4.019s] -- Up-to-date symlink: /home/arthike/workspaces/pimouse_start/src/install/raspimouse_msgs/local/lib/python3.10/dist-packages/raspimouse_msgs/msg/_leds.py
[4.020s] -- Up-to-date symlink: /home/arthike/workspaces/pimouse_start/src/install/raspimouse_msgs/local/lib/python3.10/dist-packages/raspimouse_msgs/msg/_leds_s.c
[4.020s] -- Up-to-date symlink: /home/arthike/workspaces/pimouse_start/src/install/raspimouse_msgs/local/lib/python3.10/dist-packages/raspimouse_msgs/msg/_light_sensors.py
[4.022s] -- Up-to-date symlink: /home/arthike/workspaces/pimouse_start/src/install/raspimouse_msgs/local/lib/python3.10/dist-packages/raspimouse_msgs/msg/_light_sensors_s.c
[4.024s] -- Up-to-date symlink: /home/arthike/workspaces/pimouse_start/src/install/raspimouse_msgs/local/lib/python3.10/dist-packages/raspimouse_msgs/msg/_switches.py
[4.027s] -- Up-to-date symlink: /home/arthike/workspaces/pimouse_start/src/install/raspimouse_msgs/local/lib/python3.10/dist-packages/raspimouse_msgs/msg/_switches_s.c
[4.029s] -- Up-to-date symlink: /home/arthike/workspaces/pimouse_start/src/install/raspimouse_msgs/local/lib/python3.10/dist-packages/raspimouse_msgs/raspimouse_msgs_s__rosidl_typesupport_c.cpython-310-x86_64-linux-gnu.so
[4.031s] -- Up-to-date symlink: /home/arthike/workspaces/pimouse_start/src/install/raspimouse_msgs/local/lib/python3.10/dist-packages/raspimouse_msgs/raspimouse_msgs_s__rosidl_typesupport_fastrtps_c.cpython-310-x86_64-linux-gnu.so
[4.034s] -- Up-to-date symlink: /home/arthike/workspaces/pimouse_start/src/install/raspimouse_msgs/local/lib/python3.10/dist-packages/raspimouse_msgs/raspimouse_msgs_s__rosidl_typesupport_introspection_c.cpython-310-x86_64-linux-gnu.so
[4.036s] -- Up-to-date symlink: /home/arthike/workspaces/pimouse_start/src/install/raspimouse_msgs/local/lib/python3.10/dist-packages/raspimouse_msgs/raspimouse_msgs_s__rosidl_typesupport_fastrtps_c.cpython-310-x86_64-linux-gnu.so
[4.040s] -- Up-to-date symlink: /home/arthike/workspaces/pimouse_start/src/install/raspimouse_msgs/local/lib/python3.10/dist-packages/raspimouse_msgs/raspimouse_msgs_s__rosidl_typesupport_introspection_c.cpython-310-x86_64-linux-gnu.so
[4.043s] -- Up-to-date symlink: /home/arthike/workspaces/pimouse_start/src/install/raspimouse_msgs/local/lib/python3.10/dist-packages/raspimouse_msgs/raspimouse_msgs_s__rosidl_typesupport_c.cpython-310-x86_64-linux-gnu.so
[4.057s] -- Up-to-date symlink: /home/arthike/workspaces/pimouse_start/src/install/raspimouse_msgs/share/raspimouse_msgs/msg/Leds.idl
[4.057s] -- Up-to-date symlink: /home/arthike/workspaces/pimouse_start/src/install/raspimouse_msgs/share/raspimouse_msgs/msg/Switches.idl
[4.058s] -- Up-to-date symlink: /home/arthike/workspaces/pimouse_start/src/install/raspimouse_msgs/share/raspimouse_msgs/msg/LightSensors.idl
[4.060s] -- Up-to-date symlink: /home/arthike/workspaces/pimouse_start/src/install/raspimouse_msgs/share/raspimouse_msgs/msg/Leds.msg
[4.061s] -- Up-to-date symlink: /home/arthike/workspaces/pimouse_start/src/install/raspimouse_msgs/share/raspimouse_msgs/msg/Switches.msg
[4.062s] -- Up-to-date symlink: /home/arthike/workspaces/pimouse_start/src/install/raspimouse_msgs/share/raspimouse_msgs/msg/LightSensors.msg
[4.063s] -- Up-to-date symlink: /home/arthike/workspaces/pimouse_start/src/install/raspimouse_msgs/share/ament_index/resource_index/package_run_dependencies/raspimouse_msgs
[4.063s] -- Up-to-date symlink: /home/arthike/workspaces/pimouse_start/src/install/raspimouse_msgs/share/ament_index/resource_index/parent_prefix_path/raspimouse_msgs
[4.064s] -- Up-to-date symlink: /home/arthike/workspaces/pimouse_start/src/install/raspimouse_msgs/share/raspimouse_msgs/environment/ament_prefix_path.sh
[4.065s] -- Up-to-date symlink: /home/arthike/workspaces/pimouse_start/src/install/raspimouse_msgs/share/raspimouse_msgs/environment/ament_prefix_path.dsv
[4.066s] -- Up-to-date symlink: /home/arthike/workspaces/pimouse_start/src/install/raspimouse_msgs/share/raspimouse_msgs/environment/path.sh
[4.072s] -- Up-to-date symlink: /home/arthike/workspaces/pimouse_start/src/install/raspimouse_msgs/share/raspimouse_msgs/environment/path.dsv
[4.072s] -- Up-to-date symlink: /home/arthike/workspaces/pimouse_start/src/install/raspimouse_msgs/share/raspimouse_msgs/local_setup.bash
[4.072s] -- Up-to-date symlink: /home/arthike/workspaces/pimouse_start/src/install/raspimouse_msgs/share/raspimouse_msgs/local_setup.sh
[4.073s] -- Up-to-date symlink: /home/arthike/workspaces/pimouse_start/src/install/raspimouse_msgs/share/raspimouse_msgs/local_setup.zsh
[4.074s] -- Up-to-date symlink: /home/arthike/workspaces/pimouse_start/src/install/raspimouse_msgs/share/raspimouse_msgs/local_setup.dsv
[4.074s] -- Symlinking: /home/arthike/workspaces/pimouse_start/src/install/raspimouse_msgs/share/raspimouse_msgs/package.dsv
[4.143s] -- Up-to-date symlink: /home/arthike/workspaces/pimouse_start/src/install/raspimouse_msgs/share/ament_index/resource_index/packages/raspimouse_msgs
[4.144s] -- Up-to-date symlink: /home/arthike/workspaces/pimouse_start/src/install/raspimouse_msgs/share/raspimouse_msgs/cmake/rosidl_cmake-extras.cmake
[4.144s] -- Up-to-date symlink: /home/arthike/workspaces/pimouse_start/src/install/raspimouse_msgs/share/raspimouse_msgs/cmake/ament_cmake_export_include_directories-extras.cmake
[4.146s] -- Up-to-date symlink: /home/arthike/workspaces/pimouse_start/src/install/raspimouse_msgs/share/raspimouse_msgs/cmake/ament_cmake_export_libraries-extras.cmake
[4.148s] -- Up-to-date symlink: /home/arthike/workspaces/pimouse_start/src/install/raspimouse_msgs/share/raspimouse_msgs/cmake/ament_cmake_export_targets-extras.cmake
[4.150s] -- Up-to-date symlink: /home/arthike/workspaces/pimouse_start/src/install/raspimouse_msgs/share/raspimouse_msgs/cmake/rosidl_cmake_export_typesupport_targets-extras.cmake
[4.153s] -- Up-to-date symlink: /home/arthike/workspaces/pimouse_start/src/install/raspimouse_msgs/share/raspimouse_msgs/cmake/ament_cmake_export_dependencies-extras.cmake
[4.155s] -- Up-to-date symlink: /home/arthike/workspaces/pimouse_start/src/install/raspimouse_msgs/share/raspimouse_msgs/cmake/rosidl_cmake_export_typesupport_libraries-extras.cmake
[4.157s] -- Up-to-date symlink: /home/arthike/workspaces/pimouse_start/src/install/raspimouse_msgs/share/raspimouse_msgs/cmake/raspimouse_msgsConfig.cmake
[4.159s] -- Up-to-date symlink: /home/arthike/workspaces/pimouse_start/src/install/raspimouse_msgs/share/raspimouse_msgs/cmake/raspimouse_msgsConfig-version.cmake
[4.161s] -- Up-to-date symlink: /home/arthike/workspaces/pimouse_start/src/install/raspimouse_msgs/share/raspimouse_msgs/package.xml
[4.174s] -- Up-to-date: /home/arthike/workspaces/pimouse_start/src/install/raspimouse_msgs/lib/libraspimouse_msgs__rosidl_generator_c.so
[4.190s] -- Up-to-date: /home/arthike/workspaces/pimouse_start/src/install/raspimouse_msgs/lib/libraspimouse_msgs__rosidl_typesupport_fastrtps_c.so
[4.206s] -- Up-to-date: /home/arthike/workspaces/pimouse_start/src/install/raspimouse_msgs/lib/libraspimouse_msgs__rosidl_typesupport_introspection_c.so
[4.216s] -- Up-to-date: /home/arthike/workspaces/pimouse_start/src/install/raspimouse_msgs/lib/libraspimouse_msgs__rosidl_typesupport_c.so
[4.229s] -- Up-to-date: /home/arthike/workspaces/pimouse_start/src/install/raspimouse_msgs/lib/libraspimouse_msgs__rosidl_typesupport_fastrtps_cpp.so
[4.239s] -- Up-to-date: /home/arthike/workspaces/pimouse_start/src/install/raspimouse_msgs/lib/libraspimouse_msgs__rosidl_typesupport_introspection_cpp.so
[4.245s] -- Up-to-date: /home/arthike/workspaces/pimouse_start/src/install/raspimouse_msgs/lib/libraspimouse_msgs__rosidl_typesupport_cpp.so
[4.418s] Listing '/home/arthike/workspaces/pimouse_start/src/install/raspimouse_msgs/local/lib/python3.10/dist-packages/raspimouse_msgs'...
[4.418s] Listing '/home/arthike/workspaces/pimouse_start/src/install/raspimouse_msgs/local/lib/python3.10/dist-packages/raspimouse_msgs/msg'...
[4.441s] -- Up-to-date: /home/arthike/workspaces/pimouse_start/src/install/raspimouse_msgs/lib/libraspimouse_msgs__rosidl_generator_py.so
[4.460s] -- Up-to-date: /home/arthike/workspaces/pimouse_start/src/install/raspimouse_msgs/share/raspimouse_msgs/cmake/export_raspimouse_msgs__rosidl_generator_cExport.cmake
[4.463s] -- Up-to-date: /home/arthike/workspaces/pimouse_start/src/install/raspimouse_msgs/share/raspimouse_msgs/cmake/export_raspimouse_msgs__rosidl_generator_cExport-relwithdebinfo.cmake
[4.464s] -- Up-to-date: /home/arthike/workspaces/pimouse_start/src/install/raspimouse_msgs/share/raspimouse_msgs/cmake/export_raspimouse_msgs__rosidl_typesupport_fastrtps_cExport.cmake
[4.465s] -- Up-to-date: /home/arthike/workspaces/pimouse_start/src/install/raspimouse_msgs/share/raspimouse_msgs/cmake/export_raspimouse_msgs__rosidl_typesupport_fastrtps_cExport-relwithdebinfo.cmake
[4.467s] -- Up-to-date: /home/arthike/workspaces/pimouse_start/src/install/raspimouse_msgs/share/raspimouse_msgs/cmake/raspimouse_msgs__rosidl_typesupport_introspection_cExport.cmake
[4.467s] -- Up-to-date: /home/arthike/workspaces/pimouse_start/src/install/raspimouse_msgs/share/raspimouse_msgs/cmake/raspimouse_msgs__rosidl_typesupport_introspection_cExport-relwithdebinfo.cmake
[4.467s] -- Up-to-date: /home/arthike/workspaces/pimouse_start/src/install/raspimouse_msgs/share/raspimouse_msgs/cmake/raspimouse_msgs__rosidl_typesupport_cExport.cmake
[4.467s] -- Up-to-date: /home/arthike/workspaces/pimouse_start/src/install/raspimouse_msgs/share/raspimouse_msgs/cmake/raspimouse_msgs__rosidl_typesupport_cExport-relwithdebinfo.cmake
[4.467s] -- Up-to-date: /home/arthike/workspaces/pimouse_start/src/install/raspimouse_msgs/share/raspimouse_msgs/cmake/export_raspimouse_msgs__rosidl_generator_cppExport.cmake
[4.467s] -- Up-to-date: /home/arthike/workspaces/pimouse_start/src/install/raspimouse_msgs/share/raspimouse_msgs/cmake/export_raspimouse_msgs__rosidl_typesupport_fastrtps_cppExport.cmake
[4.468s] -- Up-to-date: /home/arthike/workspaces/pimouse_start/src/install/raspimouse_msgs/share/raspimouse_msgs/cmake/export_raspimouse_msgs__rosidl_typesupport_fastrtps_cppExport-relwithdebinfo.cmake
[4.468s] -- Up-to-date: /home/arthike/workspaces/pimouse_start/src/install/raspimouse_msgs/share/raspimouse_msgs/cmake/raspimouse_msgs__rosidl_typesupport_introspection_cppExport.cmake
[4.468s] -- Up-to-date: /home/arthike/workspaces/pimouse_start/src/install/raspimouse_msgs/share/raspimouse_msgs/cmake/raspimouse_msgs__rosidl_typesupport_introspection_cppExport-relwithdebinfo.cmake
[4.468s] -- Up-to-date: /home/arthike/workspaces/pimouse_start/src/install/raspimouse_msgs/share/raspimouse_msgs/cmake/raspimouse_msgs__rosidl_typesupport_cppExport.cmake
[4.469s] -- Up-to-date: /home/arthike/workspaces/pimouse_start/src/install/raspimouse_msgs/share/raspimouse_msgs/cmake/raspimouse_msgs__rosidl_typesupport_cppExport-relwithdebinfo.cmake
[4.469s] -- Up-to-date: /home/arthike/workspaces/pimouse_start/src/install/raspimouse_msgs/share/raspimouse_msgs/cmake/export_raspimouse_msgs__rosidl_generator_pyExport.cmake
[4.469s] -- Up-to-date: /home/arthike/workspaces/pimouse_start/src/install/raspimouse_msgs/share/raspimouse_msgs/cmake/export_raspimouse_msgs__rosidl_generator_pyExport-relwithdebinfo.cmake
[4.478s] Invoked command in '/home/arthike/workspaces/pimouse_start/src/build/raspimouse_msgs' returned '0': CMAKE_PREFIX_PATH=${CMAKE_PREFIX_PATH}:/opt/ros/humble /usr/bin/cmake --install /home/arthike/workspaces/pimouse_start/src/build/raspimouse_msgs
