[2.494s] DEBUG:colcon:Command line arguments: ['/usr/bin/colcon', 'build', '--symlink-install', '--event-handlers', 'console_cohesion+', '--base-paths', '/home/arthike/workspaces/pimouse_start', '--cmake-args', '-DCMAKE_BUILD_TYPE=RelWithDebInfo']
[2.494s] DEBUG:colcon:Parsed command line arguments: Namespace(log_base=None, log_level=None, verb_name='build', build_base='build', install_base='install', merge_install=False, symlink_install=True, test_result_base=None, continue_on_error=False, executor='parallel', parallel_workers=7, event_handlers=['console_cohesion+'], ignore_user_meta=False, metas=['./colcon.meta'], base_paths=['/home/arthike/workspaces/pimouse_start'], packages_ignore=None, packages_ignore_regex=None, paths=None, packages_up_to=None, packages_up_to_regex=None, packages_above=None, packages_above_and_dependencies=None, packages_above_depth=None, packages_select_by_dep=None, packages_skip_by_dep=None, packages_skip_up_to=None, packages_select_build_failed=False, packages_skip_build_finished=False, packages_select_test_failures=False, packages_skip_test_passed=False, packages_select=None, packages_skip=None, packages_select_regex=None, packages_skip_regex=None, packages_start=None, packages_end=None, allow_overriding=[], cmake_args=['-DCMAKE_BUILD_TYPE=RelWithDebInfo'], cmake_target=None, cmake_target_skip_unavailable=False, cmake_clean_cache=False, cmake_clean_first=False, cmake_force_configure=False, ament_cmake_args=None, catkin_cmake_args=None, catkin_skip_building_tests=False, verb_parser=<colcon_defaults.argument_parser.defaults.DefaultArgumentsDecorator object at 0x7fa7141e11b0>, verb_extension=<colcon_core.verb.build.BuildVerb object at 0x7fa7143edb10>, main=<bound method BuildVerb.main of <colcon_core.verb.build.BuildVerb object at 0x7fa7143edb10>>)
[2.737s] Level 1:colcon.colcon_core.package_discovery:discover_packages(colcon_meta) check parameters
[2.738s] Level 1:colcon.colcon_core.package_discovery:discover_packages(recursive) check parameters
[2.738s] Level 1:colcon.colcon_core.package_discovery:discover_packages(ignore) check parameters
[2.738s] Level 1:colcon.colcon_core.package_discovery:discover_packages(path) check parameters
[2.738s] Level 1:colcon.colcon_core.package_discovery:discover_packages(recursive) discover
[2.739s] INFO:colcon.colcon_core.package_discovery:Crawling recursively for packages in '/home/arthike/workspaces/pimouse_start'
[2.739s] Level 1:colcon.colcon_core.package_identification:_identify(/home/arthike/workspaces/pimouse_start) by extensions ['ignore', 'ignore_ament_install']
[2.740s] Level 1:colcon.colcon_core.package_identification:_identify(/home/arthike/workspaces/pimouse_start) by extension 'ignore'
[2.740s] Level 1:colcon.colcon_core.package_identification:_identify(/home/arthike/workspaces/pimouse_start) by extension 'ignore_ament_install'
[2.741s] Level 1:colcon.colcon_core.package_identification:_identify(/home/arthike/workspaces/pimouse_start) by extensions ['colcon_pkg']
[2.741s] Level 1:colcon.colcon_core.package_identification:_identify(/home/arthike/workspaces/pimouse_start) by extension 'colcon_pkg'
[2.741s] Level 1:colcon.colcon_core.package_identification:_identify(/home/arthike/workspaces/pimouse_start) by extensions ['colcon_meta']
[2.742s] Level 1:colcon.colcon_core.package_identification:_identify(/home/arthike/workspaces/pimouse_start) by extension 'colcon_meta'
[2.742s] Level 1:colcon.colcon_core.package_identification:_identify(/home/arthike/workspaces/pimouse_start) by extensions ['ros']
[2.743s] Level 1:colcon.colcon_core.package_identification:_identify(/home/arthike/workspaces/pimouse_start) by extension 'ros'
[2.800s] Level 1:colcon.colcon_core.package_identification:_identify(/home/arthike/workspaces/pimouse_start) by extensions ['cmake', 'python']
[2.800s] Level 1:colcon.colcon_core.package_identification:_identify(/home/arthike/workspaces/pimouse_start) by extension 'cmake'
[2.800s] Level 1:colcon.colcon_core.package_identification:_identify(/home/arthike/workspaces/pimouse_start) by extension 'python'
[2.801s] Level 1:colcon.colcon_core.package_identification:_identify(/home/arthike/workspaces/pimouse_start) by extensions ['python_setup_py']
[2.801s] Level 1:colcon.colcon_core.package_identification:_identify(/home/arthike/workspaces/pimouse_start) by extension 'python_setup_py'
[2.804s] Level 1:colcon.colcon_core.package_identification:_identify(/home/arthike/workspaces/pimouse_start/build) by extensions ['ignore', 'ignore_ament_install']
[2.804s] Level 1:colcon.colcon_core.package_identification:_identify(/home/arthike/workspaces/pimouse_start/build) by extension 'ignore'
[2.804s] Level 1:colcon.colcon_core.package_identification:_identify(/home/arthike/workspaces/pimouse_start/build) ignored
[2.807s] Level 1:colcon.colcon_core.package_identification:_identify(/home/arthike/workspaces/pimouse_start/install) by extensions ['ignore', 'ignore_ament_install']
[2.808s] Level 1:colcon.colcon_core.package_identification:_identify(/home/arthike/workspaces/pimouse_start/install) by extension 'ignore'
[2.808s] Level 1:colcon.colcon_core.package_identification:_identify(/home/arthike/workspaces/pimouse_start/install) ignored
[2.810s] Level 1:colcon.colcon_core.package_identification:_identify(/home/arthike/workspaces/pimouse_start/log) by extensions ['ignore', 'ignore_ament_install']
[2.811s] Level 1:colcon.colcon_core.package_identification:_identify(/home/arthike/workspaces/pimouse_start/log) by extension 'ignore'
[2.811s] Level 1:colcon.colcon_core.package_identification:_identify(/home/arthike/workspaces/pimouse_start/log) ignored
[2.812s] Level 1:colcon.colcon_core.package_identification:_identify(/home/arthike/workspaces/pimouse_start/src) by extensions ['ignore', 'ignore_ament_install']
[2.812s] Level 1:colcon.colcon_core.package_identification:_identify(/home/arthike/workspaces/pimouse_start/src) by extension 'ignore'
[2.812s] Level 1:colcon.colcon_core.package_identification:_identify(/home/arthike/workspaces/pimouse_start/src) by extension 'ignore_ament_install'
[2.813s] Level 1:colcon.colcon_core.package_identification:_identify(/home/arthike/workspaces/pimouse_start/src) by extensions ['colcon_pkg']
[2.813s] Level 1:colcon.colcon_core.package_identification:_identify(/home/arthike/workspaces/pimouse_start/src) by extension 'colcon_pkg'
[2.814s] Level 1:colcon.colcon_core.package_identification:_identify(/home/arthike/workspaces/pimouse_start/src) by extensions ['colcon_meta']
[2.814s] Level 1:colcon.colcon_core.package_identification:_identify(/home/arthike/workspaces/pimouse_start/src) by extension 'colcon_meta'
[2.814s] Level 1:colcon.colcon_core.package_identification:_identify(/home/arthike/workspaces/pimouse_start/src) by extensions ['ros']
[2.815s] Level 1:colcon.colcon_core.package_identification:_identify(/home/arthike/workspaces/pimouse_start/src) by extension 'ros'
[2.815s] Level 1:colcon.colcon_core.package_identification:_identify(/home/arthike/workspaces/pimouse_start/src) by extensions ['cmake', 'python']
[2.816s] Level 1:colcon.colcon_core.package_identification:_identify(/home/arthike/workspaces/pimouse_start/src) by extension 'cmake'
[2.816s] Level 1:colcon.colcon_core.package_identification:_identify(/home/arthike/workspaces/pimouse_start/src) by extension 'python'
[2.816s] Level 1:colcon.colcon_core.package_identification:_identify(/home/arthike/workspaces/pimouse_start/src) by extensions ['python_setup_py']
[2.816s] Level 1:colcon.colcon_core.package_identification:_identify(/home/arthike/workspaces/pimouse_start/src) by extension 'python_setup_py'
[2.817s] Level 1:colcon.colcon_core.package_identification:_identify(/home/arthike/workspaces/pimouse_start/src/build) by extensions ['ignore', 'ignore_ament_install']
[2.818s] Level 1:colcon.colcon_core.package_identification:_identify(/home/arthike/workspaces/pimouse_start/src/build) by extension 'ignore'
[2.818s] Level 1:colcon.colcon_core.package_identification:_identify(/home/arthike/workspaces/pimouse_start/src/build) ignored
[2.818s] Level 1:colcon.colcon_core.package_identification:_identify(/home/arthike/workspaces/pimouse_start/src/install) by extensions ['ignore', 'ignore_ament_install']
[2.818s] Level 1:colcon.colcon_core.package_identification:_identify(/home/arthike/workspaces/pimouse_start/src/install) by extension 'ignore'
[2.818s] Level 1:colcon.colcon_core.package_identification:_identify(/home/arthike/workspaces/pimouse_start/src/install) ignored
[2.819s] Level 1:colcon.colcon_core.package_identification:_identify(/home/arthike/workspaces/pimouse_start/src/log) by extensions ['ignore', 'ignore_ament_install']
[2.819s] Level 1:colcon.colcon_core.package_identification:_identify(/home/arthike/workspaces/pimouse_start/src/log) by extension 'ignore'
[2.819s] Level 1:colcon.colcon_core.package_identification:_identify(/home/arthike/workspaces/pimouse_start/src/log) ignored
[2.819s] Level 1:colcon.colcon_core.package_identification:_identify(/home/arthike/workspaces/pimouse_start/src/raspimouse) by extensions ['ignore', 'ignore_ament_install']
[2.819s] Level 1:colcon.colcon_core.package_identification:_identify(/home/arthike/workspaces/pimouse_start/src/raspimouse) by extension 'ignore'
[2.819s] Level 1:colcon.colcon_core.package_identification:_identify(/home/arthike/workspaces/pimouse_start/src/raspimouse) by extension 'ignore_ament_install'
[2.819s] Level 1:colcon.colcon_core.package_identification:_identify(/home/arthike/workspaces/pimouse_start/src/raspimouse) by extensions ['colcon_pkg']
[2.819s] Level 1:colcon.colcon_core.package_identification:_identify(/home/arthike/workspaces/pimouse_start/src/raspimouse) by extension 'colcon_pkg'
[2.819s] Level 1:colcon.colcon_core.package_identification:_identify(/home/arthike/workspaces/pimouse_start/src/raspimouse) by extensions ['colcon_meta']
[2.819s] Level 1:colcon.colcon_core.package_identification:_identify(/home/arthike/workspaces/pimouse_start/src/raspimouse) by extension 'colcon_meta'
[2.820s] Level 1:colcon.colcon_core.package_identification:_identify(/home/arthike/workspaces/pimouse_start/src/raspimouse) by extensions ['ros']
[2.820s] Level 1:colcon.colcon_core.package_identification:_identify(/home/arthike/workspaces/pimouse_start/src/raspimouse) by extension 'ros'
[2.833s] DEBUG:colcon.colcon_core.package_identification:Package '/home/arthike/workspaces/pimouse_start/src/raspimouse' with type 'ros.ament_cmake' and name 'raspimouse'
[2.834s] Level 1:colcon.colcon_core.package_identification:_identify(/home/arthike/workspaces/pimouse_start/src/raspimouse_msgs) by extensions ['ignore', 'ignore_ament_install']
[2.835s] Level 1:colcon.colcon_core.package_identification:_identify(/home/arthike/workspaces/pimouse_start/src/raspimouse_msgs) by extension 'ignore'
[2.835s] Level 1:colcon.colcon_core.package_identification:_identify(/home/arthike/workspaces/pimouse_start/src/raspimouse_msgs) by extension 'ignore_ament_install'
[2.835s] Level 1:colcon.colcon_core.package_identification:_identify(/home/arthike/workspaces/pimouse_start/src/raspimouse_msgs) by extensions ['colcon_pkg']
[2.836s] Level 1:colcon.colcon_core.package_identification:_identify(/home/arthike/workspaces/pimouse_start/src/raspimouse_msgs) by extension 'colcon_pkg'
[2.836s] Level 1:colcon.colcon_core.package_identification:_identify(/home/arthike/workspaces/pimouse_start/src/raspimouse_msgs) by extensions ['colcon_meta']
[2.836s] Level 1:colcon.colcon_core.package_identification:_identify(/home/arthike/workspaces/pimouse_start/src/raspimouse_msgs) by extension 'colcon_meta'
[2.837s] Level 1:colcon.colcon_core.package_identification:_identify(/home/arthike/workspaces/pimouse_start/src/raspimouse_msgs) by extensions ['ros']
[2.837s] Level 1:colcon.colcon_core.package_identification:_identify(/home/arthike/workspaces/pimouse_start/src/raspimouse_msgs) by extension 'ros'
[2.840s] DEBUG:colcon.colcon_core.package_identification:Package '/home/arthike/workspaces/pimouse_start/src/raspimouse_msgs' with type 'ros.ament_cmake' and name 'raspimouse_msgs'
[2.840s] Level 1:colcon.colcon_core.package_discovery:discover_packages(recursive) using defaults
[2.961s] Level 1:colcon.colcon_core.package_discovery:discover_packages(prefix_path) check parameters
[2.962s] Level 1:colcon.colcon_core.package_discovery:discover_packages(prefix_path) discover
[2.990s] DEBUG:colcon.colcon_installed_package_information.package_discovery:Found 2 installed packages in /home/arthike/workspaces/pimouse_start/install
[3.008s] DEBUG:colcon.colcon_installed_package_information.package_discovery:Found 303 installed packages in /opt/ros/humble
[3.017s] Level 1:colcon.colcon_core.package_discovery:discover_packages(prefix_path) using defaults
[3.516s] Level 5:colcon.colcon_core.verb:set package 'raspimouse_msgs' build argument 'cmake_args' from command line to '['-DCMAKE_BUILD_TYPE=RelWithDebInfo']'
[3.517s] Level 5:colcon.colcon_core.verb:set package 'raspimouse_msgs' build argument 'cmake_target' from command line to 'None'
[3.517s] Level 5:colcon.colcon_core.verb:set package 'raspimouse_msgs' build argument 'cmake_target_skip_unavailable' from command line to 'False'
[3.517s] Level 5:colcon.colcon_core.verb:set package 'raspimouse_msgs' build argument 'cmake_clean_cache' from command line to 'False'
[3.518s] Level 5:colcon.colcon_core.verb:set package 'raspimouse_msgs' build argument 'cmake_clean_first' from command line to 'False'
[3.518s] Level 5:colcon.colcon_core.verb:set package 'raspimouse_msgs' build argument 'cmake_force_configure' from command line to 'False'
[3.518s] Level 5:colcon.colcon_core.verb:set package 'raspimouse_msgs' build argument 'ament_cmake_args' from command line to 'None'
[3.518s] Level 5:colcon.colcon_core.verb:set package 'raspimouse_msgs' build argument 'catkin_cmake_args' from command line to 'None'
[3.519s] Level 5:colcon.colcon_core.verb:set package 'raspimouse_msgs' build argument 'catkin_skip_building_tests' from command line to 'False'
[3.519s] DEBUG:colcon.colcon_core.verb:Building package 'raspimouse_msgs' with the following arguments: {'ament_cmake_args': None, 'build_base': '/home/arthike/workspaces/pimouse_start/src/build/raspimouse_msgs', 'catkin_cmake_args': None, 'catkin_skip_building_tests': False, 'cmake_args': ['-DCMAKE_BUILD_TYPE=RelWithDebInfo'], 'cmake_clean_cache': False, 'cmake_clean_first': False, 'cmake_force_configure': False, 'cmake_target': None, 'cmake_target_skip_unavailable': False, 'install_base': '/home/arthike/workspaces/pimouse_start/src/install/raspimouse_msgs', 'merge_install': False, 'path': '/home/arthike/workspaces/pimouse_start/src/raspimouse_msgs', 'symlink_install': True, 'test_result_base': None}
[3.522s] Level 5:colcon.colcon_core.verb:set package 'raspimouse' build argument 'cmake_args' from command line to '['-DCMAKE_BUILD_TYPE=RelWithDebInfo']'
[3.522s] Level 5:colcon.colcon_core.verb:set package 'raspimouse' build argument 'cmake_target' from command line to 'None'
[3.522s] Level 5:colcon.colcon_core.verb:set package 'raspimouse' build argument 'cmake_target_skip_unavailable' from command line to 'False'
[3.523s] Level 5:colcon.colcon_core.verb:set package 'raspimouse' build argument 'cmake_clean_cache' from command line to 'False'
[3.523s] Level 5:colcon.colcon_core.verb:set package 'raspimouse' build argument 'cmake_clean_first' from command line to 'False'
[3.523s] Level 5:colcon.colcon_core.verb:set package 'raspimouse' build argument 'cmake_force_configure' from command line to 'False'
[3.523s] Level 5:colcon.colcon_core.verb:set package 'raspimouse' build argument 'ament_cmake_args' from command line to 'None'
[3.523s] Level 5:colcon.colcon_core.verb:set package 'raspimouse' build argument 'catkin_cmake_args' from command line to 'None'
[3.523s] Level 5:colcon.colcon_core.verb:set package 'raspimouse' build argument 'catkin_skip_building_tests' from command line to 'False'
[3.524s] DEBUG:colcon.colcon_core.verb:Building package 'raspimouse' with the following arguments: {'ament_cmake_args': None, 'build_base': '/home/arthike/workspaces/pimouse_start/src/build/raspimouse', 'catkin_cmake_args': None, 'catkin_skip_building_tests': False, 'cmake_args': ['-DCMAKE_BUILD_TYPE=RelWithDebInfo'], 'cmake_clean_cache': False, 'cmake_clean_first': False, 'cmake_force_configure': False, 'cmake_target': None, 'cmake_target_skip_unavailable': False, 'install_base': '/home/arthike/workspaces/pimouse_start/src/install/raspimouse', 'merge_install': False, 'path': '/home/arthike/workspaces/pimouse_start/src/raspimouse', 'symlink_install': True, 'test_result_base': None}
[3.526s] INFO:colcon.colcon_core.executor:Executing jobs using 'parallel' executor
[3.536s] DEBUG:colcon.colcon_parallel_executor.executor.parallel:run_until_complete
[3.537s] INFO:colcon.colcon_ros.task.ament_cmake.build:Building ROS package in '/home/arthike/workspaces/pimouse_start/src/raspimouse_msgs' with build type 'ament_cmake'
[3.538s] INFO:colcon.colcon_cmake.task.cmake.build:Building CMake package in '/home/arthike/workspaces/pimouse_start/src/raspimouse_msgs'
[3.570s] INFO:colcon.colcon_core.plugin_system:Skipping extension 'colcon_core.shell.bat': Not used on non-Windows systems
[3.570s] INFO:colcon.colcon_core.shell:Skip shell extension 'powershell' for command environment: Not usable outside of PowerShell
[3.570s] DEBUG:colcon.colcon_core.shell:Skip shell extension 'dsv' for command environment
[3.628s] DEBUG:colcon.colcon_core.event_handler.log_command:Invoking command in '/home/arthike/workspaces/pimouse_start/src/build/raspimouse_msgs': CMAKE_PREFIX_PATH=${CMAKE_PREFIX_PATH}:/opt/ros/humble /usr/bin/cmake /home/arthike/workspaces/pimouse_start/src/raspimouse_msgs -DCMAKE_BUILD_TYPE=RelWithDebInfo -DAMENT_CMAKE_SYMLINK_INSTALL=1 -DCMAKE_INSTALL_PREFIX=/home/arthike/workspaces/pimouse_start/src/install/raspimouse_msgs
[13.842s] DEBUG:colcon.colcon_core.event_handler.log_command:Invoked command in '/home/arthike/workspaces/pimouse_start/src/build/raspimouse_msgs' returned '0': CMAKE_PREFIX_PATH=${CMAKE_PREFIX_PATH}:/opt/ros/humble /usr/bin/cmake /home/arthike/workspaces/pimouse_start/src/raspimouse_msgs -DCMAKE_BUILD_TYPE=RelWithDebInfo -DAMENT_CMAKE_SYMLINK_INSTALL=1 -DCMAKE_INSTALL_PREFIX=/home/arthike/workspaces/pimouse_start/src/install/raspimouse_msgs
[13.848s] DEBUG:colcon.colcon_core.event_handler.log_command:Invoking command in '/home/arthike/workspaces/pimouse_start/src/build/raspimouse_msgs': CMAKE_PREFIX_PATH=${CMAKE_PREFIX_PATH}:/opt/ros/humble /usr/bin/cmake --build /home/arthike/workspaces/pimouse_start/src/build/raspimouse_msgs -- -j7 -l7
[29.675s] DEBUG:colcon.colcon_core.event_handler.log_command:Invoked command in '/home/arthike/workspaces/pimouse_start/src/build/raspimouse_msgs' returned '0': CMAKE_PREFIX_PATH=${CMAKE_PREFIX_PATH}:/opt/ros/humble /usr/bin/cmake --build /home/arthike/workspaces/pimouse_start/src/build/raspimouse_msgs -- -j7 -l7
[31.408s] DEBUG:colcon.colcon_core.event_handler.log_command:Invoking command in '/home/arthike/workspaces/pimouse_start/src/build/raspimouse_msgs': CMAKE_PREFIX_PATH=${CMAKE_PREFIX_PATH}:/opt/ros/humble /usr/bin/cmake --install /home/arthike/workspaces/pimouse_start/src/build/raspimouse_msgs
[39.082s] Level 1:colcon.colcon_core.environment:create_environment_scripts_only(raspimouse_msgs)
[39.090s] DEBUG:colcon.colcon_core.event_handler.log_command:Invoked command in '/home/arthike/workspaces/pimouse_start/src/build/raspimouse_msgs' returned '0': CMAKE_PREFIX_PATH=${CMAKE_PREFIX_PATH}:/opt/ros/humble /usr/bin/cmake --install /home/arthike/workspaces/pimouse_start/src/build/raspimouse_msgs
[39.127s] Level 1:colcon.colcon_core.environment:checking '/home/arthike/workspaces/pimouse_start/src/install/raspimouse_msgs' for CMake module files
[39.134s] Level 1:colcon.colcon_core.environment:checking '/home/arthike/workspaces/pimouse_start/src/install/raspimouse_msgs' for CMake config files
[39.141s] Level 1:colcon.colcon_core.shell:create_environment_hook('raspimouse_msgs', 'cmake_prefix_path')
[39.145s] INFO:colcon.colcon_core.shell:Creating environment hook '/home/arthike/workspaces/pimouse_start/src/install/raspimouse_msgs/share/raspimouse_msgs/hook/cmake_prefix_path.ps1'
[39.152s] INFO:colcon.colcon_core.shell:Creating environment descriptor '/home/arthike/workspaces/pimouse_start/src/install/raspimouse_msgs/share/raspimouse_msgs/hook/cmake_prefix_path.dsv'
[39.158s] INFO:colcon.colcon_core.shell:Creating environment hook '/home/arthike/workspaces/pimouse_start/src/install/raspimouse_msgs/share/raspimouse_msgs/hook/cmake_prefix_path.sh'
[39.162s] Level 1:colcon.colcon_core.environment:checking '/home/arthike/workspaces/pimouse_start/src/install/raspimouse_msgs/lib'
[39.163s] Level 1:colcon.colcon_core.shell:create_environment_hook('raspimouse_msgs', 'ld_library_path_lib')
[39.165s] INFO:colcon.colcon_core.shell:Creating environment hook '/home/arthike/workspaces/pimouse_start/src/install/raspimouse_msgs/share/raspimouse_msgs/hook/ld_library_path_lib.ps1'
[39.168s] INFO:colcon.colcon_core.shell:Creating environment descriptor '/home/arthike/workspaces/pimouse_start/src/install/raspimouse_msgs/share/raspimouse_msgs/hook/ld_library_path_lib.dsv'
[39.169s] INFO:colcon.colcon_core.shell:Creating environment hook '/home/arthike/workspaces/pimouse_start/src/install/raspimouse_msgs/share/raspimouse_msgs/hook/ld_library_path_lib.sh'
[39.173s] Level 1:colcon.colcon_core.environment:checking '/home/arthike/workspaces/pimouse_start/src/install/raspimouse_msgs/bin'
[39.173s] Level 1:colcon.colcon_core.environment:checking '/home/arthike/workspaces/pimouse_start/src/install/raspimouse_msgs/lib/pkgconfig/raspimouse_msgs.pc'
[39.173s] Level 1:colcon.colcon_core.environment:checking '/home/arthike/workspaces/pimouse_start/src/install/raspimouse_msgs/lib/python3.10/site-packages'
[39.173s] Level 1:colcon.colcon_core.environment:checking '/home/arthike/workspaces/pimouse_start/src/install/raspimouse_msgs/bin'
[39.174s] INFO:colcon.colcon_core.shell:Creating package script '/home/arthike/workspaces/pimouse_start/src/install/raspimouse_msgs/share/raspimouse_msgs/package.ps1'
[39.182s] INFO:colcon.colcon_core.shell:Creating package descriptor '/home/arthike/workspaces/pimouse_start/src/install/raspimouse_msgs/share/raspimouse_msgs/package.dsv'
[39.186s] INFO:colcon.colcon_core.shell:Creating package script '/home/arthike/workspaces/pimouse_start/src/install/raspimouse_msgs/share/raspimouse_msgs/package.sh'
[39.191s] INFO:colcon.colcon_core.shell:Creating package script '/home/arthike/workspaces/pimouse_start/src/install/raspimouse_msgs/share/raspimouse_msgs/package.bash'
[39.195s] INFO:colcon.colcon_core.shell:Creating package script '/home/arthike/workspaces/pimouse_start/src/install/raspimouse_msgs/share/raspimouse_msgs/package.zsh'
[39.201s] Level 1:colcon.colcon_core.environment:create_file_with_runtime_dependencies(/home/arthike/workspaces/pimouse_start/src/install/raspimouse_msgs/share/colcon-core/packages/raspimouse_msgs)
[40.962s] Level 1:colcon.colcon_core.environment:create_environment_scripts_only(raspimouse_msgs)
[40.968s] Level 1:colcon.colcon_core.environment:checking '/home/arthike/workspaces/pimouse_start/src/install/raspimouse_msgs' for CMake module files
[40.974s] Level 1:colcon.colcon_core.environment:checking '/home/arthike/workspaces/pimouse_start/src/install/raspimouse_msgs' for CMake config files
[40.981s] Level 1:colcon.colcon_core.shell:create_environment_hook('raspimouse_msgs', 'cmake_prefix_path')
[40.984s] INFO:colcon.colcon_core.shell:Creating environment hook '/home/arthike/workspaces/pimouse_start/src/install/raspimouse_msgs/share/raspimouse_msgs/hook/cmake_prefix_path.ps1'
[40.988s] INFO:colcon.colcon_core.shell:Creating environment descriptor '/home/arthike/workspaces/pimouse_start/src/install/raspimouse_msgs/share/raspimouse_msgs/hook/cmake_prefix_path.dsv'
[40.991s] INFO:colcon.colcon_core.shell:Creating environment hook '/home/arthike/workspaces/pimouse_start/src/install/raspimouse_msgs/share/raspimouse_msgs/hook/cmake_prefix_path.sh'
[40.997s] Level 1:colcon.colcon_core.environment:checking '/home/arthike/workspaces/pimouse_start/src/install/raspimouse_msgs/lib'
[40.998s] Level 1:colcon.colcon_core.shell:create_environment_hook('raspimouse_msgs', 'ld_library_path_lib')
[40.999s] INFO:colcon.colcon_core.shell:Creating environment hook '/home/arthike/workspaces/pimouse_start/src/install/raspimouse_msgs/share/raspimouse_msgs/hook/ld_library_path_lib.ps1'
[41.001s] INFO:colcon.colcon_core.shell:Creating environment descriptor '/home/arthike/workspaces/pimouse_start/src/install/raspimouse_msgs/share/raspimouse_msgs/hook/ld_library_path_lib.dsv'
[41.003s] INFO:colcon.colcon_core.shell:Creating environment hook '/home/arthike/workspaces/pimouse_start/src/install/raspimouse_msgs/share/raspimouse_msgs/hook/ld_library_path_lib.sh'
[41.005s] Level 1:colcon.colcon_core.environment:checking '/home/arthike/workspaces/pimouse_start/src/install/raspimouse_msgs/bin'
[41.005s] Level 1:colcon.colcon_core.environment:checking '/home/arthike/workspaces/pimouse_start/src/install/raspimouse_msgs/lib/pkgconfig/raspimouse_msgs.pc'
[41.005s] Level 1:colcon.colcon_core.environment:checking '/home/arthike/workspaces/pimouse_start/src/install/raspimouse_msgs/lib/python3.10/site-packages'
[41.006s] Level 1:colcon.colcon_core.environment:checking '/home/arthike/workspaces/pimouse_start/src/install/raspimouse_msgs/bin'
[41.007s] INFO:colcon.colcon_core.shell:Creating package script '/home/arthike/workspaces/pimouse_start/src/install/raspimouse_msgs/share/raspimouse_msgs/package.ps1'
[41.010s] INFO:colcon.colcon_core.shell:Creating package descriptor '/home/arthike/workspaces/pimouse_start/src/install/raspimouse_msgs/share/raspimouse_msgs/package.dsv'
[41.012s] INFO:colcon.colcon_core.shell:Creating package script '/home/arthike/workspaces/pimouse_start/src/install/raspimouse_msgs/share/raspimouse_msgs/package.sh'
[41.014s] INFO:colcon.colcon_core.shell:Creating package script '/home/arthike/workspaces/pimouse_start/src/install/raspimouse_msgs/share/raspimouse_msgs/package.bash'
[41.017s] INFO:colcon.colcon_core.shell:Creating package script '/home/arthike/workspaces/pimouse_start/src/install/raspimouse_msgs/share/raspimouse_msgs/package.zsh'
[41.019s] Level 1:colcon.colcon_core.environment:create_file_with_runtime_dependencies(/home/arthike/workspaces/pimouse_start/src/install/raspimouse_msgs/share/colcon-core/packages/raspimouse_msgs)
[41.027s] INFO:colcon.colcon_ros.task.ament_cmake.build:Building ROS package in '/home/arthike/workspaces/pimouse_start/src/raspimouse' with build type 'ament_cmake'
[41.028s] INFO:colcon.colcon_cmake.task.cmake.build:Building CMake package in '/home/arthike/workspaces/pimouse_start/src/raspimouse'
[41.028s] INFO:colcon.colcon_core.shell:Skip shell extension 'powershell' for command environment: Not usable outside of PowerShell
[41.029s] DEBUG:colcon.colcon_core.shell:Skip shell extension 'dsv' for command environment
[41.129s] DEBUG:colcon.colcon_core.event_handler.log_command:Invoking command in '/home/arthike/workspaces/pimouse_start/src/build/raspimouse': AMENT_PREFIX_PATH=/home/arthike/workspaces/pimouse_start/src/install/raspimouse_msgs:${AMENT_PREFIX_PATH} CMAKE_PREFIX_PATH=/home/arthike/workspaces/pimouse_start/src/install/raspimouse_msgs:/home/arthike/workspaces/pimouse_start/install/raspimouse:/home/arthike/workspaces/pimouse_start/install/raspimouse_msgs:/opt/ros/humble LD_LIBRARY_PATH=/home/arthike/workspaces/pimouse_start/src/install/raspimouse_msgs/lib:${LD_LIBRARY_PATH} PYTHONPATH=/home/arthike/workspaces/pimouse_start/src/install/raspimouse_msgs/local/lib/python3.10/dist-packages:${PYTHONPATH} /usr/bin/cmake /home/arthike/workspaces/pimouse_start/src/raspimouse -DCMAKE_BUILD_TYPE=RelWithDebInfo -DAMENT_CMAKE_SYMLINK_INSTALL=1 -DCMAKE_INSTALL_PREFIX=/home/arthike/workspaces/pimouse_start/src/install/raspimouse
[56.954s] DEBUG:colcon.colcon_core.event_handler.log_command:Invoked command in '/home/arthike/workspaces/pimouse_start/src/build/raspimouse' returned '0': AMENT_PREFIX_PATH=/home/arthike/workspaces/pimouse_start/src/install/raspimouse_msgs:${AMENT_PREFIX_PATH} CMAKE_PREFIX_PATH=/home/arthike/workspaces/pimouse_start/src/install/raspimouse_msgs:/home/arthike/workspaces/pimouse_start/install/raspimouse:/home/arthike/workspaces/pimouse_start/install/raspimouse_msgs:/opt/ros/humble LD_LIBRARY_PATH=/home/arthike/workspaces/pimouse_start/src/install/raspimouse_msgs/lib:${LD_LIBRARY_PATH} PYTHONPATH=/home/arthike/workspaces/pimouse_start/src/install/raspimouse_msgs/local/lib/python3.10/dist-packages:${PYTHONPATH} /usr/bin/cmake /home/arthike/workspaces/pimouse_start/src/raspimouse -DCMAKE_BUILD_TYPE=RelWithDebInfo -DAMENT_CMAKE_SYMLINK_INSTALL=1 -DCMAKE_INSTALL_PREFIX=/home/arthike/workspaces/pimouse_start/src/install/raspimouse
[56.957s] DEBUG:colcon.colcon_core.event_handler.log_command:Invoking command in '/home/arthike/workspaces/pimouse_start/src/build/raspimouse': AMENT_PREFIX_PATH=/home/arthike/workspaces/pimouse_start/src/install/raspimouse_msgs:${AMENT_PREFIX_PATH} CMAKE_PREFIX_PATH=/home/arthike/workspaces/pimouse_start/src/install/raspimouse_msgs:/home/arthike/workspaces/pimouse_start/install/raspimouse:/home/arthike/workspaces/pimouse_start/install/raspimouse_msgs:/opt/ros/humble LD_LIBRARY_PATH=/home/arthike/workspaces/pimouse_start/src/install/raspimouse_msgs/lib:${LD_LIBRARY_PATH} PYTHONPATH=/home/arthike/workspaces/pimouse_start/src/install/raspimouse_msgs/local/lib/python3.10/dist-packages:${PYTHONPATH} /usr/bin/cmake --build /home/arthike/workspaces/pimouse_start/src/build/raspimouse -- -j7 -l7
[184.566s] DEBUG:colcon.colcon_core.event_handler.log_command:Invoked command in '/home/arthike/workspaces/pimouse_start/src/build/raspimouse' returned '0': AMENT_PREFIX_PATH=/home/arthike/workspaces/pimouse_start/src/install/raspimouse_msgs:${AMENT_PREFIX_PATH} CMAKE_PREFIX_PATH=/home/arthike/workspaces/pimouse_start/src/install/raspimouse_msgs:/home/arthike/workspaces/pimouse_start/install/raspimouse:/home/arthike/workspaces/pimouse_start/install/raspimouse_msgs:/opt/ros/humble LD_LIBRARY_PATH=/home/arthike/workspaces/pimouse_start/src/install/raspimouse_msgs/lib:${LD_LIBRARY_PATH} PYTHONPATH=/home/arthike/workspaces/pimouse_start/src/install/raspimouse_msgs/local/lib/python3.10/dist-packages:${PYTHONPATH} /usr/bin/cmake --build /home/arthike/workspaces/pimouse_start/src/build/raspimouse -- -j7 -l7
[184.987s] DEBUG:colcon.colcon_core.event_handler.log_command:Invoking command in '/home/arthike/workspaces/pimouse_start/src/build/raspimouse': AMENT_PREFIX_PATH=/home/arthike/workspaces/pimouse_start/src/install/raspimouse_msgs:${AMENT_PREFIX_PATH} CMAKE_PREFIX_PATH=/home/arthike/workspaces/pimouse_start/src/install/raspimouse_msgs:/home/arthike/workspaces/pimouse_start/install/raspimouse:/home/arthike/workspaces/pimouse_start/install/raspimouse_msgs:/opt/ros/humble LD_LIBRARY_PATH=/home/arthike/workspaces/pimouse_start/src/install/raspimouse_msgs/lib:${LD_LIBRARY_PATH} PYTHONPATH=/home/arthike/workspaces/pimouse_start/src/install/raspimouse_msgs/local/lib/python3.10/dist-packages:${PYTHONPATH} /usr/bin/cmake --install /home/arthike/workspaces/pimouse_start/src/build/raspimouse
[187.485s] Level 1:colcon.colcon_core.environment:create_environment_scripts_only(raspimouse)
[187.489s] Level 1:colcon.colcon_core.environment:checking '/home/arthike/workspaces/pimouse_start/src/install/raspimouse' for CMake module files
[187.492s] Level 1:colcon.colcon_core.environment:checking '/home/arthike/workspaces/pimouse_start/src/install/raspimouse' for CMake config files
[187.493s] Level 1:colcon.colcon_core.shell:create_environment_hook('raspimouse', 'cmake_prefix_path')
[187.494s] INFO:colcon.colcon_core.shell:Creating environment hook '/home/arthike/workspaces/pimouse_start/src/install/raspimouse/share/raspimouse/hook/cmake_prefix_path.ps1'
[187.495s] DEBUG:colcon.colcon_core.event_handler.log_command:Invoked command in '/home/arthike/workspaces/pimouse_start/src/build/raspimouse' returned '0': AMENT_PREFIX_PATH=/home/arthike/workspaces/pimouse_start/src/install/raspimouse_msgs:${AMENT_PREFIX_PATH} CMAKE_PREFIX_PATH=/home/arthike/workspaces/pimouse_start/src/install/raspimouse_msgs:/home/arthike/workspaces/pimouse_start/install/raspimouse:/home/arthike/workspaces/pimouse_start/install/raspimouse_msgs:/opt/ros/humble LD_LIBRARY_PATH=/home/arthike/workspaces/pimouse_start/src/install/raspimouse_msgs/lib:${LD_LIBRARY_PATH} PYTHONPATH=/home/arthike/workspaces/pimouse_start/src/install/raspimouse_msgs/local/lib/python3.10/dist-packages:${PYTHONPATH} /usr/bin/cmake --install /home/arthike/workspaces/pimouse_start/src/build/raspimouse
[187.497s] INFO:colcon.colcon_core.shell:Creating environment descriptor '/home/arthike/workspaces/pimouse_start/src/install/raspimouse/share/raspimouse/hook/cmake_prefix_path.dsv'
[187.498s] INFO:colcon.colcon_core.shell:Creating environment hook '/home/arthike/workspaces/pimouse_start/src/install/raspimouse/share/raspimouse/hook/cmake_prefix_path.sh'
[187.499s] Level 1:colcon.colcon_core.environment:checking '/home/arthike/workspaces/pimouse_start/src/install/raspimouse/lib'
[187.500s] Level 1:colcon.colcon_core.shell:create_environment_hook('raspimouse', 'ld_library_path_lib')
[187.502s] INFO:colcon.colcon_core.shell:Creating environment hook '/home/arthike/workspaces/pimouse_start/src/install/raspimouse/share/raspimouse/hook/ld_library_path_lib.ps1'
[187.503s] INFO:colcon.colcon_core.shell:Creating environment descriptor '/home/arthike/workspaces/pimouse_start/src/install/raspimouse/share/raspimouse/hook/ld_library_path_lib.dsv'
[187.504s] INFO:colcon.colcon_core.shell:Creating environment hook '/home/arthike/workspaces/pimouse_start/src/install/raspimouse/share/raspimouse/hook/ld_library_path_lib.sh'
[187.507s] Level 1:colcon.colcon_core.environment:checking '/home/arthike/workspaces/pimouse_start/src/install/raspimouse/bin'
[187.508s] Level 1:colcon.colcon_core.shell:create_environment_hook('raspimouse', 'path')
[187.512s] INFO:colcon.colcon_core.shell:Creating environment hook '/home/arthike/workspaces/pimouse_start/src/install/raspimouse/share/raspimouse/hook/path.ps1'
[187.514s] INFO:colcon.colcon_core.shell:Creating environment descriptor '/home/arthike/workspaces/pimouse_start/src/install/raspimouse/share/raspimouse/hook/path.dsv'
[187.514s] INFO:colcon.colcon_core.shell:Creating environment hook '/home/arthike/workspaces/pimouse_start/src/install/raspimouse/share/raspimouse/hook/path.sh'
[187.516s] Level 1:colcon.colcon_core.environment:checking '/home/arthike/workspaces/pimouse_start/src/install/raspimouse/lib/pkgconfig/raspimouse.pc'
[187.517s] Level 1:colcon.colcon_core.environment:checking '/home/arthike/workspaces/pimouse_start/src/install/raspimouse/lib/python3.10/site-packages'
[187.518s] Level 1:colcon.colcon_core.environment:checking '/home/arthike/workspaces/pimouse_start/src/install/raspimouse/bin'
[187.518s] Level 1:colcon.colcon_core.shell:create_environment_hook('raspimouse', 'pythonscriptspath')
[187.521s] INFO:colcon.colcon_core.shell:Creating environment hook '/home/arthike/workspaces/pimouse_start/src/install/raspimouse/share/raspimouse/hook/pythonscriptspath.ps1'
[187.524s] INFO:colcon.colcon_core.shell:Creating environment descriptor '/home/arthike/workspaces/pimouse_start/src/install/raspimouse/share/raspimouse/hook/pythonscriptspath.dsv'
[187.527s] INFO:colcon.colcon_core.shell:Creating environment hook '/home/arthike/workspaces/pimouse_start/src/install/raspimouse/share/raspimouse/hook/pythonscriptspath.sh'
[187.531s] INFO:colcon.colcon_core.shell:Creating package script '/home/arthike/workspaces/pimouse_start/src/install/raspimouse/share/raspimouse/package.ps1'
[187.532s] INFO:colcon.colcon_core.shell:Creating package descriptor '/home/arthike/workspaces/pimouse_start/src/install/raspimouse/share/raspimouse/package.dsv'
[187.533s] INFO:colcon.colcon_core.shell:Creating package script '/home/arthike/workspaces/pimouse_start/src/install/raspimouse/share/raspimouse/package.sh'
[187.534s] INFO:colcon.colcon_core.shell:Creating package script '/home/arthike/workspaces/pimouse_start/src/install/raspimouse/share/raspimouse/package.bash'
[187.535s] INFO:colcon.colcon_core.shell:Creating package script '/home/arthike/workspaces/pimouse_start/src/install/raspimouse/share/raspimouse/package.zsh'
[187.536s] Level 1:colcon.colcon_core.environment:create_file_with_runtime_dependencies(/home/arthike/workspaces/pimouse_start/src/install/raspimouse/share/colcon-core/packages/raspimouse)
[188.004s] Level 1:colcon.colcon_core.environment:create_environment_scripts_only(raspimouse)
[188.007s] Level 1:colcon.colcon_core.environment:checking '/home/arthike/workspaces/pimouse_start/src/install/raspimouse' for CMake module files
[188.011s] Level 1:colcon.colcon_core.environment:checking '/home/arthike/workspaces/pimouse_start/src/install/raspimouse' for CMake config files
[188.012s] Level 1:colcon.colcon_core.shell:create_environment_hook('raspimouse', 'cmake_prefix_path')
[188.013s] INFO:colcon.colcon_core.shell:Creating environment hook '/home/arthike/workspaces/pimouse_start/src/install/raspimouse/share/raspimouse/hook/cmake_prefix_path.ps1'
[188.013s] INFO:colcon.colcon_core.shell:Creating environment descriptor '/home/arthike/workspaces/pimouse_start/src/install/raspimouse/share/raspimouse/hook/cmake_prefix_path.dsv'
[188.014s] INFO:colcon.colcon_core.shell:Creating environment hook '/home/arthike/workspaces/pimouse_start/src/install/raspimouse/share/raspimouse/hook/cmake_prefix_path.sh'
[188.015s] Level 1:colcon.colcon_core.environment:checking '/home/arthike/workspaces/pimouse_start/src/install/raspimouse/lib'
[188.015s] Level 1:colcon.colcon_core.shell:create_environment_hook('raspimouse', 'ld_library_path_lib')
[188.016s] INFO:colcon.colcon_core.shell:Creating environment hook '/home/arthike/workspaces/pimouse_start/src/install/raspimouse/share/raspimouse/hook/ld_library_path_lib.ps1'
[188.016s] INFO:colcon.colcon_core.shell:Creating environment descriptor '/home/arthike/workspaces/pimouse_start/src/install/raspimouse/share/raspimouse/hook/ld_library_path_lib.dsv'
[188.017s] INFO:colcon.colcon_core.shell:Creating environment hook '/home/arthike/workspaces/pimouse_start/src/install/raspimouse/share/raspimouse/hook/ld_library_path_lib.sh'
[188.017s] Level 1:colcon.colcon_core.environment:checking '/home/arthike/workspaces/pimouse_start/src/install/raspimouse/bin'
[188.017s] Level 1:colcon.colcon_core.shell:create_environment_hook('raspimouse', 'path')
[188.019s] INFO:colcon.colcon_core.shell:Creating environment hook '/home/arthike/workspaces/pimouse_start/src/install/raspimouse/share/raspimouse/hook/path.ps1'
[188.022s] INFO:colcon.colcon_core.shell:Creating environment descriptor '/home/arthike/workspaces/pimouse_start/src/install/raspimouse/share/raspimouse/hook/path.dsv'
[188.024s] INFO:colcon.colcon_core.shell:Creating environment hook '/home/arthike/workspaces/pimouse_start/src/install/raspimouse/share/raspimouse/hook/path.sh'
[188.026s] Level 1:colcon.colcon_core.environment:checking '/home/arthike/workspaces/pimouse_start/src/install/raspimouse/lib/pkgconfig/raspimouse.pc'
[188.027s] Level 1:colcon.colcon_core.environment:checking '/home/arthike/workspaces/pimouse_start/src/install/raspimouse/lib/python3.10/site-packages'
[188.028s] Level 1:colcon.colcon_core.environment:checking '/home/arthike/workspaces/pimouse_start/src/install/raspimouse/bin'
[188.029s] Level 1:colcon.colcon_core.shell:create_environment_hook('raspimouse', 'pythonscriptspath')
[188.032s] INFO:colcon.colcon_core.shell:Creating environment hook '/home/arthike/workspaces/pimouse_start/src/install/raspimouse/share/raspimouse/hook/pythonscriptspath.ps1'
[188.034s] INFO:colcon.colcon_core.shell:Creating environment descriptor '/home/arthike/workspaces/pimouse_start/src/install/raspimouse/share/raspimouse/hook/pythonscriptspath.dsv'
[188.036s] INFO:colcon.colcon_core.shell:Creating environment hook '/home/arthike/workspaces/pimouse_start/src/install/raspimouse/share/raspimouse/hook/pythonscriptspath.sh'
[188.041s] INFO:colcon.colcon_core.shell:Creating package script '/home/arthike/workspaces/pimouse_start/src/install/raspimouse/share/raspimouse/package.ps1'
[188.043s] INFO:colcon.colcon_core.shell:Creating package descriptor '/home/arthike/workspaces/pimouse_start/src/install/raspimouse/share/raspimouse/package.dsv'
[188.044s] INFO:colcon.colcon_core.shell:Creating package script '/home/arthike/workspaces/pimouse_start/src/install/raspimouse/share/raspimouse/package.sh'
[188.045s] INFO:colcon.colcon_core.shell:Creating package script '/home/arthike/workspaces/pimouse_start/src/install/raspimouse/share/raspimouse/package.bash'
[188.047s] INFO:colcon.colcon_core.shell:Creating package script '/home/arthike/workspaces/pimouse_start/src/install/raspimouse/share/raspimouse/package.zsh'
[188.049s] Level 1:colcon.colcon_core.environment:create_file_with_runtime_dependencies(/home/arthike/workspaces/pimouse_start/src/install/raspimouse/share/colcon-core/packages/raspimouse)
[188.063s] DEBUG:colcon.colcon_parallel_executor.executor.parallel:closing loop
[188.064s] DEBUG:colcon.colcon_parallel_executor.executor.parallel:loop closed
[188.064s] DEBUG:colcon.colcon_parallel_executor.executor.parallel:run_until_complete finished with '0'
[188.065s] DEBUG:colcon.colcon_core.event_reactor:joining thread
[188.144s] INFO:colcon.colcon_core.plugin_system:Skipping extension 'colcon_notification.desktop_notification.terminal_notifier': Not used on non-Darwin systems
[188.144s] INFO:colcon.colcon_core.plugin_system:Skipping extension 'colcon_notification.desktop_notification.win32': Not used on non-Windows systems
[188.145s] INFO:colcon.colcon_notification.desktop_notification:Sending desktop notification using 'notify2'
[188.319s] DEBUG:colcon.colcon_core.event_reactor:joined thread
[188.326s] INFO:colcon.colcon_core.shell:Creating prefix script '/home/arthike/workspaces/pimouse_start/src/install/local_setup.ps1'
[188.332s] INFO:colcon.colcon_core.shell:Creating prefix util module '/home/arthike/workspaces/pimouse_start/src/install/_local_setup_util_ps1.py'
[188.344s] INFO:colcon.colcon_core.shell:Creating prefix chain script '/home/arthike/workspaces/pimouse_start/src/install/setup.ps1'
[188.353s] INFO:colcon.colcon_core.shell:Creating prefix script '/home/arthike/workspaces/pimouse_start/src/install/local_setup.sh'
[188.355s] INFO:colcon.colcon_core.shell:Creating prefix util module '/home/arthike/workspaces/pimouse_start/src/install/_local_setup_util_sh.py'
[188.357s] INFO:colcon.colcon_core.shell:Creating prefix chain script '/home/arthike/workspaces/pimouse_start/src/install/setup.sh'
[188.362s] INFO:colcon.colcon_core.shell:Creating prefix script '/home/arthike/workspaces/pimouse_start/src/install/local_setup.bash'
[188.372s] INFO:colcon.colcon_core.shell:Creating prefix chain script '/home/arthike/workspaces/pimouse_start/src/install/setup.bash'
[188.380s] INFO:colcon.colcon_core.shell:Creating prefix script '/home/arthike/workspaces/pimouse_start/src/install/local_setup.zsh'
[188.390s] INFO:colcon.colcon_core.shell:Creating prefix chain script '/home/arthike/workspaces/pimouse_start/src/install/setup.zsh'
