[35m[1mConsolidate compiler generated dependencies of target raspimouse_msgs__rosidl_generator_c[0m
[  2%] Built target raspimouse_msgs__cpp
[  2%] Built target ament_cmake_python_symlink_raspimouse_msgs
[ 12%] Built target raspimouse_msgs__rosidl_generator_c
[35m[1mConsolidate compiler generated dependencies of target raspimouse_msgs__rosidl_typesupport_introspection_cpp[0m
[35m[1mConsolidate compiler generated dependencies of target raspimouse_msgs__rosidl_typesupport_fastrtps_cpp[0m
[35m[1mConsolidate compiler generated dependencies of target raspimouse_msgs__rosidl_typesupport_cpp[0m
[35m[1mConsolidate compiler generated dependencies of target raspimouse_msgs__rosidl_typesupport_fastrtps_c[0m
[35m[1mConsolidate compiler generated dependencies of target raspimouse_msgs__rosidl_typesupport_introspection_c[0m
[ 23%] Built target raspimouse_msgs__rosidl_typesupport_fastrtps_cpp
[35m[1mConsolidate compiler generated dependencies of target raspimouse_msgs__rosidl_typesupport_c[0m
[ 34%] Built target raspimouse_msgs__rosidl_typesupport_introspection_cpp
[ 44%] Built target raspimouse_msgs__rosidl_typesupport_cpp
[ 55%] Built target raspimouse_msgs__rosidl_typesupport_fastrtps_c
[ 65%] Built target raspimouse_msgs__rosidl_typesupport_introspection_c
[ 76%] Built target raspimouse_msgs__rosidl_typesupport_c
[ 76%] Built target raspimouse_msgs
[ 78%] Built target raspimouse_msgs__py
[35m[1mConsolidate compiler generated dependencies of target raspimouse_msgs__rosidl_generator_py[0m
[ 87%] Built target raspimouse_msgs__rosidl_generator_py
[35m[1mConsolidate compiler generated dependencies of target raspimouse_msgs__rosidl_typesupport_c__pyext[0m
[35m[1mConsolidate compiler generated dependencies of target raspimouse_msgs__rosidl_typesupport_fastrtps_c__pyext[0m
[35m[1mConsolidate compiler generated dependencies of target raspimouse_msgs__rosidl_typesupport_introspection_c__pyext[0m
[ 91%] Built target raspimouse_msgs__rosidl_typesupport_c__pyext
running egg_info
writing raspimouse_msgs.egg-info/PKG-INFO
writing dependency_links to raspimouse_msgs.egg-info/dependency_links.txt
writing top-level names to raspimouse_msgs.egg-info/top_level.txt
reading manifest file 'raspimouse_msgs.egg-info/SOURCES.txt'
writing manifest file 'raspimouse_msgs.egg-info/SOURCES.txt'
[ 95%] Built target raspimouse_msgs__rosidl_typesupport_introspection_c__pyext
[100%] Built target raspimouse_msgs__rosidl_typesupport_fastrtps_c__pyext
[100%] Built target ament_cmake_python_build_raspimouse_msgs_egg
