[0.092s] Invoking command in '/home/arthike/workspaces/pimouse_start/src/build/raspimouse_msgs': CMAKE_PREFIX_PATH=${CMAKE_PREFIX_PATH}:/opt/ros/humble /usr/bin/cmake --build /home/arthike/workspaces/pimouse_start/src/build/raspimouse_msgs -- -j7 -l7
[0.476s] [35m[1mConsolidate compiler generated dependencies of target raspimouse_msgs__rosidl_generator_c[0m
[0.537s] [  2%] Built target raspimouse_msgs__cpp
[0.630s] [  2%] Built target ament_cmake_python_symlink_raspimouse_msgs
[0.701s] [ 12%] Built target raspimouse_msgs__rosidl_generator_c
[0.704s] [35m[1mConsolidate compiler generated dependencies of target raspimouse_msgs__rosidl_typesupport_introspection_cpp[0m
[0.713s] [35m[1mConsolidate compiler generated dependencies of target raspimouse_msgs__rosidl_typesupport_fastrtps_cpp[0m
[0.779s] [35m[1mConsolidate compiler generated dependencies of target raspimouse_msgs__rosidl_typesupport_cpp[0m
[0.832s] [35m[1mConsolidate compiler generated dependencies of target raspimouse_msgs__rosidl_typesupport_fastrtps_c[0m
[0.873s] [35m[1mConsolidate compiler generated dependencies of target raspimouse_msgs__rosidl_typesupport_introspection_c[0m
[0.921s] [ 23%] Built target raspimouse_msgs__rosidl_typesupport_fastrtps_cpp
[0.962s] [35m[1mConsolidate compiler generated dependencies of target raspimouse_msgs__rosidl_typesupport_c[0m
[1.014s] [ 34%] Built target raspimouse_msgs__rosidl_typesupport_introspection_cpp
[1.069s] [ 44%] Built target raspimouse_msgs__rosidl_typesupport_cpp
[1.105s] [ 55%] Built target raspimouse_msgs__rosidl_typesupport_fastrtps_c
[1.135s] [ 65%] Built target raspimouse_msgs__rosidl_typesupport_introspection_c
[1.185s] [ 76%] Built target raspimouse_msgs__rosidl_typesupport_c
[1.405s] [ 76%] Built target raspimouse_msgs
[1.659s] [ 78%] Built target raspimouse_msgs__py
[1.752s] [35m[1mConsolidate compiler generated dependencies of target raspimouse_msgs__rosidl_generator_py[0m
[1.924s] [ 87%] Built target raspimouse_msgs__rosidl_generator_py
[2.095s] [35m[1mConsolidate compiler generated dependencies of target raspimouse_msgs__rosidl_typesupport_c__pyext[0m
[2.097s] [35m[1mConsolidate compiler generated dependencies of target raspimouse_msgs__rosidl_typesupport_fastrtps_c__pyext[0m
[2.162s] [35m[1mConsolidate compiler generated dependencies of target raspimouse_msgs__rosidl_typesupport_introspection_c__pyext[0m
[2.297s] [ 91%] Built target raspimouse_msgs__rosidl_typesupport_c__pyext
[2.364s] running egg_info
[2.366s] writing raspimouse_msgs.egg-info/PKG-INFO
[2.368s] writing dependency_links to raspimouse_msgs.egg-info/dependency_links.txt
[2.371s] writing top-level names to raspimouse_msgs.egg-info/top_level.txt
[2.379s] reading manifest file 'raspimouse_msgs.egg-info/SOURCES.txt'
[2.383s] writing manifest file 'raspimouse_msgs.egg-info/SOURCES.txt'
[2.392s] [ 95%] Built target raspimouse_msgs__rosidl_typesupport_introspection_c__pyext
[2.411s] [100%] Built target raspimouse_msgs__rosidl_typesupport_fastrtps_c__pyext
[2.536s] [100%] Built target ament_cmake_python_build_raspimouse_msgs_egg
[2.661s] Invoked command in '/home/arthike/workspaces/pimouse_start/src/build/raspimouse_msgs' returned '0': CMAKE_PREFIX_PATH=${CMAKE_PREFIX_PATH}:/opt/ros/humble /usr/bin/cmake --build /home/arthike/workspaces/pimouse_start/src/build/raspimouse_msgs -- -j7 -l7
