[0.000000] (-) TimerEvent: {}
[0.002437] (raspimouse_description) JobQueued: {'identifier': 'raspimouse_description', 'dependencies': OrderedDict()}
[0.002635] (raspimouse_msgs) JobQueued: {'identifier': 'raspimouse_msgs', 'dependencies': OrderedDict()}
[0.002794] (raspimouse) JobQueued: {'identifier': 'raspimouse', 'dependencies': OrderedDict([('raspimouse_msgs', '/home/arthike/workspaces/pimouse_start/src/install/raspimouse_msgs')])}
[0.002923] (raspimouse_msgs) JobStarted: {'identifier': 'raspimouse_msgs'}
[0.048579] (raspimouse_description) JobStarted: {'identifier': 'raspimouse_description'}
[0.081964] (raspimouse_msgs) JobProgress: {'identifier': 'raspimouse_msgs', 'progress': 'cmake'}
[0.087325] (raspimouse_msgs) JobProgress: {'identifier': 'raspimouse_msgs', 'progress': 'build'}
[0.090782] (raspimouse_msgs) Command: {'cmd': ['/usr/bin/cmake', '--build', '/home/arthike/workspaces/pimouse_start/src/build/raspimouse_msgs', '--', '-j7', '-l7'], 'cwd': '/home/arthike/workspaces/pimouse_start/src/build/raspimouse_msgs', 'env': OrderedDict([('GJS_DEBUG_TOPICS', 'JS ERROR;JS LOG'), ('LESSOPEN', '| /usr/bin/lesspipe %s'), ('VSCODE_CWD', '/home/arthike'), ('LANGUAGE', 'en_US:'), ('USER', 'arthike'), ('SNAP_COMMON', '/var/snap/code/common'), ('LC_TIME', 'nl_NL.UTF-8'), ('VSCODE_NLS_CONFIG', '{"locale":"en-us","osLocale":"en-us","availableLanguages":{},"_languagePackSupport":true}'), ('GIO_MODULE_DIR', '/home/arthike/snap/code/common/.cache/gio-modules'), ('VSCODE_HANDLES_UNCAUGHT_ERRORS', 'true'), ('XDG_SESSION_TYPE', 'wayland'), ('GIT_ASKPASS', '/snap/code/132/usr/share/code/resources/app/extensions/git/dist/askpass.sh'), ('SHLVL', '0'), ('LD_LIBRARY_PATH', '/home/arthike/workspaces/pimouse_start/install/raspimouse/lib:/home/arthike/workspaces/pimouse_start/install/raspimouse_msgs/lib:/opt/ros/humble/opt/rviz_ogre_vendor/lib:/opt/ros/humble/lib/x86_64-linux-gnu:/opt/ros/humble/lib'), ('HOME', '/home/arthike'), ('CHROME_DESKTOP', 'code-url-handler.desktop'), ('SNAP_LIBRARY_PATH', '/var/lib/snapd/lib/gl:/var/lib/snapd/lib/gl32:/var/lib/snapd/void'), ('TERM_PROGRAM_VERSION', '1.79.2'), ('DESKTOP_SESSION', 'ubuntu'), ('SNAP_USER_DATA', '/home/arthike/snap/code/132'), ('GTK_PATH', '/snap/code/132/usr/lib/x86_64-linux-gnu/gtk-3.0'), ('VSCODE_IPC_HOOK', '/run/user/1000/vscode-8d1340c4-1.79-main.sock'), ('GTK_IM_MODULE_FILE', '/home/arthike/snap/code/common/.cache/immodules/immodules.cache'), ('GIO_LAUNCHED_DESKTOP_FILE', '/var/lib/snapd/desktop/applications/code_code.desktop'), ('APPLICATION_INSIGHTS_NO_DIAGNOSTIC_CHANNEL', '1'), ('ROS_PYTHON_VERSION', '3'), ('GNOME_SHELL_SESSION_MODE', 'ubuntu'), ('GTK_MODULES', 'gail:atk-bridge'), ('VSCODE_GIT_ASKPASS_MAIN', '/snap/code/132/usr/share/code/resources/app/extensions/git/dist/askpass-main.js'), ('LC_MONETARY', 'nl_NL.UTF-8'), ('VSCODE_GIT_ASKPASS_NODE', '/snap/code/132/usr/share/code/code'), ('MANAGERPID', '1164'), ('SYSTEMD_EXEC_PID', '1459'), ('IM_CONFIG_CHECK_ENV', '1'), ('DBUS_SESSION_BUS_ADDRESS', 'unix:path=/run/user/1000/bus'), ('SNAP_REVISION', '132'), ('COLORTERM', 'truecolor'), ('GIO_LAUNCHED_DESKTOP_FILE_PID', '5575'), ('VSCODE_CRASH_REPORTER_PROCESS_TYPE', 'extensionHost'), ('IM_CONFIG_PHASE', '1'), ('WAYLAND_DISPLAY', 'wayland-0'), ('VSCODE_L10N_BUNDLE_LOCATION', ''), ('COLCON_PREFIX_PATH', '/home/arthike/workspaces/pimouse_start/install'), ('ROS_DISTRO', 'humble'), ('LOGNAME', 'arthike'), ('_', '/usr/bin/colcon'), ('SNAP_CONTEXT', '6qTltQyAE6O-hCz1I8rniOBR9iF5fi-Kn1__XywhKPCLypi8C8bu'), ('JOURNAL_STREAM', '8:24771'), ('ROS_VERSION', '2'), ('XDG_SESSION_CLASS', 'user'), ('SNAP_VERSION', '695af097'), ('USERNAME', 'arthike'), ('TERM', 'xterm-256color'), ('GNOME_DESKTOP_SESSION_ID', 'this-is-deprecated'), ('SNAP_INSTANCE_NAME', 'code'), ('ROS_LOCALHOST_ONLY', '0'), ('PATH', '/home/arthike/workspaces/pimouse_start/install/raspimouse/bin:/opt/ros/humble/bin:/usr/local/sbin:/usr/local/bin:/usr/sbin:/usr/bin:/sbin:/bin:/usr/games:/usr/local/games:/snap/bin:/snap/bin'), ('SESSION_MANAGER', 'local/arthike-virtual-machine:@/tmp/.ICE-unix/1338,unix/arthike-virtual-machine:/tmp/.ICE-unix/1338'), ('VSCODE_AMD_ENTRYPOINT', 'vs/workbench/api/node/extensionHostProcess'), ('GTK_EXE_PREFIX', '/snap/code/132/usr'), ('INVOCATION_ID', '1c2ba757ea8c47e28302f2462b5b3585'), ('XDG_MENU_PREFIX', 'gnome-'), ('LC_ADDRESS', 'nl_NL.UTF-8'), ('BAMF_DESKTOP_FILE_HINT', '/var/lib/snapd/desktop/applications/code_code.desktop'), ('GNOME_SETUP_DISPLAY', ':1'), ('SNAP_DATA', '/var/snap/code/132'), ('XDG_RUNTIME_DIR', '/run/user/1000'), ('GDK_BACKEND', 'x11'), ('DISPLAY', ':0'), ('LOCPATH', '/snap/code/132/usr/lib/locale'), ('LANG', 'en_US.UTF-8'), ('XDG_CURRENT_DESKTOP', 'Unity'), ('LC_TELEPHONE', 'nl_NL.UTF-8'), ('XMODIFIERS', '@im=ibus'), ('XDG_SESSION_DESKTOP', 'ubuntu'), ('XAUTHORITY', '/run/user/1000/.mutter-Xwaylandauth.ILOV71'), ('LS_COLORS', ''), ('VSCODE_GIT_IPC_HANDLE', '/run/user/1000/vscode-git-62a65cebf6.sock'), ('TERM_PROGRAM', 'vscode'), ('SSH_AGENT_LAUNCHER', 'gnome-keyring'), ('SNAP_USER_COMMON', '/home/arthike/snap/code/common'), ('SSH_AUTH_SOCK', '/run/user/1000/keyring/ssh'), ('GSETTINGS_SCHEMA_DIR', '/home/arthike/snap/code/132/.local/share/glib-2.0/schemas'), ('SNAP_ARCH', 'amd64'), ('AMENT_PREFIX_PATH', '/home/arthike/workspaces/pimouse_start/install/raspimouse:/home/arthike/workspaces/pimouse_start/install/raspimouse_msgs:/opt/ros/humble'), ('SNAP_COOKIE', '6qTltQyAE6O-hCz1I8rniOBR9iF5fi-Kn1__XywhKPCLypi8C8bu'), ('ORIGINAL_XDG_CURRENT_DESKTOP', 'ubuntu:GNOME'), ('SHELL', '/bin/bash'), ('LC_NAME', 'nl_NL.UTF-8'), ('GDK_PIXBUF_MODULEDIR', '/snap/code/132/usr/lib/x86_64-linux-gnu/gdk-pixbuf-2.0/2.10.0/loaders'), ('QT_ACCESSIBILITY', '1'), ('ELECTRON_RUN_AS_NODE', '1'), ('GDMSESSION', 'ubuntu'), ('LESSCLOSE', '/usr/bin/lesspipe %s %s'), ('SNAP_NAME', 'code'), ('LC_MEASUREMENT', 'nl_NL.UTF-8'), ('GDK_PIXBUF_MODULE_FILE', '/home/arthike/snap/code/common/.cache/gdk-pixbuf-loaders.cache'), ('GJS_DEBUG_OUTPUT', 'stderr'), ('LC_IDENTIFICATION', 'nl_NL.UTF-8'), ('SNAP_LAUNCHER_ARCH_TRIPLET', 'x86_64-linux-gnu'), ('VSCODE_GIT_ASKPASS_EXTRA_ARGS', '--ms-enable-electron-run-as-node'), ('QT_IM_MODULE', 'ibus'), ('PWD', '/home/arthike/workspaces/pimouse_start/src/build/raspimouse_msgs'), ('VSCODE_CLI', '1'), ('XDG_CONFIG_DIRS', '/etc/xdg/xdg-ubuntu:/etc/xdg'), ('SNAP_REAL_HOME', '/home/arthike'), ('VSCODE_CODE_CACHE_PATH', '/home/arthike/.config/Code/CachedData/695af097c7bd098fbf017ce3ac85e09bbc5dda06'), ('XDG_DATA_DIRS', '/home/arthike/snap/code/132/.local/share:/home/arthike/snap/code/132:/snap/code/132/usr/share:/usr/share/ubuntu:/usr/local/share/:/usr/share/:/var/lib/snapd/desktop'), ('PYTHONPATH', '/home/arthike/workspaces/pimouse_start/install/raspimouse_msgs/local/lib/python3.10/dist-packages:/opt/ros/humble/lib/python3.10/site-packages:/opt/ros/humble/local/lib/python3.10/dist-packages'), ('SNAP', '/snap/code/132'), ('LC_NUMERIC', 'nl_NL.UTF-8'), ('LC_PAPER', 'nl_NL.UTF-8'), ('COLCON', '1'), ('ELECTRON_NO_ATTACH_CONSOLE', '1'), ('CMAKE_PREFIX_PATH', '/home/arthike/workspaces/pimouse_start/install/raspimouse:/home/arthike/workspaces/pimouse_start/install/raspimouse_msgs:/opt/ros/humble'), ('VSCODE_PID', '5684')]), 'shell': False}
[0.095765] (-) TimerEvent: {}
[0.122400] (raspimouse_description) JobProgress: {'identifier': 'raspimouse_description', 'progress': 'cmake'}
[0.124879] (raspimouse_description) Command: {'cmd': ['/usr/bin/cmake', '/home/arthike/workspaces/pimouse_start/src/raspimouse_description', '-DCMAKE_BUILD_TYPE=RelWithDebInfo', '-DCATKIN_INSTALL_INTO_PREFIX_ROOT=0', '-DCATKIN_SYMLINK_INSTALL=ON', '-DCMAKE_INSTALL_PREFIX=/home/arthike/workspaces/pimouse_start/src/install/raspimouse_description'], 'cwd': '/home/arthike/workspaces/pimouse_start/src/build/raspimouse_description', 'env': OrderedDict([('GJS_DEBUG_TOPICS', 'JS ERROR;JS LOG'), ('LESSOPEN', '| /usr/bin/lesspipe %s'), ('VSCODE_CWD', '/home/arthike'), ('LANGUAGE', 'en_US:'), ('USER', 'arthike'), ('SNAP_COMMON', '/var/snap/code/common'), ('LC_TIME', 'nl_NL.UTF-8'), ('VSCODE_NLS_CONFIG', '{"locale":"en-us","osLocale":"en-us","availableLanguages":{},"_languagePackSupport":true}'), ('GIO_MODULE_DIR', '/home/arthike/snap/code/common/.cache/gio-modules'), ('VSCODE_HANDLES_UNCAUGHT_ERRORS', 'true'), ('XDG_SESSION_TYPE', 'wayland'), ('GIT_ASKPASS', '/snap/code/132/usr/share/code/resources/app/extensions/git/dist/askpass.sh'), ('SHLVL', '0'), ('LD_LIBRARY_PATH', '/home/arthike/workspaces/pimouse_start/install/raspimouse/lib:/home/arthike/workspaces/pimouse_start/install/raspimouse_msgs/lib:/opt/ros/humble/opt/rviz_ogre_vendor/lib:/opt/ros/humble/lib/x86_64-linux-gnu:/opt/ros/humble/lib'), ('HOME', '/home/arthike'), ('CHROME_DESKTOP', 'code-url-handler.desktop'), ('SNAP_LIBRARY_PATH', '/var/lib/snapd/lib/gl:/var/lib/snapd/lib/gl32:/var/lib/snapd/void'), ('TERM_PROGRAM_VERSION', '1.79.2'), ('DESKTOP_SESSION', 'ubuntu'), ('SNAP_USER_DATA', '/home/arthike/snap/code/132'), ('GTK_PATH', '/snap/code/132/usr/lib/x86_64-linux-gnu/gtk-3.0'), ('VSCODE_IPC_HOOK', '/run/user/1000/vscode-8d1340c4-1.79-main.sock'), ('GTK_IM_MODULE_FILE', '/home/arthike/snap/code/common/.cache/immodules/immodules.cache'), ('GIO_LAUNCHED_DESKTOP_FILE', '/var/lib/snapd/desktop/applications/code_code.desktop'), ('APPLICATION_INSIGHTS_NO_DIAGNOSTIC_CHANNEL', '1'), ('ROS_PYTHON_VERSION', '3'), ('GNOME_SHELL_SESSION_MODE', 'ubuntu'), ('GTK_MODULES', 'gail:atk-bridge'), ('VSCODE_GIT_ASKPASS_MAIN', '/snap/code/132/usr/share/code/resources/app/extensions/git/dist/askpass-main.js'), ('LC_MONETARY', 'nl_NL.UTF-8'), ('VSCODE_GIT_ASKPASS_NODE', '/snap/code/132/usr/share/code/code'), ('MANAGERPID', '1164'), ('SYSTEMD_EXEC_PID', '1459'), ('IM_CONFIG_CHECK_ENV', '1'), ('DBUS_SESSION_BUS_ADDRESS', 'unix:path=/run/user/1000/bus'), ('SNAP_REVISION', '132'), ('COLORTERM', 'truecolor'), ('GIO_LAUNCHED_DESKTOP_FILE_PID', '5575'), ('VSCODE_CRASH_REPORTER_PROCESS_TYPE', 'extensionHost'), ('IM_CONFIG_PHASE', '1'), ('WAYLAND_DISPLAY', 'wayland-0'), ('VSCODE_L10N_BUNDLE_LOCATION', ''), ('COLCON_PREFIX_PATH', '/home/arthike/workspaces/pimouse_start/install'), ('ROS_DISTRO', 'humble'), ('LOGNAME', 'arthike'), ('_', '/usr/bin/colcon'), ('SNAP_CONTEXT', '6qTltQyAE6O-hCz1I8rniOBR9iF5fi-Kn1__XywhKPCLypi8C8bu'), ('JOURNAL_STREAM', '8:24771'), ('ROS_VERSION', '2'), ('XDG_SESSION_CLASS', 'user'), ('SNAP_VERSION', '695af097'), ('USERNAME', 'arthike'), ('TERM', 'xterm-256color'), ('GNOME_DESKTOP_SESSION_ID', 'this-is-deprecated'), ('SNAP_INSTANCE_NAME', 'code'), ('ROS_LOCALHOST_ONLY', '0'), ('PATH', '/home/arthike/workspaces/pimouse_start/install/raspimouse/bin:/opt/ros/humble/bin:/usr/local/sbin:/usr/local/bin:/usr/sbin:/usr/bin:/sbin:/bin:/usr/games:/usr/local/games:/snap/bin:/snap/bin'), ('SESSION_MANAGER', 'local/arthike-virtual-machine:@/tmp/.ICE-unix/1338,unix/arthike-virtual-machine:/tmp/.ICE-unix/1338'), ('VSCODE_AMD_ENTRYPOINT', 'vs/workbench/api/node/extensionHostProcess'), ('GTK_EXE_PREFIX', '/snap/code/132/usr'), ('INVOCATION_ID', '1c2ba757ea8c47e28302f2462b5b3585'), ('XDG_MENU_PREFIX', 'gnome-'), ('LC_ADDRESS', 'nl_NL.UTF-8'), ('BAMF_DESKTOP_FILE_HINT', '/var/lib/snapd/desktop/applications/code_code.desktop'), ('GNOME_SETUP_DISPLAY', ':1'), ('SNAP_DATA', '/var/snap/code/132'), ('XDG_RUNTIME_DIR', '/run/user/1000'), ('GDK_BACKEND', 'x11'), ('DISPLAY', ':0'), ('LOCPATH', '/snap/code/132/usr/lib/locale'), ('LANG', 'en_US.UTF-8'), ('XDG_CURRENT_DESKTOP', 'Unity'), ('LC_TELEPHONE', 'nl_NL.UTF-8'), ('XMODIFIERS', '@im=ibus'), ('XDG_SESSION_DESKTOP', 'ubuntu'), ('XAUTHORITY', '/run/user/1000/.mutter-Xwaylandauth.ILOV71'), ('LS_COLORS', ''), ('VSCODE_GIT_IPC_HANDLE', '/run/user/1000/vscode-git-62a65cebf6.sock'), ('TERM_PROGRAM', 'vscode'), ('SSH_AGENT_LAUNCHER', 'gnome-keyring'), ('SNAP_USER_COMMON', '/home/arthike/snap/code/common'), ('SSH_AUTH_SOCK', '/run/user/1000/keyring/ssh'), ('GSETTINGS_SCHEMA_DIR', '/home/arthike/snap/code/132/.local/share/glib-2.0/schemas'), ('SNAP_ARCH', 'amd64'), ('AMENT_PREFIX_PATH', '/home/arthike/workspaces/pimouse_start/install/raspimouse:/home/arthike/workspaces/pimouse_start/install/raspimouse_msgs:/opt/ros/humble'), ('SNAP_COOKIE', '6qTltQyAE6O-hCz1I8rniOBR9iF5fi-Kn1__XywhKPCLypi8C8bu'), ('ORIGINAL_XDG_CURRENT_DESKTOP', 'ubuntu:GNOME'), ('SHELL', '/bin/bash'), ('LC_NAME', 'nl_NL.UTF-8'), ('GDK_PIXBUF_MODULEDIR', '/snap/code/132/usr/lib/x86_64-linux-gnu/gdk-pixbuf-2.0/2.10.0/loaders'), ('QT_ACCESSIBILITY', '1'), ('ELECTRON_RUN_AS_NODE', '1'), ('GDMSESSION', 'ubuntu'), ('LESSCLOSE', '/usr/bin/lesspipe %s %s'), ('SNAP_NAME', 'code'), ('LC_MEASUREMENT', 'nl_NL.UTF-8'), ('GDK_PIXBUF_MODULE_FILE', '/home/arthike/snap/code/common/.cache/gdk-pixbuf-loaders.cache'), ('GJS_DEBUG_OUTPUT', 'stderr'), ('LC_IDENTIFICATION', 'nl_NL.UTF-8'), ('SNAP_LAUNCHER_ARCH_TRIPLET', 'x86_64-linux-gnu'), ('VSCODE_GIT_ASKPASS_EXTRA_ARGS', '--ms-enable-electron-run-as-node'), ('QT_IM_MODULE', 'ibus'), ('PWD', '/home/arthike/workspaces/pimouse_start/src/build/raspimouse_description'), ('VSCODE_CLI', '1'), ('XDG_CONFIG_DIRS', '/etc/xdg/xdg-ubuntu:/etc/xdg'), ('SNAP_REAL_HOME', '/home/arthike'), ('VSCODE_CODE_CACHE_PATH', '/home/arthike/.config/Code/CachedData/695af097c7bd098fbf017ce3ac85e09bbc5dda06'), ('XDG_DATA_DIRS', '/home/arthike/snap/code/132/.local/share:/home/arthike/snap/code/132:/snap/code/132/usr/share:/usr/share/ubuntu:/usr/local/share/:/usr/share/:/var/lib/snapd/desktop'), ('PYTHONPATH', '/home/arthike/workspaces/pimouse_start/install/raspimouse_msgs/local/lib/python3.10/dist-packages:/opt/ros/humble/lib/python3.10/site-packages:/opt/ros/humble/local/lib/python3.10/dist-packages'), ('SNAP', '/snap/code/132'), ('LC_NUMERIC', 'nl_NL.UTF-8'), ('LC_PAPER', 'nl_NL.UTF-8'), ('COLCON', '1'), ('ELECTRON_NO_ATTACH_CONSOLE', '1'), ('CMAKE_PREFIX_PATH', '/home/arthike/workspaces/pimouse_start/install/raspimouse:/home/arthike/workspaces/pimouse_start/install/raspimouse_msgs'), ('VSCODE_PID', '5684')]), 'shell': False}
[0.195782] (raspimouse_description) StderrLine: {'line': b'\x1b[0mCMake Deprecation Warning at CMakeLists.txt:1 (cmake_minimum_required):\n'}
[0.196310] (-) TimerEvent: {}
[0.197377] (raspimouse_description) StderrLine: {'line': b'  Compatibility with CMake < 2.8.12 will be removed from a future version of\n'}
[0.197793] (raspimouse_description) StderrLine: {'line': b'  CMake.\n'}
[0.198123] (raspimouse_description) StderrLine: {'line': b'\n'}
[0.198445] (raspimouse_description) StderrLine: {'line': b'  Update the VERSION argument <min> value or use a ...<max> suffix to tell\n'}
[0.198793] (raspimouse_description) StderrLine: {'line': b'  CMake that the project does not need compatibility with older versions.\n'}
[0.199146] (raspimouse_description) StderrLine: {'line': b'\n'}
[0.199483] (raspimouse_description) StderrLine: {'line': b'\x1b[0m\n'}
[0.296846] (-) TimerEvent: {}
[0.398184] (-) TimerEvent: {}
[0.478165] (raspimouse_msgs) StdoutLine: {'line': b'\x1b[35m\x1b[1mConsolidate compiler generated dependencies of target raspimouse_msgs__rosidl_generator_c\x1b[0m\n'}
[0.498367] (-) TimerEvent: {}
[0.538778] (raspimouse_msgs) StdoutLine: {'line': b'[  2%] Built target raspimouse_msgs__cpp\n'}
[0.598792] (-) TimerEvent: {}
[0.632916] (raspimouse_msgs) StdoutLine: {'line': b'[  2%] Built target ament_cmake_python_symlink_raspimouse_msgs\n'}
[0.699141] (-) TimerEvent: {}
[0.703182] (raspimouse_msgs) StdoutLine: {'line': b'[ 12%] Built target raspimouse_msgs__rosidl_generator_c\n'}
[0.706516] (raspimouse_msgs) StdoutLine: {'line': b'\x1b[35m\x1b[1mConsolidate compiler generated dependencies of target raspimouse_msgs__rosidl_typesupport_introspection_cpp\x1b[0m\n'}
[0.715417] (raspimouse_msgs) StdoutLine: {'line': b'\x1b[35m\x1b[1mConsolidate compiler generated dependencies of target raspimouse_msgs__rosidl_typesupport_fastrtps_cpp\x1b[0m\n'}
[0.777794] (raspimouse_description) StdoutLine: {'line': b'-- The C compiler identification is GNU 11.3.0\n'}
[0.782089] (raspimouse_msgs) StdoutLine: {'line': b'\x1b[35m\x1b[1mConsolidate compiler generated dependencies of target raspimouse_msgs__rosidl_typesupport_cpp\x1b[0m\n'}
[0.799619] (-) TimerEvent: {}
[0.834746] (raspimouse_msgs) StdoutLine: {'line': b'\x1b[35m\x1b[1mConsolidate compiler generated dependencies of target raspimouse_msgs__rosidl_typesupport_fastrtps_c\x1b[0m\n'}
[0.875132] (raspimouse_msgs) StdoutLine: {'line': b'\x1b[35m\x1b[1mConsolidate compiler generated dependencies of target raspimouse_msgs__rosidl_typesupport_introspection_c\x1b[0m\n'}
[0.900286] (-) TimerEvent: {}
[0.923869] (raspimouse_msgs) StdoutLine: {'line': b'[ 23%] Built target raspimouse_msgs__rosidl_typesupport_fastrtps_cpp\n'}
[0.964124] (raspimouse_msgs) StdoutLine: {'line': b'\x1b[35m\x1b[1mConsolidate compiler generated dependencies of target raspimouse_msgs__rosidl_typesupport_c\x1b[0m\n'}
[1.000860] (-) TimerEvent: {}
[1.016276] (raspimouse_msgs) StdoutLine: {'line': b'[ 34%] Built target raspimouse_msgs__rosidl_typesupport_introspection_cpp\n'}
[1.071783] (raspimouse_msgs) StdoutLine: {'line': b'[ 44%] Built target raspimouse_msgs__rosidl_typesupport_cpp\n'}
[1.101134] (-) TimerEvent: {}
[1.107634] (raspimouse_msgs) StdoutLine: {'line': b'[ 55%] Built target raspimouse_msgs__rosidl_typesupport_fastrtps_c\n'}
[1.137417] (raspimouse_msgs) StdoutLine: {'line': b'[ 65%] Built target raspimouse_msgs__rosidl_typesupport_introspection_c\n'}
[1.187630] (raspimouse_msgs) StdoutLine: {'line': b'[ 76%] Built target raspimouse_msgs__rosidl_typesupport_c\n'}
[1.201621] (-) TimerEvent: {}
[1.306206] (-) TimerEvent: {}
[1.407596] (raspimouse_msgs) StdoutLine: {'line': b'[ 76%] Built target raspimouse_msgs\n'}
[1.408185] (-) TimerEvent: {}
[1.508927] (raspimouse_description) StdoutLine: {'line': b'-- The CXX compiler identification is GNU 11.3.0\n'}
[1.509412] (-) TimerEvent: {}
[1.585563] (raspimouse_description) StdoutLine: {'line': b'-- Detecting C compiler ABI info\n'}
[1.609905] (-) TimerEvent: {}
[1.661989] (raspimouse_msgs) StdoutLine: {'line': b'[ 78%] Built target raspimouse_msgs__py\n'}
[1.710191] (-) TimerEvent: {}
[1.754581] (raspimouse_msgs) StdoutLine: {'line': b'\x1b[35m\x1b[1mConsolidate compiler generated dependencies of target raspimouse_msgs__rosidl_generator_py\x1b[0m\n'}
[1.810549] (-) TimerEvent: {}
[1.911628] (-) TimerEvent: {}
[1.926110] (raspimouse_msgs) StdoutLine: {'line': b'[ 87%] Built target raspimouse_msgs__rosidl_generator_py\n'}
[2.012128] (-) TimerEvent: {}
[2.097209] (raspimouse_msgs) StdoutLine: {'line': b'\x1b[35m\x1b[1mConsolidate compiler generated dependencies of target raspimouse_msgs__rosidl_typesupport_c__pyext\x1b[0m\n'}
[2.099402] (raspimouse_msgs) StdoutLine: {'line': b'\x1b[35m\x1b[1mConsolidate compiler generated dependencies of target raspimouse_msgs__rosidl_typesupport_fastrtps_c__pyext\x1b[0m\n'}
[2.112790] (-) TimerEvent: {}
[2.164997] (raspimouse_msgs) StdoutLine: {'line': b'\x1b[35m\x1b[1mConsolidate compiler generated dependencies of target raspimouse_msgs__rosidl_typesupport_introspection_c__pyext\x1b[0m\n'}
[2.213354] (-) TimerEvent: {}
[2.299603] (raspimouse_msgs) StdoutLine: {'line': b'[ 91%] Built target raspimouse_msgs__rosidl_typesupport_c__pyext\n'}
[2.314863] (-) TimerEvent: {}
[2.322896] (raspimouse_description) StdoutLine: {'line': b'-- Detecting C compiler ABI info - done\n'}
[2.353174] (raspimouse_description) StdoutLine: {'line': b'-- Check for working C compiler: /usr/bin/cc - skipped\n'}
[2.354553] (raspimouse_description) StdoutLine: {'line': b'-- Detecting C compile features\n'}
[2.357220] (raspimouse_description) StdoutLine: {'line': b'-- Detecting C compile features - done\n'}
[2.367028] (raspimouse_msgs) StdoutLine: {'line': b'running egg_info\n'}
[2.368433] (raspimouse_msgs) StdoutLine: {'line': b'writing raspimouse_msgs.egg-info/PKG-INFO\n'}
[2.370416] (raspimouse_msgs) StdoutLine: {'line': b'writing dependency_links to raspimouse_msgs.egg-info/dependency_links.txt\n'}
[2.373534] (raspimouse_msgs) StdoutLine: {'line': b'writing top-level names to raspimouse_msgs.egg-info/top_level.txt\n'}
[2.376145] (raspimouse_description) StdoutLine: {'line': b'-- Detecting CXX compiler ABI info\n'}
[2.381563] (raspimouse_msgs) StdoutLine: {'line': b"reading manifest file 'raspimouse_msgs.egg-info/SOURCES.txt'\n"}
[2.385867] (raspimouse_msgs) StdoutLine: {'line': b"writing manifest file 'raspimouse_msgs.egg-info/SOURCES.txt'\n"}
[2.394539] (raspimouse_msgs) StdoutLine: {'line': b'[ 95%] Built target raspimouse_msgs__rosidl_typesupport_introspection_c__pyext\n'}
[2.414082] (raspimouse_msgs) StdoutLine: {'line': b'[100%] Built target raspimouse_msgs__rosidl_typesupport_fastrtps_c__pyext\n'}
[2.415244] (-) TimerEvent: {}
[2.518794] (-) TimerEvent: {}
[2.537958] (raspimouse_msgs) StdoutLine: {'line': b'[100%] Built target ament_cmake_python_build_raspimouse_msgs_egg\n'}
[2.619362] (-) TimerEvent: {}
[2.663249] (raspimouse_msgs) CommandEnded: {'returncode': 0}
[2.719827] (-) TimerEvent: {}
[2.822105] (-) TimerEvent: {}
[2.924890] (-) TimerEvent: {}
[2.947355] (raspimouse_description) StdoutLine: {'line': b'-- Detecting CXX compiler ABI info - done\n'}
[2.980993] (raspimouse_description) StdoutLine: {'line': b'-- Check for working CXX compiler: /usr/bin/c++ - skipped\n'}
[2.982265] (raspimouse_description) StdoutLine: {'line': b'-- Detecting CXX compile features\n'}
[2.982933] (raspimouse_description) StdoutLine: {'line': b'-- Detecting CXX compile features - done\n'}
[3.025330] (-) TimerEvent: {}
[3.036939] (raspimouse_description) StderrLine: {'line': b'\x1b[31mCMake Error at CMakeLists.txt:4 (find_package):\n'}
[3.038508] (raspimouse_description) StderrLine: {'line': b'  By not providing "Findcatkin.cmake" in CMAKE_MODULE_PATH this project has\n'}
[3.040121] (raspimouse_description) StderrLine: {'line': b'  asked CMake to find a package configuration file provided by "catkin", but\n'}
[3.041900] (raspimouse_description) StderrLine: {'line': b'  CMake did not find one.\n'}
[3.043367] (raspimouse_description) StderrLine: {'line': b'\n'}
[3.045015] (raspimouse_description) StderrLine: {'line': b'  Could not find a package configuration file provided by "catkin" with any\n'}
[3.045673] (raspimouse_description) StderrLine: {'line': b'  of the following names:\n'}
[3.046306] (raspimouse_description) StderrLine: {'line': b'\n'}
[3.046953] (raspimouse_description) StderrLine: {'line': b'    catkinConfig.cmake\n'}
[3.047375] (raspimouse_description) StderrLine: {'line': b'    catkin-config.cmake\n'}
[3.047705] (raspimouse_description) StderrLine: {'line': b'\n'}
[3.047994] (raspimouse_description) StderrLine: {'line': b'  Add the installation prefix of "catkin" to CMAKE_PREFIX_PATH or set\n'}
[3.048275] (raspimouse_description) StderrLine: {'line': b'  "catkin_DIR" to a directory containing one of the above files.  If "catkin"\n'}
[3.049975] (raspimouse_description) StderrLine: {'line': b'  provides a separate development package or SDK, be sure it has been\n'}
[3.050272] (raspimouse_description) StderrLine: {'line': b'  installed.\n'}
[3.050552] (raspimouse_description) StderrLine: {'line': b'\n'}
[3.051768] (raspimouse_description) StderrLine: {'line': b'\x1b[0m\n'}
[3.053353] (raspimouse_description) StdoutLine: {'line': b'-- Configuring incomplete, errors occurred!\n'}
[3.053655] (raspimouse_description) StdoutLine: {'line': b'See also "/home/arthike/workspaces/pimouse_start/src/build/raspimouse_description/CMakeFiles/CMakeOutput.log".\n'}
[3.059606] (raspimouse_description) CommandEnded: {'returncode': 1}
[3.125583] (-) TimerEvent: {}
[3.221713] (raspimouse_description) JobEnded: {'identifier': 'raspimouse_description', 'rc': 1}
[3.227684] (-) TimerEvent: {}
[3.329176] (-) TimerEvent: {}
[3.430466] (-) TimerEvent: {}
[3.539334] (-) TimerEvent: {}
[3.646598] (-) TimerEvent: {}
[3.749025] (-) TimerEvent: {}
[3.849786] (-) TimerEvent: {}
[3.950647] (-) TimerEvent: {}
[4.052640] (-) TimerEvent: {}
[4.153995] (-) TimerEvent: {}
[4.257012] (-) TimerEvent: {}
[4.277320] (raspimouse_msgs) JobEnded: {'identifier': 'raspimouse_msgs', 'rc': 'SIGINT'}
[4.290070] (raspimouse) JobSkipped: {'identifier': 'raspimouse'}
[4.290234] (-) EventReactorShutdown: {}
