[1.359s] DEBUG:colcon:Command line arguments: ['/usr/bin/colcon', 'build', '--symlink-install', '--event-handlers', 'console_cohesion+', '--base-paths', '/home/arthike/workspaces/pimouse_start', '--cmake-args', '-DCMAKE_BUILD_TYPE=RelWithDebInfo']
[1.360s] DEBUG:colcon:Parsed command line arguments: Namespace(log_base=None, log_level=None, verb_name='build', build_base='build', install_base='install', merge_install=False, symlink_install=True, test_result_base=None, continue_on_error=False, executor='parallel', parallel_workers=7, event_handlers=['console_cohesion+'], ignore_user_meta=False, metas=['./colcon.meta'], base_paths=['/home/arthike/workspaces/pimouse_start'], packages_ignore=None, packages_ignore_regex=None, paths=None, packages_up_to=None, packages_up_to_regex=None, packages_above=None, packages_above_and_dependencies=None, packages_above_depth=None, packages_select_by_dep=None, packages_skip_by_dep=None, packages_skip_up_to=None, packages_select_build_failed=False, packages_skip_build_finished=False, packages_select_test_failures=False, packages_skip_test_passed=False, packages_select=None, packages_skip=None, packages_select_regex=None, packages_skip_regex=None, packages_start=None, packages_end=None, allow_overriding=[], cmake_args=['-DCMAKE_BUILD_TYPE=RelWithDebInfo'], cmake_target=None, cmake_target_skip_unavailable=False, cmake_clean_cache=False, cmake_clean_first=False, cmake_force_configure=False, ament_cmake_args=None, catkin_cmake_args=None, catkin_skip_building_tests=False, verb_parser=<colcon_defaults.argument_parser.defaults.DefaultArgumentsDecorator object at 0x7fbe7dbe52a0>, verb_extension=<colcon_core.verb.build.BuildVerb object at 0x7fbe7ddef100>, main=<bound method BuildVerb.main of <colcon_core.verb.build.BuildVerb object at 0x7fbe7ddef100>>)
[1.465s] Level 1:colcon.colcon_core.package_discovery:discover_packages(colcon_meta) check parameters
[1.466s] Level 1:colcon.colcon_core.package_discovery:discover_packages(recursive) check parameters
[1.466s] Level 1:colcon.colcon_core.package_discovery:discover_packages(ignore) check parameters
[1.466s] Level 1:colcon.colcon_core.package_discovery:discover_packages(path) check parameters
[1.466s] Level 1:colcon.colcon_core.package_discovery:discover_packages(recursive) discover
[1.466s] INFO:colcon.colcon_core.package_discovery:Crawling recursively for packages in '/home/arthike/workspaces/pimouse_start'
[1.467s] Level 1:colcon.colcon_core.package_identification:_identify(/home/arthike/workspaces/pimouse_start) by extensions ['ignore', 'ignore_ament_install']
[1.467s] Level 1:colcon.colcon_core.package_identification:_identify(/home/arthike/workspaces/pimouse_start) by extension 'ignore'
[1.468s] Level 1:colcon.colcon_core.package_identification:_identify(/home/arthike/workspaces/pimouse_start) by extension 'ignore_ament_install'
[1.468s] Level 1:colcon.colcon_core.package_identification:_identify(/home/arthike/workspaces/pimouse_start) by extensions ['colcon_pkg']
[1.468s] Level 1:colcon.colcon_core.package_identification:_identify(/home/arthike/workspaces/pimouse_start) by extension 'colcon_pkg'
[1.468s] Level 1:colcon.colcon_core.package_identification:_identify(/home/arthike/workspaces/pimouse_start) by extensions ['colcon_meta']
[1.468s] Level 1:colcon.colcon_core.package_identification:_identify(/home/arthike/workspaces/pimouse_start) by extension 'colcon_meta'
[1.469s] Level 1:colcon.colcon_core.package_identification:_identify(/home/arthike/workspaces/pimouse_start) by extensions ['ros']
[1.469s] Level 1:colcon.colcon_core.package_identification:_identify(/home/arthike/workspaces/pimouse_start) by extension 'ros'
[1.512s] Level 1:colcon.colcon_core.package_identification:_identify(/home/arthike/workspaces/pimouse_start) by extensions ['cmake', 'python']
[1.512s] Level 1:colcon.colcon_core.package_identification:_identify(/home/arthike/workspaces/pimouse_start) by extension 'cmake'
[1.513s] Level 1:colcon.colcon_core.package_identification:_identify(/home/arthike/workspaces/pimouse_start) by extension 'python'
[1.513s] Level 1:colcon.colcon_core.package_identification:_identify(/home/arthike/workspaces/pimouse_start) by extensions ['python_setup_py']
[1.513s] Level 1:colcon.colcon_core.package_identification:_identify(/home/arthike/workspaces/pimouse_start) by extension 'python_setup_py'
[1.514s] Level 1:colcon.colcon_core.package_identification:_identify(/home/arthike/workspaces/pimouse_start/build) by extensions ['ignore', 'ignore_ament_install']
[1.514s] Level 1:colcon.colcon_core.package_identification:_identify(/home/arthike/workspaces/pimouse_start/build) by extension 'ignore'
[1.514s] Level 1:colcon.colcon_core.package_identification:_identify(/home/arthike/workspaces/pimouse_start/build) ignored
[1.515s] Level 1:colcon.colcon_core.package_identification:_identify(/home/arthike/workspaces/pimouse_start/install) by extensions ['ignore', 'ignore_ament_install']
[1.515s] Level 1:colcon.colcon_core.package_identification:_identify(/home/arthike/workspaces/pimouse_start/install) by extension 'ignore'
[1.515s] Level 1:colcon.colcon_core.package_identification:_identify(/home/arthike/workspaces/pimouse_start/install) ignored
[1.528s] Level 1:colcon.colcon_core.package_identification:_identify(/home/arthike/workspaces/pimouse_start/log) by extensions ['ignore', 'ignore_ament_install']
[1.529s] Level 1:colcon.colcon_core.package_identification:_identify(/home/arthike/workspaces/pimouse_start/log) by extension 'ignore'
[1.530s] Level 1:colcon.colcon_core.package_identification:_identify(/home/arthike/workspaces/pimouse_start/log) ignored
[1.531s] Level 1:colcon.colcon_core.package_identification:_identify(/home/arthike/workspaces/pimouse_start/src) by extensions ['ignore', 'ignore_ament_install']
[1.531s] Level 1:colcon.colcon_core.package_identification:_identify(/home/arthike/workspaces/pimouse_start/src) by extension 'ignore'
[1.532s] Level 1:colcon.colcon_core.package_identification:_identify(/home/arthike/workspaces/pimouse_start/src) by extension 'ignore_ament_install'
[1.533s] Level 1:colcon.colcon_core.package_identification:_identify(/home/arthike/workspaces/pimouse_start/src) by extensions ['colcon_pkg']
[1.533s] Level 1:colcon.colcon_core.package_identification:_identify(/home/arthike/workspaces/pimouse_start/src) by extension 'colcon_pkg'
[1.533s] Level 1:colcon.colcon_core.package_identification:_identify(/home/arthike/workspaces/pimouse_start/src) by extensions ['colcon_meta']
[1.533s] Level 1:colcon.colcon_core.package_identification:_identify(/home/arthike/workspaces/pimouse_start/src) by extension 'colcon_meta'
[1.534s] Level 1:colcon.colcon_core.package_identification:_identify(/home/arthike/workspaces/pimouse_start/src) by extensions ['ros']
[1.534s] Level 1:colcon.colcon_core.package_identification:_identify(/home/arthike/workspaces/pimouse_start/src) by extension 'ros'
[1.535s] Level 1:colcon.colcon_core.package_identification:_identify(/home/arthike/workspaces/pimouse_start/src) by extensions ['cmake', 'python']
[1.535s] Level 1:colcon.colcon_core.package_identification:_identify(/home/arthike/workspaces/pimouse_start/src) by extension 'cmake'
[1.536s] Level 1:colcon.colcon_core.package_identification:_identify(/home/arthike/workspaces/pimouse_start/src) by extension 'python'
[1.536s] Level 1:colcon.colcon_core.package_identification:_identify(/home/arthike/workspaces/pimouse_start/src) by extensions ['python_setup_py']
[1.537s] Level 1:colcon.colcon_core.package_identification:_identify(/home/arthike/workspaces/pimouse_start/src) by extension 'python_setup_py'
[1.537s] Level 1:colcon.colcon_core.package_identification:_identify(/home/arthike/workspaces/pimouse_start/src/build) by extensions ['ignore', 'ignore_ament_install']
[1.538s] Level 1:colcon.colcon_core.package_identification:_identify(/home/arthike/workspaces/pimouse_start/src/build) by extension 'ignore'
[1.538s] Level 1:colcon.colcon_core.package_identification:_identify(/home/arthike/workspaces/pimouse_start/src/build) ignored
[1.538s] Level 1:colcon.colcon_core.package_identification:_identify(/home/arthike/workspaces/pimouse_start/src/install) by extensions ['ignore', 'ignore_ament_install']
[1.539s] Level 1:colcon.colcon_core.package_identification:_identify(/home/arthike/workspaces/pimouse_start/src/install) by extension 'ignore'
[1.539s] Level 1:colcon.colcon_core.package_identification:_identify(/home/arthike/workspaces/pimouse_start/src/install) ignored
[1.539s] Level 1:colcon.colcon_core.package_identification:_identify(/home/arthike/workspaces/pimouse_start/src/log) by extensions ['ignore', 'ignore_ament_install']
[1.540s] Level 1:colcon.colcon_core.package_identification:_identify(/home/arthike/workspaces/pimouse_start/src/log) by extension 'ignore'
[1.540s] Level 1:colcon.colcon_core.package_identification:_identify(/home/arthike/workspaces/pimouse_start/src/log) ignored
[1.541s] Level 1:colcon.colcon_core.package_identification:_identify(/home/arthike/workspaces/pimouse_start/src/raspimouse) by extensions ['ignore', 'ignore_ament_install']
[1.541s] Level 1:colcon.colcon_core.package_identification:_identify(/home/arthike/workspaces/pimouse_start/src/raspimouse) by extension 'ignore'
[1.541s] Level 1:colcon.colcon_core.package_identification:_identify(/home/arthike/workspaces/pimouse_start/src/raspimouse) by extension 'ignore_ament_install'
[1.542s] Level 1:colcon.colcon_core.package_identification:_identify(/home/arthike/workspaces/pimouse_start/src/raspimouse) by extensions ['colcon_pkg']
[1.542s] Level 1:colcon.colcon_core.package_identification:_identify(/home/arthike/workspaces/pimouse_start/src/raspimouse) by extension 'colcon_pkg'
[1.542s] Level 1:colcon.colcon_core.package_identification:_identify(/home/arthike/workspaces/pimouse_start/src/raspimouse) by extensions ['colcon_meta']
[1.542s] Level 1:colcon.colcon_core.package_identification:_identify(/home/arthike/workspaces/pimouse_start/src/raspimouse) by extension 'colcon_meta'
[1.543s] Level 1:colcon.colcon_core.package_identification:_identify(/home/arthike/workspaces/pimouse_start/src/raspimouse) by extensions ['ros']
[1.543s] Level 1:colcon.colcon_core.package_identification:_identify(/home/arthike/workspaces/pimouse_start/src/raspimouse) by extension 'ros'
[1.551s] DEBUG:colcon.colcon_core.package_identification:Package '/home/arthike/workspaces/pimouse_start/src/raspimouse' with type 'ros.ament_cmake' and name 'raspimouse'
[1.552s] Level 1:colcon.colcon_core.package_identification:_identify(/home/arthike/workspaces/pimouse_start/src/raspimouse_description) by extensions ['ignore', 'ignore_ament_install']
[1.552s] Level 1:colcon.colcon_core.package_identification:_identify(/home/arthike/workspaces/pimouse_start/src/raspimouse_description) by extension 'ignore'
[1.552s] Level 1:colcon.colcon_core.package_identification:_identify(/home/arthike/workspaces/pimouse_start/src/raspimouse_description) by extension 'ignore_ament_install'
[1.553s] Level 1:colcon.colcon_core.package_identification:_identify(/home/arthike/workspaces/pimouse_start/src/raspimouse_description) by extensions ['colcon_pkg']
[1.553s] Level 1:colcon.colcon_core.package_identification:_identify(/home/arthike/workspaces/pimouse_start/src/raspimouse_description) by extension 'colcon_pkg'
[1.553s] Level 1:colcon.colcon_core.package_identification:_identify(/home/arthike/workspaces/pimouse_start/src/raspimouse_description) by extensions ['colcon_meta']
[1.553s] Level 1:colcon.colcon_core.package_identification:_identify(/home/arthike/workspaces/pimouse_start/src/raspimouse_description) by extension 'colcon_meta'
[1.554s] Level 1:colcon.colcon_core.package_identification:_identify(/home/arthike/workspaces/pimouse_start/src/raspimouse_description) by extensions ['ros']
[1.554s] Level 1:colcon.colcon_core.package_identification:_identify(/home/arthike/workspaces/pimouse_start/src/raspimouse_description) by extension 'ros'
[1.556s] DEBUG:colcon.colcon_core.package_identification:Package '/home/arthike/workspaces/pimouse_start/src/raspimouse_description' with type 'ros.catkin' and name 'raspimouse_description'
[1.557s] Level 1:colcon.colcon_core.package_identification:_identify(/home/arthike/workspaces/pimouse_start/src/raspimouse_msgs) by extensions ['ignore', 'ignore_ament_install']
[1.557s] Level 1:colcon.colcon_core.package_identification:_identify(/home/arthike/workspaces/pimouse_start/src/raspimouse_msgs) by extension 'ignore'
[1.558s] Level 1:colcon.colcon_core.package_identification:_identify(/home/arthike/workspaces/pimouse_start/src/raspimouse_msgs) by extension 'ignore_ament_install'
[1.558s] Level 1:colcon.colcon_core.package_identification:_identify(/home/arthike/workspaces/pimouse_start/src/raspimouse_msgs) by extensions ['colcon_pkg']
[1.558s] Level 1:colcon.colcon_core.package_identification:_identify(/home/arthike/workspaces/pimouse_start/src/raspimouse_msgs) by extension 'colcon_pkg'
[1.558s] Level 1:colcon.colcon_core.package_identification:_identify(/home/arthike/workspaces/pimouse_start/src/raspimouse_msgs) by extensions ['colcon_meta']
[1.559s] Level 1:colcon.colcon_core.package_identification:_identify(/home/arthike/workspaces/pimouse_start/src/raspimouse_msgs) by extension 'colcon_meta'
[1.559s] Level 1:colcon.colcon_core.package_identification:_identify(/home/arthike/workspaces/pimouse_start/src/raspimouse_msgs) by extensions ['ros']
[1.559s] Level 1:colcon.colcon_core.package_identification:_identify(/home/arthike/workspaces/pimouse_start/src/raspimouse_msgs) by extension 'ros'
[1.561s] DEBUG:colcon.colcon_core.package_identification:Package '/home/arthike/workspaces/pimouse_start/src/raspimouse_msgs' with type 'ros.ament_cmake' and name 'raspimouse_msgs'
[1.561s] Level 1:colcon.colcon_core.package_discovery:discover_packages(recursive) using defaults
[1.639s] Level 1:colcon.colcon_core.package_discovery:discover_packages(prefix_path) check parameters
[1.639s] Level 1:colcon.colcon_core.package_discovery:discover_packages(prefix_path) discover
[1.648s] DEBUG:colcon.colcon_installed_package_information.package_discovery:Found 2 installed packages in /home/arthike/workspaces/pimouse_start/install
[1.658s] DEBUG:colcon.colcon_installed_package_information.package_discovery:Found 305 installed packages in /opt/ros/humble
[1.663s] Level 1:colcon.colcon_core.package_discovery:discover_packages(prefix_path) using defaults
[1.926s] Level 5:colcon.colcon_core.verb:set package 'raspimouse_description' build argument 'cmake_args' from command line to '['-DCMAKE_BUILD_TYPE=RelWithDebInfo']'
[1.926s] Level 5:colcon.colcon_core.verb:set package 'raspimouse_description' build argument 'cmake_target' from command line to 'None'
[1.926s] Level 5:colcon.colcon_core.verb:set package 'raspimouse_description' build argument 'cmake_target_skip_unavailable' from command line to 'False'
[1.927s] Level 5:colcon.colcon_core.verb:set package 'raspimouse_description' build argument 'cmake_clean_cache' from command line to 'False'
[1.927s] Level 5:colcon.colcon_core.verb:set package 'raspimouse_description' build argument 'cmake_clean_first' from command line to 'False'
[1.927s] Level 5:colcon.colcon_core.verb:set package 'raspimouse_description' build argument 'cmake_force_configure' from command line to 'False'
[1.927s] Level 5:colcon.colcon_core.verb:set package 'raspimouse_description' build argument 'ament_cmake_args' from command line to 'None'
[1.928s] Level 5:colcon.colcon_core.verb:set package 'raspimouse_description' build argument 'catkin_cmake_args' from command line to 'None'
[1.928s] Level 5:colcon.colcon_core.verb:set package 'raspimouse_description' build argument 'catkin_skip_building_tests' from command line to 'False'
[1.928s] DEBUG:colcon.colcon_core.verb:Building package 'raspimouse_description' with the following arguments: {'ament_cmake_args': None, 'build_base': '/home/arthike/workspaces/pimouse_start/src/build/raspimouse_description', 'catkin_cmake_args': None, 'catkin_skip_building_tests': False, 'cmake_args': ['-DCMAKE_BUILD_TYPE=RelWithDebInfo'], 'cmake_clean_cache': False, 'cmake_clean_first': False, 'cmake_force_configure': False, 'cmake_target': None, 'cmake_target_skip_unavailable': False, 'install_base': '/home/arthike/workspaces/pimouse_start/src/install/raspimouse_description', 'merge_install': False, 'path': '/home/arthike/workspaces/pimouse_start/src/raspimouse_description', 'symlink_install': True, 'test_result_base': None}
[1.932s] Level 5:colcon.colcon_core.verb:set package 'raspimouse_msgs' build argument 'cmake_args' from command line to '['-DCMAKE_BUILD_TYPE=RelWithDebInfo']'
[1.932s] Level 5:colcon.colcon_core.verb:set package 'raspimouse_msgs' build argument 'cmake_target' from command line to 'None'
[1.933s] Level 5:colcon.colcon_core.verb:set package 'raspimouse_msgs' build argument 'cmake_target_skip_unavailable' from command line to 'False'
[1.933s] Level 5:colcon.colcon_core.verb:set package 'raspimouse_msgs' build argument 'cmake_clean_cache' from command line to 'False'
[1.933s] Level 5:colcon.colcon_core.verb:set package 'raspimouse_msgs' build argument 'cmake_clean_first' from command line to 'False'
[1.933s] Level 5:colcon.colcon_core.verb:set package 'raspimouse_msgs' build argument 'cmake_force_configure' from command line to 'False'
[1.934s] Level 5:colcon.colcon_core.verb:set package 'raspimouse_msgs' build argument 'ament_cmake_args' from command line to 'None'
[1.934s] Level 5:colcon.colcon_core.verb:set package 'raspimouse_msgs' build argument 'catkin_cmake_args' from command line to 'None'
[1.934s] Level 5:colcon.colcon_core.verb:set package 'raspimouse_msgs' build argument 'catkin_skip_building_tests' from command line to 'False'
[1.934s] DEBUG:colcon.colcon_core.verb:Building package 'raspimouse_msgs' with the following arguments: {'ament_cmake_args': None, 'build_base': '/home/arthike/workspaces/pimouse_start/src/build/raspimouse_msgs', 'catkin_cmake_args': None, 'catkin_skip_building_tests': False, 'cmake_args': ['-DCMAKE_BUILD_TYPE=RelWithDebInfo'], 'cmake_clean_cache': False, 'cmake_clean_first': False, 'cmake_force_configure': False, 'cmake_target': None, 'cmake_target_skip_unavailable': False, 'install_base': '/home/arthike/workspaces/pimouse_start/src/install/raspimouse_msgs', 'merge_install': False, 'path': '/home/arthike/workspaces/pimouse_start/src/raspimouse_msgs', 'symlink_install': True, 'test_result_base': None}
[1.936s] Level 5:colcon.colcon_core.verb:set package 'raspimouse' build argument 'cmake_args' from command line to '['-DCMAKE_BUILD_TYPE=RelWithDebInfo']'
[1.937s] Level 5:colcon.colcon_core.verb:set package 'raspimouse' build argument 'cmake_target' from command line to 'None'
[1.937s] Level 5:colcon.colcon_core.verb:set package 'raspimouse' build argument 'cmake_target_skip_unavailable' from command line to 'False'
[1.937s] Level 5:colcon.colcon_core.verb:set package 'raspimouse' build argument 'cmake_clean_cache' from command line to 'False'
[1.937s] Level 5:colcon.colcon_core.verb:set package 'raspimouse' build argument 'cmake_clean_first' from command line to 'False'
[1.937s] Level 5:colcon.colcon_core.verb:set package 'raspimouse' build argument 'cmake_force_configure' from command line to 'False'
[1.937s] Level 5:colcon.colcon_core.verb:set package 'raspimouse' build argument 'ament_cmake_args' from command line to 'None'
[1.937s] Level 5:colcon.colcon_core.verb:set package 'raspimouse' build argument 'catkin_cmake_args' from command line to 'None'
[1.937s] Level 5:colcon.colcon_core.verb:set package 'raspimouse' build argument 'catkin_skip_building_tests' from command line to 'False'
[1.937s] DEBUG:colcon.colcon_core.verb:Building package 'raspimouse' with the following arguments: {'ament_cmake_args': None, 'build_base': '/home/arthike/workspaces/pimouse_start/src/build/raspimouse', 'catkin_cmake_args': None, 'catkin_skip_building_tests': False, 'cmake_args': ['-DCMAKE_BUILD_TYPE=RelWithDebInfo'], 'cmake_clean_cache': False, 'cmake_clean_first': False, 'cmake_force_configure': False, 'cmake_target': None, 'cmake_target_skip_unavailable': False, 'install_base': '/home/arthike/workspaces/pimouse_start/src/install/raspimouse', 'merge_install': False, 'path': '/home/arthike/workspaces/pimouse_start/src/raspimouse', 'symlink_install': True, 'test_result_base': None}
[1.938s] INFO:colcon.colcon_core.executor:Executing jobs using 'parallel' executor
[1.943s] DEBUG:colcon.colcon_parallel_executor.executor.parallel:run_until_complete
[1.945s] INFO:colcon.colcon_ros.task.ament_cmake.build:Building ROS package in '/home/arthike/workspaces/pimouse_start/src/raspimouse_msgs' with build type 'ament_cmake'
[1.946s] INFO:colcon.colcon_cmake.task.cmake.build:Building CMake package in '/home/arthike/workspaces/pimouse_start/src/raspimouse_msgs'
[1.959s] INFO:colcon.colcon_core.plugin_system:Skipping extension 'colcon_core.shell.bat': Not used on non-Windows systems
[1.959s] INFO:colcon.colcon_core.shell:Skip shell extension 'powershell' for command environment: Not usable outside of PowerShell
[1.960s] DEBUG:colcon.colcon_core.shell:Skip shell extension 'dsv' for command environment
[1.996s] INFO:colcon.colcon_ros.task.catkin.build:Building ROS package in '/home/arthike/workspaces/pimouse_start/src/raspimouse_description' with build type 'catkin'
[1.997s] INFO:colcon.colcon_cmake.task.cmake.build:Building CMake package in '/home/arthike/workspaces/pimouse_start/src/raspimouse_description'
[2.000s] INFO:colcon.colcon_core.shell:Skip shell extension 'powershell' for command environment: Not usable outside of PowerShell
[2.000s] DEBUG:colcon.colcon_core.shell:Skip shell extension 'dsv' for command environment
[2.043s] DEBUG:colcon.colcon_core.event_handler.log_command:Invoking command in '/home/arthike/workspaces/pimouse_start/src/build/raspimouse_msgs': CMAKE_PREFIX_PATH=${CMAKE_PREFIX_PATH}:/opt/ros/humble /usr/bin/cmake --build /home/arthike/workspaces/pimouse_start/src/build/raspimouse_msgs -- -j7 -l7
[2.094s] DEBUG:colcon.colcon_core.event_handler.log_command:Invoking command in '/home/arthike/workspaces/pimouse_start/src/build/raspimouse_description': /usr/bin/cmake /home/arthike/workspaces/pimouse_start/src/raspimouse_description -DCMAKE_BUILD_TYPE=RelWithDebInfo -DCATKIN_INSTALL_INTO_PREFIX_ROOT=0 -DCATKIN_SYMLINK_INSTALL=ON -DCMAKE_INSTALL_PREFIX=/home/arthike/workspaces/pimouse_start/src/install/raspimouse_description
[4.612s] DEBUG:colcon.colcon_core.event_handler.log_command:Invoked command in '/home/arthike/workspaces/pimouse_start/src/build/raspimouse_msgs' returned '0': CMAKE_PREFIX_PATH=${CMAKE_PREFIX_PATH}:/opt/ros/humble /usr/bin/cmake --build /home/arthike/workspaces/pimouse_start/src/build/raspimouse_msgs -- -j7 -l7
[5.009s] DEBUG:colcon.colcon_core.event_handler.log_command:Invoked command in '/home/arthike/workspaces/pimouse_start/src/build/raspimouse_description' returned '1': /usr/bin/cmake /home/arthike/workspaces/pimouse_start/src/raspimouse_description -DCMAKE_BUILD_TYPE=RelWithDebInfo -DCATKIN_INSTALL_INTO_PREFIX_ROOT=0 -DCATKIN_SYMLINK_INSTALL=ON -DCMAKE_INSTALL_PREFIX=/home/arthike/workspaces/pimouse_start/src/install/raspimouse_description
[5.109s] Level 1:colcon.colcon_core.environment:create_environment_scripts_only(raspimouse_description)
[5.132s] Level 1:colcon.colcon_core.environment:checking '/home/arthike/workspaces/pimouse_start/src/install/raspimouse_description' for CMake module files
[5.138s] Level 1:colcon.colcon_core.environment:checking '/home/arthike/workspaces/pimouse_start/src/install/raspimouse_description' for CMake config files
[5.142s] Level 1:colcon.colcon_core.environment:checking '/home/arthike/workspaces/pimouse_start/src/install/raspimouse_description/bin'
[5.142s] Level 1:colcon.colcon_core.environment:checking '/home/arthike/workspaces/pimouse_start/src/install/raspimouse_description/lib/pkgconfig/raspimouse_description.pc'
[5.143s] Level 1:colcon.colcon_core.environment:checking '/home/arthike/workspaces/pimouse_start/src/install/raspimouse_description/lib/python3.10/site-packages'
[5.144s] Level 1:colcon.colcon_core.environment:checking '/home/arthike/workspaces/pimouse_start/src/install/raspimouse_description/bin'
[5.148s] INFO:colcon.colcon_core.shell:Creating package script '/home/arthike/workspaces/pimouse_start/src/install/raspimouse_description/share/raspimouse_description/package.ps1'
[5.153s] INFO:colcon.colcon_core.shell:Creating package descriptor '/home/arthike/workspaces/pimouse_start/src/install/raspimouse_description/share/raspimouse_description/package.dsv'
[5.156s] INFO:colcon.colcon_core.shell:Creating package script '/home/arthike/workspaces/pimouse_start/src/install/raspimouse_description/share/raspimouse_description/package.sh'
[5.159s] INFO:colcon.colcon_core.shell:Creating package script '/home/arthike/workspaces/pimouse_start/src/install/raspimouse_description/share/raspimouse_description/package.bash'
[5.164s] INFO:colcon.colcon_core.shell:Creating package script '/home/arthike/workspaces/pimouse_start/src/install/raspimouse_description/share/raspimouse_description/package.zsh'
[5.167s] Level 1:colcon.colcon_core.environment:create_file_with_runtime_dependencies(/home/arthike/workspaces/pimouse_start/src/install/raspimouse_description/share/colcon-core/packages/raspimouse_description)
[6.235s] DEBUG:colcon.colcon_parallel_executor.executor.parallel:closing loop
[6.236s] DEBUG:colcon.colcon_parallel_executor.executor.parallel:loop closed
[6.236s] DEBUG:colcon.colcon_parallel_executor.executor.parallel:run_until_complete finished with '1'
[6.237s] DEBUG:colcon.colcon_core.event_reactor:joining thread
[6.271s] INFO:colcon.colcon_core.plugin_system:Skipping extension 'colcon_notification.desktop_notification.terminal_notifier': Not used on non-Darwin systems
[6.271s] INFO:colcon.colcon_core.plugin_system:Skipping extension 'colcon_notification.desktop_notification.win32': Not used on non-Windows systems
[6.271s] INFO:colcon.colcon_notification.desktop_notification:Sending desktop notification using 'notify2'
[6.365s] DEBUG:colcon.colcon_core.event_reactor:joined thread
[6.369s] INFO:colcon.colcon_core.shell:Creating prefix script '/home/arthike/workspaces/pimouse_start/src/install/local_setup.ps1'
[6.372s] INFO:colcon.colcon_core.shell:Creating prefix util module '/home/arthike/workspaces/pimouse_start/src/install/_local_setup_util_ps1.py'
[6.378s] INFO:colcon.colcon_core.shell:Creating prefix chain script '/home/arthike/workspaces/pimouse_start/src/install/setup.ps1'
[6.380s] INFO:colcon.colcon_core.shell:Creating prefix script '/home/arthike/workspaces/pimouse_start/src/install/local_setup.sh'
[6.382s] INFO:colcon.colcon_core.shell:Creating prefix util module '/home/arthike/workspaces/pimouse_start/src/install/_local_setup_util_sh.py'
[6.385s] INFO:colcon.colcon_core.shell:Creating prefix chain script '/home/arthike/workspaces/pimouse_start/src/install/setup.sh'
[6.390s] INFO:colcon.colcon_core.shell:Creating prefix script '/home/arthike/workspaces/pimouse_start/src/install/local_setup.bash'
[6.391s] INFO:colcon.colcon_core.shell:Creating prefix chain script '/home/arthike/workspaces/pimouse_start/src/install/setup.bash'
[6.394s] INFO:colcon.colcon_core.shell:Creating prefix script '/home/arthike/workspaces/pimouse_start/src/install/local_setup.zsh'
[6.395s] INFO:colcon.colcon_core.shell:Creating prefix chain script '/home/arthike/workspaces/pimouse_start/src/install/setup.zsh'
