[0.000000] (-) TimerEvent: {}
[0.000937] (raspimouse_description) JobQueued: {'identifier': 'raspimouse_description', 'dependencies': OrderedDict()}
[0.001154] (raspimouse_msgs) JobQueued: {'identifier': 'raspimouse_msgs', 'dependencies': OrderedDict()}
[0.001337] (raspimouse) JobQueued: {'identifier': 'raspimouse', 'dependencies': OrderedDict([('raspimouse_msgs', '/home/arthike/workspaces/pimouse_start/src/install/raspimouse_msgs')])}
[0.001501] (raspimouse_msgs) JobStarted: {'identifier': 'raspimouse_msgs'}
[0.067566] (raspimouse_description) JobStarted: {'identifier': 'raspimouse_description'}
[0.095890] (-) TimerEvent: {}
[0.154246] (raspimouse_msgs) JobProgress: {'identifier': 'raspimouse_msgs', 'progress': 'cmake'}
[0.162937] (raspimouse_msgs) JobProgress: {'identifier': 'raspimouse_msgs', 'progress': 'build'}
[0.167943] (raspimouse_msgs) Command: {'cmd': ['/usr/bin/cmake', '--build', '/home/arthike/workspaces/pimouse_start/src/build/raspimouse_msgs', '--', '-j7', '-l7'], 'cwd': '/home/arthike/workspaces/pimouse_start/src/build/raspimouse_msgs', 'env': OrderedDict([('GJS_DEBUG_TOPICS', 'JS ERROR;JS LOG'), ('LESSOPEN', '| /usr/bin/lesspipe %s'), ('VSCODE_CWD', '/home/arthike'), ('LANGUAGE', 'en_US:'), ('USER', 'arthike'), ('SNAP_COMMON', '/var/snap/code/common'), ('LC_TIME', 'nl_NL.UTF-8'), ('VSCODE_NLS_CONFIG', '{"locale":"en-us","osLocale":"en-us","availableLanguages":{},"_languagePackSupport":true}'), ('GIO_MODULE_DIR', '/home/arthike/snap/code/common/.cache/gio-modules'), ('VSCODE_HANDLES_UNCAUGHT_ERRORS', 'true'), ('XDG_SESSION_TYPE', 'wayland'), ('GIT_ASKPASS', '/snap/code/132/usr/share/code/resources/app/extensions/git/dist/askpass.sh'), ('SHLVL', '0'), ('LD_LIBRARY_PATH', '/home/arthike/workspaces/pimouse_start/install/raspimouse/lib:/home/arthike/workspaces/pimouse_start/install/raspimouse_msgs/lib:/opt/ros/humble/opt/rviz_ogre_vendor/lib:/opt/ros/humble/lib/x86_64-linux-gnu:/opt/ros/humble/lib'), ('HOME', '/home/arthike'), ('CHROME_DESKTOP', 'code-url-handler.desktop'), ('SNAP_LIBRARY_PATH', '/var/lib/snapd/lib/gl:/var/lib/snapd/lib/gl32:/var/lib/snapd/void'), ('TERM_PROGRAM_VERSION', '1.79.2'), ('DESKTOP_SESSION', 'ubuntu'), ('SNAP_USER_DATA', '/home/arthike/snap/code/132'), ('GTK_PATH', '/snap/code/132/usr/lib/x86_64-linux-gnu/gtk-3.0'), ('VSCODE_IPC_HOOK', '/run/user/1000/vscode-8d1340c4-1.79-main.sock'), ('GTK_IM_MODULE_FILE', '/home/arthike/snap/code/common/.cache/immodules/immodules.cache'), ('GIO_LAUNCHED_DESKTOP_FILE', '/var/lib/snapd/desktop/applications/code_code.desktop'), ('APPLICATION_INSIGHTS_NO_DIAGNOSTIC_CHANNEL', '1'), ('ROS_PYTHON_VERSION', '3'), ('GNOME_SHELL_SESSION_MODE', 'ubuntu'), ('GTK_MODULES', 'gail:atk-bridge'), ('VSCODE_GIT_ASKPASS_MAIN', '/snap/code/132/usr/share/code/resources/app/extensions/git/dist/askpass-main.js'), ('LC_MONETARY', 'nl_NL.UTF-8'), ('VSCODE_GIT_ASKPASS_NODE', '/snap/code/132/usr/share/code/code'), ('MANAGERPID', '1164'), ('SYSTEMD_EXEC_PID', '1459'), ('IM_CONFIG_CHECK_ENV', '1'), ('DBUS_SESSION_BUS_ADDRESS', 'unix:path=/run/user/1000/bus'), ('SNAP_REVISION', '132'), ('COLORTERM', 'truecolor'), ('GIO_LAUNCHED_DESKTOP_FILE_PID', '5575'), ('VSCODE_CRASH_REPORTER_PROCESS_TYPE', 'extensionHost'), ('IM_CONFIG_PHASE', '1'), ('WAYLAND_DISPLAY', 'wayland-0'), ('VSCODE_L10N_BUNDLE_LOCATION', ''), ('COLCON_PREFIX_PATH', '/home/arthike/workspaces/pimouse_start/install'), ('ROS_DISTRO', 'humble'), ('LOGNAME', 'arthike'), ('_', '/usr/bin/colcon'), ('SNAP_CONTEXT', '6qTltQyAE6O-hCz1I8rniOBR9iF5fi-Kn1__XywhKPCLypi8C8bu'), ('JOURNAL_STREAM', '8:24771'), ('ROS_VERSION', '2'), ('XDG_SESSION_CLASS', 'user'), ('SNAP_VERSION', '695af097'), ('USERNAME', 'arthike'), ('TERM', 'xterm-256color'), ('GNOME_DESKTOP_SESSION_ID', 'this-is-deprecated'), ('SNAP_INSTANCE_NAME', 'code'), ('ROS_LOCALHOST_ONLY', '0'), ('PATH', '/home/arthike/workspaces/pimouse_start/install/raspimouse/bin:/opt/ros/humble/bin:/usr/local/sbin:/usr/local/bin:/usr/sbin:/usr/bin:/sbin:/bin:/usr/games:/usr/local/games:/snap/bin:/snap/bin'), ('SESSION_MANAGER', 'local/arthike-virtual-machine:@/tmp/.ICE-unix/1338,unix/arthike-virtual-machine:/tmp/.ICE-unix/1338'), ('VSCODE_AMD_ENTRYPOINT', 'vs/workbench/api/node/extensionHostProcess'), ('GTK_EXE_PREFIX', '/snap/code/132/usr'), ('INVOCATION_ID', '1c2ba757ea8c47e28302f2462b5b3585'), ('XDG_MENU_PREFIX', 'gnome-'), ('LC_ADDRESS', 'nl_NL.UTF-8'), ('BAMF_DESKTOP_FILE_HINT', '/var/lib/snapd/desktop/applications/code_code.desktop'), ('GNOME_SETUP_DISPLAY', ':1'), ('SNAP_DATA', '/var/snap/code/132'), ('XDG_RUNTIME_DIR', '/run/user/1000'), ('GDK_BACKEND', 'x11'), ('DISPLAY', ':0'), ('LOCPATH', '/snap/code/132/usr/lib/locale'), ('LANG', 'en_US.UTF-8'), ('XDG_CURRENT_DESKTOP', 'Unity'), ('LC_TELEPHONE', 'nl_NL.UTF-8'), ('XMODIFIERS', '@im=ibus'), ('XDG_SESSION_DESKTOP', 'ubuntu'), ('XAUTHORITY', '/run/user/1000/.mutter-Xwaylandauth.ILOV71'), ('LS_COLORS', ''), ('VSCODE_GIT_IPC_HANDLE', '/run/user/1000/vscode-git-62a65cebf6.sock'), ('TERM_PROGRAM', 'vscode'), ('SSH_AGENT_LAUNCHER', 'gnome-keyring'), ('SNAP_USER_COMMON', '/home/arthike/snap/code/common'), ('SSH_AUTH_SOCK', '/run/user/1000/keyring/ssh'), ('GSETTINGS_SCHEMA_DIR', '/home/arthike/snap/code/132/.local/share/glib-2.0/schemas'), ('SNAP_ARCH', 'amd64'), ('AMENT_PREFIX_PATH', '/home/arthike/workspaces/pimouse_start/install/raspimouse:/home/arthike/workspaces/pimouse_start/install/raspimouse_msgs:/opt/ros/humble'), ('SNAP_COOKIE', '6qTltQyAE6O-hCz1I8rniOBR9iF5fi-Kn1__XywhKPCLypi8C8bu'), ('ORIGINAL_XDG_CURRENT_DESKTOP', 'ubuntu:GNOME'), ('SHELL', '/bin/bash'), ('LC_NAME', 'nl_NL.UTF-8'), ('GDK_PIXBUF_MODULEDIR', '/snap/code/132/usr/lib/x86_64-linux-gnu/gdk-pixbuf-2.0/2.10.0/loaders'), ('QT_ACCESSIBILITY', '1'), ('ELECTRON_RUN_AS_NODE', '1'), ('GDMSESSION', 'ubuntu'), ('LESSCLOSE', '/usr/bin/lesspipe %s %s'), ('SNAP_NAME', 'code'), ('LC_MEASUREMENT', 'nl_NL.UTF-8'), ('GDK_PIXBUF_MODULE_FILE', '/home/arthike/snap/code/common/.cache/gdk-pixbuf-loaders.cache'), ('GJS_DEBUG_OUTPUT', 'stderr'), ('LC_IDENTIFICATION', 'nl_NL.UTF-8'), ('SNAP_LAUNCHER_ARCH_TRIPLET', 'x86_64-linux-gnu'), ('VSCODE_GIT_ASKPASS_EXTRA_ARGS', '--ms-enable-electron-run-as-node'), ('QT_IM_MODULE', 'ibus'), ('PWD', '/home/arthike/workspaces/pimouse_start/src/build/raspimouse_msgs'), ('VSCODE_CLI', '1'), ('XDG_CONFIG_DIRS', '/etc/xdg/xdg-ubuntu:/etc/xdg'), ('SNAP_REAL_HOME', '/home/arthike'), ('VSCODE_CODE_CACHE_PATH', '/home/arthike/.config/Code/CachedData/695af097c7bd098fbf017ce3ac85e09bbc5dda06'), ('XDG_DATA_DIRS', '/home/arthike/snap/code/132/.local/share:/home/arthike/snap/code/132:/snap/code/132/usr/share:/usr/share/ubuntu:/usr/local/share/:/usr/share/:/var/lib/snapd/desktop'), ('PYTHONPATH', '/home/arthike/workspaces/pimouse_start/install/raspimouse_msgs/local/lib/python3.10/dist-packages:/opt/ros/humble/lib/python3.10/site-packages:/opt/ros/humble/local/lib/python3.10/dist-packages'), ('SNAP', '/snap/code/132'), ('LC_NUMERIC', 'nl_NL.UTF-8'), ('LC_PAPER', 'nl_NL.UTF-8'), ('COLCON', '1'), ('ELECTRON_NO_ATTACH_CONSOLE', '1'), ('CMAKE_PREFIX_PATH', '/home/arthike/workspaces/pimouse_start/install/raspimouse:/home/arthike/workspaces/pimouse_start/install/raspimouse_msgs:/opt/ros/humble'), ('VSCODE_PID', '5684')]), 'shell': False}
[0.195416] (raspimouse_description) JobProgress: {'identifier': 'raspimouse_description', 'progress': 'cmake'}
[0.197043] (-) TimerEvent: {}
[0.211468] (raspimouse_description) Command: {'cmd': ['/usr/bin/cmake', '/home/arthike/workspaces/pimouse_start/src/raspimouse_description', '-DCMAKE_BUILD_TYPE=RelWithDebInfo', '-DCATKIN_INSTALL_INTO_PREFIX_ROOT=0', '-DCATKIN_SYMLINK_INSTALL=ON', '-DCMAKE_INSTALL_PREFIX=/home/arthike/workspaces/pimouse_start/src/install/raspimouse_description'], 'cwd': '/home/arthike/workspaces/pimouse_start/src/build/raspimouse_description', 'env': OrderedDict([('GJS_DEBUG_TOPICS', 'JS ERROR;JS LOG'), ('LESSOPEN', '| /usr/bin/lesspipe %s'), ('VSCODE_CWD', '/home/arthike'), ('LANGUAGE', 'en_US:'), ('USER', 'arthike'), ('SNAP_COMMON', '/var/snap/code/common'), ('LC_TIME', 'nl_NL.UTF-8'), ('VSCODE_NLS_CONFIG', '{"locale":"en-us","osLocale":"en-us","availableLanguages":{},"_languagePackSupport":true}'), ('GIO_MODULE_DIR', '/home/arthike/snap/code/common/.cache/gio-modules'), ('VSCODE_HANDLES_UNCAUGHT_ERRORS', 'true'), ('XDG_SESSION_TYPE', 'wayland'), ('GIT_ASKPASS', '/snap/code/132/usr/share/code/resources/app/extensions/git/dist/askpass.sh'), ('SHLVL', '0'), ('LD_LIBRARY_PATH', '/home/arthike/workspaces/pimouse_start/install/raspimouse/lib:/home/arthike/workspaces/pimouse_start/install/raspimouse_msgs/lib:/opt/ros/humble/opt/rviz_ogre_vendor/lib:/opt/ros/humble/lib/x86_64-linux-gnu:/opt/ros/humble/lib'), ('HOME', '/home/arthike'), ('CHROME_DESKTOP', 'code-url-handler.desktop'), ('SNAP_LIBRARY_PATH', '/var/lib/snapd/lib/gl:/var/lib/snapd/lib/gl32:/var/lib/snapd/void'), ('TERM_PROGRAM_VERSION', '1.79.2'), ('DESKTOP_SESSION', 'ubuntu'), ('SNAP_USER_DATA', '/home/arthike/snap/code/132'), ('GTK_PATH', '/snap/code/132/usr/lib/x86_64-linux-gnu/gtk-3.0'), ('VSCODE_IPC_HOOK', '/run/user/1000/vscode-8d1340c4-1.79-main.sock'), ('GTK_IM_MODULE_FILE', '/home/arthike/snap/code/common/.cache/immodules/immodules.cache'), ('GIO_LAUNCHED_DESKTOP_FILE', '/var/lib/snapd/desktop/applications/code_code.desktop'), ('APPLICATION_INSIGHTS_NO_DIAGNOSTIC_CHANNEL', '1'), ('ROS_PYTHON_VERSION', '3'), ('GNOME_SHELL_SESSION_MODE', 'ubuntu'), ('GTK_MODULES', 'gail:atk-bridge'), ('VSCODE_GIT_ASKPASS_MAIN', '/snap/code/132/usr/share/code/resources/app/extensions/git/dist/askpass-main.js'), ('LC_MONETARY', 'nl_NL.UTF-8'), ('VSCODE_GIT_ASKPASS_NODE', '/snap/code/132/usr/share/code/code'), ('MANAGERPID', '1164'), ('SYSTEMD_EXEC_PID', '1459'), ('IM_CONFIG_CHECK_ENV', '1'), ('DBUS_SESSION_BUS_ADDRESS', 'unix:path=/run/user/1000/bus'), ('SNAP_REVISION', '132'), ('COLORTERM', 'truecolor'), ('GIO_LAUNCHED_DESKTOP_FILE_PID', '5575'), ('VSCODE_CRASH_REPORTER_PROCESS_TYPE', 'extensionHost'), ('IM_CONFIG_PHASE', '1'), ('WAYLAND_DISPLAY', 'wayland-0'), ('VSCODE_L10N_BUNDLE_LOCATION', ''), ('COLCON_PREFIX_PATH', '/home/arthike/workspaces/pimouse_start/install'), ('ROS_DISTRO', 'humble'), ('LOGNAME', 'arthike'), ('_', '/usr/bin/colcon'), ('SNAP_CONTEXT', '6qTltQyAE6O-hCz1I8rniOBR9iF5fi-Kn1__XywhKPCLypi8C8bu'), ('JOURNAL_STREAM', '8:24771'), ('ROS_VERSION', '2'), ('XDG_SESSION_CLASS', 'user'), ('SNAP_VERSION', '695af097'), ('USERNAME', 'arthike'), ('TERM', 'xterm-256color'), ('GNOME_DESKTOP_SESSION_ID', 'this-is-deprecated'), ('SNAP_INSTANCE_NAME', 'code'), ('ROS_LOCALHOST_ONLY', '0'), ('PATH', '/home/arthike/workspaces/pimouse_start/install/raspimouse/bin:/opt/ros/humble/bin:/usr/local/sbin:/usr/local/bin:/usr/sbin:/usr/bin:/sbin:/bin:/usr/games:/usr/local/games:/snap/bin:/snap/bin'), ('SESSION_MANAGER', 'local/arthike-virtual-machine:@/tmp/.ICE-unix/1338,unix/arthike-virtual-machine:/tmp/.ICE-unix/1338'), ('VSCODE_AMD_ENTRYPOINT', 'vs/workbench/api/node/extensionHostProcess'), ('GTK_EXE_PREFIX', '/snap/code/132/usr'), ('INVOCATION_ID', '1c2ba757ea8c47e28302f2462b5b3585'), ('XDG_MENU_PREFIX', 'gnome-'), ('LC_ADDRESS', 'nl_NL.UTF-8'), ('BAMF_DESKTOP_FILE_HINT', '/var/lib/snapd/desktop/applications/code_code.desktop'), ('GNOME_SETUP_DISPLAY', ':1'), ('SNAP_DATA', '/var/snap/code/132'), ('XDG_RUNTIME_DIR', '/run/user/1000'), ('GDK_BACKEND', 'x11'), ('DISPLAY', ':0'), ('LOCPATH', '/snap/code/132/usr/lib/locale'), ('LANG', 'en_US.UTF-8'), ('XDG_CURRENT_DESKTOP', 'Unity'), ('LC_TELEPHONE', 'nl_NL.UTF-8'), ('XMODIFIERS', '@im=ibus'), ('XDG_SESSION_DESKTOP', 'ubuntu'), ('XAUTHORITY', '/run/user/1000/.mutter-Xwaylandauth.ILOV71'), ('LS_COLORS', ''), ('VSCODE_GIT_IPC_HANDLE', '/run/user/1000/vscode-git-62a65cebf6.sock'), ('TERM_PROGRAM', 'vscode'), ('SSH_AGENT_LAUNCHER', 'gnome-keyring'), ('SNAP_USER_COMMON', '/home/arthike/snap/code/common'), ('SSH_AUTH_SOCK', '/run/user/1000/keyring/ssh'), ('GSETTINGS_SCHEMA_DIR', '/home/arthike/snap/code/132/.local/share/glib-2.0/schemas'), ('SNAP_ARCH', 'amd64'), ('AMENT_PREFIX_PATH', '/home/arthike/workspaces/pimouse_start/install/raspimouse:/home/arthike/workspaces/pimouse_start/install/raspimouse_msgs:/opt/ros/humble'), ('SNAP_COOKIE', '6qTltQyAE6O-hCz1I8rniOBR9iF5fi-Kn1__XywhKPCLypi8C8bu'), ('ORIGINAL_XDG_CURRENT_DESKTOP', 'ubuntu:GNOME'), ('SHELL', '/bin/bash'), ('LC_NAME', 'nl_NL.UTF-8'), ('GDK_PIXBUF_MODULEDIR', '/snap/code/132/usr/lib/x86_64-linux-gnu/gdk-pixbuf-2.0/2.10.0/loaders'), ('QT_ACCESSIBILITY', '1'), ('ELECTRON_RUN_AS_NODE', '1'), ('GDMSESSION', 'ubuntu'), ('LESSCLOSE', '/usr/bin/lesspipe %s %s'), ('SNAP_NAME', 'code'), ('LC_MEASUREMENT', 'nl_NL.UTF-8'), ('GDK_PIXBUF_MODULE_FILE', '/home/arthike/snap/code/common/.cache/gdk-pixbuf-loaders.cache'), ('GJS_DEBUG_OUTPUT', 'stderr'), ('LC_IDENTIFICATION', 'nl_NL.UTF-8'), ('SNAP_LAUNCHER_ARCH_TRIPLET', 'x86_64-linux-gnu'), ('VSCODE_GIT_ASKPASS_EXTRA_ARGS', '--ms-enable-electron-run-as-node'), ('QT_IM_MODULE', 'ibus'), ('PWD', '/home/arthike/workspaces/pimouse_start/src/build/raspimouse_description'), ('VSCODE_CLI', '1'), ('XDG_CONFIG_DIRS', '/etc/xdg/xdg-ubuntu:/etc/xdg'), ('SNAP_REAL_HOME', '/home/arthike'), ('VSCODE_CODE_CACHE_PATH', '/home/arthike/.config/Code/CachedData/695af097c7bd098fbf017ce3ac85e09bbc5dda06'), ('XDG_DATA_DIRS', '/home/arthike/snap/code/132/.local/share:/home/arthike/snap/code/132:/snap/code/132/usr/share:/usr/share/ubuntu:/usr/local/share/:/usr/share/:/var/lib/snapd/desktop'), ('PYTHONPATH', '/home/arthike/workspaces/pimouse_start/install/raspimouse_msgs/local/lib/python3.10/dist-packages:/opt/ros/humble/lib/python3.10/site-packages:/opt/ros/humble/local/lib/python3.10/dist-packages'), ('SNAP', '/snap/code/132'), ('LC_NUMERIC', 'nl_NL.UTF-8'), ('LC_PAPER', 'nl_NL.UTF-8'), ('COLCON', '1'), ('ELECTRON_NO_ATTACH_CONSOLE', '1'), ('CMAKE_PREFIX_PATH', '/home/arthike/workspaces/pimouse_start/install/raspimouse:/home/arthike/workspaces/pimouse_start/install/raspimouse_msgs'), ('VSCODE_PID', '5684')]), 'shell': False}
[0.262664] (raspimouse_description) StdoutLine: {'line': b'-- Found ament_cmake: 1.3.4 (/opt/ros/humble/share/ament_cmake/cmake)\n'}
[0.297229] (-) TimerEvent: {}
[0.397837] (-) TimerEvent: {}
[0.499966] (-) TimerEvent: {}
[0.612275] (-) TimerEvent: {}
[0.682729] (raspimouse_msgs) StdoutLine: {'line': b'[  2%] Built target raspimouse_msgs__cpp\n'}
[0.693002] (raspimouse_msgs) StdoutLine: {'line': b'[ 12%] Built target raspimouse_msgs__rosidl_generator_c\n'}
[0.712514] (raspimouse_msgs) StdoutLine: {'line': b'[ 12%] Built target ament_cmake_python_symlink_raspimouse_msgs\n'}
[0.713280] (-) TimerEvent: {}
[0.816696] (-) TimerEvent: {}
[0.919940] (-) TimerEvent: {}
[1.021198] (-) TimerEvent: {}
[1.031620] (raspimouse_msgs) StdoutLine: {'line': b'[ 23%] Built target raspimouse_msgs__rosidl_typesupport_fastrtps_c\n'}
[1.101141] (raspimouse_msgs) StdoutLine: {'line': b'[ 34%] Built target raspimouse_msgs__rosidl_typesupport_introspection_cpp\n'}
[1.119471] (raspimouse_msgs) StdoutLine: {'line': b'[ 44%] Built target raspimouse_msgs__rosidl_typesupport_cpp\n'}
[1.122107] (-) TimerEvent: {}
[1.136641] (raspimouse_msgs) StdoutLine: {'line': b'[ 55%] Built target raspimouse_msgs__rosidl_typesupport_introspection_c\n'}
[1.164576] (raspimouse_msgs) StdoutLine: {'line': b'[ 65%] Built target raspimouse_msgs__rosidl_typesupport_fastrtps_cpp\n'}
[1.179379] (raspimouse_msgs) StdoutLine: {'line': b'[ 76%] Built target raspimouse_msgs__rosidl_typesupport_c\n'}
[1.222566] (-) TimerEvent: {}
[1.324588] (-) TimerEvent: {}
[1.381463] (raspimouse_description) StdoutLine: {'line': b'-- Found Python3: /usr/bin/python3.10 (found version "3.10.6") found components: Interpreter \n'}
[1.394807] (raspimouse_msgs) StdoutLine: {'line': b'[ 76%] Built target raspimouse_msgs\n'}
[1.425087] (-) TimerEvent: {}
[1.526376] (-) TimerEvent: {}
[1.616887] (raspimouse_msgs) StdoutLine: {'line': b'[ 78%] Built target raspimouse_msgs__py\n'}
[1.634165] (-) TimerEvent: {}
[1.735339] (-) TimerEvent: {}
[1.838283] (-) TimerEvent: {}
[1.863239] (raspimouse_msgs) StdoutLine: {'line': b'[ 87%] Built target raspimouse_msgs__rosidl_generator_py\n'}
[1.938759] (-) TimerEvent: {}
[1.943161] (raspimouse_description) StdoutLine: {'line': b'-- Found rclcpp: 16.0.4 (/opt/ros/humble/share/rclcpp/cmake)\n'}
[2.039033] (-) TimerEvent: {}
[2.105368] (raspimouse_msgs) StdoutLine: {'line': b'[ 91%] Built target raspimouse_msgs__rosidl_typesupport_fastrtps_c__pyext\n'}
[2.139372] (-) TimerEvent: {}
[2.146760] (raspimouse_msgs) StdoutLine: {'line': b'running egg_info\n'}
[2.148873] (raspimouse_msgs) StdoutLine: {'line': b'writing raspimouse_msgs.egg-info/PKG-INFO\n'}
[2.151203] (raspimouse_msgs) StdoutLine: {'line': b'writing dependency_links to raspimouse_msgs.egg-info/dependency_links.txt\n'}
[2.151622] (raspimouse_msgs) StdoutLine: {'line': b'writing top-level names to raspimouse_msgs.egg-info/top_level.txt\n'}
[2.156861] (raspimouse_msgs) StdoutLine: {'line': b"reading manifest file 'raspimouse_msgs.egg-info/SOURCES.txt'\n"}
[2.160449] (raspimouse_msgs) StdoutLine: {'line': b"writing manifest file 'raspimouse_msgs.egg-info/SOURCES.txt'\n"}
[2.189920] (raspimouse_msgs) StdoutLine: {'line': b'[ 95%] Built target raspimouse_msgs__rosidl_typesupport_introspection_c__pyext\n'}
[2.198552] (raspimouse_msgs) StdoutLine: {'line': b'[100%] Built target raspimouse_msgs__rosidl_typesupport_c__pyext\n'}
[2.239859] (-) TimerEvent: {}
[2.283641] (raspimouse_msgs) StdoutLine: {'line': b'[100%] Built target ament_cmake_python_build_raspimouse_msgs_egg\n'}
[2.284401] (raspimouse_description) StdoutLine: {'line': b'-- Found rosidl_generator_c: 3.1.4 (/opt/ros/humble/share/rosidl_generator_c/cmake)\n'}
[2.318072] (raspimouse_description) StdoutLine: {'line': b'-- Found rosidl_adapter: 3.1.4 (/opt/ros/humble/share/rosidl_adapter/cmake)\n'}
[2.340245] (-) TimerEvent: {}
[2.354969] (raspimouse_msgs) CommandEnded: {'returncode': 0}
[2.358731] (raspimouse_description) StdoutLine: {'line': b'-- Found rosidl_generator_cpp: 3.1.4 (/opt/ros/humble/share/rosidl_generator_cpp/cmake)\n'}
[2.440673] (-) TimerEvent: {}
[2.442419] (raspimouse_description) StdoutLine: {'line': b'-- Using all available rosidl_typesupport_c: rosidl_typesupport_fastrtps_c;rosidl_typesupport_introspection_c\n'}
[2.541033] (-) TimerEvent: {}
[2.543042] (raspimouse_description) StdoutLine: {'line': b'-- Using all available rosidl_typesupport_cpp: rosidl_typesupport_fastrtps_cpp;rosidl_typesupport_introspection_cpp\n'}
[2.641305] (-) TimerEvent: {}
[2.743342] (-) TimerEvent: {}
[2.845106] (-) TimerEvent: {}
[2.876186] (raspimouse_description) StdoutLine: {'line': b'-- Found rmw_implementation_cmake: 6.1.1 (/opt/ros/humble/share/rmw_implementation_cmake/cmake)\n'}
[2.886850] (raspimouse_description) StdoutLine: {'line': b'-- Found rmw_fastrtps_cpp: 6.2.2 (/opt/ros/humble/share/rmw_fastrtps_cpp/cmake)\n'}
[2.945483] (-) TimerEvent: {}
[3.046890] (-) TimerEvent: {}
[3.147806] (-) TimerEvent: {}
[3.252022] (-) TimerEvent: {}
[3.356230] (-) TimerEvent: {}
[3.443261] (raspimouse_description) StdoutLine: {'line': b'-- Found OpenSSL: /usr/lib/x86_64-linux-gnu/libcrypto.so (found version "3.0.2")  \n'}
[3.456773] (-) TimerEvent: {}
[3.557996] (-) TimerEvent: {}
[3.576901] (raspimouse_description) StdoutLine: {'line': b'-- Found FastRTPS: /opt/ros/humble/include  \n'}
[3.658426] (-) TimerEvent: {}
[3.759842] (-) TimerEvent: {}
[3.840887] (raspimouse_description) StdoutLine: {'line': b"-- Using RMW implementation 'rmw_fastrtps_cpp' as default\n"}
[3.860350] (-) TimerEvent: {}
[3.874842] (raspimouse_description) StdoutLine: {'line': b'-- Looking for pthread.h\n'}
[3.960811] (-) TimerEvent: {}
[3.986576] (raspimouse_msgs) JobProgress: {'identifier': 'raspimouse_msgs', 'progress': 'install'}
[4.061453] (-) TimerEvent: {}
[4.070294] (raspimouse_msgs) Command: {'cmd': ['/usr/bin/cmake', '--install', '/home/arthike/workspaces/pimouse_start/src/build/raspimouse_msgs'], 'cwd': '/home/arthike/workspaces/pimouse_start/src/build/raspimouse_msgs', 'env': OrderedDict([('GJS_DEBUG_TOPICS', 'JS ERROR;JS LOG'), ('LESSOPEN', '| /usr/bin/lesspipe %s'), ('VSCODE_CWD', '/home/arthike'), ('LANGUAGE', 'en_US:'), ('USER', 'arthike'), ('SNAP_COMMON', '/var/snap/code/common'), ('LC_TIME', 'nl_NL.UTF-8'), ('VSCODE_NLS_CONFIG', '{"locale":"en-us","osLocale":"en-us","availableLanguages":{},"_languagePackSupport":true}'), ('GIO_MODULE_DIR', '/home/arthike/snap/code/common/.cache/gio-modules'), ('VSCODE_HANDLES_UNCAUGHT_ERRORS', 'true'), ('XDG_SESSION_TYPE', 'wayland'), ('GIT_ASKPASS', '/snap/code/132/usr/share/code/resources/app/extensions/git/dist/askpass.sh'), ('SHLVL', '0'), ('LD_LIBRARY_PATH', '/home/arthike/workspaces/pimouse_start/install/raspimouse/lib:/home/arthike/workspaces/pimouse_start/install/raspimouse_msgs/lib:/opt/ros/humble/opt/rviz_ogre_vendor/lib:/opt/ros/humble/lib/x86_64-linux-gnu:/opt/ros/humble/lib'), ('HOME', '/home/arthike'), ('CHROME_DESKTOP', 'code-url-handler.desktop'), ('SNAP_LIBRARY_PATH', '/var/lib/snapd/lib/gl:/var/lib/snapd/lib/gl32:/var/lib/snapd/void'), ('TERM_PROGRAM_VERSION', '1.79.2'), ('DESKTOP_SESSION', 'ubuntu'), ('SNAP_USER_DATA', '/home/arthike/snap/code/132'), ('GTK_PATH', '/snap/code/132/usr/lib/x86_64-linux-gnu/gtk-3.0'), ('VSCODE_IPC_HOOK', '/run/user/1000/vscode-8d1340c4-1.79-main.sock'), ('GTK_IM_MODULE_FILE', '/home/arthike/snap/code/common/.cache/immodules/immodules.cache'), ('GIO_LAUNCHED_DESKTOP_FILE', '/var/lib/snapd/desktop/applications/code_code.desktop'), ('APPLICATION_INSIGHTS_NO_DIAGNOSTIC_CHANNEL', '1'), ('ROS_PYTHON_VERSION', '3'), ('GNOME_SHELL_SESSION_MODE', 'ubuntu'), ('GTK_MODULES', 'gail:atk-bridge'), ('VSCODE_GIT_ASKPASS_MAIN', '/snap/code/132/usr/share/code/resources/app/extensions/git/dist/askpass-main.js'), ('LC_MONETARY', 'nl_NL.UTF-8'), ('VSCODE_GIT_ASKPASS_NODE', '/snap/code/132/usr/share/code/code'), ('MANAGERPID', '1164'), ('SYSTEMD_EXEC_PID', '1459'), ('IM_CONFIG_CHECK_ENV', '1'), ('DBUS_SESSION_BUS_ADDRESS', 'unix:path=/run/user/1000/bus'), ('SNAP_REVISION', '132'), ('COLORTERM', 'truecolor'), ('GIO_LAUNCHED_DESKTOP_FILE_PID', '5575'), ('VSCODE_CRASH_REPORTER_PROCESS_TYPE', 'extensionHost'), ('IM_CONFIG_PHASE', '1'), ('WAYLAND_DISPLAY', 'wayland-0'), ('VSCODE_L10N_BUNDLE_LOCATION', ''), ('COLCON_PREFIX_PATH', '/home/arthike/workspaces/pimouse_start/install'), ('ROS_DISTRO', 'humble'), ('LOGNAME', 'arthike'), ('_', '/usr/bin/colcon'), ('SNAP_CONTEXT', '6qTltQyAE6O-hCz1I8rniOBR9iF5fi-Kn1__XywhKPCLypi8C8bu'), ('JOURNAL_STREAM', '8:24771'), ('ROS_VERSION', '2'), ('XDG_SESSION_CLASS', 'user'), ('SNAP_VERSION', '695af097'), ('USERNAME', 'arthike'), ('TERM', 'xterm-256color'), ('GNOME_DESKTOP_SESSION_ID', 'this-is-deprecated'), ('SNAP_INSTANCE_NAME', 'code'), ('ROS_LOCALHOST_ONLY', '0'), ('PATH', '/home/arthike/workspaces/pimouse_start/install/raspimouse/bin:/opt/ros/humble/bin:/usr/local/sbin:/usr/local/bin:/usr/sbin:/usr/bin:/sbin:/bin:/usr/games:/usr/local/games:/snap/bin:/snap/bin'), ('SESSION_MANAGER', 'local/arthike-virtual-machine:@/tmp/.ICE-unix/1338,unix/arthike-virtual-machine:/tmp/.ICE-unix/1338'), ('VSCODE_AMD_ENTRYPOINT', 'vs/workbench/api/node/extensionHostProcess'), ('GTK_EXE_PREFIX', '/snap/code/132/usr'), ('INVOCATION_ID', '1c2ba757ea8c47e28302f2462b5b3585'), ('XDG_MENU_PREFIX', 'gnome-'), ('LC_ADDRESS', 'nl_NL.UTF-8'), ('BAMF_DESKTOP_FILE_HINT', '/var/lib/snapd/desktop/applications/code_code.desktop'), ('GNOME_SETUP_DISPLAY', ':1'), ('SNAP_DATA', '/var/snap/code/132'), ('XDG_RUNTIME_DIR', '/run/user/1000'), ('GDK_BACKEND', 'x11'), ('DISPLAY', ':0'), ('LOCPATH', '/snap/code/132/usr/lib/locale'), ('LANG', 'en_US.UTF-8'), ('XDG_CURRENT_DESKTOP', 'Unity'), ('LC_TELEPHONE', 'nl_NL.UTF-8'), ('XMODIFIERS', '@im=ibus'), ('XDG_SESSION_DESKTOP', 'ubuntu'), ('XAUTHORITY', '/run/user/1000/.mutter-Xwaylandauth.ILOV71'), ('LS_COLORS', ''), ('VSCODE_GIT_IPC_HANDLE', '/run/user/1000/vscode-git-62a65cebf6.sock'), ('TERM_PROGRAM', 'vscode'), ('SSH_AGENT_LAUNCHER', 'gnome-keyring'), ('SNAP_USER_COMMON', '/home/arthike/snap/code/common'), ('SSH_AUTH_SOCK', '/run/user/1000/keyring/ssh'), ('GSETTINGS_SCHEMA_DIR', '/home/arthike/snap/code/132/.local/share/glib-2.0/schemas'), ('SNAP_ARCH', 'amd64'), ('AMENT_PREFIX_PATH', '/home/arthike/workspaces/pimouse_start/install/raspimouse:/home/arthike/workspaces/pimouse_start/install/raspimouse_msgs:/opt/ros/humble'), ('SNAP_COOKIE', '6qTltQyAE6O-hCz1I8rniOBR9iF5fi-Kn1__XywhKPCLypi8C8bu'), ('ORIGINAL_XDG_CURRENT_DESKTOP', 'ubuntu:GNOME'), ('SHELL', '/bin/bash'), ('LC_NAME', 'nl_NL.UTF-8'), ('GDK_PIXBUF_MODULEDIR', '/snap/code/132/usr/lib/x86_64-linux-gnu/gdk-pixbuf-2.0/2.10.0/loaders'), ('QT_ACCESSIBILITY', '1'), ('ELECTRON_RUN_AS_NODE', '1'), ('GDMSESSION', 'ubuntu'), ('LESSCLOSE', '/usr/bin/lesspipe %s %s'), ('SNAP_NAME', 'code'), ('LC_MEASUREMENT', 'nl_NL.UTF-8'), ('GDK_PIXBUF_MODULE_FILE', '/home/arthike/snap/code/common/.cache/gdk-pixbuf-loaders.cache'), ('GJS_DEBUG_OUTPUT', 'stderr'), ('LC_IDENTIFICATION', 'nl_NL.UTF-8'), ('SNAP_LAUNCHER_ARCH_TRIPLET', 'x86_64-linux-gnu'), ('VSCODE_GIT_ASKPASS_EXTRA_ARGS', '--ms-enable-electron-run-as-node'), ('QT_IM_MODULE', 'ibus'), ('PWD', '/home/arthike/workspaces/pimouse_start/src/build/raspimouse_msgs'), ('VSCODE_CLI', '1'), ('XDG_CONFIG_DIRS', '/etc/xdg/xdg-ubuntu:/etc/xdg'), ('SNAP_REAL_HOME', '/home/arthike'), ('VSCODE_CODE_CACHE_PATH', '/home/arthike/.config/Code/CachedData/695af097c7bd098fbf017ce3ac85e09bbc5dda06'), ('XDG_DATA_DIRS', '/home/arthike/snap/code/132/.local/share:/home/arthike/snap/code/132:/snap/code/132/usr/share:/usr/share/ubuntu:/usr/local/share/:/usr/share/:/var/lib/snapd/desktop'), ('PYTHONPATH', '/home/arthike/workspaces/pimouse_start/install/raspimouse_msgs/local/lib/python3.10/dist-packages:/opt/ros/humble/lib/python3.10/site-packages:/opt/ros/humble/local/lib/python3.10/dist-packages'), ('SNAP', '/snap/code/132'), ('LC_NUMERIC', 'nl_NL.UTF-8'), ('LC_PAPER', 'nl_NL.UTF-8'), ('COLCON', '1'), ('ELECTRON_NO_ATTACH_CONSOLE', '1'), ('CMAKE_PREFIX_PATH', '/home/arthike/workspaces/pimouse_start/install/raspimouse:/home/arthike/workspaces/pimouse_start/install/raspimouse_msgs:/opt/ros/humble'), ('VSCODE_PID', '5684')]), 'shell': False}
[4.120792] (raspimouse_msgs) StdoutLine: {'line': b'-- Install configuration: "RelWithDebInfo"\n'}
[4.122504] (raspimouse_msgs) StdoutLine: {'line': b'-- Execute custom install script\n'}
[4.123969] (raspimouse_msgs) StdoutLine: {'line': b'-- Up-to-date symlink: /home/arthike/workspaces/pimouse_start/src/install/raspimouse_msgs/share/ament_index/resource_index/rosidl_interfaces/raspimouse_msgs\n'}
[4.127166] (raspimouse_msgs) StdoutLine: {'line': b'-- Up-to-date symlink: /home/arthike/workspaces/pimouse_start/src/install/raspimouse_msgs/include/raspimouse_msgs/raspimouse_msgs/msg/detail/leds__functions.h\n'}
[4.128277] (raspimouse_msgs) StdoutLine: {'line': b'-- Up-to-date symlink: /home/arthike/workspaces/pimouse_start/src/install/raspimouse_msgs/include/raspimouse_msgs/raspimouse_msgs/msg/detail/leds__struct.h\n'}
[4.129561] (raspimouse_msgs) StdoutLine: {'line': b'-- Up-to-date symlink: /home/arthike/workspaces/pimouse_start/src/install/raspimouse_msgs/include/raspimouse_msgs/raspimouse_msgs/msg/detail/leds__type_support.h\n'}
[4.131732] (raspimouse_msgs) StdoutLine: {'line': b'-- Up-to-date symlink: /home/arthike/workspaces/pimouse_start/src/install/raspimouse_msgs/include/raspimouse_msgs/raspimouse_msgs/msg/detail/light_sensors__functions.h\n'}
[4.134326] (raspimouse_msgs) StdoutLine: {'line': b'-- Up-to-date symlink: /home/arthike/workspaces/pimouse_start/src/install/raspimouse_msgs/include/raspimouse_msgs/raspimouse_msgs/msg/detail/light_sensors__struct.h\n'}
[4.136154] (raspimouse_msgs) StdoutLine: {'line': b'-- Up-to-date symlink: /home/arthike/workspaces/pimouse_start/src/install/raspimouse_msgs/include/raspimouse_msgs/raspimouse_msgs/msg/detail/light_sensors__type_support.h\n'}
[4.137375] (raspimouse_msgs) StdoutLine: {'line': b'-- Up-to-date symlink: /home/arthike/workspaces/pimouse_start/src/install/raspimouse_msgs/include/raspimouse_msgs/raspimouse_msgs/msg/detail/switches__functions.h\n'}
[4.138273] (raspimouse_msgs) StdoutLine: {'line': b'-- Up-to-date symlink: /home/arthike/workspaces/pimouse_start/src/install/raspimouse_msgs/include/raspimouse_msgs/raspimouse_msgs/msg/detail/switches__struct.h\n'}
[4.139618] (raspimouse_msgs) StdoutLine: {'line': b'-- Up-to-date symlink: /home/arthike/workspaces/pimouse_start/src/install/raspimouse_msgs/include/raspimouse_msgs/raspimouse_msgs/msg/detail/switches__type_support.h\n'}
[4.140900] (raspimouse_msgs) StdoutLine: {'line': b'-- Up-to-date symlink: /home/arthike/workspaces/pimouse_start/src/install/raspimouse_msgs/include/raspimouse_msgs/raspimouse_msgs/msg/leds.h\n'}
[4.141965] (raspimouse_msgs) StdoutLine: {'line': b'-- Up-to-date symlink: /home/arthike/workspaces/pimouse_start/src/install/raspimouse_msgs/include/raspimouse_msgs/raspimouse_msgs/msg/light_sensors.h\n'}
[4.143043] (raspimouse_msgs) StdoutLine: {'line': b'-- Up-to-date symlink: /home/arthike/workspaces/pimouse_start/src/install/raspimouse_msgs/include/raspimouse_msgs/raspimouse_msgs/msg/rosidl_generator_c__visibility_control.h\n'}
[4.144286] (raspimouse_msgs) StdoutLine: {'line': b'-- Up-to-date symlink: /home/arthike/workspaces/pimouse_start/src/install/raspimouse_msgs/include/raspimouse_msgs/raspimouse_msgs/msg/switches.h\n'}
[4.145269] (raspimouse_msgs) StdoutLine: {'line': b'-- Up-to-date symlink: /home/arthike/workspaces/pimouse_start/src/install/raspimouse_msgs/share/raspimouse_msgs/environment/library_path.sh\n'}
[4.150034] (raspimouse_msgs) StdoutLine: {'line': b'-- Up-to-date symlink: /home/arthike/workspaces/pimouse_start/src/install/raspimouse_msgs/share/raspimouse_msgs/environment/library_path.dsv\n'}
[4.161562] (raspimouse_msgs) StdoutLine: {'line': b'-- Up-to-date symlink: /home/arthike/workspaces/pimouse_start/src/install/raspimouse_msgs/include/raspimouse_msgs/raspimouse_msgs/msg/detail/leds__rosidl_typesupport_fastrtps_c.h\n'}
[4.162697] (-) TimerEvent: {}
[4.170438] (raspimouse_msgs) StdoutLine: {'line': b'-- Up-to-date symlink: /home/arthike/workspaces/pimouse_start/src/install/raspimouse_msgs/include/raspimouse_msgs/raspimouse_msgs/msg/detail/light_sensors__rosidl_typesupport_fastrtps_c.h\n'}
[4.171069] (raspimouse_msgs) StdoutLine: {'line': b'-- Up-to-date symlink: /home/arthike/workspaces/pimouse_start/src/install/raspimouse_msgs/include/raspimouse_msgs/raspimouse_msgs/msg/detail/switches__rosidl_typesupport_fastrtps_c.h\n'}
[4.171985] (raspimouse_msgs) StdoutLine: {'line': b'-- Up-to-date symlink: /home/arthike/workspaces/pimouse_start/src/install/raspimouse_msgs/include/raspimouse_msgs/raspimouse_msgs/msg/rosidl_typesupport_fastrtps_c__visibility_control.h\n'}
[4.179521] (raspimouse_msgs) StdoutLine: {'line': b'-- Up-to-date symlink: /home/arthike/workspaces/pimouse_start/src/install/raspimouse_msgs/include/raspimouse_msgs/raspimouse_msgs/msg/detail/leds__rosidl_typesupport_introspection_c.h\n'}
[4.182908] (raspimouse_msgs) StdoutLine: {'line': b'-- Up-to-date symlink: /home/arthike/workspaces/pimouse_start/src/install/raspimouse_msgs/include/raspimouse_msgs/raspimouse_msgs/msg/detail/light_sensors__rosidl_typesupport_introspection_c.h\n'}
[4.187874] (raspimouse_msgs) StdoutLine: {'line': b'-- Up-to-date symlink: /home/arthike/workspaces/pimouse_start/src/install/raspimouse_msgs/include/raspimouse_msgs/raspimouse_msgs/msg/detail/switches__rosidl_typesupport_introspection_c.h\n'}
[4.191745] (raspimouse_msgs) StdoutLine: {'line': b'-- Up-to-date symlink: /home/arthike/workspaces/pimouse_start/src/install/raspimouse_msgs/include/raspimouse_msgs/raspimouse_msgs/msg/rosidl_typesupport_introspection_c__visibility_control.h\n'}
[4.194653] (raspimouse_msgs) StdoutLine: {'line': b'-- Up-to-date symlink: /home/arthike/workspaces/pimouse_start/src/install/raspimouse_msgs/include/raspimouse_msgs/raspimouse_msgs/msg/detail/leds__builder.hpp\n'}
[4.195665] (raspimouse_msgs) StdoutLine: {'line': b'-- Up-to-date symlink: /home/arthike/workspaces/pimouse_start/src/install/raspimouse_msgs/include/raspimouse_msgs/raspimouse_msgs/msg/detail/leds__struct.hpp\n'}
[4.197203] (raspimouse_msgs) StdoutLine: {'line': b'-- Up-to-date symlink: /home/arthike/workspaces/pimouse_start/src/install/raspimouse_msgs/include/raspimouse_msgs/raspimouse_msgs/msg/detail/leds__traits.hpp\n'}
[4.205573] (raspimouse_msgs) StdoutLine: {'line': b'-- Up-to-date symlink: /home/arthike/workspaces/pimouse_start/src/install/raspimouse_msgs/include/raspimouse_msgs/raspimouse_msgs/msg/detail/light_sensors__builder.hpp\n'}
[4.210888] (raspimouse_msgs) StdoutLine: {'line': b'-- Up-to-date symlink: /home/arthike/workspaces/pimouse_start/src/install/raspimouse_msgs/include/raspimouse_msgs/raspimouse_msgs/msg/detail/light_sensors__struct.hpp\n'}
[4.211881] (raspimouse_msgs) StdoutLine: {'line': b'-- Up-to-date symlink: /home/arthike/workspaces/pimouse_start/src/install/raspimouse_msgs/include/raspimouse_msgs/raspimouse_msgs/msg/detail/light_sensors__traits.hpp\n'}
[4.215557] (raspimouse_msgs) StdoutLine: {'line': b'-- Up-to-date symlink: /home/arthike/workspaces/pimouse_start/src/install/raspimouse_msgs/include/raspimouse_msgs/raspimouse_msgs/msg/detail/switches__builder.hpp\n'}
[4.215972] (raspimouse_msgs) StdoutLine: {'line': b'-- Up-to-date symlink: /home/arthike/workspaces/pimouse_start/src/install/raspimouse_msgs/include/raspimouse_msgs/raspimouse_msgs/msg/detail/switches__struct.hpp\n'}
[4.216282] (raspimouse_msgs) StdoutLine: {'line': b'-- Up-to-date symlink: /home/arthike/workspaces/pimouse_start/src/install/raspimouse_msgs/include/raspimouse_msgs/raspimouse_msgs/msg/detail/switches__traits.hpp\n'}
[4.218781] (raspimouse_msgs) StdoutLine: {'line': b'-- Up-to-date symlink: /home/arthike/workspaces/pimouse_start/src/install/raspimouse_msgs/include/raspimouse_msgs/raspimouse_msgs/msg/leds.hpp\n'}
[4.220432] (raspimouse_msgs) StdoutLine: {'line': b'-- Up-to-date symlink: /home/arthike/workspaces/pimouse_start/src/install/raspimouse_msgs/include/raspimouse_msgs/raspimouse_msgs/msg/light_sensors.hpp\n'}
[4.222983] (raspimouse_msgs) StdoutLine: {'line': b'-- Up-to-date symlink: /home/arthike/workspaces/pimouse_start/src/install/raspimouse_msgs/include/raspimouse_msgs/raspimouse_msgs/msg/switches.hpp\n'}
[4.231684] (raspimouse_msgs) StdoutLine: {'line': b'-- Up-to-date symlink: /home/arthike/workspaces/pimouse_start/src/install/raspimouse_msgs/include/raspimouse_msgs/raspimouse_msgs/msg/detail/leds__rosidl_typesupport_fastrtps_cpp.hpp\n'}
[4.234233] (raspimouse_msgs) StdoutLine: {'line': b'-- Up-to-date symlink: /home/arthike/workspaces/pimouse_start/src/install/raspimouse_msgs/include/raspimouse_msgs/raspimouse_msgs/msg/detail/light_sensors__rosidl_typesupport_fastrtps_cpp.hpp\n'}
[4.236333] (raspimouse_msgs) StdoutLine: {'line': b'-- Up-to-date symlink: /home/arthike/workspaces/pimouse_start/src/install/raspimouse_msgs/include/raspimouse_msgs/raspimouse_msgs/msg/detail/switches__rosidl_typesupport_fastrtps_cpp.hpp\n'}
[4.238703] (raspimouse_msgs) StdoutLine: {'line': b'-- Up-to-date symlink: /home/arthike/workspaces/pimouse_start/src/install/raspimouse_msgs/include/raspimouse_msgs/raspimouse_msgs/msg/rosidl_typesupport_fastrtps_cpp__visibility_control.h\n'}
[4.243671] (raspimouse_msgs) StdoutLine: {'line': b'-- Up-to-date symlink: /home/arthike/workspaces/pimouse_start/src/install/raspimouse_msgs/include/raspimouse_msgs/raspimouse_msgs/msg/detail/leds__rosidl_typesupport_introspection_cpp.hpp\n'}
[4.245872] (raspimouse_msgs) StdoutLine: {'line': b'-- Up-to-date symlink: /home/arthike/workspaces/pimouse_start/src/install/raspimouse_msgs/include/raspimouse_msgs/raspimouse_msgs/msg/detail/light_sensors__rosidl_typesupport_introspection_cpp.hpp\n'}
[4.247827] (raspimouse_msgs) StdoutLine: {'line': b'-- Up-to-date symlink: /home/arthike/workspaces/pimouse_start/src/install/raspimouse_msgs/include/raspimouse_msgs/raspimouse_msgs/msg/detail/switches__rosidl_typesupport_introspection_cpp.hpp\n'}
[4.248507] (raspimouse_msgs) StdoutLine: {'line': b'-- Up-to-date symlink: /home/arthike/workspaces/pimouse_start/src/install/raspimouse_msgs/share/raspimouse_msgs/environment/pythonpath.sh\n'}
[4.249530] (raspimouse_msgs) StdoutLine: {'line': b'-- Up-to-date symlink: /home/arthike/workspaces/pimouse_start/src/install/raspimouse_msgs/share/raspimouse_msgs/environment/pythonpath.dsv\n'}
[4.250738] (raspimouse_msgs) StdoutLine: {'line': b'-- Up-to-date symlink: /home/arthike/workspaces/pimouse_start/src/install/raspimouse_msgs/local/lib/python3.10/dist-packages/raspimouse_msgs-1.1.1-py3.10.egg-info/PKG-INFO\n'}
[4.253040] (raspimouse_msgs) StdoutLine: {'line': b'-- Up-to-date symlink: /home/arthike/workspaces/pimouse_start/src/install/raspimouse_msgs/local/lib/python3.10/dist-packages/raspimouse_msgs-1.1.1-py3.10.egg-info/SOURCES.txt\n'}
[4.254239] (raspimouse_msgs) StdoutLine: {'line': b'-- Up-to-date symlink: /home/arthike/workspaces/pimouse_start/src/install/raspimouse_msgs/local/lib/python3.10/dist-packages/raspimouse_msgs-1.1.1-py3.10.egg-info/dependency_links.txt\n'}
[4.259037] (raspimouse_msgs) StdoutLine: {'line': b'-- Up-to-date symlink: /home/arthike/workspaces/pimouse_start/src/install/raspimouse_msgs/local/lib/python3.10/dist-packages/raspimouse_msgs-1.1.1-py3.10.egg-info/top_level.txt\n'}
[4.262197] (raspimouse_msgs) StdoutLine: {'line': b'-- Up-to-date symlink: /home/arthike/workspaces/pimouse_start/src/install/raspimouse_msgs/local/lib/python3.10/dist-packages/raspimouse_msgs/__init__.py\n'}
[4.263744] (-) TimerEvent: {}
[4.264023] (raspimouse_msgs) StdoutLine: {'line': b'-- Up-to-date symlink: /home/arthike/workspaces/pimouse_start/src/install/raspimouse_msgs/local/lib/python3.10/dist-packages/raspimouse_msgs/_raspimouse_msgs_s.ep.rosidl_typesupport_c.c\n'}
[4.266022] (raspimouse_msgs) StdoutLine: {'line': b'-- Up-to-date symlink: /home/arthike/workspaces/pimouse_start/src/install/raspimouse_msgs/local/lib/python3.10/dist-packages/raspimouse_msgs/_raspimouse_msgs_s.ep.rosidl_typesupport_fastrtps_c.c\n'}
[4.266844] (raspimouse_msgs) StdoutLine: {'line': b'-- Up-to-date symlink: /home/arthike/workspaces/pimouse_start/src/install/raspimouse_msgs/local/lib/python3.10/dist-packages/raspimouse_msgs/_raspimouse_msgs_s.ep.rosidl_typesupport_introspection_c.c\n'}
[4.268341] (raspimouse_msgs) StdoutLine: {'line': b'-- Up-to-date symlink: /home/arthike/workspaces/pimouse_start/src/install/raspimouse_msgs/local/lib/python3.10/dist-packages/raspimouse_msgs/libraspimouse_msgs__rosidl_generator_py.so\n'}
[4.269233] (raspimouse_msgs) StdoutLine: {'line': b'-- Up-to-date symlink: /home/arthike/workspaces/pimouse_start/src/install/raspimouse_msgs/local/lib/python3.10/dist-packages/raspimouse_msgs/msg/__init__.py\n'}
[4.269617] (raspimouse_msgs) StdoutLine: {'line': b'-- Up-to-date symlink: /home/arthike/workspaces/pimouse_start/src/install/raspimouse_msgs/local/lib/python3.10/dist-packages/raspimouse_msgs/msg/_leds.py\n'}
[4.270136] (raspimouse_msgs) StdoutLine: {'line': b'-- Up-to-date symlink: /home/arthike/workspaces/pimouse_start/src/install/raspimouse_msgs/local/lib/python3.10/dist-packages/raspimouse_msgs/msg/_leds_s.c\n'}
[4.273244] (raspimouse_msgs) StdoutLine: {'line': b'-- Up-to-date symlink: /home/arthike/workspaces/pimouse_start/src/install/raspimouse_msgs/local/lib/python3.10/dist-packages/raspimouse_msgs/msg/_light_sensors.py\n'}
[4.275062] (raspimouse_msgs) StdoutLine: {'line': b'-- Up-to-date symlink: /home/arthike/workspaces/pimouse_start/src/install/raspimouse_msgs/local/lib/python3.10/dist-packages/raspimouse_msgs/msg/_light_sensors_s.c\n'}
[4.275411] (raspimouse_msgs) StdoutLine: {'line': b'-- Up-to-date symlink: /home/arthike/workspaces/pimouse_start/src/install/raspimouse_msgs/local/lib/python3.10/dist-packages/raspimouse_msgs/msg/_switches.py\n'}
[4.275950] (raspimouse_msgs) StdoutLine: {'line': b'-- Up-to-date symlink: /home/arthike/workspaces/pimouse_start/src/install/raspimouse_msgs/local/lib/python3.10/dist-packages/raspimouse_msgs/msg/_switches_s.c\n'}
[4.276292] (raspimouse_msgs) StdoutLine: {'line': b'-- Up-to-date symlink: /home/arthike/workspaces/pimouse_start/src/install/raspimouse_msgs/local/lib/python3.10/dist-packages/raspimouse_msgs/raspimouse_msgs_s__rosidl_typesupport_c.cpython-310-x86_64-linux-gnu.so\n'}
[4.276618] (raspimouse_msgs) StdoutLine: {'line': b'-- Up-to-date symlink: /home/arthike/workspaces/pimouse_start/src/install/raspimouse_msgs/local/lib/python3.10/dist-packages/raspimouse_msgs/raspimouse_msgs_s__rosidl_typesupport_fastrtps_c.cpython-310-x86_64-linux-gnu.so\n'}
[4.276945] (raspimouse_msgs) StdoutLine: {'line': b'-- Up-to-date symlink: /home/arthike/workspaces/pimouse_start/src/install/raspimouse_msgs/local/lib/python3.10/dist-packages/raspimouse_msgs/raspimouse_msgs_s__rosidl_typesupport_introspection_c.cpython-310-x86_64-linux-gnu.so\n'}
[4.279969] (raspimouse_msgs) StdoutLine: {'line': b'-- Up-to-date symlink: /home/arthike/workspaces/pimouse_start/src/install/raspimouse_msgs/local/lib/python3.10/dist-packages/raspimouse_msgs/raspimouse_msgs_s__rosidl_typesupport_fastrtps_c.cpython-310-x86_64-linux-gnu.so\n'}
[4.282963] (raspimouse_msgs) StdoutLine: {'line': b'-- Up-to-date symlink: /home/arthike/workspaces/pimouse_start/src/install/raspimouse_msgs/local/lib/python3.10/dist-packages/raspimouse_msgs/raspimouse_msgs_s__rosidl_typesupport_introspection_c.cpython-310-x86_64-linux-gnu.so\n'}
[4.287927] (raspimouse_msgs) StdoutLine: {'line': b'-- Up-to-date symlink: /home/arthike/workspaces/pimouse_start/src/install/raspimouse_msgs/local/lib/python3.10/dist-packages/raspimouse_msgs/raspimouse_msgs_s__rosidl_typesupport_c.cpython-310-x86_64-linux-gnu.so\n'}
[4.290832] (raspimouse_msgs) StdoutLine: {'line': b'-- Up-to-date symlink: /home/arthike/workspaces/pimouse_start/src/install/raspimouse_msgs/share/raspimouse_msgs/msg/Leds.idl\n'}
[4.293389] (raspimouse_msgs) StdoutLine: {'line': b'-- Up-to-date symlink: /home/arthike/workspaces/pimouse_start/src/install/raspimouse_msgs/share/raspimouse_msgs/msg/Switches.idl\n'}
[4.296051] (raspimouse_msgs) StdoutLine: {'line': b'-- Up-to-date symlink: /home/arthike/workspaces/pimouse_start/src/install/raspimouse_msgs/share/raspimouse_msgs/msg/LightSensors.idl\n'}
[4.299328] (raspimouse_msgs) StdoutLine: {'line': b'-- Up-to-date symlink: /home/arthike/workspaces/pimouse_start/src/install/raspimouse_msgs/share/raspimouse_msgs/msg/Leds.msg\n'}
[4.302528] (raspimouse_msgs) StdoutLine: {'line': b'-- Up-to-date symlink: /home/arthike/workspaces/pimouse_start/src/install/raspimouse_msgs/share/raspimouse_msgs/msg/Switches.msg\n'}
[4.303775] (raspimouse_msgs) StdoutLine: {'line': b'-- Up-to-date symlink: /home/arthike/workspaces/pimouse_start/src/install/raspimouse_msgs/share/raspimouse_msgs/msg/LightSensors.msg\n'}
[4.305405] (raspimouse_msgs) StdoutLine: {'line': b'-- Up-to-date symlink: /home/arthike/workspaces/pimouse_start/src/install/raspimouse_msgs/share/ament_index/resource_index/package_run_dependencies/raspimouse_msgs\n'}
[4.307783] (raspimouse_msgs) StdoutLine: {'line': b'-- Up-to-date symlink: /home/arthike/workspaces/pimouse_start/src/install/raspimouse_msgs/share/ament_index/resource_index/parent_prefix_path/raspimouse_msgs\n'}
[4.309333] (raspimouse_msgs) StdoutLine: {'line': b'-- Up-to-date symlink: /home/arthike/workspaces/pimouse_start/src/install/raspimouse_msgs/share/raspimouse_msgs/environment/ament_prefix_path.sh\n'}
[4.310882] (raspimouse_msgs) StdoutLine: {'line': b'-- Up-to-date symlink: /home/arthike/workspaces/pimouse_start/src/install/raspimouse_msgs/share/raspimouse_msgs/environment/ament_prefix_path.dsv\n'}
[4.312887] (raspimouse_msgs) StdoutLine: {'line': b'-- Up-to-date symlink: /home/arthike/workspaces/pimouse_start/src/install/raspimouse_msgs/share/raspimouse_msgs/environment/path.sh\n'}
[4.314548] (raspimouse_msgs) StdoutLine: {'line': b'-- Up-to-date symlink: /home/arthike/workspaces/pimouse_start/src/install/raspimouse_msgs/share/raspimouse_msgs/environment/path.dsv\n'}
[4.315921] (raspimouse_msgs) StdoutLine: {'line': b'-- Up-to-date symlink: /home/arthike/workspaces/pimouse_start/src/install/raspimouse_msgs/share/raspimouse_msgs/local_setup.bash\n'}
[4.317896] (raspimouse_msgs) StdoutLine: {'line': b'-- Up-to-date symlink: /home/arthike/workspaces/pimouse_start/src/install/raspimouse_msgs/share/raspimouse_msgs/local_setup.sh\n'}
[4.318511] (raspimouse_msgs) StdoutLine: {'line': b'-- Up-to-date symlink: /home/arthike/workspaces/pimouse_start/src/install/raspimouse_msgs/share/raspimouse_msgs/local_setup.zsh\n'}
[4.320125] (raspimouse_msgs) StdoutLine: {'line': b'-- Up-to-date symlink: /home/arthike/workspaces/pimouse_start/src/install/raspimouse_msgs/share/raspimouse_msgs/local_setup.dsv\n'}
[4.320705] (raspimouse_msgs) StdoutLine: {'line': b'-- Symlinking: /home/arthike/workspaces/pimouse_start/src/install/raspimouse_msgs/share/raspimouse_msgs/package.dsv\n'}
[4.364177] (-) TimerEvent: {}
[4.412968] (raspimouse_msgs) StdoutLine: {'line': b'-- Up-to-date symlink: /home/arthike/workspaces/pimouse_start/src/install/raspimouse_msgs/share/ament_index/resource_index/packages/raspimouse_msgs\n'}
[4.418259] (raspimouse_msgs) StdoutLine: {'line': b'-- Up-to-date symlink: /home/arthike/workspaces/pimouse_start/src/install/raspimouse_msgs/share/raspimouse_msgs/cmake/rosidl_cmake-extras.cmake\n'}
[4.423864] (raspimouse_msgs) StdoutLine: {'line': b'-- Up-to-date symlink: /home/arthike/workspaces/pimouse_start/src/install/raspimouse_msgs/share/raspimouse_msgs/cmake/ament_cmake_export_include_directories-extras.cmake\n'}
[4.427903] (raspimouse_msgs) StdoutLine: {'line': b'-- Up-to-date symlink: /home/arthike/workspaces/pimouse_start/src/install/raspimouse_msgs/share/raspimouse_msgs/cmake/ament_cmake_export_libraries-extras.cmake\n'}
[4.432678] (raspimouse_msgs) StdoutLine: {'line': b'-- Up-to-date symlink: /home/arthike/workspaces/pimouse_start/src/install/raspimouse_msgs/share/raspimouse_msgs/cmake/ament_cmake_export_targets-extras.cmake\n'}
[4.436370] (raspimouse_msgs) StdoutLine: {'line': b'-- Up-to-date symlink: /home/arthike/workspaces/pimouse_start/src/install/raspimouse_msgs/share/raspimouse_msgs/cmake/rosidl_cmake_export_typesupport_targets-extras.cmake\n'}
[4.440551] (raspimouse_msgs) StdoutLine: {'line': b'-- Up-to-date symlink: /home/arthike/workspaces/pimouse_start/src/install/raspimouse_msgs/share/raspimouse_msgs/cmake/ament_cmake_export_dependencies-extras.cmake\n'}
[4.443593] (raspimouse_msgs) StdoutLine: {'line': b'-- Up-to-date symlink: /home/arthike/workspaces/pimouse_start/src/install/raspimouse_msgs/share/raspimouse_msgs/cmake/rosidl_cmake_export_typesupport_libraries-extras.cmake\n'}
[4.445931] (raspimouse_msgs) StdoutLine: {'line': b'-- Up-to-date symlink: /home/arthike/workspaces/pimouse_start/src/install/raspimouse_msgs/share/raspimouse_msgs/cmake/raspimouse_msgsConfig.cmake\n'}
[4.447618] (raspimouse_msgs) StdoutLine: {'line': b'-- Up-to-date symlink: /home/arthike/workspaces/pimouse_start/src/install/raspimouse_msgs/share/raspimouse_msgs/cmake/raspimouse_msgsConfig-version.cmake\n'}
[4.448446] (raspimouse_msgs) StdoutLine: {'line': b'-- Up-to-date symlink: /home/arthike/workspaces/pimouse_start/src/install/raspimouse_msgs/share/raspimouse_msgs/package.xml\n'}
[4.455403] (raspimouse_msgs) StdoutLine: {'line': b'-- Up-to-date: /home/arthike/workspaces/pimouse_start/src/install/raspimouse_msgs/lib/libraspimouse_msgs__rosidl_generator_c.so\n'}
[4.464763] (-) TimerEvent: {}
[4.472041] (raspimouse_msgs) StdoutLine: {'line': b'-- Up-to-date: /home/arthike/workspaces/pimouse_start/src/install/raspimouse_msgs/lib/libraspimouse_msgs__rosidl_typesupport_fastrtps_c.so\n'}
[4.479633] (raspimouse_description) StdoutLine: {'line': b'-- Looking for pthread.h - found\n'}
[4.483112] (raspimouse_msgs) StdoutLine: {'line': b'-- Up-to-date: /home/arthike/workspaces/pimouse_start/src/install/raspimouse_msgs/lib/libraspimouse_msgs__rosidl_typesupport_introspection_c.so\n'}
[4.486956] (raspimouse_description) StdoutLine: {'line': b'-- Performing Test CMAKE_HAVE_LIBC_PTHREAD\n'}
[4.493952] (raspimouse_msgs) StdoutLine: {'line': b'-- Up-to-date: /home/arthike/workspaces/pimouse_start/src/install/raspimouse_msgs/lib/libraspimouse_msgs__rosidl_typesupport_c.so\n'}
[4.502650] (raspimouse_msgs) StdoutLine: {'line': b'-- Up-to-date: /home/arthike/workspaces/pimouse_start/src/install/raspimouse_msgs/lib/libraspimouse_msgs__rosidl_typesupport_fastrtps_cpp.so\n'}
[4.508519] (raspimouse_msgs) StdoutLine: {'line': b'-- Up-to-date: /home/arthike/workspaces/pimouse_start/src/install/raspimouse_msgs/lib/libraspimouse_msgs__rosidl_typesupport_introspection_cpp.so\n'}
[4.514409] (raspimouse_msgs) StdoutLine: {'line': b'-- Up-to-date: /home/arthike/workspaces/pimouse_start/src/install/raspimouse_msgs/lib/libraspimouse_msgs__rosidl_typesupport_cpp.so\n'}
[4.565148] (-) TimerEvent: {}
[4.668192] (-) TimerEvent: {}
[4.699224] (raspimouse_msgs) StdoutLine: {'line': b"Listing '/home/arthike/workspaces/pimouse_start/src/install/raspimouse_msgs/local/lib/python3.10/dist-packages/raspimouse_msgs'...\n"}
[4.700146] (raspimouse_msgs) StdoutLine: {'line': b"Listing '/home/arthike/workspaces/pimouse_start/src/install/raspimouse_msgs/local/lib/python3.10/dist-packages/raspimouse_msgs/msg'...\n"}
[4.711308] (raspimouse_msgs) StdoutLine: {'line': b'-- Up-to-date: /home/arthike/workspaces/pimouse_start/src/install/raspimouse_msgs/lib/libraspimouse_msgs__rosidl_generator_py.so\n'}
[4.716140] (raspimouse_msgs) StdoutLine: {'line': b'-- Up-to-date: /home/arthike/workspaces/pimouse_start/src/install/raspimouse_msgs/share/raspimouse_msgs/cmake/export_raspimouse_msgs__rosidl_generator_cExport.cmake\n'}
[4.717002] (raspimouse_msgs) StdoutLine: {'line': b'-- Up-to-date: /home/arthike/workspaces/pimouse_start/src/install/raspimouse_msgs/share/raspimouse_msgs/cmake/export_raspimouse_msgs__rosidl_generator_cExport-relwithdebinfo.cmake\n'}
[4.719212] (raspimouse_msgs) StdoutLine: {'line': b'-- Up-to-date: /home/arthike/workspaces/pimouse_start/src/install/raspimouse_msgs/share/raspimouse_msgs/cmake/export_raspimouse_msgs__rosidl_typesupport_fastrtps_cExport.cmake\n'}
[4.721567] (raspimouse_msgs) StdoutLine: {'line': b'-- Up-to-date: /home/arthike/workspaces/pimouse_start/src/install/raspimouse_msgs/share/raspimouse_msgs/cmake/export_raspimouse_msgs__rosidl_typesupport_fastrtps_cExport-relwithdebinfo.cmake\n'}
[4.725472] (raspimouse_msgs) StdoutLine: {'line': b'-- Up-to-date: /home/arthike/workspaces/pimouse_start/src/install/raspimouse_msgs/share/raspimouse_msgs/cmake/raspimouse_msgs__rosidl_typesupport_introspection_cExport.cmake\n'}
[4.727739] (raspimouse_msgs) StdoutLine: {'line': b'-- Up-to-date: /home/arthike/workspaces/pimouse_start/src/install/raspimouse_msgs/share/raspimouse_msgs/cmake/raspimouse_msgs__rosidl_typesupport_introspection_cExport-relwithdebinfo.cmake\n'}
[4.730759] (raspimouse_msgs) StdoutLine: {'line': b'-- Up-to-date: /home/arthike/workspaces/pimouse_start/src/install/raspimouse_msgs/share/raspimouse_msgs/cmake/raspimouse_msgs__rosidl_typesupport_cExport.cmake\n'}
[4.734919] (raspimouse_msgs) StdoutLine: {'line': b'-- Up-to-date: /home/arthike/workspaces/pimouse_start/src/install/raspimouse_msgs/share/raspimouse_msgs/cmake/raspimouse_msgs__rosidl_typesupport_cExport-relwithdebinfo.cmake\n'}
[4.735288] (raspimouse_msgs) StdoutLine: {'line': b'-- Up-to-date: /home/arthike/workspaces/pimouse_start/src/install/raspimouse_msgs/share/raspimouse_msgs/cmake/export_raspimouse_msgs__rosidl_generator_cppExport.cmake\n'}
[4.740756] (raspimouse_msgs) StdoutLine: {'line': b'-- Up-to-date: /home/arthike/workspaces/pimouse_start/src/install/raspimouse_msgs/share/raspimouse_msgs/cmake/export_raspimouse_msgs__rosidl_typesupport_fastrtps_cppExport.cmake\n'}
[4.743505] (raspimouse_msgs) StdoutLine: {'line': b'-- Up-to-date: /home/arthike/workspaces/pimouse_start/src/install/raspimouse_msgs/share/raspimouse_msgs/cmake/export_raspimouse_msgs__rosidl_typesupport_fastrtps_cppExport-relwithdebinfo.cmake\n'}
[4.745545] (raspimouse_msgs) StdoutLine: {'line': b'-- Up-to-date: /home/arthike/workspaces/pimouse_start/src/install/raspimouse_msgs/share/raspimouse_msgs/cmake/raspimouse_msgs__rosidl_typesupport_introspection_cppExport.cmake\n'}
[4.748113] (raspimouse_msgs) StdoutLine: {'line': b'-- Up-to-date: /home/arthike/workspaces/pimouse_start/src/install/raspimouse_msgs/share/raspimouse_msgs/cmake/raspimouse_msgs__rosidl_typesupport_introspection_cppExport-relwithdebinfo.cmake\n'}
[4.750244] (raspimouse_msgs) StdoutLine: {'line': b'-- Up-to-date: /home/arthike/workspaces/pimouse_start/src/install/raspimouse_msgs/share/raspimouse_msgs/cmake/raspimouse_msgs__rosidl_typesupport_cppExport.cmake\n'}
[4.750790] (raspimouse_msgs) StdoutLine: {'line': b'-- Up-to-date: /home/arthike/workspaces/pimouse_start/src/install/raspimouse_msgs/share/raspimouse_msgs/cmake/raspimouse_msgs__rosidl_typesupport_cppExport-relwithdebinfo.cmake\n'}
[4.751003] (raspimouse_msgs) StdoutLine: {'line': b'-- Up-to-date: /home/arthike/workspaces/pimouse_start/src/install/raspimouse_msgs/share/raspimouse_msgs/cmake/export_raspimouse_msgs__rosidl_generator_pyExport.cmake\n'}
[4.751258] (raspimouse_msgs) StdoutLine: {'line': b'-- Up-to-date: /home/arthike/workspaces/pimouse_start/src/install/raspimouse_msgs/share/raspimouse_msgs/cmake/export_raspimouse_msgs__rosidl_generator_pyExport-relwithdebinfo.cmake\n'}
[4.766919] (raspimouse_msgs) CommandEnded: {'returncode': 0}
[4.771770] (-) TimerEvent: {}
[4.876713] (-) TimerEvent: {}
[4.977482] (-) TimerEvent: {}
[5.078538] (-) TimerEvent: {}
[5.086905] (raspimouse_description) StdoutLine: {'line': b'-- Performing Test CMAKE_HAVE_LIBC_PTHREAD - Success\n'}
[5.094331] (raspimouse_description) StdoutLine: {'line': b'-- Found Threads: TRUE  \n'}
[5.185051] (-) TimerEvent: {}
[5.286400] (-) TimerEvent: {}
[5.387094] (-) TimerEvent: {}
[5.487815] (-) TimerEvent: {}
[5.589275] (-) TimerEvent: {}
[5.693478] (-) TimerEvent: {}
[5.794409] (-) TimerEvent: {}
[5.875786] (raspimouse_description) StdoutLine: {'line': b'-- Found rclcpp_lifecycle: 16.0.4 (/opt/ros/humble/share/rclcpp_lifecycle/cmake)\n'}
[5.894837] (-) TimerEvent: {}
[5.996157] (-) TimerEvent: {}
[6.035505] (raspimouse_description) StdoutLine: {'line': b'-- Found rclcpp_components: 16.0.4 (/opt/ros/humble/share/rclcpp_components/cmake)\n'}
[6.096569] (-) TimerEvent: {}
[6.202478] (-) TimerEvent: {}
[6.303539] (-) TimerEvent: {}
[6.404672] (-) TimerEvent: {}
[6.408975] (raspimouse_description) StdoutLine: {'line': b'-- Found std_srvs: 4.2.3 (/opt/ros/humble/share/std_srvs/cmake)\n'}
[6.503533] (raspimouse_description) StdoutLine: {'line': b'-- Found geometry_msgs: 4.2.3 (/opt/ros/humble/share/geometry_msgs/cmake)\n'}
[6.504886] (-) TimerEvent: {}
[6.606202] (-) TimerEvent: {}
[6.693797] (raspimouse_msgs) JobEnded: {'identifier': 'raspimouse_msgs', 'rc': 0}
[6.714712] (-) TimerEvent: {}
[6.723383] (raspimouse) JobStarted: {'identifier': 'raspimouse'}
[6.725098] (raspimouse_description) StdoutLine: {'line': b'-- Found nav_msgs: 4.2.3 (/opt/ros/humble/share/nav_msgs/cmake)\n'}
[6.815183] (-) TimerEvent: {}
[6.840011] (raspimouse) JobProgress: {'identifier': 'raspimouse', 'progress': 'cmake'}
[6.848719] (raspimouse) JobProgress: {'identifier': 'raspimouse', 'progress': 'build'}
[6.851673] (raspimouse) Command: {'cmd': ['/usr/bin/cmake', '--build', '/home/arthike/workspaces/pimouse_start/src/build/raspimouse', '--', '-j7', '-l7'], 'cwd': '/home/arthike/workspaces/pimouse_start/src/build/raspimouse', 'env': OrderedDict([('GJS_DEBUG_TOPICS', 'JS ERROR;JS LOG'), ('LESSOPEN', '| /usr/bin/lesspipe %s'), ('VSCODE_CWD', '/home/arthike'), ('LANGUAGE', 'en_US:'), ('USER', 'arthike'), ('SNAP_COMMON', '/var/snap/code/common'), ('LC_TIME', 'nl_NL.UTF-8'), ('VSCODE_NLS_CONFIG', '{"locale":"en-us","osLocale":"en-us","availableLanguages":{},"_languagePackSupport":true}'), ('GIO_MODULE_DIR', '/home/arthike/snap/code/common/.cache/gio-modules'), ('VSCODE_HANDLES_UNCAUGHT_ERRORS', 'true'), ('XDG_SESSION_TYPE', 'wayland'), ('GIT_ASKPASS', '/snap/code/132/usr/share/code/resources/app/extensions/git/dist/askpass.sh'), ('SHLVL', '0'), ('LD_LIBRARY_PATH', '/home/arthike/workspaces/pimouse_start/src/install/raspimouse_msgs/lib:/home/arthike/workspaces/pimouse_start/install/raspimouse/lib:/home/arthike/workspaces/pimouse_start/install/raspimouse_msgs/lib:/opt/ros/humble/opt/rviz_ogre_vendor/lib:/opt/ros/humble/lib/x86_64-linux-gnu:/opt/ros/humble/lib'), ('HOME', '/home/arthike'), ('CHROME_DESKTOP', 'code-url-handler.desktop'), ('SNAP_LIBRARY_PATH', '/var/lib/snapd/lib/gl:/var/lib/snapd/lib/gl32:/var/lib/snapd/void'), ('TERM_PROGRAM_VERSION', '1.79.2'), ('DESKTOP_SESSION', 'ubuntu'), ('SNAP_USER_DATA', '/home/arthike/snap/code/132'), ('GTK_PATH', '/snap/code/132/usr/lib/x86_64-linux-gnu/gtk-3.0'), ('VSCODE_IPC_HOOK', '/run/user/1000/vscode-8d1340c4-1.79-main.sock'), ('GTK_IM_MODULE_FILE', '/home/arthike/snap/code/common/.cache/immodules/immodules.cache'), ('GIO_LAUNCHED_DESKTOP_FILE', '/var/lib/snapd/desktop/applications/code_code.desktop'), ('APPLICATION_INSIGHTS_NO_DIAGNOSTIC_CHANNEL', '1'), ('ROS_PYTHON_VERSION', '3'), ('GNOME_SHELL_SESSION_MODE', 'ubuntu'), ('GTK_MODULES', 'gail:atk-bridge'), ('VSCODE_GIT_ASKPASS_MAIN', '/snap/code/132/usr/share/code/resources/app/extensions/git/dist/askpass-main.js'), ('LC_MONETARY', 'nl_NL.UTF-8'), ('VSCODE_GIT_ASKPASS_NODE', '/snap/code/132/usr/share/code/code'), ('MANAGERPID', '1164'), ('SYSTEMD_EXEC_PID', '1459'), ('IM_CONFIG_CHECK_ENV', '1'), ('DBUS_SESSION_BUS_ADDRESS', 'unix:path=/run/user/1000/bus'), ('SNAP_REVISION', '132'), ('COLORTERM', 'truecolor'), ('GIO_LAUNCHED_DESKTOP_FILE_PID', '5575'), ('VSCODE_CRASH_REPORTER_PROCESS_TYPE', 'extensionHost'), ('IM_CONFIG_PHASE', '1'), ('WAYLAND_DISPLAY', 'wayland-0'), ('VSCODE_L10N_BUNDLE_LOCATION', ''), ('COLCON_PREFIX_PATH', '/home/arthike/workspaces/pimouse_start/install'), ('ROS_DISTRO', 'humble'), ('LOGNAME', 'arthike'), ('_', '/usr/bin/colcon'), ('SNAP_CONTEXT', '6qTltQyAE6O-hCz1I8rniOBR9iF5fi-Kn1__XywhKPCLypi8C8bu'), ('JOURNAL_STREAM', '8:24771'), ('ROS_VERSION', '2'), ('XDG_SESSION_CLASS', 'user'), ('SNAP_VERSION', '695af097'), ('USERNAME', 'arthike'), ('TERM', 'xterm-256color'), ('GNOME_DESKTOP_SESSION_ID', 'this-is-deprecated'), ('SNAP_INSTANCE_NAME', 'code'), ('ROS_LOCALHOST_ONLY', '0'), ('PATH', '/home/arthike/workspaces/pimouse_start/install/raspimouse/bin:/opt/ros/humble/bin:/usr/local/sbin:/usr/local/bin:/usr/sbin:/usr/bin:/sbin:/bin:/usr/games:/usr/local/games:/snap/bin:/snap/bin'), ('SESSION_MANAGER', 'local/arthike-virtual-machine:@/tmp/.ICE-unix/1338,unix/arthike-virtual-machine:/tmp/.ICE-unix/1338'), ('VSCODE_AMD_ENTRYPOINT', 'vs/workbench/api/node/extensionHostProcess'), ('GTK_EXE_PREFIX', '/snap/code/132/usr'), ('INVOCATION_ID', '1c2ba757ea8c47e28302f2462b5b3585'), ('XDG_MENU_PREFIX', 'gnome-'), ('LC_ADDRESS', 'nl_NL.UTF-8'), ('BAMF_DESKTOP_FILE_HINT', '/var/lib/snapd/desktop/applications/code_code.desktop'), ('GNOME_SETUP_DISPLAY', ':1'), ('SNAP_DATA', '/var/snap/code/132'), ('XDG_RUNTIME_DIR', '/run/user/1000'), ('GDK_BACKEND', 'x11'), ('DISPLAY', ':0'), ('LOCPATH', '/snap/code/132/usr/lib/locale'), ('LANG', 'en_US.UTF-8'), ('XDG_CURRENT_DESKTOP', 'Unity'), ('LC_TELEPHONE', 'nl_NL.UTF-8'), ('XMODIFIERS', '@im=ibus'), ('XDG_SESSION_DESKTOP', 'ubuntu'), ('XAUTHORITY', '/run/user/1000/.mutter-Xwaylandauth.ILOV71'), ('LS_COLORS', ''), ('VSCODE_GIT_IPC_HANDLE', '/run/user/1000/vscode-git-62a65cebf6.sock'), ('TERM_PROGRAM', 'vscode'), ('SSH_AGENT_LAUNCHER', 'gnome-keyring'), ('SNAP_USER_COMMON', '/home/arthike/snap/code/common'), ('SSH_AUTH_SOCK', '/run/user/1000/keyring/ssh'), ('GSETTINGS_SCHEMA_DIR', '/home/arthike/snap/code/132/.local/share/glib-2.0/schemas'), ('SNAP_ARCH', 'amd64'), ('AMENT_PREFIX_PATH', '/home/arthike/workspaces/pimouse_start/src/install/raspimouse_msgs:/home/arthike/workspaces/pimouse_start/install/raspimouse:/home/arthike/workspaces/pimouse_start/install/raspimouse_msgs:/opt/ros/humble'), ('SNAP_COOKIE', '6qTltQyAE6O-hCz1I8rniOBR9iF5fi-Kn1__XywhKPCLypi8C8bu'), ('ORIGINAL_XDG_CURRENT_DESKTOP', 'ubuntu:GNOME'), ('SHELL', '/bin/bash'), ('LC_NAME', 'nl_NL.UTF-8'), ('GDK_PIXBUF_MODULEDIR', '/snap/code/132/usr/lib/x86_64-linux-gnu/gdk-pixbuf-2.0/2.10.0/loaders'), ('QT_ACCESSIBILITY', '1'), ('ELECTRON_RUN_AS_NODE', '1'), ('GDMSESSION', 'ubuntu'), ('LESSCLOSE', '/usr/bin/lesspipe %s %s'), ('SNAP_NAME', 'code'), ('LC_MEASUREMENT', 'nl_NL.UTF-8'), ('GDK_PIXBUF_MODULE_FILE', '/home/arthike/snap/code/common/.cache/gdk-pixbuf-loaders.cache'), ('GJS_DEBUG_OUTPUT', 'stderr'), ('LC_IDENTIFICATION', 'nl_NL.UTF-8'), ('SNAP_LAUNCHER_ARCH_TRIPLET', 'x86_64-linux-gnu'), ('VSCODE_GIT_ASKPASS_EXTRA_ARGS', '--ms-enable-electron-run-as-node'), ('QT_IM_MODULE', 'ibus'), ('PWD', '/home/arthike/workspaces/pimouse_start/src/build/raspimouse'), ('VSCODE_CLI', '1'), ('XDG_CONFIG_DIRS', '/etc/xdg/xdg-ubuntu:/etc/xdg'), ('SNAP_REAL_HOME', '/home/arthike'), ('VSCODE_CODE_CACHE_PATH', '/home/arthike/.config/Code/CachedData/695af097c7bd098fbf017ce3ac85e09bbc5dda06'), ('XDG_DATA_DIRS', '/home/arthike/snap/code/132/.local/share:/home/arthike/snap/code/132:/snap/code/132/usr/share:/usr/share/ubuntu:/usr/local/share/:/usr/share/:/var/lib/snapd/desktop'), ('PYTHONPATH', '/home/arthike/workspaces/pimouse_start/src/install/raspimouse_msgs/local/lib/python3.10/dist-packages:/home/arthike/workspaces/pimouse_start/install/raspimouse_msgs/local/lib/python3.10/dist-packages:/opt/ros/humble/lib/python3.10/site-packages:/opt/ros/humble/local/lib/python3.10/dist-packages'), ('SNAP', '/snap/code/132'), ('LC_NUMERIC', 'nl_NL.UTF-8'), ('LC_PAPER', 'nl_NL.UTF-8'), ('COLCON', '1'), ('ELECTRON_NO_ATTACH_CONSOLE', '1'), ('CMAKE_PREFIX_PATH', '/home/arthike/workspaces/pimouse_start/src/install/raspimouse_msgs:/home/arthike/workspaces/pimouse_start/install/raspimouse:/home/arthike/workspaces/pimouse_start/install/raspimouse_msgs:/opt/ros/humble'), ('VSCODE_PID', '5684')]), 'shell': False}
[6.915745] (-) TimerEvent: {}
[7.011008] (raspimouse_description) StdoutLine: {'line': b'-- Found tf2: 0.25.2 (/opt/ros/humble/share/tf2/cmake)\n'}
[7.016036] (-) TimerEvent: {}
[7.052865] (raspimouse_description) StdoutLine: {'line': b'-- Found tf2_ros: 0.25.2 (/opt/ros/humble/share/tf2_ros/cmake)\n'}
[7.116724] (-) TimerEvent: {}
[7.223586] (-) TimerEvent: {}
[7.303041] (raspimouse) StdoutLine: {'line': b'\x1b[35m\x1b[1mConsolidate compiler generated dependencies of target keyboard_controller\x1b[0m\n'}
[7.323947] (-) TimerEvent: {}
[7.370411] (raspimouse) StdoutLine: {'line': b'\x1b[35m\x1b[1mConsolidate compiler generated dependencies of target raspimouse_component\x1b[0m\n'}
[7.424293] (-) TimerEvent: {}
[7.525430] (-) TimerEvent: {}
[7.561960] (raspimouse) StdoutLine: {'line': b'[ 33%] Built target keyboard_controller\n'}
[7.612135] (raspimouse) StdoutLine: {'line': b'[ 66%] Built target raspimouse_component\n'}
[7.626041] (-) TimerEvent: {}
[7.680152] (raspimouse) StdoutLine: {'line': b'\x1b[35m\x1b[1mConsolidate compiler generated dependencies of target raspimouse\x1b[0m\n'}
[7.726265] (-) TimerEvent: {}
[7.827406] (-) TimerEvent: {}
[7.897786] (raspimouse) StdoutLine: {'line': b'[100%] Built target raspimouse\n'}
[7.927840] (-) TimerEvent: {}
[7.987960] (raspimouse) CommandEnded: {'returncode': 0}
[8.028082] (-) TimerEvent: {}
[8.035709] (raspimouse_description) StdoutLine: {'line': b'-- Found raspimouse_msgs: 1.1.1 (/home/arthike/workspaces/pimouse_start/install/raspimouse_msgs/share/raspimouse_msgs/cmake)\n'}
[8.128320] (-) TimerEvent: {}
[8.184134] (raspimouse_description) StdoutLine: {'line': b'-- Found ros_ign_gazebo: 0.244.11 (/opt/ros/humble/share/ros_ign_gazebo/cmake)\n'}
[8.228815] (-) TimerEvent: {}
[8.334957] (-) TimerEvent: {}
[8.346736] (raspimouse) JobProgress: {'identifier': 'raspimouse', 'progress': 'install'}
[8.347122] (raspimouse) Command: {'cmd': ['/usr/bin/cmake', '--install', '/home/arthike/workspaces/pimouse_start/src/build/raspimouse'], 'cwd': '/home/arthike/workspaces/pimouse_start/src/build/raspimouse', 'env': OrderedDict([('GJS_DEBUG_TOPICS', 'JS ERROR;JS LOG'), ('LESSOPEN', '| /usr/bin/lesspipe %s'), ('VSCODE_CWD', '/home/arthike'), ('LANGUAGE', 'en_US:'), ('USER', 'arthike'), ('SNAP_COMMON', '/var/snap/code/common'), ('LC_TIME', 'nl_NL.UTF-8'), ('VSCODE_NLS_CONFIG', '{"locale":"en-us","osLocale":"en-us","availableLanguages":{},"_languagePackSupport":true}'), ('GIO_MODULE_DIR', '/home/arthike/snap/code/common/.cache/gio-modules'), ('VSCODE_HANDLES_UNCAUGHT_ERRORS', 'true'), ('XDG_SESSION_TYPE', 'wayland'), ('GIT_ASKPASS', '/snap/code/132/usr/share/code/resources/app/extensions/git/dist/askpass.sh'), ('SHLVL', '0'), ('LD_LIBRARY_PATH', '/home/arthike/workspaces/pimouse_start/src/install/raspimouse_msgs/lib:/home/arthike/workspaces/pimouse_start/install/raspimouse/lib:/home/arthike/workspaces/pimouse_start/install/raspimouse_msgs/lib:/opt/ros/humble/opt/rviz_ogre_vendor/lib:/opt/ros/humble/lib/x86_64-linux-gnu:/opt/ros/humble/lib'), ('HOME', '/home/arthike'), ('CHROME_DESKTOP', 'code-url-handler.desktop'), ('SNAP_LIBRARY_PATH', '/var/lib/snapd/lib/gl:/var/lib/snapd/lib/gl32:/var/lib/snapd/void'), ('TERM_PROGRAM_VERSION', '1.79.2'), ('DESKTOP_SESSION', 'ubuntu'), ('SNAP_USER_DATA', '/home/arthike/snap/code/132'), ('GTK_PATH', '/snap/code/132/usr/lib/x86_64-linux-gnu/gtk-3.0'), ('VSCODE_IPC_HOOK', '/run/user/1000/vscode-8d1340c4-1.79-main.sock'), ('GTK_IM_MODULE_FILE', '/home/arthike/snap/code/common/.cache/immodules/immodules.cache'), ('GIO_LAUNCHED_DESKTOP_FILE', '/var/lib/snapd/desktop/applications/code_code.desktop'), ('APPLICATION_INSIGHTS_NO_DIAGNOSTIC_CHANNEL', '1'), ('ROS_PYTHON_VERSION', '3'), ('GNOME_SHELL_SESSION_MODE', 'ubuntu'), ('GTK_MODULES', 'gail:atk-bridge'), ('VSCODE_GIT_ASKPASS_MAIN', '/snap/code/132/usr/share/code/resources/app/extensions/git/dist/askpass-main.js'), ('LC_MONETARY', 'nl_NL.UTF-8'), ('VSCODE_GIT_ASKPASS_NODE', '/snap/code/132/usr/share/code/code'), ('MANAGERPID', '1164'), ('SYSTEMD_EXEC_PID', '1459'), ('IM_CONFIG_CHECK_ENV', '1'), ('DBUS_SESSION_BUS_ADDRESS', 'unix:path=/run/user/1000/bus'), ('SNAP_REVISION', '132'), ('COLORTERM', 'truecolor'), ('GIO_LAUNCHED_DESKTOP_FILE_PID', '5575'), ('VSCODE_CRASH_REPORTER_PROCESS_TYPE', 'extensionHost'), ('IM_CONFIG_PHASE', '1'), ('WAYLAND_DISPLAY', 'wayland-0'), ('VSCODE_L10N_BUNDLE_LOCATION', ''), ('COLCON_PREFIX_PATH', '/home/arthike/workspaces/pimouse_start/install'), ('ROS_DISTRO', 'humble'), ('LOGNAME', 'arthike'), ('_', '/usr/bin/colcon'), ('SNAP_CONTEXT', '6qTltQyAE6O-hCz1I8rniOBR9iF5fi-Kn1__XywhKPCLypi8C8bu'), ('JOURNAL_STREAM', '8:24771'), ('ROS_VERSION', '2'), ('XDG_SESSION_CLASS', 'user'), ('SNAP_VERSION', '695af097'), ('USERNAME', 'arthike'), ('TERM', 'xterm-256color'), ('GNOME_DESKTOP_SESSION_ID', 'this-is-deprecated'), ('SNAP_INSTANCE_NAME', 'code'), ('ROS_LOCALHOST_ONLY', '0'), ('PATH', '/home/arthike/workspaces/pimouse_start/install/raspimouse/bin:/opt/ros/humble/bin:/usr/local/sbin:/usr/local/bin:/usr/sbin:/usr/bin:/sbin:/bin:/usr/games:/usr/local/games:/snap/bin:/snap/bin'), ('SESSION_MANAGER', 'local/arthike-virtual-machine:@/tmp/.ICE-unix/1338,unix/arthike-virtual-machine:/tmp/.ICE-unix/1338'), ('VSCODE_AMD_ENTRYPOINT', 'vs/workbench/api/node/extensionHostProcess'), ('GTK_EXE_PREFIX', '/snap/code/132/usr'), ('INVOCATION_ID', '1c2ba757ea8c47e28302f2462b5b3585'), ('XDG_MENU_PREFIX', 'gnome-'), ('LC_ADDRESS', 'nl_NL.UTF-8'), ('BAMF_DESKTOP_FILE_HINT', '/var/lib/snapd/desktop/applications/code_code.desktop'), ('GNOME_SETUP_DISPLAY', ':1'), ('SNAP_DATA', '/var/snap/code/132'), ('XDG_RUNTIME_DIR', '/run/user/1000'), ('GDK_BACKEND', 'x11'), ('DISPLAY', ':0'), ('LOCPATH', '/snap/code/132/usr/lib/locale'), ('LANG', 'en_US.UTF-8'), ('XDG_CURRENT_DESKTOP', 'Unity'), ('LC_TELEPHONE', 'nl_NL.UTF-8'), ('XMODIFIERS', '@im=ibus'), ('XDG_SESSION_DESKTOP', 'ubuntu'), ('XAUTHORITY', '/run/user/1000/.mutter-Xwaylandauth.ILOV71'), ('LS_COLORS', ''), ('VSCODE_GIT_IPC_HANDLE', '/run/user/1000/vscode-git-62a65cebf6.sock'), ('TERM_PROGRAM', 'vscode'), ('SSH_AGENT_LAUNCHER', 'gnome-keyring'), ('SNAP_USER_COMMON', '/home/arthike/snap/code/common'), ('SSH_AUTH_SOCK', '/run/user/1000/keyring/ssh'), ('GSETTINGS_SCHEMA_DIR', '/home/arthike/snap/code/132/.local/share/glib-2.0/schemas'), ('SNAP_ARCH', 'amd64'), ('AMENT_PREFIX_PATH', '/home/arthike/workspaces/pimouse_start/src/install/raspimouse_msgs:/home/arthike/workspaces/pimouse_start/install/raspimouse:/home/arthike/workspaces/pimouse_start/install/raspimouse_msgs:/opt/ros/humble'), ('SNAP_COOKIE', '6qTltQyAE6O-hCz1I8rniOBR9iF5fi-Kn1__XywhKPCLypi8C8bu'), ('ORIGINAL_XDG_CURRENT_DESKTOP', 'ubuntu:GNOME'), ('SHELL', '/bin/bash'), ('LC_NAME', 'nl_NL.UTF-8'), ('GDK_PIXBUF_MODULEDIR', '/snap/code/132/usr/lib/x86_64-linux-gnu/gdk-pixbuf-2.0/2.10.0/loaders'), ('QT_ACCESSIBILITY', '1'), ('ELECTRON_RUN_AS_NODE', '1'), ('GDMSESSION', 'ubuntu'), ('LESSCLOSE', '/usr/bin/lesspipe %s %s'), ('SNAP_NAME', 'code'), ('LC_MEASUREMENT', 'nl_NL.UTF-8'), ('GDK_PIXBUF_MODULE_FILE', '/home/arthike/snap/code/common/.cache/gdk-pixbuf-loaders.cache'), ('GJS_DEBUG_OUTPUT', 'stderr'), ('LC_IDENTIFICATION', 'nl_NL.UTF-8'), ('SNAP_LAUNCHER_ARCH_TRIPLET', 'x86_64-linux-gnu'), ('VSCODE_GIT_ASKPASS_EXTRA_ARGS', '--ms-enable-electron-run-as-node'), ('QT_IM_MODULE', 'ibus'), ('PWD', '/home/arthike/workspaces/pimouse_start/src/build/raspimouse'), ('VSCODE_CLI', '1'), ('XDG_CONFIG_DIRS', '/etc/xdg/xdg-ubuntu:/etc/xdg'), ('SNAP_REAL_HOME', '/home/arthike'), ('VSCODE_CODE_CACHE_PATH', '/home/arthike/.config/Code/CachedData/695af097c7bd098fbf017ce3ac85e09bbc5dda06'), ('XDG_DATA_DIRS', '/home/arthike/snap/code/132/.local/share:/home/arthike/snap/code/132:/snap/code/132/usr/share:/usr/share/ubuntu:/usr/local/share/:/usr/share/:/var/lib/snapd/desktop'), ('PYTHONPATH', '/home/arthike/workspaces/pimouse_start/src/install/raspimouse_msgs/local/lib/python3.10/dist-packages:/home/arthike/workspaces/pimouse_start/install/raspimouse_msgs/local/lib/python3.10/dist-packages:/opt/ros/humble/lib/python3.10/site-packages:/opt/ros/humble/local/lib/python3.10/dist-packages'), ('SNAP', '/snap/code/132'), ('LC_NUMERIC', 'nl_NL.UTF-8'), ('LC_PAPER', 'nl_NL.UTF-8'), ('COLCON', '1'), ('ELECTRON_NO_ATTACH_CONSOLE', '1'), ('CMAKE_PREFIX_PATH', '/home/arthike/workspaces/pimouse_start/src/install/raspimouse_msgs:/home/arthike/workspaces/pimouse_start/install/raspimouse:/home/arthike/workspaces/pimouse_start/install/raspimouse_msgs:/opt/ros/humble'), ('VSCODE_PID', '5684')]), 'shell': False}
[8.414154] (raspimouse) StdoutLine: {'line': b'-- Install configuration: "RelWithDebInfo"\n'}
[8.417481] (raspimouse) StdoutLine: {'line': b'-- Execute custom install script\n'}
[8.418905] (raspimouse) StdoutLine: {'line': b'-- Up-to-date symlink: /home/arthike/workspaces/pimouse_start/src/install/raspimouse/share/raspimouse/environment/library_path.sh\n'}
[8.420297] (raspimouse) StdoutLine: {'line': b'-- Up-to-date symlink: /home/arthike/workspaces/pimouse_start/src/install/raspimouse/share/raspimouse/environment/library_path.dsv\n'}
[8.422842] (raspimouse) StdoutLine: {'line': b'-- Up-to-date symlink: /home/arthike/workspaces/pimouse_start/src/install/raspimouse/include/raspimouse/raspimouse_component.hpp\n'}
[8.424350] (raspimouse) StdoutLine: {'line': b'-- Up-to-date symlink: /home/arthike/workspaces/pimouse_start/src/install/raspimouse/share/raspimouse//launch/raspimouse.launch.py\n'}
[8.425941] (raspimouse) StdoutLine: {'line': b'-- Up-to-date symlink: /home/arthike/workspaces/pimouse_start/src/install/raspimouse/share/raspimouse//config/params.yaml\n'}
[8.427163] (raspimouse) StdoutLine: {'line': b'-- Up-to-date symlink: /home/arthike/workspaces/pimouse_start/src/install/raspimouse/share/raspimouse//worlds/test_world.sdf\n'}
[8.427716] (raspimouse) StdoutLine: {'line': b'-- Up-to-date symlink: /home/arthike/workspaces/pimouse_start/src/install/raspimouse/share/raspimouse//config/params.yaml\n'}
[8.428488] (raspimouse) StdoutLine: {'line': b'-- Up-to-date symlink: /home/arthike/workspaces/pimouse_start/src/install/raspimouse/share/raspimouse//config/params.yaml\n'}
[8.429305] (raspimouse) StdoutLine: {'line': b'-- Up-to-date symlink: /home/arthike/workspaces/pimouse_start/src/install/raspimouse/lib/raspimouse/raspimouse\n'}
[8.429794] (raspimouse) StdoutLine: {'line': b'-- Up-to-date symlink: /home/arthike/workspaces/pimouse_start/src/install/raspimouse/lib/raspimouse/keyboard_controller\n'}
[8.432541] (raspimouse) StdoutLine: {'line': b'-- Up-to-date symlink: /home/arthike/workspaces/pimouse_start/src/install/raspimouse/share/ament_index/resource_index/package_run_dependencies/raspimouse\n'}
[8.433751] (raspimouse) StdoutLine: {'line': b'-- Up-to-date symlink: /home/arthike/workspaces/pimouse_start/src/install/raspimouse/share/ament_index/resource_index/parent_prefix_path/raspimouse\n'}
[8.434176] (raspimouse) StdoutLine: {'line': b'-- Up-to-date symlink: /home/arthike/workspaces/pimouse_start/src/install/raspimouse/share/raspimouse/environment/ament_prefix_path.sh\n'}
[8.434503] (raspimouse) StdoutLine: {'line': b'-- Up-to-date symlink: /home/arthike/workspaces/pimouse_start/src/install/raspimouse/share/raspimouse/environment/ament_prefix_path.dsv\n'}
[8.434826] (raspimouse) StdoutLine: {'line': b'-- Up-to-date symlink: /home/arthike/workspaces/pimouse_start/src/install/raspimouse/share/raspimouse/environment/path.sh\n'}
[8.435126] (-) TimerEvent: {}
[8.438382] (raspimouse) StdoutLine: {'line': b'-- Up-to-date symlink: /home/arthike/workspaces/pimouse_start/src/install/raspimouse/share/raspimouse/environment/path.dsv\n'}
[8.438729] (raspimouse) StdoutLine: {'line': b'-- Up-to-date symlink: /home/arthike/workspaces/pimouse_start/src/install/raspimouse/share/raspimouse/local_setup.bash\n'}
[8.439033] (raspimouse) StdoutLine: {'line': b'-- Up-to-date symlink: /home/arthike/workspaces/pimouse_start/src/install/raspimouse/share/raspimouse/local_setup.sh\n'}
[8.439321] (raspimouse) StdoutLine: {'line': b'-- Up-to-date symlink: /home/arthike/workspaces/pimouse_start/src/install/raspimouse/share/raspimouse/local_setup.zsh\n'}
[8.439608] (raspimouse) StdoutLine: {'line': b'-- Up-to-date symlink: /home/arthike/workspaces/pimouse_start/src/install/raspimouse/share/raspimouse/local_setup.dsv\n'}
[8.439897] (raspimouse) StdoutLine: {'line': b'-- Symlinking: /home/arthike/workspaces/pimouse_start/src/install/raspimouse/share/raspimouse/package.dsv\n'}
[8.488623] (raspimouse) StdoutLine: {'line': b'-- Up-to-date symlink: /home/arthike/workspaces/pimouse_start/src/install/raspimouse/share/ament_index/resource_index/packages/raspimouse\n'}
[8.491303] (raspimouse) StdoutLine: {'line': b'-- Up-to-date symlink: /home/arthike/workspaces/pimouse_start/src/install/raspimouse/share/ament_index/resource_index/rclcpp_components/raspimouse\n'}
[8.491861] (raspimouse) StdoutLine: {'line': b'-- Up-to-date symlink: /home/arthike/workspaces/pimouse_start/src/install/raspimouse/share/raspimouse/cmake/ament_cmake_export_targets-extras.cmake\n'}
[8.492957] (raspimouse) StdoutLine: {'line': b'-- Up-to-date symlink: /home/arthike/workspaces/pimouse_start/src/install/raspimouse/share/raspimouse/cmake/ament_cmake_export_dependencies-extras.cmake\n'}
[8.493284] (raspimouse) StdoutLine: {'line': b'-- Up-to-date symlink: /home/arthike/workspaces/pimouse_start/src/install/raspimouse/share/raspimouse/cmake/ament_cmake_export_include_directories-extras.cmake\n'}
[8.493719] (raspimouse) StdoutLine: {'line': b'-- Up-to-date symlink: /home/arthike/workspaces/pimouse_start/src/install/raspimouse/share/raspimouse/cmake/ament_cmake_export_libraries-extras.cmake\n'}
[8.495246] (raspimouse) StdoutLine: {'line': b'-- Up-to-date symlink: /home/arthike/workspaces/pimouse_start/src/install/raspimouse/share/raspimouse/cmake/raspimouseConfig.cmake\n'}
[8.496271] (raspimouse) StdoutLine: {'line': b'-- Up-to-date symlink: /home/arthike/workspaces/pimouse_start/src/install/raspimouse/share/raspimouse/cmake/raspimouseConfig-version.cmake\n'}
[8.501478] (raspimouse) StdoutLine: {'line': b'-- Up-to-date symlink: /home/arthike/workspaces/pimouse_start/src/install/raspimouse/share/raspimouse/package.xml\n'}
[8.504761] (raspimouse) StdoutLine: {'line': b'-- Up-to-date: /home/arthike/workspaces/pimouse_start/src/install/raspimouse/lib/libraspimouse_component.so\n'}
[8.520741] (raspimouse) StdoutLine: {'line': b'-- Up-to-date: /home/arthike/workspaces/pimouse_start/src/install/raspimouse/bin/keyboard_controller\n'}
[8.523137] (raspimouse) StdoutLine: {'line': b'-- Up-to-date: /home/arthike/workspaces/pimouse_start/src/install/raspimouse/share/raspimouse/cmake/export_raspimouse_componentExport.cmake\n'}
[8.523763] (raspimouse) StdoutLine: {'line': b'-- Up-to-date: /home/arthike/workspaces/pimouse_start/src/install/raspimouse/share/raspimouse/cmake/export_raspimouse_componentExport-relwithdebinfo.cmake\n'}
[8.535548] (raspimouse) CommandEnded: {'returncode': 0}
[8.537291] (-) TimerEvent: {}
[8.639378] (-) TimerEvent: {}
[8.741777] (-) TimerEvent: {}
[8.842608] (-) TimerEvent: {}
[8.943824] (-) TimerEvent: {}
[9.045071] (-) TimerEvent: {}
[9.147294] (-) TimerEvent: {}
[9.190695] (raspimouse) JobEnded: {'identifier': 'raspimouse', 'rc': 0}
[9.247682] (-) TimerEvent: {}
[9.348445] (-) TimerEvent: {}
[9.450170] (-) TimerEvent: {}
[9.551410] (-) TimerEvent: {}
[9.652446] (-) TimerEvent: {}
[9.753588] (-) TimerEvent: {}
[9.855190] (-) TimerEvent: {}
[9.957543] (-) TimerEvent: {}
[10.058930] (-) TimerEvent: {}
[10.160978] (-) TimerEvent: {}
[10.213294] (raspimouse_description) StdoutLine: {'line': b'-- Found ament_lint_auto: 0.12.6 (/opt/ros/humble/share/ament_lint_auto/cmake)\n'}
[10.261820] (-) TimerEvent: {}
[10.363244] (-) TimerEvent: {}
[10.464307] (-) TimerEvent: {}
[10.475101] (raspimouse_description) StderrLine: {'line': b'\x1b[31mCMake Error at /opt/ros/humble/share/ament_cmake_core/cmake/core/ament_package_xml.cmake:53 (message):\n'}
[10.475956] (raspimouse_description) StderrLine: {'line': b"  ament_package_xml() package name 'raspimouse_description' in '/package.xml'\n"}
[10.477095] (raspimouse_description) StderrLine: {'line': b"  does not match current PROJECT_NAME 'raspimouse'.  You must call project()\n"}
[10.477477] (raspimouse_description) StderrLine: {'line': b'  with the same package name before.\n'}
[10.477892] (raspimouse_description) StderrLine: {'line': b'Call Stack (most recent call first):\n'}
[10.478401] (raspimouse_description) StderrLine: {'line': b'  /opt/ros/humble/share/ament_lint_auto/cmake/ament_lint_auto_find_test_dependencies.cmake:31 (ament_package_xml)\n'}
[10.478727] (raspimouse_description) StderrLine: {'line': b'  CMakeLists.txt:107 (ament_lint_auto_find_test_dependencies)\n'}
[10.479042] (raspimouse_description) StderrLine: {'line': b'\n'}
[10.479354] (raspimouse_description) StderrLine: {'line': b'\x1b[0m\n'}
[10.479667] (raspimouse_description) StdoutLine: {'line': b'-- Configuring incomplete, errors occurred!\n'}
[10.479997] (raspimouse_description) StdoutLine: {'line': b'See also "/home/arthike/workspaces/pimouse_start/src/build/raspimouse_description/CMakeFiles/CMakeOutput.log".\n'}
[10.548131] (raspimouse_description) CommandEnded: {'returncode': 1}
[10.564793] (-) TimerEvent: {}
[10.666084] (-) TimerEvent: {}
[10.696634] (raspimouse_description) JobEnded: {'identifier': 'raspimouse_description', 'rc': 1}
[10.711967] (-) EventReactorShutdown: {}
