[35m[1mConsolidate compiler generated dependencies of target keyboard_controller[0m
[35m[1mConsolidate compiler generated dependencies of target raspimouse_component[0m
[ 33%] Built target keyboard_controller
[ 66%] Built target raspimouse_component
[35m[1mConsolidate compiler generated dependencies of target raspimouse[0m
[100%] Built target raspimouse
-- Install configuration: "RelWithDebInfo"
-- Execute custom install script
-- Up-to-date symlink: /home/arthike/workspaces/pimouse_start/src/install/raspimouse/share/raspimouse/environment/library_path.sh
-- Up-to-date symlink: /home/arthike/workspaces/pimouse_start/src/install/raspimouse/share/raspimouse/environment/library_path.dsv
-- Up-to-date symlink: /home/arthike/workspaces/pimouse_start/src/install/raspimouse/include/raspimouse/raspimouse_component.hpp
-- Up-to-date symlink: /home/arthike/workspaces/pimouse_start/src/install/raspimouse/share/raspimouse//launch/raspimouse.launch.py
-- Up-to-date symlink: /home/arthike/workspaces/pimouse_start/src/install/raspimouse/share/raspimouse//config/params.yaml
-- Up-to-date symlink: /home/arthike/workspaces/pimouse_start/src/install/raspimouse/share/raspimouse//worlds/test_world.sdf
-- Up-to-date symlink: /home/arthike/workspaces/pimouse_start/src/install/raspimouse/share/raspimouse//config/params.yaml
-- Up-to-date symlink: /home/arthike/workspaces/pimouse_start/src/install/raspimouse/share/raspimouse//config/params.yaml
-- Up-to-date symlink: /home/arthike/workspaces/pimouse_start/src/install/raspimouse/lib/raspimouse/raspimouse
-- Up-to-date symlink: /home/arthike/workspaces/pimouse_start/src/install/raspimouse/lib/raspimouse/keyboard_controller
-- Up-to-date symlink: /home/arthike/workspaces/pimouse_start/src/install/raspimouse/share/ament_index/resource_index/package_run_dependencies/raspimouse
-- Up-to-date symlink: /home/arthike/workspaces/pimouse_start/src/install/raspimouse/share/ament_index/resource_index/parent_prefix_path/raspimouse
-- Up-to-date symlink: /home/arthike/workspaces/pimouse_start/src/install/raspimouse/share/raspimouse/environment/ament_prefix_path.sh
-- Up-to-date symlink: /home/arthike/workspaces/pimouse_start/src/install/raspimouse/share/raspimouse/environment/ament_prefix_path.dsv
-- Up-to-date symlink: /home/arthike/workspaces/pimouse_start/src/install/raspimouse/share/raspimouse/environment/path.sh
-- Up-to-date symlink: /home/arthike/workspaces/pimouse_start/src/install/raspimouse/share/raspimouse/environment/path.dsv
-- Up-to-date symlink: /home/arthike/workspaces/pimouse_start/src/install/raspimouse/share/raspimouse/local_setup.bash
-- Up-to-date symlink: /home/arthike/workspaces/pimouse_start/src/install/raspimouse/share/raspimouse/local_setup.sh
-- Up-to-date symlink: /home/arthike/workspaces/pimouse_start/src/install/raspimouse/share/raspimouse/local_setup.zsh
-- Up-to-date symlink: /home/arthike/workspaces/pimouse_start/src/install/raspimouse/share/raspimouse/local_setup.dsv
-- Symlinking: /home/arthike/workspaces/pimouse_start/src/install/raspimouse/share/raspimouse/package.dsv
-- Up-to-date symlink: /home/arthike/workspaces/pimouse_start/src/install/raspimouse/share/ament_index/resource_index/packages/raspimouse
-- Up-to-date symlink: /home/arthike/workspaces/pimouse_start/src/install/raspimouse/share/ament_index/resource_index/rclcpp_components/raspimouse
-- Up-to-date symlink: /home/arthike/workspaces/pimouse_start/src/install/raspimouse/share/raspimouse/cmake/ament_cmake_export_targets-extras.cmake
-- Up-to-date symlink: /home/arthike/workspaces/pimouse_start/src/install/raspimouse/share/raspimouse/cmake/ament_cmake_export_dependencies-extras.cmake
-- Up-to-date symlink: /home/arthike/workspaces/pimouse_start/src/install/raspimouse/share/raspimouse/cmake/ament_cmake_export_include_directories-extras.cmake
-- Up-to-date symlink: /home/arthike/workspaces/pimouse_start/src/install/raspimouse/share/raspimouse/cmake/ament_cmake_export_libraries-extras.cmake
-- Up-to-date symlink: /home/arthike/workspaces/pimouse_start/src/install/raspimouse/share/raspimouse/cmake/raspimouseConfig.cmake
-- Up-to-date symlink: /home/arthike/workspaces/pimouse_start/src/install/raspimouse/share/raspimouse/cmake/raspimouseConfig-version.cmake
-- Up-to-date symlink: /home/arthike/workspaces/pimouse_start/src/install/raspimouse/share/raspimouse/package.xml
-- Up-to-date: /home/arthike/workspaces/pimouse_start/src/install/raspimouse/lib/libraspimouse_component.so
-- Up-to-date: /home/arthike/workspaces/pimouse_start/src/install/raspimouse/bin/keyboard_controller
-- Up-to-date: /home/arthike/workspaces/pimouse_start/src/install/raspimouse/share/raspimouse/cmake/export_raspimouse_componentExport.cmake
-- Up-to-date: /home/arthike/workspaces/pimouse_start/src/install/raspimouse/share/raspimouse/cmake/export_raspimouse_componentExport-relwithdebinfo.cmake
