[0.086s] Invoking command in '/home/arthike/workspaces/pimouse_start/src/build/raspimouse_msgs': CMAKE_PREFIX_PATH=${CMAKE_PREFIX_PATH}:/opt/ros/humble /usr/bin/cmake /home/arthike/workspaces/pimouse_start/src/raspimouse_msgs -DCMAKE_BUILD_TYPE=RelWithDebInfo -DAMENT_CMAKE_SYMLINK_INSTALL=1 -DCMAKE_INSTALL_PREFIX=/home/arthike/workspaces/pimouse_start/src/install/raspimouse_msgs
[0.860s] -- The C compiler identification is GNU 11.3.0
[1.566s] -- The CXX compiler identification is GNU 11.3.0
[1.668s] -- Detecting C compiler ABI info
[2.443s] -- Detecting C compiler ABI info - done
[2.453s] -- Check for working C compiler: /usr/bin/cc - skipped
[2.455s] -- Detecting C compile features
[2.461s] -- Detecting C compile features - done
[2.487s] -- Detecting CXX compiler ABI info
[3.026s] -- Detecting CXX compiler ABI info - done
[3.049s] -- Check for working CXX compiler: /usr/bin/c++ - skipped
[3.051s] -- Detecting CXX compile features
[3.052s] -- Detecting CXX compile features - done
[3.155s] -- Found ament_cmake: 1.3.4 (/opt/ros/humble/share/ament_cmake/cmake)
[4.081s] -- Found Python3: /usr/bin/python3.10 (found version "3.10.6") found components: Interpreter 
[4.425s] -- Override CMake install command with custom implementation using symlinks instead of copying resources
[4.713s] -- Found rosidl_default_generators: 1.2.0 (/opt/ros/humble/share/rosidl_default_generators/cmake)
[4.763s] -- Using all available rosidl_typesupport_c: rosidl_typesupport_fastrtps_c;rosidl_typesupport_introspection_c
[4.835s] -- Found rosidl_adapter: 3.1.4 (/opt/ros/humble/share/rosidl_adapter/cmake)
[5.229s] -- Using all available rosidl_typesupport_cpp: rosidl_typesupport_fastrtps_cpp;rosidl_typesupport_introspection_cpp
[6.763s] -- Found ament_cmake_ros: 0.10.0 (/opt/ros/humble/share/ament_cmake_ros/cmake)
[7.653s] -- Using all available rosidl_typesupport_c: rosidl_typesupport_fastrtps_c;rosidl_typesupport_introspection_c
[8.906s] -- Using all available rosidl_typesupport_cpp: rosidl_typesupport_fastrtps_cpp;rosidl_typesupport_introspection_cpp
[9.058s] -- Found PythonInterp: /usr/bin/python3 (found suitable version "3.10.6", minimum required is "3.6") 
[9.070s] -- Found python_cmake_module: 0.10.0 (/opt/ros/humble/share/python_cmake_module/cmake)
[9.236s] -- Found PythonLibs: /usr/lib/x86_64-linux-gnu/libpython3.10.so (found suitable version "3.10.6", minimum required is "3.5") 
[9.237s] -- Using PYTHON_EXECUTABLE: /usr/bin/python3
[9.238s] -- Using PYTHON_INCLUDE_DIRS: /usr/include/python3.10
[9.238s] -- Using PYTHON_LIBRARIES: /usr/lib/x86_64-linux-gnu/libpython3.10.so
[9.355s] -- Found PythonExtra: .so  
[9.570s] -- Found ament_lint_auto: 0.12.6 (/opt/ros/humble/share/ament_lint_auto/cmake)
[9.843s] -- Added test 'copyright' to check source files copyright and LICENSE
[9.867s] -- Added test 'lint_cmake' to check CMake code style
[9.880s] -- Added test 'xmllint' to check XML markup files
[9.918s] -- Configuring done
[10.249s] -- Generating done
[10.270s] -- Build files have been written to: /home/arthike/workspaces/pimouse_start/src/build/raspimouse_msgs
[10.301s] Invoked command in '/home/arthike/workspaces/pimouse_start/src/build/raspimouse_msgs' returned '0': CMAKE_PREFIX_PATH=${CMAKE_PREFIX_PATH}:/opt/ros/humble /usr/bin/cmake /home/arthike/workspaces/pimouse_start/src/raspimouse_msgs -DCMAKE_BUILD_TYPE=RelWithDebInfo -DAMENT_CMAKE_SYMLINK_INSTALL=1 -DCMAKE_INSTALL_PREFIX=/home/arthike/workspaces/pimouse_start/src/install/raspimouse_msgs
[10.307s] Invoking command in '/home/arthike/workspaces/pimouse_start/src/build/raspimouse_msgs': CMAKE_PREFIX_PATH=${CMAKE_PREFIX_PATH}:/opt/ros/humble /usr/bin/cmake --build /home/arthike/workspaces/pimouse_start/src/build/raspimouse_msgs -- -j7 -l7
[10.691s] [  2%] [34m[1mGenerating C code for ROS interfaces[0m
[10.730s] [  4%] [34m[1mGenerating C++ code for ROS interfaces[0m
[10.856s] [  4%] Built target ament_cmake_python_symlink_raspimouse_msgs
[12.254s] [  4%] Built target raspimouse_msgs__cpp
[12.338s] [  6%] [34m[1mGenerating C++ introspection for ROS interfaces[0m
[12.389s] running egg_info
[12.394s] creating raspimouse_msgs.egg-info
[12.397s] writing raspimouse_msgs.egg-info/PKG-INFO
[12.400s] writing dependency_links to raspimouse_msgs.egg-info/dependency_links.txt
[12.404s] writing top-level names to raspimouse_msgs.egg-info/top_level.txt
[12.406s] [  8%] [34m[1mGenerating C++ type support dispatch for ROS interfaces[0m
[12.415s] writing manifest file 'raspimouse_msgs.egg-info/SOURCES.txt'
[12.431s] [ 10%] [34m[1mGenerating C++ type support for eProsima Fast-RTPS[0m
[12.437s] [ 12%] [32mBuilding C object CMakeFiles/raspimouse_msgs__rosidl_generator_c.dir/rosidl_generator_c/raspimouse_msgs/msg/detail/light_sensors__functions.c.o[0m
[12.439s] reading manifest file 'raspimouse_msgs.egg-info/SOURCES.txt'
[12.442s] writing manifest file 'raspimouse_msgs.egg-info/SOURCES.txt'
[12.463s] [ 14%] [32mBuilding C object CMakeFiles/raspimouse_msgs__rosidl_generator_c.dir/rosidl_generator_c/raspimouse_msgs/msg/detail/leds__functions.c.o[0m
[12.471s] [ 17%] [32mBuilding C object CMakeFiles/raspimouse_msgs__rosidl_generator_c.dir/rosidl_generator_c/raspimouse_msgs/msg/detail/switches__functions.c.o[0m
[12.575s] [ 17%] Built target ament_cmake_python_build_raspimouse_msgs_egg
[13.313s] [ 19%] [32m[1mLinking C shared library libraspimouse_msgs__rosidl_generator_c.so[0m
[13.692s] [ 21%] [32mBuilding CXX object CMakeFiles/raspimouse_msgs__rosidl_typesupport_introspection_cpp.dir/rosidl_typesupport_introspection_cpp/raspimouse_msgs/msg/detail/leds__type_support.cpp.o[0m
[13.700s] [ 21%] Built target raspimouse_msgs__rosidl_generator_c
[13.710s] [ 23%] [32mBuilding CXX object CMakeFiles/raspimouse_msgs__rosidl_typesupport_introspection_cpp.dir/rosidl_typesupport_introspection_cpp/raspimouse_msgs/msg/detail/switches__type_support.cpp.o[0m
[13.714s] [ 25%] [32mBuilding CXX object CMakeFiles/raspimouse_msgs__rosidl_typesupport_cpp.dir/rosidl_typesupport_cpp/raspimouse_msgs/msg/leds__type_support.cpp.o[0m
[13.782s] [ 27%] [32mBuilding CXX object CMakeFiles/raspimouse_msgs__rosidl_typesupport_fastrtps_cpp.dir/rosidl_typesupport_fastrtps_cpp/raspimouse_msgs/msg/detail/dds_fastrtps/leds__type_support.cpp.o[0m
[13.790s] [ 29%] [32mBuilding CXX object CMakeFiles/raspimouse_msgs__rosidl_typesupport_fastrtps_cpp.dir/rosidl_typesupport_fastrtps_cpp/raspimouse_msgs/msg/detail/dds_fastrtps/switches__type_support.cpp.o[0m
[13.809s] [ 31%] [32mBuilding CXX object CMakeFiles/raspimouse_msgs__rosidl_typesupport_introspection_cpp.dir/rosidl_typesupport_introspection_cpp/raspimouse_msgs/msg/detail/light_sensors__type_support.cpp.o[0m
[13.829s] [ 34%] [34m[1mGenerating C type support for eProsima Fast-RTPS[0m
[15.386s] [ 36%] [32mBuilding CXX object CMakeFiles/raspimouse_msgs__rosidl_typesupport_fastrtps_c.dir/rosidl_typesupport_fastrtps_c/raspimouse_msgs/msg/detail/leds__type_support_c.cpp.o[0m
[16.727s] [ 38%] [32mBuilding CXX object CMakeFiles/raspimouse_msgs__rosidl_typesupport_cpp.dir/rosidl_typesupport_cpp/raspimouse_msgs/msg/switches__type_support.cpp.o[0m
[16.832s] [ 40%] [32mBuilding CXX object CMakeFiles/raspimouse_msgs__rosidl_typesupport_cpp.dir/rosidl_typesupport_cpp/raspimouse_msgs/msg/light_sensors__type_support.cpp.o[0m
[17.025s] [ 42%] [32mBuilding CXX object CMakeFiles/raspimouse_msgs__rosidl_typesupport_fastrtps_c.dir/rosidl_typesupport_fastrtps_c/raspimouse_msgs/msg/detail/switches__type_support_c.cpp.o[0m
[17.056s] [ 44%] [32m[1mLinking CXX shared library libraspimouse_msgs__rosidl_typesupport_introspection_cpp.so[0m
[17.326s] [ 46%] [32mBuilding CXX object CMakeFiles/raspimouse_msgs__rosidl_typesupport_fastrtps_c.dir/rosidl_typesupport_fastrtps_c/raspimouse_msgs/msg/detail/light_sensors__type_support_c.cpp.o[0m
[17.341s] [ 48%] [32mBuilding CXX object CMakeFiles/raspimouse_msgs__rosidl_typesupport_fastrtps_cpp.dir/rosidl_typesupport_fastrtps_cpp/raspimouse_msgs/msg/detail/dds_fastrtps/light_sensors__type_support.cpp.o[0m
[17.805s] [ 48%] Built target raspimouse_msgs__rosidl_typesupport_introspection_cpp
[18.089s] [ 51%] [34m[1mGenerating C introspection for ROS interfaces[0m
[18.815s] [ 53%] [34m[1mGenerating C type support dispatch for ROS interfaces[0m
[19.200s] [ 55%] [32m[1mLinking CXX shared library libraspimouse_msgs__rosidl_typesupport_cpp.so[0m
[19.843s] [ 57%] [32mBuilding C object CMakeFiles/raspimouse_msgs__rosidl_typesupport_introspection_c.dir/rosidl_typesupport_introspection_c/raspimouse_msgs/msg/detail/leds__type_support.c.o[0m
[19.864s] [ 57%] Built target raspimouse_msgs__rosidl_typesupport_cpp
[19.869s] [ 59%] [32mBuilding C object CMakeFiles/raspimouse_msgs__rosidl_typesupport_introspection_c.dir/rosidl_typesupport_introspection_c/raspimouse_msgs/msg/detail/switches__type_support.c.o[0m
[19.904s] [ 61%] [32mBuilding C object CMakeFiles/raspimouse_msgs__rosidl_typesupport_introspection_c.dir/rosidl_typesupport_introspection_c/raspimouse_msgs/msg/detail/light_sensors__type_support.c.o[0m
[20.199s] [ 63%] [32m[1mLinking CXX shared library libraspimouse_msgs__rosidl_typesupport_fastrtps_cpp.so[0m
[20.263s] [ 65%] [32m[1mLinking C shared library libraspimouse_msgs__rosidl_typesupport_introspection_c.so[0m
[20.346s] [ 68%] [32mBuilding CXX object CMakeFiles/raspimouse_msgs__rosidl_typesupport_c.dir/rosidl_typesupport_c/raspimouse_msgs/msg/leds__type_support.cpp.o[0m
[20.350s] [ 70%] [32m[1mLinking CXX shared library libraspimouse_msgs__rosidl_typesupport_fastrtps_c.so[0m
[20.425s] [ 72%] [32mBuilding CXX object CMakeFiles/raspimouse_msgs__rosidl_typesupport_c.dir/rosidl_typesupport_c/raspimouse_msgs/msg/switches__type_support.cpp.o[0m
[20.437s] [ 74%] [32mBuilding CXX object CMakeFiles/raspimouse_msgs__rosidl_typesupport_c.dir/rosidl_typesupport_c/raspimouse_msgs/msg/light_sensors__type_support.cpp.o[0m
[20.696s] [ 74%] Built target raspimouse_msgs__rosidl_typesupport_introspection_c
[20.755s] [ 76%] [32m[1mLinking CXX shared library libraspimouse_msgs__rosidl_typesupport_c.so[0m
[20.939s] [ 76%] Built target raspimouse_msgs__rosidl_typesupport_fastrtps_c
[20.939s] [ 76%] Built target raspimouse_msgs__rosidl_typesupport_fastrtps_cpp
[21.043s] [ 76%] Built target raspimouse_msgs__rosidl_typesupport_c
[21.186s] [ 76%] Built target raspimouse_msgs
[21.447s] [ 78%] [34m[1mGenerating Python code for ROS interfaces[0m
[22.829s] [ 78%] Built target raspimouse_msgs__py
[23.070s] [ 80%] [32mBuilding C object CMakeFiles/raspimouse_msgs__rosidl_generator_py.dir/rosidl_generator_py/raspimouse_msgs/msg/_switches_s.c.o[0m
[23.082s] [ 82%] [32mBuilding C object CMakeFiles/raspimouse_msgs__rosidl_generator_py.dir/rosidl_generator_py/raspimouse_msgs/msg/_leds_s.c.o[0m
[23.111s] [ 85%] [32mBuilding C object CMakeFiles/raspimouse_msgs__rosidl_generator_py.dir/rosidl_generator_py/raspimouse_msgs/msg/_light_sensors_s.c.o[0m
[24.071s] [ 87%] [32m[1mLinking C shared library rosidl_generator_py/raspimouse_msgs/libraspimouse_msgs__rosidl_generator_py.so[0m
[24.461s] [ 87%] Built target raspimouse_msgs__rosidl_generator_py
[24.572s] [ 89%] [32mBuilding C object CMakeFiles/raspimouse_msgs__rosidl_typesupport_introspection_c__pyext.dir/rosidl_generator_py/raspimouse_msgs/_raspimouse_msgs_s.ep.rosidl_typesupport_introspection_c.c.o[0m
[24.601s] [ 91%] [32mBuilding C object CMakeFiles/raspimouse_msgs__rosidl_typesupport_c__pyext.dir/rosidl_generator_py/raspimouse_msgs/_raspimouse_msgs_s.ep.rosidl_typesupport_c.c.o[0m
[24.750s] [ 93%] [32mBuilding C object CMakeFiles/raspimouse_msgs__rosidl_typesupport_fastrtps_c__pyext.dir/rosidl_generator_py/raspimouse_msgs/_raspimouse_msgs_s.ep.rosidl_typesupport_fastrtps_c.c.o[0m
[25.353s] [ 95%] [32m[1mLinking C shared library rosidl_generator_py/raspimouse_msgs/raspimouse_msgs_s__rosidl_typesupport_c.cpython-310-x86_64-linux-gnu.so[0m
[25.595s] [ 97%] [32m[1mLinking C shared library rosidl_generator_py/raspimouse_msgs/raspimouse_msgs_s__rosidl_typesupport_introspection_c.cpython-310-x86_64-linux-gnu.so[0m
[25.682s] [ 97%] Built target raspimouse_msgs__rosidl_typesupport_c__pyext
[25.720s] [100%] [32m[1mLinking C shared library rosidl_generator_py/raspimouse_msgs/raspimouse_msgs_s__rosidl_typesupport_fastrtps_c.cpython-310-x86_64-linux-gnu.so[0m
[25.907s] [100%] Built target raspimouse_msgs__rosidl_typesupport_introspection_c__pyext
[26.024s] [100%] Built target raspimouse_msgs__rosidl_typesupport_fastrtps_c__pyext
[26.134s] Invoked command in '/home/arthike/workspaces/pimouse_start/src/build/raspimouse_msgs' returned '0': CMAKE_PREFIX_PATH=${CMAKE_PREFIX_PATH}:/opt/ros/humble /usr/bin/cmake --build /home/arthike/workspaces/pimouse_start/src/build/raspimouse_msgs -- -j7 -l7
[27.865s] Invoking command in '/home/arthike/workspaces/pimouse_start/src/build/raspimouse_msgs': CMAKE_PREFIX_PATH=${CMAKE_PREFIX_PATH}:/opt/ros/humble /usr/bin/cmake --install /home/arthike/workspaces/pimouse_start/src/build/raspimouse_msgs
[27.923s] -- Install configuration: "RelWithDebInfo"
[27.929s] -- Execute custom install script
[27.933s] -- Symlinking: /home/arthike/workspaces/pimouse_start/src/install/raspimouse_msgs/share/ament_index/resource_index/rosidl_interfaces/raspimouse_msgs
[28.010s] -- Symlinking: /home/arthike/workspaces/pimouse_start/src/install/raspimouse_msgs/include/raspimouse_msgs/raspimouse_msgs/msg/detail/leds__functions.h
[28.082s] -- Symlinking: /home/arthike/workspaces/pimouse_start/src/install/raspimouse_msgs/include/raspimouse_msgs/raspimouse_msgs/msg/detail/leds__struct.h
[28.169s] -- Symlinking: /home/arthike/workspaces/pimouse_start/src/install/raspimouse_msgs/include/raspimouse_msgs/raspimouse_msgs/msg/detail/leds__type_support.h
[28.220s] -- Symlinking: /home/arthike/workspaces/pimouse_start/src/install/raspimouse_msgs/include/raspimouse_msgs/raspimouse_msgs/msg/detail/light_sensors__functions.h
[28.283s] -- Symlinking: /home/arthike/workspaces/pimouse_start/src/install/raspimouse_msgs/include/raspimouse_msgs/raspimouse_msgs/msg/detail/light_sensors__struct.h
[28.373s] -- Symlinking: /home/arthike/workspaces/pimouse_start/src/install/raspimouse_msgs/include/raspimouse_msgs/raspimouse_msgs/msg/detail/light_sensors__type_support.h
[28.461s] -- Symlinking: /home/arthike/workspaces/pimouse_start/src/install/raspimouse_msgs/include/raspimouse_msgs/raspimouse_msgs/msg/detail/switches__functions.h
[28.552s] -- Symlinking: /home/arthike/workspaces/pimouse_start/src/install/raspimouse_msgs/include/raspimouse_msgs/raspimouse_msgs/msg/detail/switches__struct.h
[28.642s] -- Symlinking: /home/arthike/workspaces/pimouse_start/src/install/raspimouse_msgs/include/raspimouse_msgs/raspimouse_msgs/msg/detail/switches__type_support.h
[28.742s] -- Symlinking: /home/arthike/workspaces/pimouse_start/src/install/raspimouse_msgs/include/raspimouse_msgs/raspimouse_msgs/msg/leds.h
[28.831s] -- Symlinking: /home/arthike/workspaces/pimouse_start/src/install/raspimouse_msgs/include/raspimouse_msgs/raspimouse_msgs/msg/light_sensors.h
[28.916s] -- Symlinking: /home/arthike/workspaces/pimouse_start/src/install/raspimouse_msgs/include/raspimouse_msgs/raspimouse_msgs/msg/rosidl_generator_c__visibility_control.h
[28.975s] -- Symlinking: /home/arthike/workspaces/pimouse_start/src/install/raspimouse_msgs/include/raspimouse_msgs/raspimouse_msgs/msg/switches.h
[29.099s] -- Symlinking: /home/arthike/workspaces/pimouse_start/src/install/raspimouse_msgs/share/raspimouse_msgs/environment/library_path.sh
[29.188s] -- Symlinking: /home/arthike/workspaces/pimouse_start/src/install/raspimouse_msgs/share/raspimouse_msgs/environment/library_path.dsv
[29.298s] -- Symlinking: /home/arthike/workspaces/pimouse_start/src/install/raspimouse_msgs/include/raspimouse_msgs/raspimouse_msgs/msg/detail/leds__rosidl_typesupport_fastrtps_c.h
[29.366s] -- Symlinking: /home/arthike/workspaces/pimouse_start/src/install/raspimouse_msgs/include/raspimouse_msgs/raspimouse_msgs/msg/detail/light_sensors__rosidl_typesupport_fastrtps_c.h
[29.471s] -- Symlinking: /home/arthike/workspaces/pimouse_start/src/install/raspimouse_msgs/include/raspimouse_msgs/raspimouse_msgs/msg/detail/switches__rosidl_typesupport_fastrtps_c.h
[29.550s] -- Symlinking: /home/arthike/workspaces/pimouse_start/src/install/raspimouse_msgs/include/raspimouse_msgs/raspimouse_msgs/msg/rosidl_typesupport_fastrtps_c__visibility_control.h
[29.622s] -- Symlinking: /home/arthike/workspaces/pimouse_start/src/install/raspimouse_msgs/include/raspimouse_msgs/raspimouse_msgs/msg/detail/leds__rosidl_typesupport_introspection_c.h
[29.715s] -- Symlinking: /home/arthike/workspaces/pimouse_start/src/install/raspimouse_msgs/include/raspimouse_msgs/raspimouse_msgs/msg/detail/light_sensors__rosidl_typesupport_introspection_c.h
[29.776s] -- Symlinking: /home/arthike/workspaces/pimouse_start/src/install/raspimouse_msgs/include/raspimouse_msgs/raspimouse_msgs/msg/detail/switches__rosidl_typesupport_introspection_c.h
[29.842s] -- Symlinking: /home/arthike/workspaces/pimouse_start/src/install/raspimouse_msgs/include/raspimouse_msgs/raspimouse_msgs/msg/rosidl_typesupport_introspection_c__visibility_control.h
[29.908s] -- Symlinking: /home/arthike/workspaces/pimouse_start/src/install/raspimouse_msgs/include/raspimouse_msgs/raspimouse_msgs/msg/detail/leds__builder.hpp
[29.978s] -- Symlinking: /home/arthike/workspaces/pimouse_start/src/install/raspimouse_msgs/include/raspimouse_msgs/raspimouse_msgs/msg/detail/leds__struct.hpp
[30.038s] -- Symlinking: /home/arthike/workspaces/pimouse_start/src/install/raspimouse_msgs/include/raspimouse_msgs/raspimouse_msgs/msg/detail/leds__traits.hpp
[30.104s] -- Symlinking: /home/arthike/workspaces/pimouse_start/src/install/raspimouse_msgs/include/raspimouse_msgs/raspimouse_msgs/msg/detail/light_sensors__builder.hpp
[30.190s] -- Symlinking: /home/arthike/workspaces/pimouse_start/src/install/raspimouse_msgs/include/raspimouse_msgs/raspimouse_msgs/msg/detail/light_sensors__struct.hpp
[30.224s] -- Symlinking: /home/arthike/workspaces/pimouse_start/src/install/raspimouse_msgs/include/raspimouse_msgs/raspimouse_msgs/msg/detail/light_sensors__traits.hpp
[30.307s] -- Symlinking: /home/arthike/workspaces/pimouse_start/src/install/raspimouse_msgs/include/raspimouse_msgs/raspimouse_msgs/msg/detail/switches__builder.hpp
[30.372s] -- Symlinking: /home/arthike/workspaces/pimouse_start/src/install/raspimouse_msgs/include/raspimouse_msgs/raspimouse_msgs/msg/detail/switches__struct.hpp
[30.463s] -- Symlinking: /home/arthike/workspaces/pimouse_start/src/install/raspimouse_msgs/include/raspimouse_msgs/raspimouse_msgs/msg/detail/switches__traits.hpp
[30.552s] -- Symlinking: /home/arthike/workspaces/pimouse_start/src/install/raspimouse_msgs/include/raspimouse_msgs/raspimouse_msgs/msg/leds.hpp
[30.632s] -- Symlinking: /home/arthike/workspaces/pimouse_start/src/install/raspimouse_msgs/include/raspimouse_msgs/raspimouse_msgs/msg/light_sensors.hpp
[30.717s] -- Symlinking: /home/arthike/workspaces/pimouse_start/src/install/raspimouse_msgs/include/raspimouse_msgs/raspimouse_msgs/msg/switches.hpp
[30.813s] -- Symlinking: /home/arthike/workspaces/pimouse_start/src/install/raspimouse_msgs/include/raspimouse_msgs/raspimouse_msgs/msg/detail/leds__rosidl_typesupport_fastrtps_cpp.hpp
[30.838s] -- Symlinking: /home/arthike/workspaces/pimouse_start/src/install/raspimouse_msgs/include/raspimouse_msgs/raspimouse_msgs/msg/detail/light_sensors__rosidl_typesupport_fastrtps_cpp.hpp
[30.879s] -- Symlinking: /home/arthike/workspaces/pimouse_start/src/install/raspimouse_msgs/include/raspimouse_msgs/raspimouse_msgs/msg/detail/switches__rosidl_typesupport_fastrtps_cpp.hpp
[30.938s] -- Symlinking: /home/arthike/workspaces/pimouse_start/src/install/raspimouse_msgs/include/raspimouse_msgs/raspimouse_msgs/msg/rosidl_typesupport_fastrtps_cpp__visibility_control.h
[31.021s] -- Symlinking: /home/arthike/workspaces/pimouse_start/src/install/raspimouse_msgs/include/raspimouse_msgs/raspimouse_msgs/msg/detail/leds__rosidl_typesupport_introspection_cpp.hpp
[31.166s] -- Symlinking: /home/arthike/workspaces/pimouse_start/src/install/raspimouse_msgs/include/raspimouse_msgs/raspimouse_msgs/msg/detail/light_sensors__rosidl_typesupport_introspection_cpp.hpp
[31.254s] -- Symlinking: /home/arthike/workspaces/pimouse_start/src/install/raspimouse_msgs/include/raspimouse_msgs/raspimouse_msgs/msg/detail/switches__rosidl_typesupport_introspection_cpp.hpp
[31.338s] -- Symlinking: /home/arthike/workspaces/pimouse_start/src/install/raspimouse_msgs/share/raspimouse_msgs/environment/pythonpath.sh
[31.420s] -- Symlinking: /home/arthike/workspaces/pimouse_start/src/install/raspimouse_msgs/share/raspimouse_msgs/environment/pythonpath.dsv
[31.503s] -- Symlinking: /home/arthike/workspaces/pimouse_start/src/install/raspimouse_msgs/local/lib/python3.10/dist-packages/raspimouse_msgs-1.1.1-py3.10.egg-info/PKG-INFO
[31.570s] -- Symlinking: /home/arthike/workspaces/pimouse_start/src/install/raspimouse_msgs/local/lib/python3.10/dist-packages/raspimouse_msgs-1.1.1-py3.10.egg-info/SOURCES.txt
[31.663s] -- Symlinking: /home/arthike/workspaces/pimouse_start/src/install/raspimouse_msgs/local/lib/python3.10/dist-packages/raspimouse_msgs-1.1.1-py3.10.egg-info/dependency_links.txt
[31.732s] -- Symlinking: /home/arthike/workspaces/pimouse_start/src/install/raspimouse_msgs/local/lib/python3.10/dist-packages/raspimouse_msgs-1.1.1-py3.10.egg-info/top_level.txt
[31.779s] -- Symlinking: /home/arthike/workspaces/pimouse_start/src/install/raspimouse_msgs/local/lib/python3.10/dist-packages/raspimouse_msgs/__init__.py
[31.892s] -- Symlinking: /home/arthike/workspaces/pimouse_start/src/install/raspimouse_msgs/local/lib/python3.10/dist-packages/raspimouse_msgs/_raspimouse_msgs_s.ep.rosidl_typesupport_c.c
[31.984s] -- Symlinking: /home/arthike/workspaces/pimouse_start/src/install/raspimouse_msgs/local/lib/python3.10/dist-packages/raspimouse_msgs/_raspimouse_msgs_s.ep.rosidl_typesupport_fastrtps_c.c
[32.063s] -- Symlinking: /home/arthike/workspaces/pimouse_start/src/install/raspimouse_msgs/local/lib/python3.10/dist-packages/raspimouse_msgs/_raspimouse_msgs_s.ep.rosidl_typesupport_introspection_c.c
[32.161s] -- Symlinking: /home/arthike/workspaces/pimouse_start/src/install/raspimouse_msgs/local/lib/python3.10/dist-packages/raspimouse_msgs/libraspimouse_msgs__rosidl_generator_py.so
[32.243s] -- Symlinking: /home/arthike/workspaces/pimouse_start/src/install/raspimouse_msgs/local/lib/python3.10/dist-packages/raspimouse_msgs/msg/__init__.py
[32.327s] -- Symlinking: /home/arthike/workspaces/pimouse_start/src/install/raspimouse_msgs/local/lib/python3.10/dist-packages/raspimouse_msgs/msg/_leds.py
[32.397s] -- Symlinking: /home/arthike/workspaces/pimouse_start/src/install/raspimouse_msgs/local/lib/python3.10/dist-packages/raspimouse_msgs/msg/_leds_s.c
[32.467s] -- Symlinking: /home/arthike/workspaces/pimouse_start/src/install/raspimouse_msgs/local/lib/python3.10/dist-packages/raspimouse_msgs/msg/_light_sensors.py
[32.529s] -- Symlinking: /home/arthike/workspaces/pimouse_start/src/install/raspimouse_msgs/local/lib/python3.10/dist-packages/raspimouse_msgs/msg/_light_sensors_s.c
[32.592s] -- Symlinking: /home/arthike/workspaces/pimouse_start/src/install/raspimouse_msgs/local/lib/python3.10/dist-packages/raspimouse_msgs/msg/_switches.py
[32.663s] -- Symlinking: /home/arthike/workspaces/pimouse_start/src/install/raspimouse_msgs/local/lib/python3.10/dist-packages/raspimouse_msgs/msg/_switches_s.c
[32.754s] -- Symlinking: /home/arthike/workspaces/pimouse_start/src/install/raspimouse_msgs/local/lib/python3.10/dist-packages/raspimouse_msgs/raspimouse_msgs_s__rosidl_typesupport_c.cpython-310-x86_64-linux-gnu.so
[32.809s] -- Symlinking: /home/arthike/workspaces/pimouse_start/src/install/raspimouse_msgs/local/lib/python3.10/dist-packages/raspimouse_msgs/raspimouse_msgs_s__rosidl_typesupport_fastrtps_c.cpython-310-x86_64-linux-gnu.so
[32.915s] -- Symlinking: /home/arthike/workspaces/pimouse_start/src/install/raspimouse_msgs/local/lib/python3.10/dist-packages/raspimouse_msgs/raspimouse_msgs_s__rosidl_typesupport_introspection_c.cpython-310-x86_64-linux-gnu.so
[32.979s] -- Up-to-date symlink: /home/arthike/workspaces/pimouse_start/src/install/raspimouse_msgs/local/lib/python3.10/dist-packages/raspimouse_msgs/raspimouse_msgs_s__rosidl_typesupport_fastrtps_c.cpython-310-x86_64-linux-gnu.so
[32.985s] -- Up-to-date symlink: /home/arthike/workspaces/pimouse_start/src/install/raspimouse_msgs/local/lib/python3.10/dist-packages/raspimouse_msgs/raspimouse_msgs_s__rosidl_typesupport_introspection_c.cpython-310-x86_64-linux-gnu.so
[32.989s] -- Up-to-date symlink: /home/arthike/workspaces/pimouse_start/src/install/raspimouse_msgs/local/lib/python3.10/dist-packages/raspimouse_msgs/raspimouse_msgs_s__rosidl_typesupport_c.cpython-310-x86_64-linux-gnu.so
[32.994s] -- Symlinking: /home/arthike/workspaces/pimouse_start/src/install/raspimouse_msgs/share/raspimouse_msgs/msg/Leds.idl
[33.055s] -- Symlinking: /home/arthike/workspaces/pimouse_start/src/install/raspimouse_msgs/share/raspimouse_msgs/msg/Switches.idl
[33.118s] -- Symlinking: /home/arthike/workspaces/pimouse_start/src/install/raspimouse_msgs/share/raspimouse_msgs/msg/LightSensors.idl
[33.198s] -- Symlinking: /home/arthike/workspaces/pimouse_start/src/install/raspimouse_msgs/share/raspimouse_msgs/msg/Leds.msg
[33.244s] -- Symlinking: /home/arthike/workspaces/pimouse_start/src/install/raspimouse_msgs/share/raspimouse_msgs/msg/Switches.msg
[33.351s] -- Symlinking: /home/arthike/workspaces/pimouse_start/src/install/raspimouse_msgs/share/raspimouse_msgs/msg/LightSensors.msg
[33.449s] -- Symlinking: /home/arthike/workspaces/pimouse_start/src/install/raspimouse_msgs/share/ament_index/resource_index/package_run_dependencies/raspimouse_msgs
[33.517s] -- Symlinking: /home/arthike/workspaces/pimouse_start/src/install/raspimouse_msgs/share/ament_index/resource_index/parent_prefix_path/raspimouse_msgs
[33.604s] -- Symlinking: /home/arthike/workspaces/pimouse_start/src/install/raspimouse_msgs/share/raspimouse_msgs/environment/ament_prefix_path.sh
[33.679s] -- Symlinking: /home/arthike/workspaces/pimouse_start/src/install/raspimouse_msgs/share/raspimouse_msgs/environment/ament_prefix_path.dsv
[33.730s] -- Symlinking: /home/arthike/workspaces/pimouse_start/src/install/raspimouse_msgs/share/raspimouse_msgs/environment/path.sh
[33.816s] -- Symlinking: /home/arthike/workspaces/pimouse_start/src/install/raspimouse_msgs/share/raspimouse_msgs/environment/path.dsv
[33.921s] -- Symlinking: /home/arthike/workspaces/pimouse_start/src/install/raspimouse_msgs/share/raspimouse_msgs/local_setup.bash
[33.987s] -- Symlinking: /home/arthike/workspaces/pimouse_start/src/install/raspimouse_msgs/share/raspimouse_msgs/local_setup.sh
[34.070s] -- Symlinking: /home/arthike/workspaces/pimouse_start/src/install/raspimouse_msgs/share/raspimouse_msgs/local_setup.zsh
[34.174s] -- Symlinking: /home/arthike/workspaces/pimouse_start/src/install/raspimouse_msgs/share/raspimouse_msgs/local_setup.dsv
[34.240s] -- Symlinking: /home/arthike/workspaces/pimouse_start/src/install/raspimouse_msgs/share/raspimouse_msgs/package.dsv
[34.318s] -- Symlinking: /home/arthike/workspaces/pimouse_start/src/install/raspimouse_msgs/share/ament_index/resource_index/packages/raspimouse_msgs
[34.394s] -- Symlinking: /home/arthike/workspaces/pimouse_start/src/install/raspimouse_msgs/share/raspimouse_msgs/cmake/rosidl_cmake-extras.cmake
[34.463s] -- Symlinking: /home/arthike/workspaces/pimouse_start/src/install/raspimouse_msgs/share/raspimouse_msgs/cmake/ament_cmake_export_include_directories-extras.cmake
[34.554s] -- Symlinking: /home/arthike/workspaces/pimouse_start/src/install/raspimouse_msgs/share/raspimouse_msgs/cmake/ament_cmake_export_libraries-extras.cmake
[34.644s] -- Symlinking: /home/arthike/workspaces/pimouse_start/src/install/raspimouse_msgs/share/raspimouse_msgs/cmake/ament_cmake_export_targets-extras.cmake
[34.721s] -- Symlinking: /home/arthike/workspaces/pimouse_start/src/install/raspimouse_msgs/share/raspimouse_msgs/cmake/rosidl_cmake_export_typesupport_targets-extras.cmake
[34.797s] -- Symlinking: /home/arthike/workspaces/pimouse_start/src/install/raspimouse_msgs/share/raspimouse_msgs/cmake/ament_cmake_export_dependencies-extras.cmake
[34.858s] -- Symlinking: /home/arthike/workspaces/pimouse_start/src/install/raspimouse_msgs/share/raspimouse_msgs/cmake/rosidl_cmake_export_typesupport_libraries-extras.cmake
[34.912s] -- Symlinking: /home/arthike/workspaces/pimouse_start/src/install/raspimouse_msgs/share/raspimouse_msgs/cmake/raspimouse_msgsConfig.cmake
[35.007s] -- Symlinking: /home/arthike/workspaces/pimouse_start/src/install/raspimouse_msgs/share/raspimouse_msgs/cmake/raspimouse_msgsConfig-version.cmake
[35.089s] -- Symlinking: /home/arthike/workspaces/pimouse_start/src/install/raspimouse_msgs/share/raspimouse_msgs/package.xml
[35.170s] -- Installing: /home/arthike/workspaces/pimouse_start/src/install/raspimouse_msgs/lib/libraspimouse_msgs__rosidl_generator_c.so
[35.181s] -- Set runtime path of "/home/arthike/workspaces/pimouse_start/src/install/raspimouse_msgs/lib/libraspimouse_msgs__rosidl_generator_c.so" to ""
[35.182s] -- Installing: /home/arthike/workspaces/pimouse_start/src/install/raspimouse_msgs/lib/libraspimouse_msgs__rosidl_typesupport_fastrtps_c.so
[35.191s] -- Set runtime path of "/home/arthike/workspaces/pimouse_start/src/install/raspimouse_msgs/lib/libraspimouse_msgs__rosidl_typesupport_fastrtps_c.so" to ""
[35.192s] -- Installing: /home/arthike/workspaces/pimouse_start/src/install/raspimouse_msgs/lib/libraspimouse_msgs__rosidl_typesupport_introspection_c.so
[35.201s] -- Set runtime path of "/home/arthike/workspaces/pimouse_start/src/install/raspimouse_msgs/lib/libraspimouse_msgs__rosidl_typesupport_introspection_c.so" to ""
[35.203s] -- Installing: /home/arthike/workspaces/pimouse_start/src/install/raspimouse_msgs/lib/libraspimouse_msgs__rosidl_typesupport_c.so
[35.207s] -- Set runtime path of "/home/arthike/workspaces/pimouse_start/src/install/raspimouse_msgs/lib/libraspimouse_msgs__rosidl_typesupport_c.so" to ""
[35.208s] -- Installing: /home/arthike/workspaces/pimouse_start/src/install/raspimouse_msgs/lib/libraspimouse_msgs__rosidl_typesupport_fastrtps_cpp.so
[35.230s] -- Set runtime path of "/home/arthike/workspaces/pimouse_start/src/install/raspimouse_msgs/lib/libraspimouse_msgs__rosidl_typesupport_fastrtps_cpp.so" to ""
[35.232s] -- Installing: /home/arthike/workspaces/pimouse_start/src/install/raspimouse_msgs/lib/libraspimouse_msgs__rosidl_typesupport_introspection_cpp.so
[35.238s] -- Set runtime path of "/home/arthike/workspaces/pimouse_start/src/install/raspimouse_msgs/lib/libraspimouse_msgs__rosidl_typesupport_introspection_cpp.so" to ""
[35.239s] -- Installing: /home/arthike/workspaces/pimouse_start/src/install/raspimouse_msgs/lib/libraspimouse_msgs__rosidl_typesupport_cpp.so
[35.247s] -- Set runtime path of "/home/arthike/workspaces/pimouse_start/src/install/raspimouse_msgs/lib/libraspimouse_msgs__rosidl_typesupport_cpp.so" to ""
[35.471s] Listing '/home/arthike/workspaces/pimouse_start/src/install/raspimouse_msgs/local/lib/python3.10/dist-packages/raspimouse_msgs'...
[35.473s] Compiling '/home/arthike/workspaces/pimouse_start/src/install/raspimouse_msgs/local/lib/python3.10/dist-packages/raspimouse_msgs/__init__.py'...
[35.473s] Listing '/home/arthike/workspaces/pimouse_start/src/install/raspimouse_msgs/local/lib/python3.10/dist-packages/raspimouse_msgs/msg'...
[35.474s] Compiling '/home/arthike/workspaces/pimouse_start/src/install/raspimouse_msgs/local/lib/python3.10/dist-packages/raspimouse_msgs/msg/__init__.py'...
[35.474s] Compiling '/home/arthike/workspaces/pimouse_start/src/install/raspimouse_msgs/local/lib/python3.10/dist-packages/raspimouse_msgs/msg/_leds.py'...
[35.475s] Compiling '/home/arthike/workspaces/pimouse_start/src/install/raspimouse_msgs/local/lib/python3.10/dist-packages/raspimouse_msgs/msg/_light_sensors.py'...
[35.475s] Compiling '/home/arthike/workspaces/pimouse_start/src/install/raspimouse_msgs/local/lib/python3.10/dist-packages/raspimouse_msgs/msg/_switches.py'...
[35.483s] -- Installing: /home/arthike/workspaces/pimouse_start/src/install/raspimouse_msgs/lib/libraspimouse_msgs__rosidl_generator_py.so
[35.502s] -- Set runtime path of "/home/arthike/workspaces/pimouse_start/src/install/raspimouse_msgs/lib/libraspimouse_msgs__rosidl_generator_py.so" to ""
[35.505s] -- Installing: /home/arthike/workspaces/pimouse_start/src/install/raspimouse_msgs/share/raspimouse_msgs/cmake/export_raspimouse_msgs__rosidl_generator_cExport.cmake
[35.507s] -- Installing: /home/arthike/workspaces/pimouse_start/src/install/raspimouse_msgs/share/raspimouse_msgs/cmake/export_raspimouse_msgs__rosidl_generator_cExport-relwithdebinfo.cmake
[35.509s] -- Installing: /home/arthike/workspaces/pimouse_start/src/install/raspimouse_msgs/share/raspimouse_msgs/cmake/export_raspimouse_msgs__rosidl_typesupport_fastrtps_cExport.cmake
[35.511s] -- Installing: /home/arthike/workspaces/pimouse_start/src/install/raspimouse_msgs/share/raspimouse_msgs/cmake/export_raspimouse_msgs__rosidl_typesupport_fastrtps_cExport-relwithdebinfo.cmake
[35.513s] -- Installing: /home/arthike/workspaces/pimouse_start/src/install/raspimouse_msgs/share/raspimouse_msgs/cmake/raspimouse_msgs__rosidl_typesupport_introspection_cExport.cmake
[35.514s] -- Installing: /home/arthike/workspaces/pimouse_start/src/install/raspimouse_msgs/share/raspimouse_msgs/cmake/raspimouse_msgs__rosidl_typesupport_introspection_cExport-relwithdebinfo.cmake
[35.517s] -- Installing: /home/arthike/workspaces/pimouse_start/src/install/raspimouse_msgs/share/raspimouse_msgs/cmake/raspimouse_msgs__rosidl_typesupport_cExport.cmake
[35.518s] -- Installing: /home/arthike/workspaces/pimouse_start/src/install/raspimouse_msgs/share/raspimouse_msgs/cmake/raspimouse_msgs__rosidl_typesupport_cExport-relwithdebinfo.cmake
[35.528s] -- Installing: /home/arthike/workspaces/pimouse_start/src/install/raspimouse_msgs/share/raspimouse_msgs/cmake/export_raspimouse_msgs__rosidl_generator_cppExport.cmake
[35.528s] -- Installing: /home/arthike/workspaces/pimouse_start/src/install/raspimouse_msgs/share/raspimouse_msgs/cmake/export_raspimouse_msgs__rosidl_typesupport_fastrtps_cppExport.cmake
[35.532s] -- Installing: /home/arthike/workspaces/pimouse_start/src/install/raspimouse_msgs/share/raspimouse_msgs/cmake/export_raspimouse_msgs__rosidl_typesupport_fastrtps_cppExport-relwithdebinfo.cmake
[35.533s] -- Installing: /home/arthike/workspaces/pimouse_start/src/install/raspimouse_msgs/share/raspimouse_msgs/cmake/raspimouse_msgs__rosidl_typesupport_introspection_cppExport.cmake
[35.533s] -- Installing: /home/arthike/workspaces/pimouse_start/src/install/raspimouse_msgs/share/raspimouse_msgs/cmake/raspimouse_msgs__rosidl_typesupport_introspection_cppExport-relwithdebinfo.cmake
[35.534s] -- Installing: /home/arthike/workspaces/pimouse_start/src/install/raspimouse_msgs/share/raspimouse_msgs/cmake/raspimouse_msgs__rosidl_typesupport_cppExport.cmake
[35.534s] -- Installing: /home/arthike/workspaces/pimouse_start/src/install/raspimouse_msgs/share/raspimouse_msgs/cmake/raspimouse_msgs__rosidl_typesupport_cppExport-relwithdebinfo.cmake
[35.535s] -- Installing: /home/arthike/workspaces/pimouse_start/src/install/raspimouse_msgs/share/raspimouse_msgs/cmake/export_raspimouse_msgs__rosidl_generator_pyExport.cmake
[35.545s] -- Installing: /home/arthike/workspaces/pimouse_start/src/install/raspimouse_msgs/share/raspimouse_msgs/cmake/export_raspimouse_msgs__rosidl_generator_pyExport-relwithdebinfo.cmake
[35.549s] Invoked command in '/home/arthike/workspaces/pimouse_start/src/build/raspimouse_msgs' returned '0': CMAKE_PREFIX_PATH=${CMAKE_PREFIX_PATH}:/opt/ros/humble /usr/bin/cmake --install /home/arthike/workspaces/pimouse_start/src/build/raspimouse_msgs
