[ 33%] Built target keyboard_controller
[ 66%] Built target raspimouse_component
[100%] Built target raspimouse
-- Install configuration: "RelWithDebInfo"
-- Execute custom install script
-- Up-to-date symlink: /home/arthike/workspaces/pimouse_start/src/install/raspimouse/share/raspimouse/environment/library_path.sh
-- Up-to-date symlink: /home/arthike/workspaces/pimouse_start/src/install/raspimouse/share/raspimouse/environment/library_path.dsv
-- Up-to-date symlink: /home/arthike/workspaces/pimouse_start/src/install/raspimouse/include/raspimouse/raspimouse_component.hpp
-- Up-to-date symlink: /home/arthike/workspaces/pimouse_start/src/install/raspimouse/share/raspimouse//launch/raspimouse.launch.py
-- Symlinking: /home/arthike/workspaces/pimouse_start/src/install/raspimouse/share/raspimouse//launch/start_world.launch.py
-- Up-to-date symlink: /home/arthike/workspaces/pimouse_start/src/install/raspimouse/share/raspimouse//config/params.yaml
-- Up-to-date symlink: /home/arthike/workspaces/pimouse_start/src/install/raspimouse/share/raspimouse//worlds/test_world.sdf
-- Up-to-date symlink: /home/arthike/workspaces/pimouse_start/src/install/raspimouse/share/raspimouse//config/params.yaml
-- Symlinking: /home/arthike/workspaces/pimouse_start/src/install/raspimouse/share/raspimouse//models/CHANGELOG.rst
-- Symlinking: /home/arthike/workspaces/pimouse_start/src/install/raspimouse/share/raspimouse//models/CMakeLists.txt
-- Symlinking: /home/arthike/workspaces/pimouse_start/src/install/raspimouse/share/raspimouse//models/LICENSE
-- Symlinking: /home/arthike/workspaces/pimouse_start/src/install/raspimouse/share/raspimouse//models/README.md
-- Symlinking: /home/arthike/workspaces/pimouse_start/src/install/raspimouse/share/raspimouse//models/launch/config/urdf.rviz
-- Symlinking: /home/arthike/workspaces/pimouse_start/src/install/raspimouse/share/raspimouse//models/launch/display.launch.py
-- Symlinking: /home/arthike/workspaces/pimouse_start/src/install/raspimouse/share/raspimouse//models/launch/gazebo.launch.py
-- Symlinking: /home/arthike/workspaces/pimouse_start/src/install/raspimouse/share/raspimouse//models/meshes/dae/body/raspimouse_body.dae
-- Symlinking: /home/arthike/workspaces/pimouse_start/src/install/raspimouse/share/raspimouse//models/meshes/dae/body/raspimouse_top_plate.dae
-- Symlinking: /home/arthike/workspaces/pimouse_start/src/install/raspimouse/share/raspimouse//models/meshes/dae/body/rt-logo.png
-- Symlinking: /home/arthike/workspaces/pimouse_start/src/install/raspimouse/share/raspimouse//models/meshes/dae/sensor/urg_bottom_origin.dae
-- Symlinking: /home/arthike/workspaces/pimouse_start/src/install/raspimouse/share/raspimouse//models/meshes/dae/sensor/urg_optical_axis_center_origin.dae
-- Symlinking: /home/arthike/workspaces/pimouse_start/src/install/raspimouse/share/raspimouse//models/meshes/dae/wheel/raspimouse_wheel.dae
-- Symlinking: /home/arthike/workspaces/pimouse_start/src/install/raspimouse/share/raspimouse//models/meshes/stl/RasPiMouse_MultiLiDARMount.stl
-- Symlinking: /home/arthike/workspaces/pimouse_start/src/install/raspimouse/share/raspimouse//models/meshes/stl/RasPiMouse_TopPlate.stl
-- Symlinking: /home/arthike/workspaces/pimouse_start/src/install/raspimouse/share/raspimouse//models/meshes/stl/RasPiMouse_base-metric.stl
-- Symlinking: /home/arthike/workspaces/pimouse_start/src/install/raspimouse/share/raspimouse//models/meshes/stl/RasPiMouse_sensor-metric.stl
-- Symlinking: /home/arthike/workspaces/pimouse_start/src/install/raspimouse/share/raspimouse//models/meshes/stl/RasPiMouse_wheel-metric.stl
-- Symlinking: /home/arthike/workspaces/pimouse_start/src/install/raspimouse/share/raspimouse//models/meshes/stl/RasPiMouse_wheel-mm.stl
-- Symlinking: /home/arthike/workspaces/pimouse_start/src/install/raspimouse/share/raspimouse//models/meshes/stl/URG-04LX-UG01.stl
-- Symlinking: /home/arthike/workspaces/pimouse_start/src/install/raspimouse/share/raspimouse//models/meshes/stl/color/RasPiMouse_body_black.stl
-- Symlinking: /home/arthike/workspaces/pimouse_start/src/install/raspimouse/share/raspimouse//models/meshes/stl/color/RasPiMouse_body_gray.stl
-- Symlinking: /home/arthike/workspaces/pimouse_start/src/install/raspimouse/share/raspimouse//models/meshes/stl/color/RasPiMouse_body_green.stl
-- Symlinking: /home/arthike/workspaces/pimouse_start/src/install/raspimouse/share/raspimouse//models/meshes/stl/color/RasPiMouse_body_red.stl
-- Symlinking: /home/arthike/workspaces/pimouse_start/src/install/raspimouse/share/raspimouse//models/meshes/stl/color/RasPiMouse_wheel_black.stl
-- Symlinking: /home/arthike/workspaces/pimouse_start/src/install/raspimouse/share/raspimouse//models/meshes/stl/color/RasPiMouse_wheel_gray.stl
-- Symlinking: /home/arthike/workspaces/pimouse_start/src/install/raspimouse/share/raspimouse//models/meshes/stl/robotis_lds01.stl
-- Symlinking: /home/arthike/workspaces/pimouse_start/src/install/raspimouse/share/raspimouse//models/model.config
-- Symlinking: /home/arthike/workspaces/pimouse_start/src/install/raspimouse/share/raspimouse//models/package.xml
-- Symlinking: /home/arthike/workspaces/pimouse_start/src/install/raspimouse/share/raspimouse//models/urdf/body/body.gazebo.xacro
-- Symlinking: /home/arthike/workspaces/pimouse_start/src/install/raspimouse/share/raspimouse//models/urdf/body/body.urdf.xacro
-- Symlinking: /home/arthike/workspaces/pimouse_start/src/install/raspimouse/share/raspimouse//models/urdf/body/option.urdf.xacro
-- Symlinking: /home/arthike/workspaces/pimouse_start/src/install/raspimouse/share/raspimouse//models/urdf/common.xacro
-- Symlinking: /home/arthike/workspaces/pimouse_start/src/install/raspimouse/share/raspimouse//models/urdf/raspimouse.urdf.xacro
-- Symlinking: /home/arthike/workspaces/pimouse_start/src/install/raspimouse/share/raspimouse//models/urdf/sensors/lidar.gazebo.xacro
-- Symlinking: /home/arthike/workspaces/pimouse_start/src/install/raspimouse/share/raspimouse//models/urdf/sensors/lidar.urdf.xacro
-- Symlinking: /home/arthike/workspaces/pimouse_start/src/install/raspimouse/share/raspimouse//models/urdf/sensors/lightsens.gazebo.xacro
-- Symlinking: /home/arthike/workspaces/pimouse_start/src/install/raspimouse/share/raspimouse//models/urdf/sensors/lightsens.urdf.xacro
-- Symlinking: /home/arthike/workspaces/pimouse_start/src/install/raspimouse/share/raspimouse//models/urdf/wheel/diffdrive.gazebo.xacro
-- Symlinking: /home/arthike/workspaces/pimouse_start/src/install/raspimouse/share/raspimouse//models/urdf/wheel/wheel.urdf.xacro
-- Up-to-date symlink: /home/arthike/workspaces/pimouse_start/src/install/raspimouse/share/raspimouse//config/params.yaml
-- Up-to-date symlink: /home/arthike/workspaces/pimouse_start/src/install/raspimouse/lib/raspimouse/raspimouse
-- Up-to-date symlink: /home/arthike/workspaces/pimouse_start/src/install/raspimouse/lib/raspimouse/keyboard_controller
-- Up-to-date symlink: /home/arthike/workspaces/pimouse_start/src/install/raspimouse/share/ament_index/resource_index/package_run_dependencies/raspimouse
-- Up-to-date symlink: /home/arthike/workspaces/pimouse_start/src/install/raspimouse/share/ament_index/resource_index/parent_prefix_path/raspimouse
-- Up-to-date symlink: /home/arthike/workspaces/pimouse_start/src/install/raspimouse/share/raspimouse/environment/ament_prefix_path.sh
-- Up-to-date symlink: /home/arthike/workspaces/pimouse_start/src/install/raspimouse/share/raspimouse/environment/ament_prefix_path.dsv
-- Up-to-date symlink: /home/arthike/workspaces/pimouse_start/src/install/raspimouse/share/raspimouse/environment/path.sh
-- Up-to-date symlink: /home/arthike/workspaces/pimouse_start/src/install/raspimouse/share/raspimouse/environment/path.dsv
-- Up-to-date symlink: /home/arthike/workspaces/pimouse_start/src/install/raspimouse/share/raspimouse/local_setup.bash
-- Up-to-date symlink: /home/arthike/workspaces/pimouse_start/src/install/raspimouse/share/raspimouse/local_setup.sh
-- Up-to-date symlink: /home/arthike/workspaces/pimouse_start/src/install/raspimouse/share/raspimouse/local_setup.zsh
-- Up-to-date symlink: /home/arthike/workspaces/pimouse_start/src/install/raspimouse/share/raspimouse/local_setup.dsv
-- Symlinking: /home/arthike/workspaces/pimouse_start/src/install/raspimouse/share/raspimouse/package.dsv
-- Up-to-date symlink: /home/arthike/workspaces/pimouse_start/src/install/raspimouse/share/ament_index/resource_index/packages/raspimouse
-- Up-to-date symlink: /home/arthike/workspaces/pimouse_start/src/install/raspimouse/share/ament_index/resource_index/rclcpp_components/raspimouse
-- Up-to-date symlink: /home/arthike/workspaces/pimouse_start/src/install/raspimouse/share/raspimouse/cmake/ament_cmake_export_targets-extras.cmake
-- Up-to-date symlink: /home/arthike/workspaces/pimouse_start/src/install/raspimouse/share/raspimouse/cmake/ament_cmake_export_dependencies-extras.cmake
-- Up-to-date symlink: /home/arthike/workspaces/pimouse_start/src/install/raspimouse/share/raspimouse/cmake/ament_cmake_export_include_directories-extras.cmake
-- Up-to-date symlink: /home/arthike/workspaces/pimouse_start/src/install/raspimouse/share/raspimouse/cmake/ament_cmake_export_libraries-extras.cmake
-- Up-to-date symlink: /home/arthike/workspaces/pimouse_start/src/install/raspimouse/share/raspimouse/cmake/raspimouseConfig.cmake
-- Up-to-date symlink: /home/arthike/workspaces/pimouse_start/src/install/raspimouse/share/raspimouse/cmake/raspimouseConfig-version.cmake
-- Up-to-date symlink: /home/arthike/workspaces/pimouse_start/src/install/raspimouse/share/raspimouse/package.xml
-- Up-to-date: /home/arthike/workspaces/pimouse_start/src/install/raspimouse/lib/libraspimouse_component.so
-- Up-to-date: /home/arthike/workspaces/pimouse_start/src/install/raspimouse/bin/keyboard_controller
-- Up-to-date: /home/arthike/workspaces/pimouse_start/src/install/raspimouse/share/raspimouse/cmake/export_raspimouse_componentExport.cmake
-- Up-to-date: /home/arthike/workspaces/pimouse_start/src/install/raspimouse/share/raspimouse/cmake/export_raspimouse_componentExport-relwithdebinfo.cmake
