[0.063s] Invoking command in '/home/arthike/workspaces/pimouse_start/src/build/raspimouse': AMENT_PREFIX_PATH=/home/arthike/workspaces/pimouse_start/src/install/raspimouse_msgs:${AMENT_PREFIX_PATH} CMAKE_PREFIX_PATH=/home/arthike/workspaces/pimouse_start/src/install/raspimouse_msgs:/home/arthike/workspaces/pimouse_start/install/raspimouse:/home/arthike/workspaces/pimouse_start/install/raspimouse_msgs:/opt/ros/humble LD_LIBRARY_PATH=/home/arthike/workspaces/pimouse_start/src/install/raspimouse_msgs/lib:${LD_LIBRARY_PATH} PYTHONPATH=/home/arthike/workspaces/pimouse_start/src/install/raspimouse_msgs/local/lib/python3.10/dist-packages:${PYTHONPATH} /usr/bin/cmake --build /home/arthike/workspaces/pimouse_start/src/build/raspimouse -- -j7 -l7
[0.645s] [ 33%] Built target keyboard_controller
[0.698s] [ 66%] Built target raspimouse_component
[0.946s] [100%] Built target raspimouse
[1.013s] Invoked command in '/home/arthike/workspaces/pimouse_start/src/build/raspimouse' returned '0': AMENT_PREFIX_PATH=/home/arthike/workspaces/pimouse_start/src/install/raspimouse_msgs:${AMENT_PREFIX_PATH} CMAKE_PREFIX_PATH=/home/arthike/workspaces/pimouse_start/src/install/raspimouse_msgs:/home/arthike/workspaces/pimouse_start/install/raspimouse:/home/arthike/workspaces/pimouse_start/install/raspimouse_msgs:/opt/ros/humble LD_LIBRARY_PATH=/home/arthike/workspaces/pimouse_start/src/install/raspimouse_msgs/lib:${LD_LIBRARY_PATH} PYTHONPATH=/home/arthike/workspaces/pimouse_start/src/install/raspimouse_msgs/local/lib/python3.10/dist-packages:${PYTHONPATH} /usr/bin/cmake --build /home/arthike/workspaces/pimouse_start/src/build/raspimouse -- -j7 -l7
[1.475s] Invoking command in '/home/arthike/workspaces/pimouse_start/src/build/raspimouse': AMENT_PREFIX_PATH=/home/arthike/workspaces/pimouse_start/src/install/raspimouse_msgs:${AMENT_PREFIX_PATH} CMAKE_PREFIX_PATH=/home/arthike/workspaces/pimouse_start/src/install/raspimouse_msgs:/home/arthike/workspaces/pimouse_start/install/raspimouse:/home/arthike/workspaces/pimouse_start/install/raspimouse_msgs:/opt/ros/humble LD_LIBRARY_PATH=/home/arthike/workspaces/pimouse_start/src/install/raspimouse_msgs/lib:${LD_LIBRARY_PATH} PYTHONPATH=/home/arthike/workspaces/pimouse_start/src/install/raspimouse_msgs/local/lib/python3.10/dist-packages:${PYTHONPATH} /usr/bin/cmake --install /home/arthike/workspaces/pimouse_start/src/build/raspimouse
[1.509s] -- Install configuration: "RelWithDebInfo"
[1.510s] -- Execute custom install script
[1.515s] -- Up-to-date symlink: /home/arthike/workspaces/pimouse_start/src/install/raspimouse/share/raspimouse/environment/library_path.sh
[1.515s] -- Up-to-date symlink: /home/arthike/workspaces/pimouse_start/src/install/raspimouse/share/raspimouse/environment/library_path.dsv
[1.516s] -- Up-to-date symlink: /home/arthike/workspaces/pimouse_start/src/install/raspimouse/include/raspimouse/raspimouse_component.hpp
[1.516s] -- Up-to-date symlink: /home/arthike/workspaces/pimouse_start/src/install/raspimouse/share/raspimouse//launch/raspimouse.launch.py
[1.517s] -- Symlinking: /home/arthike/workspaces/pimouse_start/src/install/raspimouse/share/raspimouse//launch/start_world.launch.py
[1.605s] -- Up-to-date symlink: /home/arthike/workspaces/pimouse_start/src/install/raspimouse/share/raspimouse//config/params.yaml
[1.609s] -- Up-to-date symlink: /home/arthike/workspaces/pimouse_start/src/install/raspimouse/share/raspimouse//worlds/test_world.sdf
[1.612s] -- Up-to-date symlink: /home/arthike/workspaces/pimouse_start/src/install/raspimouse/share/raspimouse//config/params.yaml
[1.622s] -- Symlinking: /home/arthike/workspaces/pimouse_start/src/install/raspimouse/share/raspimouse//models/CHANGELOG.rst
[1.701s] -- Symlinking: /home/arthike/workspaces/pimouse_start/src/install/raspimouse/share/raspimouse//models/CMakeLists.txt
[1.731s] -- Symlinking: /home/arthike/workspaces/pimouse_start/src/install/raspimouse/share/raspimouse//models/LICENSE
[1.803s] -- Symlinking: /home/arthike/workspaces/pimouse_start/src/install/raspimouse/share/raspimouse//models/README.md
[1.843s] -- Symlinking: /home/arthike/workspaces/pimouse_start/src/install/raspimouse/share/raspimouse//models/launch/config/urdf.rviz
[1.908s] -- Symlinking: /home/arthike/workspaces/pimouse_start/src/install/raspimouse/share/raspimouse//models/launch/display.launch.py
[1.976s] -- Symlinking: /home/arthike/workspaces/pimouse_start/src/install/raspimouse/share/raspimouse//models/launch/gazebo.launch.py
[2.028s] -- Symlinking: /home/arthike/workspaces/pimouse_start/src/install/raspimouse/share/raspimouse//models/meshes/dae/body/raspimouse_body.dae
[2.057s] -- Symlinking: /home/arthike/workspaces/pimouse_start/src/install/raspimouse/share/raspimouse//models/meshes/dae/body/raspimouse_top_plate.dae
[2.117s] -- Symlinking: /home/arthike/workspaces/pimouse_start/src/install/raspimouse/share/raspimouse//models/meshes/dae/body/rt-logo.png
[2.190s] -- Symlinking: /home/arthike/workspaces/pimouse_start/src/install/raspimouse/share/raspimouse//models/meshes/dae/sensor/urg_bottom_origin.dae
[2.295s] -- Symlinking: /home/arthike/workspaces/pimouse_start/src/install/raspimouse/share/raspimouse//models/meshes/dae/sensor/urg_optical_axis_center_origin.dae
[2.392s] -- Symlinking: /home/arthike/workspaces/pimouse_start/src/install/raspimouse/share/raspimouse//models/meshes/dae/wheel/raspimouse_wheel.dae
[2.490s] -- Symlinking: /home/arthike/workspaces/pimouse_start/src/install/raspimouse/share/raspimouse//models/meshes/stl/RasPiMouse_MultiLiDARMount.stl
[2.555s] -- Symlinking: /home/arthike/workspaces/pimouse_start/src/install/raspimouse/share/raspimouse//models/meshes/stl/RasPiMouse_TopPlate.stl
[2.583s] -- Symlinking: /home/arthike/workspaces/pimouse_start/src/install/raspimouse/share/raspimouse//models/meshes/stl/RasPiMouse_base-metric.stl
[2.666s] -- Symlinking: /home/arthike/workspaces/pimouse_start/src/install/raspimouse/share/raspimouse//models/meshes/stl/RasPiMouse_sensor-metric.stl
[2.718s] -- Symlinking: /home/arthike/workspaces/pimouse_start/src/install/raspimouse/share/raspimouse//models/meshes/stl/RasPiMouse_wheel-metric.stl
[2.770s] -- Symlinking: /home/arthike/workspaces/pimouse_start/src/install/raspimouse/share/raspimouse//models/meshes/stl/RasPiMouse_wheel-mm.stl
[2.866s] -- Symlinking: /home/arthike/workspaces/pimouse_start/src/install/raspimouse/share/raspimouse//models/meshes/stl/URG-04LX-UG01.stl
[2.943s] -- Symlinking: /home/arthike/workspaces/pimouse_start/src/install/raspimouse/share/raspimouse//models/meshes/stl/color/RasPiMouse_body_black.stl
[3.000s] -- Symlinking: /home/arthike/workspaces/pimouse_start/src/install/raspimouse/share/raspimouse//models/meshes/stl/color/RasPiMouse_body_gray.stl
[3.038s] -- Symlinking: /home/arthike/workspaces/pimouse_start/src/install/raspimouse/share/raspimouse//models/meshes/stl/color/RasPiMouse_body_green.stl
[3.118s] -- Symlinking: /home/arthike/workspaces/pimouse_start/src/install/raspimouse/share/raspimouse//models/meshes/stl/color/RasPiMouse_body_red.stl
[3.214s] -- Symlinking: /home/arthike/workspaces/pimouse_start/src/install/raspimouse/share/raspimouse//models/meshes/stl/color/RasPiMouse_wheel_black.stl
[3.281s] -- Symlinking: /home/arthike/workspaces/pimouse_start/src/install/raspimouse/share/raspimouse//models/meshes/stl/color/RasPiMouse_wheel_gray.stl
[3.348s] -- Symlinking: /home/arthike/workspaces/pimouse_start/src/install/raspimouse/share/raspimouse//models/meshes/stl/robotis_lds01.stl
[3.405s] -- Symlinking: /home/arthike/workspaces/pimouse_start/src/install/raspimouse/share/raspimouse//models/model.config
[3.447s] -- Symlinking: /home/arthike/workspaces/pimouse_start/src/install/raspimouse/share/raspimouse//models/package.xml
[3.535s] -- Symlinking: /home/arthike/workspaces/pimouse_start/src/install/raspimouse/share/raspimouse//models/urdf/body/body.gazebo.xacro
[3.605s] -- Symlinking: /home/arthike/workspaces/pimouse_start/src/install/raspimouse/share/raspimouse//models/urdf/body/body.urdf.xacro
[3.674s] -- Symlinking: /home/arthike/workspaces/pimouse_start/src/install/raspimouse/share/raspimouse//models/urdf/body/option.urdf.xacro
[3.759s] -- Symlinking: /home/arthike/workspaces/pimouse_start/src/install/raspimouse/share/raspimouse//models/urdf/common.xacro
[3.859s] -- Symlinking: /home/arthike/workspaces/pimouse_start/src/install/raspimouse/share/raspimouse//models/urdf/raspimouse.urdf.xacro
[3.919s] -- Symlinking: /home/arthike/workspaces/pimouse_start/src/install/raspimouse/share/raspimouse//models/urdf/sensors/lidar.gazebo.xacro
[3.989s] -- Symlinking: /home/arthike/workspaces/pimouse_start/src/install/raspimouse/share/raspimouse//models/urdf/sensors/lidar.urdf.xacro
[4.053s] -- Symlinking: /home/arthike/workspaces/pimouse_start/src/install/raspimouse/share/raspimouse//models/urdf/sensors/lightsens.gazebo.xacro
[4.111s] -- Symlinking: /home/arthike/workspaces/pimouse_start/src/install/raspimouse/share/raspimouse//models/urdf/sensors/lightsens.urdf.xacro
[4.176s] -- Symlinking: /home/arthike/workspaces/pimouse_start/src/install/raspimouse/share/raspimouse//models/urdf/wheel/diffdrive.gazebo.xacro
[4.226s] -- Symlinking: /home/arthike/workspaces/pimouse_start/src/install/raspimouse/share/raspimouse//models/urdf/wheel/wheel.urdf.xacro
[4.294s] -- Up-to-date symlink: /home/arthike/workspaces/pimouse_start/src/install/raspimouse/share/raspimouse//config/params.yaml
[4.297s] -- Up-to-date symlink: /home/arthike/workspaces/pimouse_start/src/install/raspimouse/lib/raspimouse/raspimouse
[4.298s] -- Up-to-date symlink: /home/arthike/workspaces/pimouse_start/src/install/raspimouse/lib/raspimouse/keyboard_controller
[4.299s] -- Up-to-date symlink: /home/arthike/workspaces/pimouse_start/src/install/raspimouse/share/ament_index/resource_index/package_run_dependencies/raspimouse
[4.301s] -- Up-to-date symlink: /home/arthike/workspaces/pimouse_start/src/install/raspimouse/share/ament_index/resource_index/parent_prefix_path/raspimouse
[4.303s] -- Up-to-date symlink: /home/arthike/workspaces/pimouse_start/src/install/raspimouse/share/raspimouse/environment/ament_prefix_path.sh
[4.307s] -- Up-to-date symlink: /home/arthike/workspaces/pimouse_start/src/install/raspimouse/share/raspimouse/environment/ament_prefix_path.dsv
[4.311s] -- Up-to-date symlink: /home/arthike/workspaces/pimouse_start/src/install/raspimouse/share/raspimouse/environment/path.sh
[4.314s] -- Up-to-date symlink: /home/arthike/workspaces/pimouse_start/src/install/raspimouse/share/raspimouse/environment/path.dsv
[4.315s] -- Up-to-date symlink: /home/arthike/workspaces/pimouse_start/src/install/raspimouse/share/raspimouse/local_setup.bash
[4.316s] -- Up-to-date symlink: /home/arthike/workspaces/pimouse_start/src/install/raspimouse/share/raspimouse/local_setup.sh
[4.317s] -- Up-to-date symlink: /home/arthike/workspaces/pimouse_start/src/install/raspimouse/share/raspimouse/local_setup.zsh
[4.323s] -- Up-to-date symlink: /home/arthike/workspaces/pimouse_start/src/install/raspimouse/share/raspimouse/local_setup.dsv
[4.329s] -- Symlinking: /home/arthike/workspaces/pimouse_start/src/install/raspimouse/share/raspimouse/package.dsv
[4.410s] -- Up-to-date symlink: /home/arthike/workspaces/pimouse_start/src/install/raspimouse/share/ament_index/resource_index/packages/raspimouse
[4.413s] -- Up-to-date symlink: /home/arthike/workspaces/pimouse_start/src/install/raspimouse/share/ament_index/resource_index/rclcpp_components/raspimouse
[4.417s] -- Up-to-date symlink: /home/arthike/workspaces/pimouse_start/src/install/raspimouse/share/raspimouse/cmake/ament_cmake_export_targets-extras.cmake
[4.421s] -- Up-to-date symlink: /home/arthike/workspaces/pimouse_start/src/install/raspimouse/share/raspimouse/cmake/ament_cmake_export_dependencies-extras.cmake
[4.425s] -- Up-to-date symlink: /home/arthike/workspaces/pimouse_start/src/install/raspimouse/share/raspimouse/cmake/ament_cmake_export_include_directories-extras.cmake
[4.428s] -- Up-to-date symlink: /home/arthike/workspaces/pimouse_start/src/install/raspimouse/share/raspimouse/cmake/ament_cmake_export_libraries-extras.cmake
[4.431s] -- Up-to-date symlink: /home/arthike/workspaces/pimouse_start/src/install/raspimouse/share/raspimouse/cmake/raspimouseConfig.cmake
[4.433s] -- Up-to-date symlink: /home/arthike/workspaces/pimouse_start/src/install/raspimouse/share/raspimouse/cmake/raspimouseConfig-version.cmake
[4.436s] -- Up-to-date symlink: /home/arthike/workspaces/pimouse_start/src/install/raspimouse/share/raspimouse/package.xml
[4.442s] -- Up-to-date: /home/arthike/workspaces/pimouse_start/src/install/raspimouse/lib/libraspimouse_component.so
[4.455s] -- Up-to-date: /home/arthike/workspaces/pimouse_start/src/install/raspimouse/bin/keyboard_controller
[4.462s] -- Up-to-date: /home/arthike/workspaces/pimouse_start/src/install/raspimouse/share/raspimouse/cmake/export_raspimouse_componentExport.cmake
[4.463s] -- Up-to-date: /home/arthike/workspaces/pimouse_start/src/install/raspimouse/share/raspimouse/cmake/export_raspimouse_componentExport-relwithdebinfo.cmake
[4.478s] Invoked command in '/home/arthike/workspaces/pimouse_start/src/build/raspimouse' returned '0': AMENT_PREFIX_PATH=/home/arthike/workspaces/pimouse_start/src/install/raspimouse_msgs:${AMENT_PREFIX_PATH} CMAKE_PREFIX_PATH=/home/arthike/workspaces/pimouse_start/src/install/raspimouse_msgs:/home/arthike/workspaces/pimouse_start/install/raspimouse:/home/arthike/workspaces/pimouse_start/install/raspimouse_msgs:/opt/ros/humble LD_LIBRARY_PATH=/home/arthike/workspaces/pimouse_start/src/install/raspimouse_msgs/lib:${LD_LIBRARY_PATH} PYTHONPATH=/home/arthike/workspaces/pimouse_start/src/install/raspimouse_msgs/local/lib/python3.10/dist-packages:${PYTHONPATH} /usr/bin/cmake --install /home/arthike/workspaces/pimouse_start/src/build/raspimouse
