[1.407s] DEBUG:colcon:Command line arguments: ['/usr/bin/colcon', 'build', '--symlink-install', '--event-handlers', 'console_cohesion+', '--base-paths', '/home/arthike/workspaces/pimouse_start', '--cmake-args', '-DCMAKE_BUILD_TYPE=RelWithDebInfo']
[1.408s] DEBUG:colcon:Parsed command line arguments: Namespace(log_base=None, log_level=None, verb_name='build', build_base='build', install_base='install', merge_install=False, symlink_install=True, test_result_base=None, continue_on_error=False, executor='parallel', parallel_workers=7, event_handlers=['console_cohesion+'], ignore_user_meta=False, metas=['./colcon.meta'], base_paths=['/home/arthike/workspaces/pimouse_start'], packages_ignore=None, packages_ignore_regex=None, paths=None, packages_up_to=None, packages_up_to_regex=None, packages_above=None, packages_above_and_dependencies=None, packages_above_depth=None, packages_select_by_dep=None, packages_skip_by_dep=None, packages_skip_up_to=None, packages_select_build_failed=False, packages_skip_build_finished=False, packages_select_test_failures=False, packages_skip_test_passed=False, packages_select=None, packages_skip=None, packages_select_regex=None, packages_skip_regex=None, packages_start=None, packages_end=None, allow_overriding=[], cmake_args=['-DCMAKE_BUILD_TYPE=RelWithDebInfo'], cmake_target=None, cmake_target_skip_unavailable=False, cmake_clean_cache=False, cmake_clean_first=False, cmake_force_configure=False, ament_cmake_args=None, catkin_cmake_args=None, catkin_skip_building_tests=False, verb_parser=<colcon_defaults.argument_parser.defaults.DefaultArgumentsDecorator object at 0x7f77e6cd9390>, verb_extension=<colcon_core.verb.build.BuildVerb object at 0x7f77e745f280>, main=<bound method BuildVerb.main of <colcon_core.verb.build.BuildVerb object at 0x7f77e745f280>>)
[1.516s] Level 1:colcon.colcon_core.package_discovery:discover_packages(colcon_meta) check parameters
[1.517s] Level 1:colcon.colcon_core.package_discovery:discover_packages(recursive) check parameters
[1.517s] Level 1:colcon.colcon_core.package_discovery:discover_packages(ignore) check parameters
[1.517s] Level 1:colcon.colcon_core.package_discovery:discover_packages(path) check parameters
[1.517s] Level 1:colcon.colcon_core.package_discovery:discover_packages(recursive) discover
[1.518s] INFO:colcon.colcon_core.package_discovery:Crawling recursively for packages in '/home/arthike/workspaces/pimouse_start'
[1.518s] Level 1:colcon.colcon_core.package_identification:_identify(/home/arthike/workspaces/pimouse_start) by extensions ['ignore', 'ignore_ament_install']
[1.519s] Level 1:colcon.colcon_core.package_identification:_identify(/home/arthike/workspaces/pimouse_start) by extension 'ignore'
[1.519s] Level 1:colcon.colcon_core.package_identification:_identify(/home/arthike/workspaces/pimouse_start) by extension 'ignore_ament_install'
[1.519s] Level 1:colcon.colcon_core.package_identification:_identify(/home/arthike/workspaces/pimouse_start) by extensions ['colcon_pkg']
[1.519s] Level 1:colcon.colcon_core.package_identification:_identify(/home/arthike/workspaces/pimouse_start) by extension 'colcon_pkg'
[1.520s] Level 1:colcon.colcon_core.package_identification:_identify(/home/arthike/workspaces/pimouse_start) by extensions ['colcon_meta']
[1.520s] Level 1:colcon.colcon_core.package_identification:_identify(/home/arthike/workspaces/pimouse_start) by extension 'colcon_meta'
[1.520s] Level 1:colcon.colcon_core.package_identification:_identify(/home/arthike/workspaces/pimouse_start) by extensions ['ros']
[1.520s] Level 1:colcon.colcon_core.package_identification:_identify(/home/arthike/workspaces/pimouse_start) by extension 'ros'
[1.567s] Level 1:colcon.colcon_core.package_identification:_identify(/home/arthike/workspaces/pimouse_start) by extensions ['cmake', 'python']
[1.567s] Level 1:colcon.colcon_core.package_identification:_identify(/home/arthike/workspaces/pimouse_start) by extension 'cmake'
[1.568s] Level 1:colcon.colcon_core.package_identification:_identify(/home/arthike/workspaces/pimouse_start) by extension 'python'
[1.568s] Level 1:colcon.colcon_core.package_identification:_identify(/home/arthike/workspaces/pimouse_start) by extensions ['python_setup_py']
[1.569s] Level 1:colcon.colcon_core.package_identification:_identify(/home/arthike/workspaces/pimouse_start) by extension 'python_setup_py'
[1.569s] Level 1:colcon.colcon_core.package_identification:_identify(/home/arthike/workspaces/pimouse_start/build) by extensions ['ignore', 'ignore_ament_install']
[1.570s] Level 1:colcon.colcon_core.package_identification:_identify(/home/arthike/workspaces/pimouse_start/build) by extension 'ignore'
[1.570s] Level 1:colcon.colcon_core.package_identification:_identify(/home/arthike/workspaces/pimouse_start/build) ignored
[1.571s] Level 1:colcon.colcon_core.package_identification:_identify(/home/arthike/workspaces/pimouse_start/install) by extensions ['ignore', 'ignore_ament_install']
[1.571s] Level 1:colcon.colcon_core.package_identification:_identify(/home/arthike/workspaces/pimouse_start/install) by extension 'ignore'
[1.571s] Level 1:colcon.colcon_core.package_identification:_identify(/home/arthike/workspaces/pimouse_start/install) ignored
[1.572s] Level 1:colcon.colcon_core.package_identification:_identify(/home/arthike/workspaces/pimouse_start/log) by extensions ['ignore', 'ignore_ament_install']
[1.572s] Level 1:colcon.colcon_core.package_identification:_identify(/home/arthike/workspaces/pimouse_start/log) by extension 'ignore'
[1.572s] Level 1:colcon.colcon_core.package_identification:_identify(/home/arthike/workspaces/pimouse_start/log) ignored
[1.573s] Level 1:colcon.colcon_core.package_identification:_identify(/home/arthike/workspaces/pimouse_start/src) by extensions ['ignore', 'ignore_ament_install']
[1.573s] Level 1:colcon.colcon_core.package_identification:_identify(/home/arthike/workspaces/pimouse_start/src) by extension 'ignore'
[1.573s] Level 1:colcon.colcon_core.package_identification:_identify(/home/arthike/workspaces/pimouse_start/src) by extension 'ignore_ament_install'
[1.573s] Level 1:colcon.colcon_core.package_identification:_identify(/home/arthike/workspaces/pimouse_start/src) by extensions ['colcon_pkg']
[1.574s] Level 1:colcon.colcon_core.package_identification:_identify(/home/arthike/workspaces/pimouse_start/src) by extension 'colcon_pkg'
[1.574s] Level 1:colcon.colcon_core.package_identification:_identify(/home/arthike/workspaces/pimouse_start/src) by extensions ['colcon_meta']
[1.574s] Level 1:colcon.colcon_core.package_identification:_identify(/home/arthike/workspaces/pimouse_start/src) by extension 'colcon_meta'
[1.574s] Level 1:colcon.colcon_core.package_identification:_identify(/home/arthike/workspaces/pimouse_start/src) by extensions ['ros']
[1.574s] Level 1:colcon.colcon_core.package_identification:_identify(/home/arthike/workspaces/pimouse_start/src) by extension 'ros'
[1.575s] Level 1:colcon.colcon_core.package_identification:_identify(/home/arthike/workspaces/pimouse_start/src) by extensions ['cmake', 'python']
[1.575s] Level 1:colcon.colcon_core.package_identification:_identify(/home/arthike/workspaces/pimouse_start/src) by extension 'cmake'
[1.575s] Level 1:colcon.colcon_core.package_identification:_identify(/home/arthike/workspaces/pimouse_start/src) by extension 'python'
[1.575s] Level 1:colcon.colcon_core.package_identification:_identify(/home/arthike/workspaces/pimouse_start/src) by extensions ['python_setup_py']
[1.575s] Level 1:colcon.colcon_core.package_identification:_identify(/home/arthike/workspaces/pimouse_start/src) by extension 'python_setup_py'
[1.576s] Level 1:colcon.colcon_core.package_identification:_identify(/home/arthike/workspaces/pimouse_start/src/build) by extensions ['ignore', 'ignore_ament_install']
[1.576s] Level 1:colcon.colcon_core.package_identification:_identify(/home/arthike/workspaces/pimouse_start/src/build) by extension 'ignore'
[1.576s] Level 1:colcon.colcon_core.package_identification:_identify(/home/arthike/workspaces/pimouse_start/src/build) ignored
[1.577s] Level 1:colcon.colcon_core.package_identification:_identify(/home/arthike/workspaces/pimouse_start/src/install) by extensions ['ignore', 'ignore_ament_install']
[1.578s] Level 1:colcon.colcon_core.package_identification:_identify(/home/arthike/workspaces/pimouse_start/src/install) by extension 'ignore'
[1.578s] Level 1:colcon.colcon_core.package_identification:_identify(/home/arthike/workspaces/pimouse_start/src/install) ignored
[1.579s] Level 1:colcon.colcon_core.package_identification:_identify(/home/arthike/workspaces/pimouse_start/src/log) by extensions ['ignore', 'ignore_ament_install']
[1.579s] Level 1:colcon.colcon_core.package_identification:_identify(/home/arthike/workspaces/pimouse_start/src/log) by extension 'ignore'
[1.579s] Level 1:colcon.colcon_core.package_identification:_identify(/home/arthike/workspaces/pimouse_start/src/log) ignored
[1.580s] Level 1:colcon.colcon_core.package_identification:_identify(/home/arthike/workspaces/pimouse_start/src/raspimouse) by extensions ['ignore', 'ignore_ament_install']
[1.580s] Level 1:colcon.colcon_core.package_identification:_identify(/home/arthike/workspaces/pimouse_start/src/raspimouse) by extension 'ignore'
[1.580s] Level 1:colcon.colcon_core.package_identification:_identify(/home/arthike/workspaces/pimouse_start/src/raspimouse) by extension 'ignore_ament_install'
[1.580s] Level 1:colcon.colcon_core.package_identification:_identify(/home/arthike/workspaces/pimouse_start/src/raspimouse) by extensions ['colcon_pkg']
[1.581s] Level 1:colcon.colcon_core.package_identification:_identify(/home/arthike/workspaces/pimouse_start/src/raspimouse) by extension 'colcon_pkg'
[1.581s] Level 1:colcon.colcon_core.package_identification:_identify(/home/arthike/workspaces/pimouse_start/src/raspimouse) by extensions ['colcon_meta']
[1.581s] Level 1:colcon.colcon_core.package_identification:_identify(/home/arthike/workspaces/pimouse_start/src/raspimouse) by extension 'colcon_meta'
[1.581s] Level 1:colcon.colcon_core.package_identification:_identify(/home/arthike/workspaces/pimouse_start/src/raspimouse) by extensions ['ros']
[1.582s] Level 1:colcon.colcon_core.package_identification:_identify(/home/arthike/workspaces/pimouse_start/src/raspimouse) by extension 'ros'
[1.590s] DEBUG:colcon.colcon_core.package_identification:Package '/home/arthike/workspaces/pimouse_start/src/raspimouse' with type 'ros.ament_cmake' and name 'raspimouse'
[1.591s] Level 1:colcon.colcon_core.package_identification:_identify(/home/arthike/workspaces/pimouse_start/src/raspimouse_description) by extensions ['ignore', 'ignore_ament_install']
[1.591s] Level 1:colcon.colcon_core.package_identification:_identify(/home/arthike/workspaces/pimouse_start/src/raspimouse_description) by extension 'ignore'
[1.592s] Level 1:colcon.colcon_core.package_identification:_identify(/home/arthike/workspaces/pimouse_start/src/raspimouse_description) by extension 'ignore_ament_install'
[1.592s] Level 1:colcon.colcon_core.package_identification:_identify(/home/arthike/workspaces/pimouse_start/src/raspimouse_description) by extensions ['colcon_pkg']
[1.592s] Level 1:colcon.colcon_core.package_identification:_identify(/home/arthike/workspaces/pimouse_start/src/raspimouse_description) by extension 'colcon_pkg'
[1.592s] Level 1:colcon.colcon_core.package_identification:_identify(/home/arthike/workspaces/pimouse_start/src/raspimouse_description) by extensions ['colcon_meta']
[1.593s] Level 1:colcon.colcon_core.package_identification:_identify(/home/arthike/workspaces/pimouse_start/src/raspimouse_description) by extension 'colcon_meta'
[1.593s] Level 1:colcon.colcon_core.package_identification:_identify(/home/arthike/workspaces/pimouse_start/src/raspimouse_description) by extensions ['ros']
[1.593s] Level 1:colcon.colcon_core.package_identification:_identify(/home/arthike/workspaces/pimouse_start/src/raspimouse_description) by extension 'ros'
[1.596s] DEBUG:colcon.colcon_core.package_identification:Package '/home/arthike/workspaces/pimouse_start/src/raspimouse_description' with type 'ros.ament_cmake' and name 'raspimouse_description'
[1.597s] Level 1:colcon.colcon_core.package_identification:_identify(/home/arthike/workspaces/pimouse_start/src/raspimouse_msgs) by extensions ['ignore', 'ignore_ament_install']
[1.597s] Level 1:colcon.colcon_core.package_identification:_identify(/home/arthike/workspaces/pimouse_start/src/raspimouse_msgs) by extension 'ignore'
[1.598s] Level 1:colcon.colcon_core.package_identification:_identify(/home/arthike/workspaces/pimouse_start/src/raspimouse_msgs) by extension 'ignore_ament_install'
[1.598s] Level 1:colcon.colcon_core.package_identification:_identify(/home/arthike/workspaces/pimouse_start/src/raspimouse_msgs) by extensions ['colcon_pkg']
[1.598s] Level 1:colcon.colcon_core.package_identification:_identify(/home/arthike/workspaces/pimouse_start/src/raspimouse_msgs) by extension 'colcon_pkg'
[1.598s] Level 1:colcon.colcon_core.package_identification:_identify(/home/arthike/workspaces/pimouse_start/src/raspimouse_msgs) by extensions ['colcon_meta']
[1.598s] Level 1:colcon.colcon_core.package_identification:_identify(/home/arthike/workspaces/pimouse_start/src/raspimouse_msgs) by extension 'colcon_meta'
[1.599s] Level 1:colcon.colcon_core.package_identification:_identify(/home/arthike/workspaces/pimouse_start/src/raspimouse_msgs) by extensions ['ros']
[1.599s] Level 1:colcon.colcon_core.package_identification:_identify(/home/arthike/workspaces/pimouse_start/src/raspimouse_msgs) by extension 'ros'
[1.601s] DEBUG:colcon.colcon_core.package_identification:Package '/home/arthike/workspaces/pimouse_start/src/raspimouse_msgs' with type 'ros.ament_cmake' and name 'raspimouse_msgs'
[1.601s] Level 1:colcon.colcon_core.package_discovery:discover_packages(recursive) using defaults
[1.679s] Level 1:colcon.colcon_core.package_discovery:discover_packages(prefix_path) check parameters
[1.680s] Level 1:colcon.colcon_core.package_discovery:discover_packages(prefix_path) discover
[1.690s] DEBUG:colcon.colcon_installed_package_information.package_discovery:Found 3 installed packages in /home/arthike/workspaces/pimouse_start/install
[1.701s] DEBUG:colcon.colcon_installed_package_information.package_discovery:Found 305 installed packages in /opt/ros/humble
[1.708s] Level 1:colcon.colcon_core.package_discovery:discover_packages(prefix_path) using defaults
[1.999s] Level 5:colcon.colcon_core.verb:set package 'raspimouse_description' build argument 'cmake_args' from command line to '['-DCMAKE_BUILD_TYPE=RelWithDebInfo']'
[2.000s] Level 5:colcon.colcon_core.verb:set package 'raspimouse_description' build argument 'cmake_target' from command line to 'None'
[2.000s] Level 5:colcon.colcon_core.verb:set package 'raspimouse_description' build argument 'cmake_target_skip_unavailable' from command line to 'False'
[2.000s] Level 5:colcon.colcon_core.verb:set package 'raspimouse_description' build argument 'cmake_clean_cache' from command line to 'False'
[2.000s] Level 5:colcon.colcon_core.verb:set package 'raspimouse_description' build argument 'cmake_clean_first' from command line to 'False'
[2.001s] Level 5:colcon.colcon_core.verb:set package 'raspimouse_description' build argument 'cmake_force_configure' from command line to 'False'
[2.001s] Level 5:colcon.colcon_core.verb:set package 'raspimouse_description' build argument 'ament_cmake_args' from command line to 'None'
[2.001s] Level 5:colcon.colcon_core.verb:set package 'raspimouse_description' build argument 'catkin_cmake_args' from command line to 'None'
[2.001s] Level 5:colcon.colcon_core.verb:set package 'raspimouse_description' build argument 'catkin_skip_building_tests' from command line to 'False'
[2.001s] DEBUG:colcon.colcon_core.verb:Building package 'raspimouse_description' with the following arguments: {'ament_cmake_args': None, 'build_base': '/home/arthike/workspaces/pimouse_start/src/build/raspimouse_description', 'catkin_cmake_args': None, 'catkin_skip_building_tests': False, 'cmake_args': ['-DCMAKE_BUILD_TYPE=RelWithDebInfo'], 'cmake_clean_cache': False, 'cmake_clean_first': False, 'cmake_force_configure': False, 'cmake_target': None, 'cmake_target_skip_unavailable': False, 'install_base': '/home/arthike/workspaces/pimouse_start/src/install/raspimouse_description', 'merge_install': False, 'path': '/home/arthike/workspaces/pimouse_start/src/raspimouse_description', 'symlink_install': True, 'test_result_base': None}
[2.004s] Level 5:colcon.colcon_core.verb:set package 'raspimouse_msgs' build argument 'cmake_args' from command line to '['-DCMAKE_BUILD_TYPE=RelWithDebInfo']'
[2.004s] Level 5:colcon.colcon_core.verb:set package 'raspimouse_msgs' build argument 'cmake_target' from command line to 'None'
[2.004s] Level 5:colcon.colcon_core.verb:set package 'raspimouse_msgs' build argument 'cmake_target_skip_unavailable' from command line to 'False'
[2.005s] Level 5:colcon.colcon_core.verb:set package 'raspimouse_msgs' build argument 'cmake_clean_cache' from command line to 'False'
[2.005s] Level 5:colcon.colcon_core.verb:set package 'raspimouse_msgs' build argument 'cmake_clean_first' from command line to 'False'
[2.005s] Level 5:colcon.colcon_core.verb:set package 'raspimouse_msgs' build argument 'cmake_force_configure' from command line to 'False'
[2.005s] Level 5:colcon.colcon_core.verb:set package 'raspimouse_msgs' build argument 'ament_cmake_args' from command line to 'None'
[2.006s] Level 5:colcon.colcon_core.verb:set package 'raspimouse_msgs' build argument 'catkin_cmake_args' from command line to 'None'
[2.006s] Level 5:colcon.colcon_core.verb:set package 'raspimouse_msgs' build argument 'catkin_skip_building_tests' from command line to 'False'
[2.006s] DEBUG:colcon.colcon_core.verb:Building package 'raspimouse_msgs' with the following arguments: {'ament_cmake_args': None, 'build_base': '/home/arthike/workspaces/pimouse_start/src/build/raspimouse_msgs', 'catkin_cmake_args': None, 'catkin_skip_building_tests': False, 'cmake_args': ['-DCMAKE_BUILD_TYPE=RelWithDebInfo'], 'cmake_clean_cache': False, 'cmake_clean_first': False, 'cmake_force_configure': False, 'cmake_target': None, 'cmake_target_skip_unavailable': False, 'install_base': '/home/arthike/workspaces/pimouse_start/src/install/raspimouse_msgs', 'merge_install': False, 'path': '/home/arthike/workspaces/pimouse_start/src/raspimouse_msgs', 'symlink_install': True, 'test_result_base': None}
[2.010s] Level 5:colcon.colcon_core.verb:set package 'raspimouse' build argument 'cmake_args' from command line to '['-DCMAKE_BUILD_TYPE=RelWithDebInfo']'
[2.010s] Level 5:colcon.colcon_core.verb:set package 'raspimouse' build argument 'cmake_target' from command line to 'None'
[2.010s] Level 5:colcon.colcon_core.verb:set package 'raspimouse' build argument 'cmake_target_skip_unavailable' from command line to 'False'
[2.011s] Level 5:colcon.colcon_core.verb:set package 'raspimouse' build argument 'cmake_clean_cache' from command line to 'False'
[2.011s] Level 5:colcon.colcon_core.verb:set package 'raspimouse' build argument 'cmake_clean_first' from command line to 'False'
[2.011s] Level 5:colcon.colcon_core.verb:set package 'raspimouse' build argument 'cmake_force_configure' from command line to 'False'
[2.011s] Level 5:colcon.colcon_core.verb:set package 'raspimouse' build argument 'ament_cmake_args' from command line to 'None'
[2.012s] Level 5:colcon.colcon_core.verb:set package 'raspimouse' build argument 'catkin_cmake_args' from command line to 'None'
[2.012s] Level 5:colcon.colcon_core.verb:set package 'raspimouse' build argument 'catkin_skip_building_tests' from command line to 'False'
[2.012s] DEBUG:colcon.colcon_core.verb:Building package 'raspimouse' with the following arguments: {'ament_cmake_args': None, 'build_base': '/home/arthike/workspaces/pimouse_start/src/build/raspimouse', 'catkin_cmake_args': None, 'catkin_skip_building_tests': False, 'cmake_args': ['-DCMAKE_BUILD_TYPE=RelWithDebInfo'], 'cmake_clean_cache': False, 'cmake_clean_first': False, 'cmake_force_configure': False, 'cmake_target': None, 'cmake_target_skip_unavailable': False, 'install_base': '/home/arthike/workspaces/pimouse_start/src/install/raspimouse', 'merge_install': False, 'path': '/home/arthike/workspaces/pimouse_start/src/raspimouse', 'symlink_install': True, 'test_result_base': None}
[2.014s] INFO:colcon.colcon_core.executor:Executing jobs using 'parallel' executor
[2.025s] DEBUG:colcon.colcon_parallel_executor.executor.parallel:run_until_complete
[2.026s] INFO:colcon.colcon_ros.task.ament_cmake.build:Building ROS package in '/home/arthike/workspaces/pimouse_start/src/raspimouse_msgs' with build type 'ament_cmake'
[2.027s] INFO:colcon.colcon_cmake.task.cmake.build:Building CMake package in '/home/arthike/workspaces/pimouse_start/src/raspimouse_msgs'
[2.052s] INFO:colcon.colcon_core.plugin_system:Skipping extension 'colcon_core.shell.bat': Not used on non-Windows systems
[2.053s] INFO:colcon.colcon_core.shell:Skip shell extension 'powershell' for command environment: Not usable outside of PowerShell
[2.054s] DEBUG:colcon.colcon_core.shell:Skip shell extension 'dsv' for command environment
[2.103s] INFO:colcon.colcon_ros.task.ament_cmake.build:Building ROS package in '/home/arthike/workspaces/pimouse_start/src/raspimouse_description' with build type 'ament_cmake'
[2.106s] INFO:colcon.colcon_cmake.task.cmake.build:Building CMake package in '/home/arthike/workspaces/pimouse_start/src/raspimouse_description'
[2.109s] INFO:colcon.colcon_core.shell:Skip shell extension 'powershell' for command environment: Not usable outside of PowerShell
[2.110s] DEBUG:colcon.colcon_core.shell:Skip shell extension 'dsv' for command environment
[2.157s] DEBUG:colcon.colcon_core.event_handler.log_command:Invoking command in '/home/arthike/workspaces/pimouse_start/src/build/raspimouse_msgs': CMAKE_PREFIX_PATH=${CMAKE_PREFIX_PATH}:/opt/ros/humble /usr/bin/cmake --build /home/arthike/workspaces/pimouse_start/src/build/raspimouse_msgs -- -j7 -l7
[2.199s] DEBUG:colcon.colcon_core.event_handler.log_command:Invoking command in '/home/arthike/workspaces/pimouse_start/src/build/raspimouse_description': CMAKE_PREFIX_PATH=${CMAKE_PREFIX_PATH}:/opt/ros/humble /usr/bin/cmake /home/arthike/workspaces/pimouse_start/src/raspimouse_description -DCMAKE_BUILD_TYPE=RelWithDebInfo -DAMENT_CMAKE_SYMLINK_INSTALL=1 -DCMAKE_INSTALL_PREFIX=/home/arthike/workspaces/pimouse_start/src/install/raspimouse_description
[4.254s] DEBUG:colcon.colcon_core.event_handler.log_command:Invoked command in '/home/arthike/workspaces/pimouse_start/src/build/raspimouse_description' returned '0': CMAKE_PREFIX_PATH=${CMAKE_PREFIX_PATH}:/opt/ros/humble /usr/bin/cmake /home/arthike/workspaces/pimouse_start/src/raspimouse_description -DCMAKE_BUILD_TYPE=RelWithDebInfo -DAMENT_CMAKE_SYMLINK_INSTALL=1 -DCMAKE_INSTALL_PREFIX=/home/arthike/workspaces/pimouse_start/src/install/raspimouse_description
[4.256s] DEBUG:colcon.colcon_core.event_handler.log_command:Invoking command in '/home/arthike/workspaces/pimouse_start/src/build/raspimouse_description': CMAKE_PREFIX_PATH=${CMAKE_PREFIX_PATH}:/opt/ros/humble /usr/bin/cmake --build /home/arthike/workspaces/pimouse_start/src/build/raspimouse_description -- -j7 -l7
[4.279s] DEBUG:colcon.colcon_core.event_handler.log_command:Invoked command in '/home/arthike/workspaces/pimouse_start/src/build/raspimouse_msgs' returned '0': CMAKE_PREFIX_PATH=${CMAKE_PREFIX_PATH}:/opt/ros/humble /usr/bin/cmake --build /home/arthike/workspaces/pimouse_start/src/build/raspimouse_msgs -- -j7 -l7
[4.619s] DEBUG:colcon.colcon_core.event_handler.log_command:Invoked command in '/home/arthike/workspaces/pimouse_start/src/build/raspimouse_description' returned '0': CMAKE_PREFIX_PATH=${CMAKE_PREFIX_PATH}:/opt/ros/humble /usr/bin/cmake --build /home/arthike/workspaces/pimouse_start/src/build/raspimouse_description -- -j7 -l7
[4.921s] DEBUG:colcon.colcon_core.event_handler.log_command:Invoking command in '/home/arthike/workspaces/pimouse_start/src/build/raspimouse_description': CMAKE_PREFIX_PATH=${CMAKE_PREFIX_PATH}:/opt/ros/humble /usr/bin/cmake --install /home/arthike/workspaces/pimouse_start/src/build/raspimouse_description
[5.890s] DEBUG:colcon.colcon_core.event_handler.log_command:Invoking command in '/home/arthike/workspaces/pimouse_start/src/build/raspimouse_msgs': CMAKE_PREFIX_PATH=${CMAKE_PREFIX_PATH}:/opt/ros/humble /usr/bin/cmake --install /home/arthike/workspaces/pimouse_start/src/build/raspimouse_msgs
[6.509s] Level 1:colcon.colcon_core.environment:create_environment_scripts_only(raspimouse_msgs)
[6.515s] DEBUG:colcon.colcon_core.event_handler.log_command:Invoked command in '/home/arthike/workspaces/pimouse_start/src/build/raspimouse_msgs' returned '0': CMAKE_PREFIX_PATH=${CMAKE_PREFIX_PATH}:/opt/ros/humble /usr/bin/cmake --install /home/arthike/workspaces/pimouse_start/src/build/raspimouse_msgs
[6.539s] Level 1:colcon.colcon_core.environment:checking '/home/arthike/workspaces/pimouse_start/src/install/raspimouse_msgs' for CMake module files
[6.542s] Level 1:colcon.colcon_core.environment:checking '/home/arthike/workspaces/pimouse_start/src/install/raspimouse_msgs' for CMake config files
[6.547s] Level 1:colcon.colcon_core.shell:create_environment_hook('raspimouse_msgs', 'cmake_prefix_path')
[6.549s] INFO:colcon.colcon_core.shell:Creating environment hook '/home/arthike/workspaces/pimouse_start/src/install/raspimouse_msgs/share/raspimouse_msgs/hook/cmake_prefix_path.ps1'
[6.555s] INFO:colcon.colcon_core.shell:Creating environment descriptor '/home/arthike/workspaces/pimouse_start/src/install/raspimouse_msgs/share/raspimouse_msgs/hook/cmake_prefix_path.dsv'
[6.560s] INFO:colcon.colcon_core.shell:Creating environment hook '/home/arthike/workspaces/pimouse_start/src/install/raspimouse_msgs/share/raspimouse_msgs/hook/cmake_prefix_path.sh'
[6.568s] Level 1:colcon.colcon_core.environment:checking '/home/arthike/workspaces/pimouse_start/src/install/raspimouse_msgs/lib'
[6.570s] Level 1:colcon.colcon_core.shell:create_environment_hook('raspimouse_msgs', 'ld_library_path_lib')
[6.572s] INFO:colcon.colcon_core.shell:Creating environment hook '/home/arthike/workspaces/pimouse_start/src/install/raspimouse_msgs/share/raspimouse_msgs/hook/ld_library_path_lib.ps1'
[6.572s] INFO:colcon.colcon_core.shell:Creating environment descriptor '/home/arthike/workspaces/pimouse_start/src/install/raspimouse_msgs/share/raspimouse_msgs/hook/ld_library_path_lib.dsv'
[6.573s] INFO:colcon.colcon_core.shell:Creating environment hook '/home/arthike/workspaces/pimouse_start/src/install/raspimouse_msgs/share/raspimouse_msgs/hook/ld_library_path_lib.sh'
[6.576s] Level 1:colcon.colcon_core.environment:checking '/home/arthike/workspaces/pimouse_start/src/install/raspimouse_msgs/bin'
[6.577s] Level 1:colcon.colcon_core.environment:checking '/home/arthike/workspaces/pimouse_start/src/install/raspimouse_msgs/lib/pkgconfig/raspimouse_msgs.pc'
[6.582s] Level 1:colcon.colcon_core.environment:checking '/home/arthike/workspaces/pimouse_start/src/install/raspimouse_msgs/lib/python3.10/site-packages'
[6.586s] Level 1:colcon.colcon_core.environment:checking '/home/arthike/workspaces/pimouse_start/src/install/raspimouse_msgs/bin'
[6.589s] INFO:colcon.colcon_core.shell:Creating package script '/home/arthike/workspaces/pimouse_start/src/install/raspimouse_msgs/share/raspimouse_msgs/package.ps1'
[6.592s] INFO:colcon.colcon_core.shell:Creating package descriptor '/home/arthike/workspaces/pimouse_start/src/install/raspimouse_msgs/share/raspimouse_msgs/package.dsv'
[6.596s] INFO:colcon.colcon_core.shell:Creating package script '/home/arthike/workspaces/pimouse_start/src/install/raspimouse_msgs/share/raspimouse_msgs/package.sh'
[6.599s] INFO:colcon.colcon_core.shell:Creating package script '/home/arthike/workspaces/pimouse_start/src/install/raspimouse_msgs/share/raspimouse_msgs/package.bash'
[6.604s] INFO:colcon.colcon_core.shell:Creating package script '/home/arthike/workspaces/pimouse_start/src/install/raspimouse_msgs/share/raspimouse_msgs/package.zsh'
[6.605s] Level 1:colcon.colcon_core.environment:create_file_with_runtime_dependencies(/home/arthike/workspaces/pimouse_start/src/install/raspimouse_msgs/share/colcon-core/packages/raspimouse_msgs)
[8.158s] Level 1:colcon.colcon_core.environment:create_environment_scripts_only(raspimouse_description)
[8.165s] Level 1:colcon.colcon_core.environment:checking '/home/arthike/workspaces/pimouse_start/src/install/raspimouse_description' for CMake module files
[8.169s] DEBUG:colcon.colcon_core.event_handler.log_command:Invoked command in '/home/arthike/workspaces/pimouse_start/src/build/raspimouse_description' returned '0': CMAKE_PREFIX_PATH=${CMAKE_PREFIX_PATH}:/opt/ros/humble /usr/bin/cmake --install /home/arthike/workspaces/pimouse_start/src/build/raspimouse_description
[8.173s] Level 1:colcon.colcon_core.environment:checking '/home/arthike/workspaces/pimouse_start/src/install/raspimouse_description' for CMake config files
[8.177s] Level 1:colcon.colcon_core.shell:create_environment_hook('raspimouse_description', 'cmake_prefix_path')
[8.181s] INFO:colcon.colcon_core.shell:Creating environment hook '/home/arthike/workspaces/pimouse_start/src/install/raspimouse_description/share/raspimouse_description/hook/cmake_prefix_path.ps1'
[8.184s] INFO:colcon.colcon_core.shell:Creating environment descriptor '/home/arthike/workspaces/pimouse_start/src/install/raspimouse_description/share/raspimouse_description/hook/cmake_prefix_path.dsv'
[8.185s] INFO:colcon.colcon_core.shell:Creating environment hook '/home/arthike/workspaces/pimouse_start/src/install/raspimouse_description/share/raspimouse_description/hook/cmake_prefix_path.sh'
[8.188s] Level 1:colcon.colcon_core.environment:checking '/home/arthike/workspaces/pimouse_start/src/install/raspimouse_description/bin'
[8.189s] Level 1:colcon.colcon_core.environment:checking '/home/arthike/workspaces/pimouse_start/src/install/raspimouse_description/lib/pkgconfig/raspimouse_description.pc'
[8.190s] Level 1:colcon.colcon_core.environment:checking '/home/arthike/workspaces/pimouse_start/src/install/raspimouse_description/lib/python3.10/site-packages'
[8.191s] Level 1:colcon.colcon_core.environment:checking '/home/arthike/workspaces/pimouse_start/src/install/raspimouse_description/bin'
[8.202s] INFO:colcon.colcon_core.shell:Creating package script '/home/arthike/workspaces/pimouse_start/src/install/raspimouse_description/share/raspimouse_description/package.ps1'
[8.209s] INFO:colcon.colcon_core.shell:Creating package descriptor '/home/arthike/workspaces/pimouse_start/src/install/raspimouse_description/share/raspimouse_description/package.dsv'
[8.211s] INFO:colcon.colcon_core.shell:Creating package script '/home/arthike/workspaces/pimouse_start/src/install/raspimouse_description/share/raspimouse_description/package.sh'
[8.213s] INFO:colcon.colcon_core.shell:Creating package script '/home/arthike/workspaces/pimouse_start/src/install/raspimouse_description/share/raspimouse_description/package.bash'
[8.214s] INFO:colcon.colcon_core.shell:Creating package script '/home/arthike/workspaces/pimouse_start/src/install/raspimouse_description/share/raspimouse_description/package.zsh'
[8.215s] Level 1:colcon.colcon_core.environment:create_file_with_runtime_dependencies(/home/arthike/workspaces/pimouse_start/src/install/raspimouse_description/share/colcon-core/packages/raspimouse_description)
[8.238s] Level 1:colcon.colcon_core.environment:create_environment_scripts_only(raspimouse_msgs)
[8.243s] Level 1:colcon.colcon_core.environment:checking '/home/arthike/workspaces/pimouse_start/src/install/raspimouse_msgs' for CMake module files
[8.247s] Level 1:colcon.colcon_core.environment:checking '/home/arthike/workspaces/pimouse_start/src/install/raspimouse_msgs' for CMake config files
[8.252s] Level 1:colcon.colcon_core.shell:create_environment_hook('raspimouse_msgs', 'cmake_prefix_path')
[8.256s] INFO:colcon.colcon_core.shell:Creating environment hook '/home/arthike/workspaces/pimouse_start/src/install/raspimouse_msgs/share/raspimouse_msgs/hook/cmake_prefix_path.ps1'
[8.259s] INFO:colcon.colcon_core.shell:Creating environment descriptor '/home/arthike/workspaces/pimouse_start/src/install/raspimouse_msgs/share/raspimouse_msgs/hook/cmake_prefix_path.dsv'
[8.261s] INFO:colcon.colcon_core.shell:Creating environment hook '/home/arthike/workspaces/pimouse_start/src/install/raspimouse_msgs/share/raspimouse_msgs/hook/cmake_prefix_path.sh'
[8.264s] Level 1:colcon.colcon_core.environment:checking '/home/arthike/workspaces/pimouse_start/src/install/raspimouse_msgs/lib'
[8.266s] Level 1:colcon.colcon_core.shell:create_environment_hook('raspimouse_msgs', 'ld_library_path_lib')
[8.270s] INFO:colcon.colcon_core.shell:Creating environment hook '/home/arthike/workspaces/pimouse_start/src/install/raspimouse_msgs/share/raspimouse_msgs/hook/ld_library_path_lib.ps1'
[8.275s] INFO:colcon.colcon_core.shell:Creating environment descriptor '/home/arthike/workspaces/pimouse_start/src/install/raspimouse_msgs/share/raspimouse_msgs/hook/ld_library_path_lib.dsv'
[8.279s] INFO:colcon.colcon_core.shell:Creating environment hook '/home/arthike/workspaces/pimouse_start/src/install/raspimouse_msgs/share/raspimouse_msgs/hook/ld_library_path_lib.sh'
[8.284s] Level 1:colcon.colcon_core.environment:checking '/home/arthike/workspaces/pimouse_start/src/install/raspimouse_msgs/bin'
[8.286s] Level 1:colcon.colcon_core.environment:checking '/home/arthike/workspaces/pimouse_start/src/install/raspimouse_msgs/lib/pkgconfig/raspimouse_msgs.pc'
[8.287s] Level 1:colcon.colcon_core.environment:checking '/home/arthike/workspaces/pimouse_start/src/install/raspimouse_msgs/lib/python3.10/site-packages'
[8.289s] Level 1:colcon.colcon_core.environment:checking '/home/arthike/workspaces/pimouse_start/src/install/raspimouse_msgs/bin'
[8.293s] INFO:colcon.colcon_core.shell:Creating package script '/home/arthike/workspaces/pimouse_start/src/install/raspimouse_msgs/share/raspimouse_msgs/package.ps1'
[8.298s] INFO:colcon.colcon_core.shell:Creating package descriptor '/home/arthike/workspaces/pimouse_start/src/install/raspimouse_msgs/share/raspimouse_msgs/package.dsv'
[8.302s] INFO:colcon.colcon_core.shell:Creating package script '/home/arthike/workspaces/pimouse_start/src/install/raspimouse_msgs/share/raspimouse_msgs/package.sh'
[8.305s] INFO:colcon.colcon_core.shell:Creating package script '/home/arthike/workspaces/pimouse_start/src/install/raspimouse_msgs/share/raspimouse_msgs/package.bash'
[8.308s] INFO:colcon.colcon_core.shell:Creating package script '/home/arthike/workspaces/pimouse_start/src/install/raspimouse_msgs/share/raspimouse_msgs/package.zsh'
[8.309s] Level 1:colcon.colcon_core.environment:create_file_with_runtime_dependencies(/home/arthike/workspaces/pimouse_start/src/install/raspimouse_msgs/share/colcon-core/packages/raspimouse_msgs)
[8.312s] INFO:colcon.colcon_ros.task.ament_cmake.build:Building ROS package in '/home/arthike/workspaces/pimouse_start/src/raspimouse' with build type 'ament_cmake'
[8.313s] INFO:colcon.colcon_cmake.task.cmake.build:Building CMake package in '/home/arthike/workspaces/pimouse_start/src/raspimouse'
[8.317s] INFO:colcon.colcon_core.shell:Skip shell extension 'powershell' for command environment: Not usable outside of PowerShell
[8.319s] DEBUG:colcon.colcon_core.shell:Skip shell extension 'dsv' for command environment
[8.417s] DEBUG:colcon.colcon_core.event_handler.log_command:Invoking command in '/home/arthike/workspaces/pimouse_start/src/build/raspimouse': AMENT_PREFIX_PATH=/home/arthike/workspaces/pimouse_start/src/install/raspimouse_msgs:${AMENT_PREFIX_PATH} CMAKE_PREFIX_PATH=/home/arthike/workspaces/pimouse_start/src/install/raspimouse_msgs:/home/arthike/workspaces/pimouse_start/install/raspimouse:/home/arthike/workspaces/pimouse_start/install/raspimouse_msgs:/opt/ros/humble LD_LIBRARY_PATH=/home/arthike/workspaces/pimouse_start/src/install/raspimouse_msgs/lib:${LD_LIBRARY_PATH} PYTHONPATH=/home/arthike/workspaces/pimouse_start/src/install/raspimouse_msgs/local/lib/python3.10/dist-packages:${PYTHONPATH} /usr/bin/cmake --build /home/arthike/workspaces/pimouse_start/src/build/raspimouse -- -j7 -l7
[8.524s] Level 1:colcon.colcon_core.environment:create_environment_scripts_only(raspimouse_description)
[8.528s] Level 1:colcon.colcon_core.environment:checking '/home/arthike/workspaces/pimouse_start/src/install/raspimouse_description' for CMake module files
[8.531s] Level 1:colcon.colcon_core.environment:checking '/home/arthike/workspaces/pimouse_start/src/install/raspimouse_description' for CMake config files
[8.534s] Level 1:colcon.colcon_core.shell:create_environment_hook('raspimouse_description', 'cmake_prefix_path')
[8.537s] INFO:colcon.colcon_core.shell:Creating environment hook '/home/arthike/workspaces/pimouse_start/src/install/raspimouse_description/share/raspimouse_description/hook/cmake_prefix_path.ps1'
[8.539s] INFO:colcon.colcon_core.shell:Creating environment descriptor '/home/arthike/workspaces/pimouse_start/src/install/raspimouse_description/share/raspimouse_description/hook/cmake_prefix_path.dsv'
[8.541s] INFO:colcon.colcon_core.shell:Creating environment hook '/home/arthike/workspaces/pimouse_start/src/install/raspimouse_description/share/raspimouse_description/hook/cmake_prefix_path.sh'
[8.543s] Level 1:colcon.colcon_core.environment:checking '/home/arthike/workspaces/pimouse_start/src/install/raspimouse_description/bin'
[8.544s] Level 1:colcon.colcon_core.environment:checking '/home/arthike/workspaces/pimouse_start/src/install/raspimouse_description/lib/pkgconfig/raspimouse_description.pc'
[8.547s] Level 1:colcon.colcon_core.environment:checking '/home/arthike/workspaces/pimouse_start/src/install/raspimouse_description/lib/python3.10/site-packages'
[8.548s] Level 1:colcon.colcon_core.environment:checking '/home/arthike/workspaces/pimouse_start/src/install/raspimouse_description/bin'
[8.553s] INFO:colcon.colcon_core.shell:Creating package script '/home/arthike/workspaces/pimouse_start/src/install/raspimouse_description/share/raspimouse_description/package.ps1'
[8.557s] INFO:colcon.colcon_core.shell:Creating package descriptor '/home/arthike/workspaces/pimouse_start/src/install/raspimouse_description/share/raspimouse_description/package.dsv'
[8.559s] INFO:colcon.colcon_core.shell:Creating package script '/home/arthike/workspaces/pimouse_start/src/install/raspimouse_description/share/raspimouse_description/package.sh'
[8.561s] INFO:colcon.colcon_core.shell:Creating package script '/home/arthike/workspaces/pimouse_start/src/install/raspimouse_description/share/raspimouse_description/package.bash'
[8.563s] INFO:colcon.colcon_core.shell:Creating package script '/home/arthike/workspaces/pimouse_start/src/install/raspimouse_description/share/raspimouse_description/package.zsh'
[8.565s] Level 1:colcon.colcon_core.environment:create_file_with_runtime_dependencies(/home/arthike/workspaces/pimouse_start/src/install/raspimouse_description/share/colcon-core/packages/raspimouse_description)
[9.367s] DEBUG:colcon.colcon_core.event_handler.log_command:Invoked command in '/home/arthike/workspaces/pimouse_start/src/build/raspimouse' returned '0': AMENT_PREFIX_PATH=/home/arthike/workspaces/pimouse_start/src/install/raspimouse_msgs:${AMENT_PREFIX_PATH} CMAKE_PREFIX_PATH=/home/arthike/workspaces/pimouse_start/src/install/raspimouse_msgs:/home/arthike/workspaces/pimouse_start/install/raspimouse:/home/arthike/workspaces/pimouse_start/install/raspimouse_msgs:/opt/ros/humble LD_LIBRARY_PATH=/home/arthike/workspaces/pimouse_start/src/install/raspimouse_msgs/lib:${LD_LIBRARY_PATH} PYTHONPATH=/home/arthike/workspaces/pimouse_start/src/install/raspimouse_msgs/local/lib/python3.10/dist-packages:${PYTHONPATH} /usr/bin/cmake --build /home/arthike/workspaces/pimouse_start/src/build/raspimouse -- -j7 -l7
[9.829s] DEBUG:colcon.colcon_core.event_handler.log_command:Invoking command in '/home/arthike/workspaces/pimouse_start/src/build/raspimouse': AMENT_PREFIX_PATH=/home/arthike/workspaces/pimouse_start/src/install/raspimouse_msgs:${AMENT_PREFIX_PATH} CMAKE_PREFIX_PATH=/home/arthike/workspaces/pimouse_start/src/install/raspimouse_msgs:/home/arthike/workspaces/pimouse_start/install/raspimouse:/home/arthike/workspaces/pimouse_start/install/raspimouse_msgs:/opt/ros/humble LD_LIBRARY_PATH=/home/arthike/workspaces/pimouse_start/src/install/raspimouse_msgs/lib:${LD_LIBRARY_PATH} PYTHONPATH=/home/arthike/workspaces/pimouse_start/src/install/raspimouse_msgs/local/lib/python3.10/dist-packages:${PYTHONPATH} /usr/bin/cmake --install /home/arthike/workspaces/pimouse_start/src/build/raspimouse
[12.825s] Level 1:colcon.colcon_core.environment:create_environment_scripts_only(raspimouse)
[12.828s] Level 1:colcon.colcon_core.environment:checking '/home/arthike/workspaces/pimouse_start/src/install/raspimouse' for CMake module files
[12.832s] DEBUG:colcon.colcon_core.event_handler.log_command:Invoked command in '/home/arthike/workspaces/pimouse_start/src/build/raspimouse' returned '0': AMENT_PREFIX_PATH=/home/arthike/workspaces/pimouse_start/src/install/raspimouse_msgs:${AMENT_PREFIX_PATH} CMAKE_PREFIX_PATH=/home/arthike/workspaces/pimouse_start/src/install/raspimouse_msgs:/home/arthike/workspaces/pimouse_start/install/raspimouse:/home/arthike/workspaces/pimouse_start/install/raspimouse_msgs:/opt/ros/humble LD_LIBRARY_PATH=/home/arthike/workspaces/pimouse_start/src/install/raspimouse_msgs/lib:${LD_LIBRARY_PATH} PYTHONPATH=/home/arthike/workspaces/pimouse_start/src/install/raspimouse_msgs/local/lib/python3.10/dist-packages:${PYTHONPATH} /usr/bin/cmake --install /home/arthike/workspaces/pimouse_start/src/build/raspimouse
[12.834s] Level 1:colcon.colcon_core.environment:checking '/home/arthike/workspaces/pimouse_start/src/install/raspimouse' for CMake config files
[12.837s] Level 1:colcon.colcon_core.shell:create_environment_hook('raspimouse', 'cmake_prefix_path')
[12.839s] INFO:colcon.colcon_core.shell:Creating environment hook '/home/arthike/workspaces/pimouse_start/src/install/raspimouse/share/raspimouse/hook/cmake_prefix_path.ps1'
[12.841s] INFO:colcon.colcon_core.shell:Creating environment descriptor '/home/arthike/workspaces/pimouse_start/src/install/raspimouse/share/raspimouse/hook/cmake_prefix_path.dsv'
[12.844s] INFO:colcon.colcon_core.shell:Creating environment hook '/home/arthike/workspaces/pimouse_start/src/install/raspimouse/share/raspimouse/hook/cmake_prefix_path.sh'
[12.847s] Level 1:colcon.colcon_core.environment:checking '/home/arthike/workspaces/pimouse_start/src/install/raspimouse/lib'
[12.847s] Level 1:colcon.colcon_core.shell:create_environment_hook('raspimouse', 'ld_library_path_lib')
[12.851s] INFO:colcon.colcon_core.shell:Creating environment hook '/home/arthike/workspaces/pimouse_start/src/install/raspimouse/share/raspimouse/hook/ld_library_path_lib.ps1'
[12.855s] INFO:colcon.colcon_core.shell:Creating environment descriptor '/home/arthike/workspaces/pimouse_start/src/install/raspimouse/share/raspimouse/hook/ld_library_path_lib.dsv'
[12.864s] INFO:colcon.colcon_core.shell:Creating environment hook '/home/arthike/workspaces/pimouse_start/src/install/raspimouse/share/raspimouse/hook/ld_library_path_lib.sh'
[12.868s] Level 1:colcon.colcon_core.environment:checking '/home/arthike/workspaces/pimouse_start/src/install/raspimouse/bin'
[12.870s] Level 1:colcon.colcon_core.shell:create_environment_hook('raspimouse', 'path')
[12.874s] INFO:colcon.colcon_core.shell:Creating environment hook '/home/arthike/workspaces/pimouse_start/src/install/raspimouse/share/raspimouse/hook/path.ps1'
[12.877s] INFO:colcon.colcon_core.shell:Creating environment descriptor '/home/arthike/workspaces/pimouse_start/src/install/raspimouse/share/raspimouse/hook/path.dsv'
[12.879s] INFO:colcon.colcon_core.shell:Creating environment hook '/home/arthike/workspaces/pimouse_start/src/install/raspimouse/share/raspimouse/hook/path.sh'
[12.882s] Level 1:colcon.colcon_core.environment:checking '/home/arthike/workspaces/pimouse_start/src/install/raspimouse/lib/pkgconfig/raspimouse.pc'
[12.884s] Level 1:colcon.colcon_core.environment:checking '/home/arthike/workspaces/pimouse_start/src/install/raspimouse/lib/python3.10/site-packages'
[12.884s] Level 1:colcon.colcon_core.environment:checking '/home/arthike/workspaces/pimouse_start/src/install/raspimouse/bin'
[12.885s] Level 1:colcon.colcon_core.shell:create_environment_hook('raspimouse', 'pythonscriptspath')
[12.888s] INFO:colcon.colcon_core.shell:Creating environment hook '/home/arthike/workspaces/pimouse_start/src/install/raspimouse/share/raspimouse/hook/pythonscriptspath.ps1'
[12.891s] INFO:colcon.colcon_core.shell:Creating environment descriptor '/home/arthike/workspaces/pimouse_start/src/install/raspimouse/share/raspimouse/hook/pythonscriptspath.dsv'
[12.893s] INFO:colcon.colcon_core.shell:Creating environment hook '/home/arthike/workspaces/pimouse_start/src/install/raspimouse/share/raspimouse/hook/pythonscriptspath.sh'
[12.898s] INFO:colcon.colcon_core.shell:Creating package script '/home/arthike/workspaces/pimouse_start/src/install/raspimouse/share/raspimouse/package.ps1'
[12.901s] INFO:colcon.colcon_core.shell:Creating package descriptor '/home/arthike/workspaces/pimouse_start/src/install/raspimouse/share/raspimouse/package.dsv'
[12.903s] INFO:colcon.colcon_core.shell:Creating package script '/home/arthike/workspaces/pimouse_start/src/install/raspimouse/share/raspimouse/package.sh'
[12.905s] INFO:colcon.colcon_core.shell:Creating package script '/home/arthike/workspaces/pimouse_start/src/install/raspimouse/share/raspimouse/package.bash'
[12.907s] INFO:colcon.colcon_core.shell:Creating package script '/home/arthike/workspaces/pimouse_start/src/install/raspimouse/share/raspimouse/package.zsh'
[12.909s] Level 1:colcon.colcon_core.environment:create_file_with_runtime_dependencies(/home/arthike/workspaces/pimouse_start/src/install/raspimouse/share/colcon-core/packages/raspimouse)
[13.442s] Level 1:colcon.colcon_core.environment:create_environment_scripts_only(raspimouse)
[13.443s] Level 1:colcon.colcon_core.environment:checking '/home/arthike/workspaces/pimouse_start/src/install/raspimouse' for CMake module files
[13.447s] Level 1:colcon.colcon_core.environment:checking '/home/arthike/workspaces/pimouse_start/src/install/raspimouse' for CMake config files
[13.450s] Level 1:colcon.colcon_core.shell:create_environment_hook('raspimouse', 'cmake_prefix_path')
[13.457s] INFO:colcon.colcon_core.shell:Creating environment hook '/home/arthike/workspaces/pimouse_start/src/install/raspimouse/share/raspimouse/hook/cmake_prefix_path.ps1'
[13.459s] INFO:colcon.colcon_core.shell:Creating environment descriptor '/home/arthike/workspaces/pimouse_start/src/install/raspimouse/share/raspimouse/hook/cmake_prefix_path.dsv'
[13.461s] INFO:colcon.colcon_core.shell:Creating environment hook '/home/arthike/workspaces/pimouse_start/src/install/raspimouse/share/raspimouse/hook/cmake_prefix_path.sh'
[13.463s] Level 1:colcon.colcon_core.environment:checking '/home/arthike/workspaces/pimouse_start/src/install/raspimouse/lib'
[13.464s] Level 1:colcon.colcon_core.shell:create_environment_hook('raspimouse', 'ld_library_path_lib')
[13.480s] INFO:colcon.colcon_core.shell:Creating environment hook '/home/arthike/workspaces/pimouse_start/src/install/raspimouse/share/raspimouse/hook/ld_library_path_lib.ps1'
[13.483s] INFO:colcon.colcon_core.shell:Creating environment descriptor '/home/arthike/workspaces/pimouse_start/src/install/raspimouse/share/raspimouse/hook/ld_library_path_lib.dsv'
[13.487s] INFO:colcon.colcon_core.shell:Creating environment hook '/home/arthike/workspaces/pimouse_start/src/install/raspimouse/share/raspimouse/hook/ld_library_path_lib.sh'
[13.490s] Level 1:colcon.colcon_core.environment:checking '/home/arthike/workspaces/pimouse_start/src/install/raspimouse/bin'
[13.490s] Level 1:colcon.colcon_core.shell:create_environment_hook('raspimouse', 'path')
[13.493s] INFO:colcon.colcon_core.shell:Creating environment hook '/home/arthike/workspaces/pimouse_start/src/install/raspimouse/share/raspimouse/hook/path.ps1'
[13.495s] INFO:colcon.colcon_core.shell:Creating environment descriptor '/home/arthike/workspaces/pimouse_start/src/install/raspimouse/share/raspimouse/hook/path.dsv'
[13.497s] INFO:colcon.colcon_core.shell:Creating environment hook '/home/arthike/workspaces/pimouse_start/src/install/raspimouse/share/raspimouse/hook/path.sh'
[13.499s] Level 1:colcon.colcon_core.environment:checking '/home/arthike/workspaces/pimouse_start/src/install/raspimouse/lib/pkgconfig/raspimouse.pc'
[13.500s] Level 1:colcon.colcon_core.environment:checking '/home/arthike/workspaces/pimouse_start/src/install/raspimouse/lib/python3.10/site-packages'
[13.501s] Level 1:colcon.colcon_core.environment:checking '/home/arthike/workspaces/pimouse_start/src/install/raspimouse/bin'
[13.502s] Level 1:colcon.colcon_core.shell:create_environment_hook('raspimouse', 'pythonscriptspath')
[13.506s] INFO:colcon.colcon_core.shell:Creating environment hook '/home/arthike/workspaces/pimouse_start/src/install/raspimouse/share/raspimouse/hook/pythonscriptspath.ps1'
[13.508s] INFO:colcon.colcon_core.shell:Creating environment descriptor '/home/arthike/workspaces/pimouse_start/src/install/raspimouse/share/raspimouse/hook/pythonscriptspath.dsv'
[13.510s] INFO:colcon.colcon_core.shell:Creating environment hook '/home/arthike/workspaces/pimouse_start/src/install/raspimouse/share/raspimouse/hook/pythonscriptspath.sh'
[13.515s] INFO:colcon.colcon_core.shell:Creating package script '/home/arthike/workspaces/pimouse_start/src/install/raspimouse/share/raspimouse/package.ps1'
[13.518s] INFO:colcon.colcon_core.shell:Creating package descriptor '/home/arthike/workspaces/pimouse_start/src/install/raspimouse/share/raspimouse/package.dsv'
[13.521s] INFO:colcon.colcon_core.shell:Creating package script '/home/arthike/workspaces/pimouse_start/src/install/raspimouse/share/raspimouse/package.sh'
[13.525s] INFO:colcon.colcon_core.shell:Creating package script '/home/arthike/workspaces/pimouse_start/src/install/raspimouse/share/raspimouse/package.bash'
[13.527s] INFO:colcon.colcon_core.shell:Creating package script '/home/arthike/workspaces/pimouse_start/src/install/raspimouse/share/raspimouse/package.zsh'
[13.531s] Level 1:colcon.colcon_core.environment:create_file_with_runtime_dependencies(/home/arthike/workspaces/pimouse_start/src/install/raspimouse/share/colcon-core/packages/raspimouse)
[13.538s] DEBUG:colcon.colcon_parallel_executor.executor.parallel:closing loop
[13.540s] DEBUG:colcon.colcon_parallel_executor.executor.parallel:loop closed
[13.540s] DEBUG:colcon.colcon_parallel_executor.executor.parallel:run_until_complete finished with '0'
[13.541s] DEBUG:colcon.colcon_core.event_reactor:joining thread
[13.572s] INFO:colcon.colcon_core.plugin_system:Skipping extension 'colcon_notification.desktop_notification.terminal_notifier': Not used on non-Darwin systems
[13.572s] INFO:colcon.colcon_core.plugin_system:Skipping extension 'colcon_notification.desktop_notification.win32': Not used on non-Windows systems
[13.572s] INFO:colcon.colcon_notification.desktop_notification:Sending desktop notification using 'notify2'
[13.615s] DEBUG:colcon.colcon_core.event_reactor:joined thread
[13.619s] INFO:colcon.colcon_core.shell:Creating prefix script '/home/arthike/workspaces/pimouse_start/src/install/local_setup.ps1'
[13.622s] INFO:colcon.colcon_core.shell:Creating prefix util module '/home/arthike/workspaces/pimouse_start/src/install/_local_setup_util_ps1.py'
[13.624s] INFO:colcon.colcon_core.shell:Creating prefix chain script '/home/arthike/workspaces/pimouse_start/src/install/setup.ps1'
[13.637s] INFO:colcon.colcon_core.shell:Creating prefix script '/home/arthike/workspaces/pimouse_start/src/install/local_setup.sh'
[13.643s] INFO:colcon.colcon_core.shell:Creating prefix util module '/home/arthike/workspaces/pimouse_start/src/install/_local_setup_util_sh.py'
[13.646s] INFO:colcon.colcon_core.shell:Creating prefix chain script '/home/arthike/workspaces/pimouse_start/src/install/setup.sh'
[13.649s] INFO:colcon.colcon_core.shell:Creating prefix script '/home/arthike/workspaces/pimouse_start/src/install/local_setup.bash'
[13.650s] INFO:colcon.colcon_core.shell:Creating prefix chain script '/home/arthike/workspaces/pimouse_start/src/install/setup.bash'
[13.652s] INFO:colcon.colcon_core.shell:Creating prefix script '/home/arthike/workspaces/pimouse_start/src/install/local_setup.zsh'
[13.653s] INFO:colcon.colcon_core.shell:Creating prefix chain script '/home/arthike/workspaces/pimouse_start/src/install/setup.zsh'
