[0.151s] Invoking command in '/home/arthike/workspaces/pimouse_start/src/build/raspimouse_description': /usr/bin/cmake /home/arthike/workspaces/pimouse_start/src/raspimouse_description -DCMAKE_BUILD_TYPE=RelWithDebInfo -DCATKIN_INSTALL_INTO_PREFIX_ROOT=0 -DCATKIN_SYMLINK_INSTALL=ON -DCMAKE_INSTALL_PREFIX=/home/arthike/workspaces/pimouse_start/src/install/raspimouse_description
[0.195s] -- Found ament_cmake: 1.3.4 (/opt/ros/humble/share/ament_cmake/cmake)
[1.315s] -- Found Python3: /usr/bin/python3.10 (found version "3.10.6") found components: Interpreter 
[1.876s] -- Found rclcpp: 16.0.4 (/opt/ros/humble/share/rclcpp/cmake)
[2.217s] -- Found rosidl_generator_c: 3.1.4 (/opt/ros/humble/share/rosidl_generator_c/cmake)
[2.251s] -- Found rosidl_adapter: 3.1.4 (/opt/ros/humble/share/rosidl_adapter/cmake)
[2.291s] -- Found rosidl_generator_cpp: 3.1.4 (/opt/ros/humble/share/rosidl_generator_cpp/cmake)
[2.375s] -- Using all available rosidl_typesupport_c: rosidl_typesupport_fastrtps_c;rosidl_typesupport_introspection_c
[2.476s] -- Using all available rosidl_typesupport_cpp: rosidl_typesupport_fastrtps_cpp;rosidl_typesupport_introspection_cpp
[2.809s] -- Found rmw_implementation_cmake: 6.1.1 (/opt/ros/humble/share/rmw_implementation_cmake/cmake)
[2.820s] -- Found rmw_fastrtps_cpp: 6.2.2 (/opt/ros/humble/share/rmw_fastrtps_cpp/cmake)
[3.376s] -- Found OpenSSL: /usr/lib/x86_64-linux-gnu/libcrypto.so (found version "3.0.2")  
[3.510s] -- Found FastRTPS: /opt/ros/humble/include  
[3.774s] -- Using RMW implementation 'rmw_fastrtps_cpp' as default
[3.808s] -- Looking for pthread.h
[4.412s] -- Looking for pthread.h - found
[4.420s] -- Performing Test CMAKE_HAVE_LIBC_PTHREAD
[5.020s] -- Performing Test CMAKE_HAVE_LIBC_PTHREAD - Success
[5.027s] -- Found Threads: TRUE  
[5.808s] -- Found rclcpp_lifecycle: 16.0.4 (/opt/ros/humble/share/rclcpp_lifecycle/cmake)
[5.968s] -- Found rclcpp_components: 16.0.4 (/opt/ros/humble/share/rclcpp_components/cmake)
[6.342s] -- Found std_srvs: 4.2.3 (/opt/ros/humble/share/std_srvs/cmake)
[6.436s] -- Found geometry_msgs: 4.2.3 (/opt/ros/humble/share/geometry_msgs/cmake)
[6.659s] -- Found nav_msgs: 4.2.3 (/opt/ros/humble/share/nav_msgs/cmake)
[6.944s] -- Found tf2: 0.25.2 (/opt/ros/humble/share/tf2/cmake)
[6.985s] -- Found tf2_ros: 0.25.2 (/opt/ros/humble/share/tf2_ros/cmake)
[7.968s] -- Found raspimouse_msgs: 1.1.1 (/home/arthike/workspaces/pimouse_start/install/raspimouse_msgs/share/raspimouse_msgs/cmake)
[8.117s] -- Found ros_ign_gazebo: 0.244.11 (/opt/ros/humble/share/ros_ign_gazebo/cmake)
[10.147s] -- Found ament_lint_auto: 0.12.6 (/opt/ros/humble/share/ament_lint_auto/cmake)
[10.408s] [31mCMake Error at /opt/ros/humble/share/ament_cmake_core/cmake/core/ament_package_xml.cmake:53 (message):
[10.409s]   ament_package_xml() package name 'raspimouse_description' in '/package.xml'
[10.410s]   does not match current PROJECT_NAME 'raspimouse'.  You must call project()
[10.410s]   with the same package name before.
[10.410s] Call Stack (most recent call first):
[10.411s]   /opt/ros/humble/share/ament_lint_auto/cmake/ament_lint_auto_find_test_dependencies.cmake:31 (ament_package_xml)
[10.411s]   CMakeLists.txt:107 (ament_lint_auto_find_test_dependencies)
[10.411s] 
[10.412s] [0m
[10.412s] -- Configuring incomplete, errors occurred!
[10.412s] See also "/home/arthike/workspaces/pimouse_start/src/build/raspimouse_description/CMakeFiles/CMakeOutput.log".
[10.486s] Invoked command in '/home/arthike/workspaces/pimouse_start/src/build/raspimouse_description' returned '1': /usr/bin/cmake /home/arthike/workspaces/pimouse_start/src/raspimouse_description -DCMAKE_BUILD_TYPE=RelWithDebInfo -DCATKIN_INSTALL_INTO_PREFIX_ROOT=0 -DCATKIN_SYMLINK_INSTALL=ON -DCMAKE_INSTALL_PREFIX=/home/arthike/workspaces/pimouse_start/src/install/raspimouse_description
